RecordNumber,EventRecordId,TimeCreated,EventId,Level,Provider,Channel,ProcessId,ThreadId,Computer,ChunkNumber,UserId,MapDescription,UserName,RemoteHost,PayloadData1,PayloadData2,PayloadData3,PayloadData4,PayloadData5,PayloadData6,ExecutableInfo,HiddenRecord,SourceFile,Keywords,ExtraDataOffset,Payload
1,109446,2021-10-25 18:30:36.5159063,4719,LogAlways,Microsoft-Windows-Security-Auditing,Security,492,2872,FS03.offsec.lan,0,,System audit policy was changed,OFFSEC\admmig,,CategoryId: %%8272 SubcategoryId: %%12288,SubcategoryGuid: 0cce9210-69ae-11d9-bed3-505054503030,AuditPolicyChanges: %%8448,,,,,False,EVTX-to-MITRE-Attack\TA0005-Defense Evasion\T1562.002-Disable Windows Event Logging\ID4719-Audit policy deactivation.evtx,Audit success,0,"{""EventData"":{""Data"":[{""@Name"":""SubjectUserSid"",""#text"":""S-1-5-21-4230534742-2542757381-3142984815-1111""},{""@Name"":""SubjectUserName"",""#text"":""admmig""},{""@Name"":""SubjectDomainName"",""#text"":""OFFSEC""},{""@Name"":""SubjectLogonId"",""#text"":""0x123550""},{""@Name"":""CategoryId"",""#text"":""%%8272""},{""@Name"":""SubcategoryId"",""#text"":""%%12288""},{""@Name"":""SubcategoryGuid"",""#text"":""0cce9210-69ae-11d9-bed3-505054503030""},{""@Name"":""AuditPolicyChanges"",""#text"":""%%8448""}]}}"
2,109447,2021-10-25 18:30:36.5159063,4719,LogAlways,Microsoft-Windows-Security-Auditing,Security,492,2872,FS03.offsec.lan,0,,System audit policy was changed,OFFSEC\admmig,,CategoryId: %%8272 SubcategoryId: %%12289,SubcategoryGuid: 0cce9211-69ae-11d9-bed3-505054503030,"AuditPolicyChanges: %%8448, %%8450",,,,,False,EVTX-to-MITRE-Attack\TA0005-Defense Evasion\T1562.002-Disable Windows Event Logging\ID4719-Audit policy deactivation.evtx,Audit success,0,"{""EventData"":{""Data"":[{""@Name"":""SubjectUserSid"",""#text"":""S-1-5-21-4230534742-2542757381-3142984815-1111""},{""@Name"":""SubjectUserName"",""#text"":""admmig""},{""@Name"":""SubjectDomainName"",""#text"":""OFFSEC""},{""@Name"":""SubjectLogonId"",""#text"":""0x123550""},{""@Name"":""CategoryId"",""#text"":""%%8272""},{""@Name"":""SubcategoryId"",""#text"":""%%12289""},{""@Name"":""SubcategoryGuid"",""#text"":""0cce9211-69ae-11d9-bed3-505054503030""},{""@Name"":""AuditPolicyChanges"",""#text"":""%%8448, %%8450""}]}}"
3,109448,2021-10-25 18:30:36.5159063,4719,LogAlways,Microsoft-Windows-Security-Auditing,Security,492,2872,FS03.offsec.lan,0,,System audit policy was changed,OFFSEC\admmig,,CategoryId: %%8272 SubcategoryId: %%12290,SubcategoryGuid: 0cce9212-69ae-11d9-bed3-505054503030,"AuditPolicyChanges: %%8448, %%8450",,,,,False,EVTX-to-MITRE-Attack\TA0005-Defense Evasion\T1562.002-Disable Windows Event Logging\ID4719-Audit policy deactivation.evtx,Audit success,0,"{""EventData"":{""Data"":[{""@Name"":""SubjectUserSid"",""#text"":""S-1-5-21-4230534742-2542757381-3142984815-1111""},{""@Name"":""SubjectUserName"",""#text"":""admmig""},{""@Name"":""SubjectDomainName"",""#text"":""OFFSEC""},{""@Name"":""SubjectLogonId"",""#text"":""0x123550""},{""@Name"":""CategoryId"",""#text"":""%%8272""},{""@Name"":""SubcategoryId"",""#text"":""%%12290""},{""@Name"":""SubcategoryGuid"",""#text"":""0cce9212-69ae-11d9-bed3-505054503030""},{""@Name"":""AuditPolicyChanges"",""#text"":""%%8448, %%8450""}]}}"
4,109449,2021-10-25 18:30:36.5159063,4719,LogAlways,Microsoft-Windows-Security-Auditing,Security,492,2872,FS03.offsec.lan,0,,System audit policy was changed,OFFSEC\admmig,,CategoryId: %%8272 SubcategoryId: %%12292,SubcategoryGuid: 0cce9214-69ae-11d9-bed3-505054503030,"AuditPolicyChanges: %%8448, %%8450",,,,,False,EVTX-to-MITRE-Attack\TA0005-Defense Evasion\T1562.002-Disable Windows Event Logging\ID4719-Audit policy deactivation.evtx,Audit success,0,"{""EventData"":{""Data"":[{""@Name"":""SubjectUserSid"",""#text"":""S-1-5-21-4230534742-2542757381-3142984815-1111""},{""@Name"":""SubjectUserName"",""#text"":""admmig""},{""@Name"":""SubjectDomainName"",""#text"":""OFFSEC""},{""@Name"":""SubjectLogonId"",""#text"":""0x123550""},{""@Name"":""CategoryId"",""#text"":""%%8272""},{""@Name"":""SubcategoryId"",""#text"":""%%12292""},{""@Name"":""SubcategoryGuid"",""#text"":""0cce9214-69ae-11d9-bed3-505054503030""},{""@Name"":""AuditPolicyChanges"",""#text"":""%%8448, %%8450""}]}}"
5,109450,2021-10-25 18:30:36.5159063,4719,LogAlways,Microsoft-Windows-Security-Auditing,Security,492,2872,FS03.offsec.lan,0,,System audit policy was changed,OFFSEC\admmig,,CategoryId: %%8273 SubcategoryId: %%12544,SubcategoryGuid: 0cce9215-69ae-11d9-bed3-505054503030,"AuditPolicyChanges: %%8448, %%8450",,,,,False,EVTX-to-MITRE-Attack\TA0005-Defense Evasion\T1562.002-Disable Windows Event Logging\ID4719-Audit policy deactivation.evtx,Audit success,0,"{""EventData"":{""Data"":[{""@Name"":""SubjectUserSid"",""#text"":""S-1-5-21-4230534742-2542757381-3142984815-1111""},{""@Name"":""SubjectUserName"",""#text"":""admmig""},{""@Name"":""SubjectDomainName"",""#text"":""OFFSEC""},{""@Name"":""SubjectLogonId"",""#text"":""0x123550""},{""@Name"":""CategoryId"",""#text"":""%%8273""},{""@Name"":""SubcategoryId"",""#text"":""%%12544""},{""@Name"":""SubcategoryGuid"",""#text"":""0cce9215-69ae-11d9-bed3-505054503030""},{""@Name"":""AuditPolicyChanges"",""#text"":""%%8448, %%8450""}]}}"
6,109451,2021-10-25 18:30:36.5159063,4719,LogAlways,Microsoft-Windows-Security-Auditing,Security,492,2872,FS03.offsec.lan,0,,System audit policy was changed,OFFSEC\admmig,,CategoryId: %%8273 SubcategoryId: %%12546,SubcategoryGuid: 0cce9217-69ae-11d9-bed3-505054503030,"AuditPolicyChanges: %%8448, %%8450",,,,,False,EVTX-to-MITRE-Attack\TA0005-Defense Evasion\T1562.002-Disable Windows Event Logging\ID4719-Audit policy deactivation.evtx,Audit success,0,"{""EventData"":{""Data"":[{""@Name"":""SubjectUserSid"",""#text"":""S-1-5-21-4230534742-2542757381-3142984815-1111""},{""@Name"":""SubjectUserName"",""#text"":""admmig""},{""@Name"":""SubjectDomainName"",""#text"":""OFFSEC""},{""@Name"":""SubjectLogonId"",""#text"":""0x123550""},{""@Name"":""CategoryId"",""#text"":""%%8273""},{""@Name"":""SubcategoryId"",""#text"":""%%12546""},{""@Name"":""SubcategoryGuid"",""#text"":""0cce9217-69ae-11d9-bed3-505054503030""},{""@Name"":""AuditPolicyChanges"",""#text"":""%%8448, %%8450""}]}}"
7,109452,2021-10-25 18:30:36.5159063,4719,LogAlways,Microsoft-Windows-Security-Auditing,Security,492,2872,FS03.offsec.lan,0,,System audit policy was changed,OFFSEC\admmig,,CategoryId: %%8273 SubcategoryId: %%12548,SubcategoryGuid: 0cce921b-69ae-11d9-bed3-505054503030,"AuditPolicyChanges: %%8448, %%8450",,,,,False,EVTX-to-MITRE-Attack\TA0005-Defense Evasion\T1562.002-Disable Windows Event Logging\ID4719-Audit policy deactivation.evtx,Audit success,0,"{""EventData"":{""Data"":[{""@Name"":""SubjectUserSid"",""#text"":""S-1-5-21-4230534742-2542757381-3142984815-1111""},{""@Name"":""SubjectUserName"",""#text"":""admmig""},{""@Name"":""SubjectDomainName"",""#text"":""OFFSEC""},{""@Name"":""SubjectLogonId"",""#text"":""0x123550""},{""@Name"":""CategoryId"",""#text"":""%%8273""},{""@Name"":""SubcategoryId"",""#text"":""%%12548""},{""@Name"":""SubcategoryGuid"",""#text"":""0cce921b-69ae-11d9-bed3-505054503030""},{""@Name"":""AuditPolicyChanges"",""#text"":""%%8448, %%8450""}]}}"
8,109453,2021-10-25 18:30:36.5159063,4719,LogAlways,Microsoft-Windows-Security-Auditing,Security,492,2872,FS03.offsec.lan,0,,System audit policy was changed,OFFSEC\admmig,,CategoryId: %%8273 SubcategoryId: %%12551,SubcategoryGuid: 0cce921c-69ae-11d9-bed3-505054503030,"AuditPolicyChanges: %%8448, %%8450",,,,,False,EVTX-to-MITRE-Attack\TA0005-Defense Evasion\T1562.002-Disable Windows Event Logging\ID4719-Audit policy deactivation.evtx,Audit success,0,"{""EventData"":{""Data"":[{""@Name"":""SubjectUserSid"",""#text"":""S-1-5-21-4230534742-2542757381-3142984815-1111""},{""@Name"":""SubjectUserName"",""#text"":""admmig""},{""@Name"":""SubjectDomainName"",""#text"":""OFFSEC""},{""@Name"":""SubjectLogonId"",""#text"":""0x123550""},{""@Name"":""CategoryId"",""#text"":""%%8273""},{""@Name"":""SubcategoryId"",""#text"":""%%12551""},{""@Name"":""SubcategoryGuid"",""#text"":""0cce921c-69ae-11d9-bed3-505054503030""},{""@Name"":""AuditPolicyChanges"",""#text"":""%%8448, %%8450""}]}}"
9,109454,2021-10-25 18:30:36.5159063,4719,LogAlways,Microsoft-Windows-Security-Auditing,Security,492,2872,FS03.offsec.lan,0,,System audit policy was changed,OFFSEC\admmig,,CategoryId: %%8274 SubcategoryId: %%12800,SubcategoryGuid: 0cce921d-69ae-11d9-bed3-505054503030,"AuditPolicyChanges: %%8448, %%8450",,,,,False,EVTX-to-MITRE-Attack\TA0005-Defense Evasion\T1562.002-Disable Windows Event Logging\ID4719-Audit policy deactivation.evtx,Audit success,0,"{""EventData"":{""Data"":[{""@Name"":""SubjectUserSid"",""#text"":""S-1-5-21-4230534742-2542757381-3142984815-1111""},{""@Name"":""SubjectUserName"",""#text"":""admmig""},{""@Name"":""SubjectDomainName"",""#text"":""OFFSEC""},{""@Name"":""SubjectLogonId"",""#text"":""0x123550""},{""@Name"":""CategoryId"",""#text"":""%%8274""},{""@Name"":""SubcategoryId"",""#text"":""%%12800""},{""@Name"":""SubcategoryGuid"",""#text"":""0cce921d-69ae-11d9-bed3-505054503030""},{""@Name"":""AuditPolicyChanges"",""#text"":""%%8448, %%8450""}]}}"
10,109455,2021-10-25 18:30:36.5159063,4719,LogAlways,Microsoft-Windows-Security-Auditing,Security,492,2872,FS03.offsec.lan,0,,System audit policy was changed,OFFSEC\admmig,,CategoryId: %%8274 SubcategoryId: %%12801,SubcategoryGuid: 0cce921e-69ae-11d9-bed3-505054503030,AuditPolicyChanges: %%8448,,,,,False,EVTX-to-MITRE-Attack\TA0005-Defense Evasion\T1562.002-Disable Windows Event Logging\ID4719-Audit policy deactivation.evtx,Audit success,0,"{""EventData"":{""Data"":[{""@Name"":""SubjectUserSid"",""#text"":""S-1-5-21-4230534742-2542757381-3142984815-1111""},{""@Name"":""SubjectUserName"",""#text"":""admmig""},{""@Name"":""SubjectDomainName"",""#text"":""OFFSEC""},{""@Name"":""SubjectLogonId"",""#text"":""0x123550""},{""@Name"":""CategoryId"",""#text"":""%%8274""},{""@Name"":""SubcategoryId"",""#text"":""%%12801""},{""@Name"":""SubcategoryGuid"",""#text"":""0cce921e-69ae-11d9-bed3-505054503030""},{""@Name"":""AuditPolicyChanges"",""#text"":""%%8448""}]}}"
11,109456,2021-10-25 18:30:36.5159063,4719,LogAlways,Microsoft-Windows-Security-Auditing,Security,492,2872,FS03.offsec.lan,0,,System audit policy was changed,OFFSEC\admmig,,CategoryId: %%8274 SubcategoryId: %%12802,SubcategoryGuid: 0cce921f-69ae-11d9-bed3-505054503030,"AuditPolicyChanges: %%8448, %%8450",,,,,False,EVTX-to-MITRE-Attack\TA0005-Defense Evasion\T1562.002-Disable Windows Event Logging\ID4719-Audit policy deactivation.evtx,Audit success,0,"{""EventData"":{""Data"":[{""@Name"":""SubjectUserSid"",""#text"":""S-1-5-21-4230534742-2542757381-3142984815-1111""},{""@Name"":""SubjectUserName"",""#text"":""admmig""},{""@Name"":""SubjectDomainName"",""#text"":""OFFSEC""},{""@Name"":""SubjectLogonId"",""#text"":""0x123550""},{""@Name"":""CategoryId"",""#text"":""%%8274""},{""@Name"":""SubcategoryId"",""#text"":""%%12802""},{""@Name"":""SubcategoryGuid"",""#text"":""0cce921f-69ae-11d9-bed3-505054503030""},{""@Name"":""AuditPolicyChanges"",""#text"":""%%8448, %%8450""}]}}"
12,109457,2021-10-25 18:30:36.5159063,4719,LogAlways,Microsoft-Windows-Security-Auditing,Security,492,2872,FS03.offsec.lan,0,,System audit policy was changed,OFFSEC\admmig,,CategoryId: %%8274 SubcategoryId: %%12803,SubcategoryGuid: 0cce9220-69ae-11d9-bed3-505054503030,"AuditPolicyChanges: %%8448, %%8450",,,,,False,EVTX-to-MITRE-Attack\TA0005-Defense Evasion\T1562.002-Disable Windows Event Logging\ID4719-Audit policy deactivation.evtx,Audit success,0,"{""EventData"":{""Data"":[{""@Name"":""SubjectUserSid"",""#text"":""S-1-5-21-4230534742-2542757381-3142984815-1111""},{""@Name"":""SubjectUserName"",""#text"":""admmig""},{""@Name"":""SubjectDomainName"",""#text"":""OFFSEC""},{""@Name"":""SubjectLogonId"",""#text"":""0x123550""},{""@Name"":""CategoryId"",""#text"":""%%8274""},{""@Name"":""SubcategoryId"",""#text"":""%%12803""},{""@Name"":""SubcategoryGuid"",""#text"":""0cce9220-69ae-11d9-bed3-505054503030""},{""@Name"":""AuditPolicyChanges"",""#text"":""%%8448, %%8450""}]}}"
13,109458,2021-10-25 18:30:36.5159063,4719,LogAlways,Microsoft-Windows-Security-Auditing,Security,492,2872,FS03.offsec.lan,0,,System audit policy was changed,OFFSEC\admmig,,CategoryId: %%8274 SubcategoryId: %%12804,SubcategoryGuid: 0cce9227-69ae-11d9-bed3-505054503030,"AuditPolicyChanges: %%8448, %%8450",,,,,False,EVTX-to-MITRE-Attack\TA0005-Defense Evasion\T1562.002-Disable Windows Event Logging\ID4719-Audit policy deactivation.evtx,Audit success,0,"{""EventData"":{""Data"":[{""@Name"":""SubjectUserSid"",""#text"":""S-1-5-21-4230534742-2542757381-3142984815-1111""},{""@Name"":""SubjectUserName"",""#text"":""admmig""},{""@Name"":""SubjectDomainName"",""#text"":""OFFSEC""},{""@Name"":""SubjectLogonId"",""#text"":""0x123550""},{""@Name"":""CategoryId"",""#text"":""%%8274""},{""@Name"":""SubcategoryId"",""#text"":""%%12804""},{""@Name"":""SubcategoryGuid"",""#text"":""0cce9227-69ae-11d9-bed3-505054503030""},{""@Name"":""AuditPolicyChanges"",""#text"":""%%8448, %%8450""}]}}"
14,109459,2021-10-25 18:30:36.5159063,4719,LogAlways,Microsoft-Windows-Security-Auditing,Security,492,2872,FS03.offsec.lan,0,,System audit policy was changed,OFFSEC\admmig,,CategoryId: %%8274 SubcategoryId: %%12807,SubcategoryGuid: 0cce9223-69ae-11d9-bed3-505054503030,"AuditPolicyChanges: %%8448, %%8450",,,,,False,EVTX-to-MITRE-Attack\TA0005-Defense Evasion\T1562.002-Disable Windows Event Logging\ID4719-Audit policy deactivation.evtx,Audit success,0,"{""EventData"":{""Data"":[{""@Name"":""SubjectUserSid"",""#text"":""S-1-5-21-4230534742-2542757381-3142984815-1111""},{""@Name"":""SubjectUserName"",""#text"":""admmig""},{""@Name"":""SubjectDomainName"",""#text"":""OFFSEC""},{""@Name"":""SubjectLogonId"",""#text"":""0x123550""},{""@Name"":""CategoryId"",""#text"":""%%8274""},{""@Name"":""SubcategoryId"",""#text"":""%%12807""},{""@Name"":""SubcategoryGuid"",""#text"":""0cce9223-69ae-11d9-bed3-505054503030""},{""@Name"":""AuditPolicyChanges"",""#text"":""%%8448, %%8450""}]}}"
15,109460,2021-10-25 18:30:36.5159063,4719,LogAlways,Microsoft-Windows-Security-Auditing,Security,492,2872,FS03.offsec.lan,0,,System audit policy was changed,OFFSEC\admmig,,CategoryId: %%8274 SubcategoryId: %%12808,SubcategoryGuid: 0cce9224-69ae-11d9-bed3-505054503030,"AuditPolicyChanges: %%8448, %%8450",,,,,False,EVTX-to-MITRE-Attack\TA0005-Defense Evasion\T1562.002-Disable Windows Event Logging\ID4719-Audit policy deactivation.evtx,Audit success,0,"{""EventData"":{""Data"":[{""@Name"":""SubjectUserSid"",""#text"":""S-1-5-21-4230534742-2542757381-3142984815-1111""},{""@Name"":""SubjectUserName"",""#text"":""admmig""},{""@Name"":""SubjectDomainName"",""#text"":""OFFSEC""},{""@Name"":""SubjectLogonId"",""#text"":""0x123550""},{""@Name"":""CategoryId"",""#text"":""%%8274""},{""@Name"":""SubcategoryId"",""#text"":""%%12808""},{""@Name"":""SubcategoryGuid"",""#text"":""0cce9224-69ae-11d9-bed3-505054503030""},{""@Name"":""AuditPolicyChanges"",""#text"":""%%8448, %%8450""}]}}"
16,109461,2021-10-25 18:30:36.5159063,4719,LogAlways,Microsoft-Windows-Security-Auditing,Security,492,2872,FS03.offsec.lan,0,,System audit policy was changed,OFFSEC\admmig,,CategoryId: %%8274 SubcategoryId: %%12811,SubcategoryGuid: 0cce9244-69ae-11d9-bed3-505054503030,"AuditPolicyChanges: %%8448, %%8450",,,,,False,EVTX-to-MITRE-Attack\TA0005-Defense Evasion\T1562.002-Disable Windows Event Logging\ID4719-Audit policy deactivation.evtx,Audit success,0,"{""EventData"":{""Data"":[{""@Name"":""SubjectUserSid"",""#text"":""S-1-5-21-4230534742-2542757381-3142984815-1111""},{""@Name"":""SubjectUserName"",""#text"":""admmig""},{""@Name"":""SubjectDomainName"",""#text"":""OFFSEC""},{""@Name"":""SubjectLogonId"",""#text"":""0x123550""},{""@Name"":""CategoryId"",""#text"":""%%8274""},{""@Name"":""SubcategoryId"",""#text"":""%%12811""},{""@Name"":""SubcategoryGuid"",""#text"":""0cce9244-69ae-11d9-bed3-505054503030""},{""@Name"":""AuditPolicyChanges"",""#text"":""%%8448, %%8450""}]}}"
17,109462,2021-10-25 18:30:36.5159063,4719,LogAlways,Microsoft-Windows-Security-Auditing,Security,492,2872,FS03.offsec.lan,0,,System audit policy was changed,OFFSEC\admmig,,CategoryId: %%8275 SubcategoryId: %%13056,SubcategoryGuid: 0cce9228-69ae-11d9-bed3-505054503030,"AuditPolicyChanges: %%8448, %%8450",,,,,False,EVTX-to-MITRE-Attack\TA0005-Defense Evasion\T1562.002-Disable Windows Event Logging\ID4719-Audit policy deactivation.evtx,Audit success,0,"{""EventData"":{""Data"":[{""@Name"":""SubjectUserSid"",""#text"":""S-1-5-21-4230534742-2542757381-3142984815-1111""},{""@Name"":""SubjectUserName"",""#text"":""admmig""},{""@Name"":""SubjectDomainName"",""#text"":""OFFSEC""},{""@Name"":""SubjectLogonId"",""#text"":""0x123550""},{""@Name"":""CategoryId"",""#text"":""%%8275""},{""@Name"":""SubcategoryId"",""#text"":""%%13056""},{""@Name"":""SubcategoryGuid"",""#text"":""0cce9228-69ae-11d9-bed3-505054503030""},{""@Name"":""AuditPolicyChanges"",""#text"":""%%8448, %%8450""}]}}"
18,109463,2021-10-25 18:30:36.5159063,4719,LogAlways,Microsoft-Windows-Security-Auditing,Security,492,2872,FS03.offsec.lan,0,,System audit policy was changed,OFFSEC\admmig,,CategoryId: %%8276 SubcategoryId: %%13312,SubcategoryGuid: 0cce922b-69ae-11d9-bed3-505054503030,"AuditPolicyChanges: %%8448, %%8450",,,,,False,EVTX-to-MITRE-Attack\TA0005-Defense Evasion\T1562.002-Disable Windows Event Logging\ID4719-Audit policy deactivation.evtx,Audit success,0,"{""EventData"":{""Data"":[{""@Name"":""SubjectUserSid"",""#text"":""S-1-5-21-4230534742-2542757381-3142984815-1111""},{""@Name"":""SubjectUserName"",""#text"":""admmig""},{""@Name"":""SubjectDomainName"",""#text"":""OFFSEC""},{""@Name"":""SubjectLogonId"",""#text"":""0x123550""},{""@Name"":""CategoryId"",""#text"":""%%8276""},{""@Name"":""SubcategoryId"",""#text"":""%%13312""},{""@Name"":""SubcategoryGuid"",""#text"":""0cce922b-69ae-11d9-bed3-505054503030""},{""@Name"":""AuditPolicyChanges"",""#text"":""%%8448, %%8450""}]}}"
19,109464,2021-10-25 18:30:36.5159063,4719,LogAlways,Microsoft-Windows-Security-Auditing,Security,492,2872,FS03.offsec.lan,0,,System audit policy was changed,OFFSEC\admmig,,CategoryId: %%8276 SubcategoryId: %%13316,SubcategoryGuid: 0cce9248-69ae-11d9-bed3-505054503030,AuditPolicyChanges: %%8448,,,,,False,EVTX-to-MITRE-Attack\TA0005-Defense Evasion\T1562.002-Disable Windows Event Logging\ID4719-Audit policy deactivation.evtx,Audit success,0,"{""EventData"":{""Data"":[{""@Name"":""SubjectUserSid"",""#text"":""S-1-5-21-4230534742-2542757381-3142984815-1111""},{""@Name"":""SubjectUserName"",""#text"":""admmig""},{""@Name"":""SubjectDomainName"",""#text"":""OFFSEC""},{""@Name"":""SubjectLogonId"",""#text"":""0x123550""},{""@Name"":""CategoryId"",""#text"":""%%8276""},{""@Name"":""SubcategoryId"",""#text"":""%%13316""},{""@Name"":""SubcategoryGuid"",""#text"":""0cce9248-69ae-11d9-bed3-505054503030""},{""@Name"":""AuditPolicyChanges"",""#text"":""%%8448""}]}}"
20,109465,2021-10-25 18:30:36.5159063,4719,LogAlways,Microsoft-Windows-Security-Auditing,Security,492,2872,FS03.offsec.lan,0,,System audit policy was changed,OFFSEC\admmig,,CategoryId: %%8277 SubcategoryId: %%13568,SubcategoryGuid: 0cce922f-69ae-11d9-bed3-505054503030,"AuditPolicyChanges: %%8448, %%8450",,,,,False,EVTX-to-MITRE-Attack\TA0005-Defense Evasion\T1562.002-Disable Windows Event Logging\ID4719-Audit policy deactivation.evtx,Audit success,0,"{""EventData"":{""Data"":[{""@Name"":""SubjectUserSid"",""#text"":""S-1-5-21-4230534742-2542757381-3142984815-1111""},{""@Name"":""SubjectUserName"",""#text"":""admmig""},{""@Name"":""SubjectDomainName"",""#text"":""OFFSEC""},{""@Name"":""SubjectLogonId"",""#text"":""0x123550""},{""@Name"":""CategoryId"",""#text"":""%%8277""},{""@Name"":""SubcategoryId"",""#text"":""%%13568""},{""@Name"":""SubcategoryGuid"",""#text"":""0cce922f-69ae-11d9-bed3-505054503030""},{""@Name"":""AuditPolicyChanges"",""#text"":""%%8448, %%8450""}]}}"
21,109466,2021-10-25 18:30:36.5159063,4719,LogAlways,Microsoft-Windows-Security-Auditing,Security,492,2872,FS03.offsec.lan,0,,System audit policy was changed,OFFSEC\admmig,,CategoryId: %%8277 SubcategoryId: %%13569,SubcategoryGuid: 0cce9230-69ae-11d9-bed3-505054503030,"AuditPolicyChanges: %%8448, %%8450",,,,,False,EVTX-to-MITRE-Attack\TA0005-Defense Evasion\T1562.002-Disable Windows Event Logging\ID4719-Audit policy deactivation.evtx,Audit success,0,"{""EventData"":{""Data"":[{""@Name"":""SubjectUserSid"",""#text"":""S-1-5-21-4230534742-2542757381-3142984815-1111""},{""@Name"":""SubjectUserName"",""#text"":""admmig""},{""@Name"":""SubjectDomainName"",""#text"":""OFFSEC""},{""@Name"":""SubjectLogonId"",""#text"":""0x123550""},{""@Name"":""CategoryId"",""#text"":""%%8277""},{""@Name"":""SubcategoryId"",""#text"":""%%13569""},{""@Name"":""SubcategoryGuid"",""#text"":""0cce9230-69ae-11d9-bed3-505054503030""},{""@Name"":""AuditPolicyChanges"",""#text"":""%%8448, %%8450""}]}}"
22,109467,2021-10-25 18:30:36.5159063,4719,LogAlways,Microsoft-Windows-Security-Auditing,Security,492,2872,FS03.offsec.lan,0,,System audit policy was changed,OFFSEC\admmig,,CategoryId: %%8277 SubcategoryId: %%13570,SubcategoryGuid: 0cce9231-69ae-11d9-bed3-505054503030,"AuditPolicyChanges: %%8448, %%8450",,,,,False,EVTX-to-MITRE-Attack\TA0005-Defense Evasion\T1562.002-Disable Windows Event Logging\ID4719-Audit policy deactivation.evtx,Audit success,0,"{""EventData"":{""Data"":[{""@Name"":""SubjectUserSid"",""#text"":""S-1-5-21-4230534742-2542757381-3142984815-1111""},{""@Name"":""SubjectUserName"",""#text"":""admmig""},{""@Name"":""SubjectDomainName"",""#text"":""OFFSEC""},{""@Name"":""SubjectLogonId"",""#text"":""0x123550""},{""@Name"":""CategoryId"",""#text"":""%%8277""},{""@Name"":""SubcategoryId"",""#text"":""%%13570""},{""@Name"":""SubcategoryGuid"",""#text"":""0cce9231-69ae-11d9-bed3-505054503030""},{""@Name"":""AuditPolicyChanges"",""#text"":""%%8448, %%8450""}]}}"
23,109468,2021-10-25 18:30:36.5159063,4719,LogAlways,Microsoft-Windows-Security-Auditing,Security,492,2872,FS03.offsec.lan,0,,System audit policy was changed,OFFSEC\admmig,,CategoryId: %%8277 SubcategoryId: %%13571,SubcategoryGuid: 0cce9232-69ae-11d9-bed3-505054503030,"AuditPolicyChanges: %%8448, %%8450",,,,,False,EVTX-to-MITRE-Attack\TA0005-Defense Evasion\T1562.002-Disable Windows Event Logging\ID4719-Audit policy deactivation.evtx,Audit success,0,"{""EventData"":{""Data"":[{""@Name"":""SubjectUserSid"",""#text"":""S-1-5-21-4230534742-2542757381-3142984815-1111""},{""@Name"":""SubjectUserName"",""#text"":""admmig""},{""@Name"":""SubjectDomainName"",""#text"":""OFFSEC""},{""@Name"":""SubjectLogonId"",""#text"":""0x123550""},{""@Name"":""CategoryId"",""#text"":""%%8277""},{""@Name"":""SubcategoryId"",""#text"":""%%13571""},{""@Name"":""SubcategoryGuid"",""#text"":""0cce9232-69ae-11d9-bed3-505054503030""},{""@Name"":""AuditPolicyChanges"",""#text"":""%%8448, %%8450""}]}}"
24,109469,2021-10-25 18:30:36.5159063,4719,LogAlways,Microsoft-Windows-Security-Auditing,Security,492,2872,FS03.offsec.lan,0,,System audit policy was changed,OFFSEC\admmig,,CategoryId: %%8277 SubcategoryId: %%13573,SubcategoryGuid: 0cce9234-69ae-11d9-bed3-505054503030,"AuditPolicyChanges: %%8448, %%8450",,,,,False,EVTX-to-MITRE-Attack\TA0005-Defense Evasion\T1562.002-Disable Windows Event Logging\ID4719-Audit policy deactivation.evtx,Audit success,0,"{""EventData"":{""Data"":[{""@Name"":""SubjectUserSid"",""#text"":""S-1-5-21-4230534742-2542757381-3142984815-1111""},{""@Name"":""SubjectUserName"",""#text"":""admmig""},{""@Name"":""SubjectDomainName"",""#text"":""OFFSEC""},{""@Name"":""SubjectLogonId"",""#text"":""0x123550""},{""@Name"":""CategoryId"",""#text"":""%%8277""},{""@Name"":""SubcategoryId"",""#text"":""%%13573""},{""@Name"":""SubcategoryGuid"",""#text"":""0cce9234-69ae-11d9-bed3-505054503030""},{""@Name"":""AuditPolicyChanges"",""#text"":""%%8448, %%8450""}]}}"
25,109470,2021-10-25 18:30:36.5159063,4719,LogAlways,Microsoft-Windows-Security-Auditing,Security,492,2872,FS03.offsec.lan,0,,System audit policy was changed,OFFSEC\admmig,,CategoryId: %%8278 SubcategoryId: %%13824,SubcategoryGuid: 0cce9235-69ae-11d9-bed3-505054503030,"AuditPolicyChanges: %%8448, %%8450",,,,,False,EVTX-to-MITRE-Attack\TA0005-Defense Evasion\T1562.002-Disable Windows Event Logging\ID4719-Audit policy deactivation.evtx,Audit success,0,"{""EventData"":{""Data"":[{""@Name"":""SubjectUserSid"",""#text"":""S-1-5-21-4230534742-2542757381-3142984815-1111""},{""@Name"":""SubjectUserName"",""#text"":""admmig""},{""@Name"":""SubjectDomainName"",""#text"":""OFFSEC""},{""@Name"":""SubjectLogonId"",""#text"":""0x123550""},{""@Name"":""CategoryId"",""#text"":""%%8278""},{""@Name"":""SubcategoryId"",""#text"":""%%13824""},{""@Name"":""SubcategoryGuid"",""#text"":""0cce9235-69ae-11d9-bed3-505054503030""},{""@Name"":""AuditPolicyChanges"",""#text"":""%%8448, %%8450""}]}}"
26,109471,2021-10-25 18:30:36.5159063,4719,LogAlways,Microsoft-Windows-Security-Auditing,Security,492,2872,FS03.offsec.lan,0,,System audit policy was changed,OFFSEC\admmig,,CategoryId: %%8278 SubcategoryId: %%13825,SubcategoryGuid: 0cce9236-69ae-11d9-bed3-505054503030,"AuditPolicyChanges: %%8448, %%8450",,,,,False,EVTX-to-MITRE-Attack\TA0005-Defense Evasion\T1562.002-Disable Windows Event Logging\ID4719-Audit policy deactivation.evtx,Audit success,0,"{""EventData"":{""Data"":[{""@Name"":""SubjectUserSid"",""#text"":""S-1-5-21-4230534742-2542757381-3142984815-1111""},{""@Name"":""SubjectUserName"",""#text"":""admmig""},{""@Name"":""SubjectDomainName"",""#text"":""OFFSEC""},{""@Name"":""SubjectLogonId"",""#text"":""0x123550""},{""@Name"":""CategoryId"",""#text"":""%%8278""},{""@Name"":""SubcategoryId"",""#text"":""%%13825""},{""@Name"":""SubcategoryGuid"",""#text"":""0cce9236-69ae-11d9-bed3-505054503030""},{""@Name"":""AuditPolicyChanges"",""#text"":""%%8448, %%8450""}]}}"
27,109472,2021-10-25 18:30:36.5159063,4719,LogAlways,Microsoft-Windows-Security-Auditing,Security,492,2872,FS03.offsec.lan,0,,System audit policy was changed,OFFSEC\admmig,,CategoryId: %%8278 SubcategoryId: %%13826,SubcategoryGuid: 0cce9237-69ae-11d9-bed3-505054503030,"AuditPolicyChanges: %%8448, %%8450",,,,,False,EVTX-to-MITRE-Attack\TA0005-Defense Evasion\T1562.002-Disable Windows Event Logging\ID4719-Audit policy deactivation.evtx,Audit success,0,"{""EventData"":{""Data"":[{""@Name"":""SubjectUserSid"",""#text"":""S-1-5-21-4230534742-2542757381-3142984815-1111""},{""@Name"":""SubjectUserName"",""#text"":""admmig""},{""@Name"":""SubjectDomainName"",""#text"":""OFFSEC""},{""@Name"":""SubjectLogonId"",""#text"":""0x123550""},{""@Name"":""CategoryId"",""#text"":""%%8278""},{""@Name"":""SubcategoryId"",""#text"":""%%13826""},{""@Name"":""SubcategoryGuid"",""#text"":""0cce9237-69ae-11d9-bed3-505054503030""},{""@Name"":""AuditPolicyChanges"",""#text"":""%%8448, %%8450""}]}}"
28,109473,2021-10-25 18:30:36.5159063,4719,LogAlways,Microsoft-Windows-Security-Auditing,Security,492,2872,FS03.offsec.lan,0,,System audit policy was changed,OFFSEC\admmig,,CategoryId: %%8278 SubcategoryId: %%13829,SubcategoryGuid: 0cce923a-69ae-11d9-bed3-505054503030,"AuditPolicyChanges: %%8448, %%8450",,,,,False,EVTX-to-MITRE-Attack\TA0005-Defense Evasion\T1562.002-Disable Windows Event Logging\ID4719-Audit policy deactivation.evtx,Audit success,0,"{""EventData"":{""Data"":[{""@Name"":""SubjectUserSid"",""#text"":""S-1-5-21-4230534742-2542757381-3142984815-1111""},{""@Name"":""SubjectUserName"",""#text"":""admmig""},{""@Name"":""SubjectDomainName"",""#text"":""OFFSEC""},{""@Name"":""SubjectLogonId"",""#text"":""0x123550""},{""@Name"":""CategoryId"",""#text"":""%%8278""},{""@Name"":""SubcategoryId"",""#text"":""%%13829""},{""@Name"":""SubcategoryGuid"",""#text"":""0cce923a-69ae-11d9-bed3-505054503030""},{""@Name"":""AuditPolicyChanges"",""#text"":""%%8448, %%8450""}]}}"
29,109474,2021-10-25 18:30:36.5159063,4719,LogAlways,Microsoft-Windows-Security-Auditing,Security,492,2872,FS03.offsec.lan,0,,System audit policy was changed,OFFSEC\admmig,,CategoryId: %%8280 SubcategoryId: %%14336,SubcategoryGuid: 0cce923f-69ae-11d9-bed3-505054503030,"AuditPolicyChanges: %%8448, %%8450",,,,,False,EVTX-to-MITRE-Attack\TA0005-Defense Evasion\T1562.002-Disable Windows Event Logging\ID4719-Audit policy deactivation.evtx,Audit success,0,"{""EventData"":{""Data"":[{""@Name"":""SubjectUserSid"",""#text"":""S-1-5-21-4230534742-2542757381-3142984815-1111""},{""@Name"":""SubjectUserName"",""#text"":""admmig""},{""@Name"":""SubjectDomainName"",""#text"":""OFFSEC""},{""@Name"":""SubjectLogonId"",""#text"":""0x123550""},{""@Name"":""CategoryId"",""#text"":""%%8280""},{""@Name"":""SubcategoryId"",""#text"":""%%14336""},{""@Name"":""SubcategoryGuid"",""#text"":""0cce923f-69ae-11d9-bed3-505054503030""},{""@Name"":""AuditPolicyChanges"",""#text"":""%%8448, %%8450""}]}}"
30,109475,2021-10-25 18:30:36.5159063,4719,LogAlways,Microsoft-Windows-Security-Auditing,Security,492,2872,FS03.offsec.lan,0,,System audit policy was changed,OFFSEC\admmig,,CategoryId: %%8280 SubcategoryId: %%14338,SubcategoryGuid: 0cce9241-69ae-11d9-bed3-505054503030,"AuditPolicyChanges: %%8448, %%8450",,,,,False,EVTX-to-MITRE-Attack\TA0005-Defense Evasion\T1562.002-Disable Windows Event Logging\ID4719-Audit policy deactivation.evtx,Audit success,0,"{""EventData"":{""Data"":[{""@Name"":""SubjectUserSid"",""#text"":""S-1-5-21-4230534742-2542757381-3142984815-1111""},{""@Name"":""SubjectUserName"",""#text"":""admmig""},{""@Name"":""SubjectDomainName"",""#text"":""OFFSEC""},{""@Name"":""SubjectLogonId"",""#text"":""0x123550""},{""@Name"":""CategoryId"",""#text"":""%%8280""},{""@Name"":""SubcategoryId"",""#text"":""%%14338""},{""@Name"":""SubcategoryGuid"",""#text"":""0cce9241-69ae-11d9-bed3-505054503030""},{""@Name"":""AuditPolicyChanges"",""#text"":""%%8448, %%8450""}]}}"
