225,436957,2021-04-22 11:32:29.6835747,5145,LogAlways,Microsoft-Windows-Security-Auditing,Security,480,488,fs03vuln.offsec.lan,2,,Network share object access,OFFSEC\admmig,10.23.23.9:63566,Share: \\*\C$ (\??\C:\),Object: Windows\assembly\NativeImages_v4.0.30319_32\Microsoft.Build,AccessList: Unknown code (%%1541 | %%4416 | %%4423),AccessMask: Unknown code (0x100081),SID: S-1-5-21-4230534742-2542757381-3142984815-1111,,,False,EVTX-to-MITRE-Attack\TA0002-Execution\T1047-Windows Management Instrumentation\ID4688-5145-WMIexec execution via SMB.evtx,Audit success,0,"{""EventData"":{""Data"":[{""@Name"":""SubjectUserSid"",""#text"":""S-1-5-21-4230534742-2542757381-3142984815-1111""},{""@Name"":""SubjectUserName"",""#text"":""admmig""},{""@Name"":""SubjectDomainName"",""#text"":""OFFSEC""},{""@Name"":""SubjectLogonId"",""#text"":""0x18ACDD""},{""@Name"":""ObjectType"",""#text"":""File""},{""@Name"":""IpAddress"",""#text"":""10.23.23.9""},{""@Name"":""IpPort"",""#text"":""63566""},{""@Name"":""ShareName"",""#text"":""\\\\*\\C$""},{""@Name"":""ShareLocalPath"",""#text"":""\\??\\C:\\""},{""@Name"":""RelativeTargetName"",""#text"":""Windows\\assembly\\NativeImages_v4.0.30319_32\\Microsoft.Build""},{""@Name"":""AccessMask"",""#text"":""0x100081""},{""@Name"":""AccessList"",""#text"":""%%1541, %%4416, %%4423, ""},{""@Name"":""AccessReason"",""#text"":""-""}]}}"
226,436958,2021-04-22 11:32:29.6835747,5145,LogAlways,Microsoft-Windows-Security-Auditing,Security,480,488,fs03vuln.offsec.lan,2,,Network share object access,OFFSEC\admmig,10.23.23.9:63564,Share: \\*\C$ (\??\C:\),Object: Windows\assembly\NativeImages_v4.0.30319_32\Microsoft.Build\d6c8ca8dfe9cd143210459e72a546bf8,AccessList: Unknown code (%%1541 | %%4416 | %%4423),AccessMask: Unknown code (0x100081),SID: S-1-5-21-4230534742-2542757381-3142984815-1111,,,False,EVTX-to-MITRE-Attack\TA0002-Execution\T1047-Windows Management Instrumentation\ID4688-5145-WMIexec execution via SMB.evtx,Audit success,0,"{""EventData"":{""Data"":[{""@Name"":""SubjectUserSid"",""#text"":""S-1-5-21-4230534742-2542757381-3142984815-1111""},{""@Name"":""SubjectUserName"",""#text"":""admmig""},{""@Name"":""SubjectDomainName"",""#text"":""OFFSEC""},{""@Name"":""SubjectLogonId"",""#text"":""0x18ACDD""},{""@Name"":""ObjectType"",""#text"":""File""},{""@Name"":""IpAddress"",""#text"":""10.23.23.9""},{""@Name"":""IpPort"",""#text"":""63564""},{""@Name"":""ShareName"",""#text"":""\\\\*\\C$""},{""@Name"":""ShareLocalPath"",""#text"":""\\??\\C:\\""},{""@Name"":""RelativeTargetName"",""#text"":""Windows\\assembly\\NativeImages_v4.0.30319_32\\Microsoft.Build\\d6c8ca8dfe9cd143210459e72a546bf8""},{""@Name"":""AccessMask"",""#text"":""0x100081""},{""@Name"":""AccessList"",""#text"":""%%1541, %%4416, %%4423, ""},{""@Name"":""AccessReason"",""#text"":""-""}]}}"
227,436959,2021-04-22 11:32:29.6835747,5145,LogAlways,Microsoft-Windows-Security-Auditing,Security,480,488,fs03vuln.offsec.lan,2,,Network share object access,OFFSEC\admmig,10.23.23.9:63566,Share: \\*\C$ (\??\C:\),Object: Windows\assembly\NativeImages_v4.0.30319_32\Microsoft.C8d726d22#,AccessList: Unknown code (%%1541 | %%4416 | %%4423),AccessMask: Unknown code (0x100081),SID: S-1-5-21-4230534742-2542757381-3142984815-1111,,,False,EVTX-to-MITRE-Attack\TA0002-Execution\T1047-Windows Management Instrumentation\ID4688-5145-WMIexec execution via SMB.evtx,Audit success,0,"{""EventData"":{""Data"":[{""@Name"":""SubjectUserSid"",""#text"":""S-1-5-21-4230534742-2542757381-3142984815-1111""},{""@Name"":""SubjectUserName"",""#text"":""admmig""},{""@Name"":""SubjectDomainName"",""#text"":""OFFSEC""},{""@Name"":""SubjectLogonId"",""#text"":""0x18ACDD""},{""@Name"":""ObjectType"",""#text"":""File""},{""@Name"":""IpAddress"",""#text"":""10.23.23.9""},{""@Name"":""IpPort"",""#text"":""63566""},{""@Name"":""ShareName"",""#text"":""\\\\*\\C$""},{""@Name"":""ShareLocalPath"",""#text"":""\\??\\C:\\""},{""@Name"":""RelativeTargetName"",""#text"":""Windows\\assembly\\NativeImages_v4.0.30319_32\\Microsoft.C8d726d22#""},{""@Name"":""AccessMask"",""#text"":""0x100081""},{""@Name"":""AccessList"",""#text"":""%%1541, %%4416, %%4423, ""},{""@Name"":""AccessReason"",""#text"":""-""}]}}"
228,436960,2021-04-22 11:32:29.6835747,5145,LogAlways,Microsoft-Windows-Security-Auditing,Security,480,488,fs03vuln.offsec.lan,2,,Network share object access,OFFSEC\admmig,10.23.23.9:63564,Share: \\*\C$ (\??\C:\),Object: Windows\assembly\NativeImages_v4.0.30319_32\Microsoft.C8d726d22#\95eb335a0d6884a4b311ce7041f71bc3,AccessList: Unknown code (%%1541 | %%4416 | %%4423),AccessMask: Unknown code (0x100081),SID: S-1-5-21-4230534742-2542757381-3142984815-1111,,,False,EVTX-to-MITRE-Attack\TA0002-Execution\T1047-Windows Management Instrumentation\ID4688-5145-WMIexec execution via SMB.evtx,Audit success,0,"{""EventData"":{""Data"":[{""@Name"":""SubjectUserSid"",""#text"":""S-1-5-21-4230534742-2542757381-3142984815-1111""},{""@Name"":""SubjectUserName"",""#text"":""admmig""},{""@Name"":""SubjectDomainName"",""#text"":""OFFSEC""},{""@Name"":""SubjectLogonId"",""#text"":""0x18ACDD""},{""@Name"":""ObjectType"",""#text"":""File""},{""@Name"":""IpAddress"",""#text"":""10.23.23.9""},{""@Name"":""IpPort"",""#text"":""63564""},{""@Name"":""ShareName"",""#text"":""\\\\*\\C$""},{""@Name"":""ShareLocalPath"",""#text"":""\\??\\C:\\""},{""@Name"":""RelativeTargetName"",""#text"":""Windows\\assembly\\NativeImages_v4.0.30319_32\\Microsoft.C8d726d22#\\95eb335a0d6884a4b311ce7041f71bc3""},{""@Name"":""AccessMask"",""#text"":""0x100081""},{""@Name"":""AccessList"",""#text"":""%%1541, %%4416, %%4423, ""},{""@Name"":""AccessReason"",""#text"":""-""}]}}"
229,436961,2021-04-22 11:32:29.6991966,5145,LogAlways,Microsoft-Windows-Security-Auditing,Security,480,488,fs03vuln.offsec.lan,2,,Network share object access,OFFSEC\admmig,10.23.23.9:63566,Share: \\*\C$ (\??\C:\),Object: Windows\assembly\NativeImages_v4.0.30319_32\Microsoft.C25dcfcb8#,AccessList: Unknown code (%%1541 | %%4416 | %%4423),AccessMask: Unknown code (0x100081),SID: S-1-5-21-4230534742-2542757381-3142984815-1111,,,False,EVTX-to-MITRE-Attack\TA0002-Execution\T1047-Windows Management Instrumentation\ID4688-5145-WMIexec execution via SMB.evtx,Audit success,0,"{""EventData"":{""Data"":[{""@Name"":""SubjectUserSid"",""#text"":""S-1-5-21-4230534742-2542757381-3142984815-1111""},{""@Name"":""SubjectUserName"",""#text"":""admmig""},{""@Name"":""SubjectDomainName"",""#text"":""OFFSEC""},{""@Name"":""SubjectLogonId"",""#text"":""0x18ACDD""},{""@Name"":""ObjectType"",""#text"":""File""},{""@Name"":""IpAddress"",""#text"":""10.23.23.9""},{""@Name"":""IpPort"",""#text"":""63566""},{""@Name"":""ShareName"",""#text"":""\\\\*\\C$""},{""@Name"":""ShareLocalPath"",""#text"":""\\??\\C:\\""},{""@Name"":""RelativeTargetName"",""#text"":""Windows\\assembly\\NativeImages_v4.0.30319_32\\Microsoft.C25dcfcb8#""},{""@Name"":""AccessMask"",""#text"":""0x100081""},{""@Name"":""AccessList"",""#text"":""%%1541, %%4416, %%4423, ""},{""@Name"":""AccessReason"",""#text"":""-""}]}}"
230,436962,2021-04-22 11:32:29.6991966,5145,LogAlways,Microsoft-Windows-Security-Auditing,Security,480,488,fs03vuln.offsec.lan,2,,Network share object access,OFFSEC\admmig,10.23.23.9:63564,Share: \\*\C$ (\??\C:\),Object: Windows\assembly\NativeImages_v4.0.30319_32\Microsoft.C25dcfcb8#\81fd3145ed18f31e338ec4dcb5afd7f7,AccessList: Unknown code (%%1541 | %%4416 | %%4423),AccessMask: Unknown code (0x100081),SID: S-1-5-21-4230534742-2542757381-3142984815-1111,,,False,EVTX-to-MITRE-Attack\TA0002-Execution\T1047-Windows Management Instrumentation\ID4688-5145-WMIexec execution via SMB.evtx,Audit success,0,"{""EventData"":{""Data"":[{""@Name"":""SubjectUserSid"",""#text"":""S-1-5-21-4230534742-2542757381-3142984815-1111""},{""@Name"":""SubjectUserName"",""#text"":""admmig""},{""@Name"":""SubjectDomainName"",""#text"":""OFFSEC""},{""@Name"":""SubjectLogonId"",""#text"":""0x18ACDD""},{""@Name"":""ObjectType"",""#text"":""File""},{""@Name"":""IpAddress"",""#text"":""10.23.23.9""},{""@Name"":""IpPort"",""#text"":""63564""},{""@Name"":""ShareName"",""#text"":""\\\\*\\C$""},{""@Name"":""ShareLocalPath"",""#text"":""\\??\\C:\\""},{""@Name"":""RelativeTargetName"",""#text"":""Windows\\assembly\\NativeImages_v4.0.30319_32\\Microsoft.C25dcfcb8#\\81fd3145ed18f31e338ec4dcb5afd7f7""},{""@Name"":""AccessMask"",""#text"":""0x100081""},{""@Name"":""AccessList"",""#text"":""%%1541, %%4416, %%4423, ""},{""@Name"":""AccessReason"",""#text"":""-""}]}}"
231,436963,2021-04-22 11:32:29.6991966,5145,LogAlways,Microsoft-Windows-Security-Auditing,Security,480,488,fs03vuln.offsec.lan,2,,Network share object access,OFFSEC\admmig,10.23.23.9:63566,Share: \\*\C$ (\??\C:\),Object: Windows\assembly\NativeImages_v4.0.30319_32\Microsoft.C26a36d2b#,AccessList: Unknown code (%%1541 | %%4416 | %%4423),AccessMask: Unknown code (0x100081),SID: S-1-5-21-4230534742-2542757381-3142984815-1111,,,False,EVTX-to-MITRE-Attack\TA0002-Execution\T1047-Windows Management Instrumentation\ID4688-5145-WMIexec execution via SMB.evtx,Audit success,0,"{""EventData"":{""Data"":[{""@Name"":""SubjectUserSid"",""#text"":""S-1-5-21-4230534742-2542757381-3142984815-1111""},{""@Name"":""SubjectUserName"",""#text"":""admmig""},{""@Name"":""SubjectDomainName"",""#text"":""OFFSEC""},{""@Name"":""SubjectLogonId"",""#text"":""0x18ACDD""},{""@Name"":""ObjectType"",""#text"":""File""},{""@Name"":""IpAddress"",""#text"":""10.23.23.9""},{""@Name"":""IpPort"",""#text"":""63566""},{""@Name"":""ShareName"",""#text"":""\\\\*\\C$""},{""@Name"":""ShareLocalPath"",""#text"":""\\??\\C:\\""},{""@Name"":""RelativeTargetName"",""#text"":""Windows\\assembly\\NativeImages_v4.0.30319_32\\Microsoft.C26a36d2b#""},{""@Name"":""AccessMask"",""#text"":""0x100081""},{""@Name"":""AccessList"",""#text"":""%%1541, %%4416, %%4423, ""},{""@Name"":""AccessReason"",""#text"":""-""}]}}"
232,436964,2021-04-22 11:32:29.6991966,5145,LogAlways,Microsoft-Windows-Security-Auditing,Security,480,488,fs03vuln.offsec.lan,2,,Network share object access,OFFSEC\admmig,10.23.23.9:63564,Share: \\*\C$ (\??\C:\),Object: Windows\assembly\NativeImages_v4.0.30319_32\Microsoft.C26a36d2b#\2dab9f12dfcdb3bd487693c1bb12e0a6,AccessList: Unknown code (%%1541 | %%4416 | %%4423),AccessMask: Unknown code (0x100081),SID: S-1-5-21-4230534742-2542757381-3142984815-1111,,,False,EVTX-to-MITRE-Attack\TA0002-Execution\T1047-Windows Management Instrumentation\ID4688-5145-WMIexec execution via SMB.evtx,Audit success,0,"{""EventData"":{""Data"":[{""@Name"":""SubjectUserSid"",""#text"":""S-1-5-21-4230534742-2542757381-3142984815-1111""},{""@Name"":""SubjectUserName"",""#text"":""admmig""},{""@Name"":""SubjectDomainName"",""#text"":""OFFSEC""},{""@Name"":""SubjectLogonId"",""#text"":""0x18ACDD""},{""@Name"":""ObjectType"",""#text"":""File""},{""@Name"":""IpAddress"",""#text"":""10.23.23.9""},{""@Name"":""IpPort"",""#text"":""63564""},{""@Name"":""ShareName"",""#text"":""\\\\*\\C$""},{""@Name"":""ShareLocalPath"",""#text"":""\\??\\C:\\""},{""@Name"":""RelativeTargetName"",""#text"":""Windows\\assembly\\NativeImages_v4.0.30319_32\\Microsoft.C26a36d2b#\\2dab9f12dfcdb3bd487693c1bb12e0a6""},{""@Name"":""AccessMask"",""#text"":""0x100081""},{""@Name"":""AccessList"",""#text"":""%%1541, %%4416, %%4423, ""},{""@Name"":""AccessReason"",""#text"":""-""}]}}"
233,436965,2021-04-22 11:32:29.7148274,5145,LogAlways,Microsoft-Windows-Security-Auditing,Security,480,488,fs03vuln.offsec.lan,2,,Network share object access,OFFSEC\admmig,10.23.23.9:63566,Share: \\*\C$ (\??\C:\),Object: Windows\assembly\NativeImages_v4.0.30319_32\Microsoft.Ca018eff0#,AccessList: Unknown code (%%1541 | %%4416 | %%4423),AccessMask: Unknown code (0x100081),SID: S-1-5-21-4230534742-2542757381-3142984815-1111,,,False,EVTX-to-MITRE-Attack\TA0002-Execution\T1047-Windows Management Instrumentation\ID4688-5145-WMIexec execution via SMB.evtx,Audit success,0,"{""EventData"":{""Data"":[{""@Name"":""SubjectUserSid"",""#text"":""S-1-5-21-4230534742-2542757381-3142984815-1111""},{""@Name"":""SubjectUserName"",""#text"":""admmig""},{""@Name"":""SubjectDomainName"",""#text"":""OFFSEC""},{""@Name"":""SubjectLogonId"",""#text"":""0x18ACDD""},{""@Name"":""ObjectType"",""#text"":""File""},{""@Name"":""IpAddress"",""#text"":""10.23.23.9""},{""@Name"":""IpPort"",""#text"":""63566""},{""@Name"":""ShareName"",""#text"":""\\\\*\\C$""},{""@Name"":""ShareLocalPath"",""#text"":""\\??\\C:\\""},{""@Name"":""RelativeTargetName"",""#text"":""Windows\\assembly\\NativeImages_v4.0.30319_32\\Microsoft.Ca018eff0#""},{""@Name"":""AccessMask"",""#text"":""0x100081""},{""@Name"":""AccessList"",""#text"":""%%1541, %%4416, %%4423, ""},{""@Name"":""AccessReason"",""#text"":""-""}]}}"
234,436966,2021-04-22 11:32:29.7148274,5145,LogAlways,Microsoft-Windows-Security-Auditing,Security,480,488,fs03vuln.offsec.lan,2,,Network share object access,OFFSEC\admmig,10.23.23.9:63564,Share: \\*\C$ (\??\C:\),Object: Windows\assembly\NativeImages_v4.0.30319_32\Microsoft.Ca018eff0#\4d5abc40df9ad72124f147d1d55dd690,AccessList: Unknown code (%%1541 | %%4416 | %%4423),AccessMask: Unknown code (0x100081),SID: S-1-5-21-4230534742-2542757381-3142984815-1111,,,False,EVTX-to-MITRE-Attack\TA0002-Execution\T1047-Windows Management Instrumentation\ID4688-5145-WMIexec execution via SMB.evtx,Audit success,0,"{""EventData"":{""Data"":[{""@Name"":""SubjectUserSid"",""#text"":""S-1-5-21-4230534742-2542757381-3142984815-1111""},{""@Name"":""SubjectUserName"",""#text"":""admmig""},{""@Name"":""SubjectDomainName"",""#text"":""OFFSEC""},{""@Name"":""SubjectLogonId"",""#text"":""0x18ACDD""},{""@Name"":""ObjectType"",""#text"":""File""},{""@Name"":""IpAddress"",""#text"":""10.23.23.9""},{""@Name"":""IpPort"",""#text"":""63564""},{""@Name"":""ShareName"",""#text"":""\\\\*\\C$""},{""@Name"":""ShareLocalPath"",""#text"":""\\??\\C:\\""},{""@Name"":""RelativeTargetName"",""#text"":""Windows\\assembly\\NativeImages_v4.0.30319_32\\Microsoft.Ca018eff0#\\4d5abc40df9ad72124f147d1d55dd690""},{""@Name"":""AccessMask"",""#text"":""0x100081""},{""@Name"":""AccessList"",""#text"":""%%1541, %%4416, %%4423, ""},{""@Name"":""AccessReason"",""#text"":""-""}]}}"
235,436967,2021-04-22 11:32:29.7148274,5145,LogAlways,Microsoft-Windows-Security-Auditing,Security,480,488,fs03vuln.offsec.lan,2,,Network share object access,OFFSEC\admmig,10.23.23.9:63566,Share: \\*\C$ (\??\C:\),Object: Windows\assembly\NativeImages_v4.0.30319_32\Microsoft.CSharp,AccessList: Unknown code (%%1541 | %%4416 | %%4423),AccessMask: Unknown code (0x100081),SID: S-1-5-21-4230534742-2542757381-3142984815-1111,,,False,EVTX-to-MITRE-Attack\TA0002-Execution\T1047-Windows Management Instrumentation\ID4688-5145-WMIexec execution via SMB.evtx,Audit success,0,"{""EventData"":{""Data"":[{""@Name"":""SubjectUserSid"",""#text"":""S-1-5-21-4230534742-2542757381-3142984815-1111""},{""@Name"":""SubjectUserName"",""#text"":""admmig""},{""@Name"":""SubjectDomainName"",""#text"":""OFFSEC""},{""@Name"":""SubjectLogonId"",""#text"":""0x18ACDD""},{""@Name"":""ObjectType"",""#text"":""File""},{""@Name"":""IpAddress"",""#text"":""10.23.23.9""},{""@Name"":""IpPort"",""#text"":""63566""},{""@Name"":""ShareName"",""#text"":""\\\\*\\C$""},{""@Name"":""ShareLocalPath"",""#text"":""\\??\\C:\\""},{""@Name"":""RelativeTargetName"",""#text"":""Windows\\assembly\\NativeImages_v4.0.30319_32\\Microsoft.CSharp""},{""@Name"":""AccessMask"",""#text"":""0x100081""},{""@Name"":""AccessList"",""#text"":""%%1541, %%4416, %%4423, ""},{""@Name"":""AccessReason"",""#text"":""-""}]}}"
236,436968,2021-04-22 11:32:29.7304513,5145,LogAlways,Microsoft-Windows-Security-Auditing,Security,480,488,fs03vuln.offsec.lan,2,,Network share object access,OFFSEC\admmig,10.23.23.9:63564,Share: \\*\C$ (\??\C:\),Object: Windows\assembly\NativeImages_v4.0.30319_32\Microsoft.CSharp\004d51a9ac1d91d6537ad572591ebbd3,AccessList: Unknown code (%%1541 | %%4416 | %%4423),AccessMask: Unknown code (0x100081),SID: S-1-5-21-4230534742-2542757381-3142984815-1111,,,False,EVTX-to-MITRE-Attack\TA0002-Execution\T1047-Windows Management Instrumentation\ID4688-5145-WMIexec execution via SMB.evtx,Audit success,0,"{""EventData"":{""Data"":[{""@Name"":""SubjectUserSid"",""#text"":""S-1-5-21-4230534742-2542757381-3142984815-1111""},{""@Name"":""SubjectUserName"",""#text"":""admmig""},{""@Name"":""SubjectDomainName"",""#text"":""OFFSEC""},{""@Name"":""SubjectLogonId"",""#text"":""0x18ACDD""},{""@Name"":""ObjectType"",""#text"":""File""},{""@Name"":""IpAddress"",""#text"":""10.23.23.9""},{""@Name"":""IpPort"",""#text"":""63564""},{""@Name"":""ShareName"",""#text"":""\\\\*\\C$""},{""@Name"":""ShareLocalPath"",""#text"":""\\??\\C:\\""},{""@Name"":""RelativeTargetName"",""#text"":""Windows\\assembly\\NativeImages_v4.0.30319_32\\Microsoft.CSharp\\004d51a9ac1d91d6537ad572591ebbd3""},{""@Name"":""AccessMask"",""#text"":""0x100081""},{""@Name"":""AccessList"",""#text"":""%%1541, %%4416, %%4423, ""},{""@Name"":""AccessReason"",""#text"":""-""}]}}"
237,436969,2021-04-22 11:32:29.7304513,5145,LogAlways,Microsoft-Windows-Security-Auditing,Security,480,488,fs03vuln.offsec.lan,2,,Network share object access,OFFSEC\admmig,10.23.23.9:63566,Share: \\*\C$ (\??\C:\),Object: Windows\assembly\NativeImages_v4.0.30319_32\Microsoft.D0ff51f83#,AccessList: Unknown code (%%1541 | %%4416 | %%4423),AccessMask: Unknown code (0x100081),SID: S-1-5-21-4230534742-2542757381-3142984815-1111,,,False,EVTX-to-MITRE-Attack\TA0002-Execution\T1047-Windows Management Instrumentation\ID4688-5145-WMIexec execution via SMB.evtx,Audit success,0,"{""EventData"":{""Data"":[{""@Name"":""SubjectUserSid"",""#text"":""S-1-5-21-4230534742-2542757381-3142984815-1111""},{""@Name"":""SubjectUserName"",""#text"":""admmig""},{""@Name"":""SubjectDomainName"",""#text"":""OFFSEC""},{""@Name"":""SubjectLogonId"",""#text"":""0x18ACDD""},{""@Name"":""ObjectType"",""#text"":""File""},{""@Name"":""IpAddress"",""#text"":""10.23.23.9""},{""@Name"":""IpPort"",""#text"":""63566""},{""@Name"":""ShareName"",""#text"":""\\\\*\\C$""},{""@Name"":""ShareLocalPath"",""#text"":""\\??\\C:\\""},{""@Name"":""RelativeTargetName"",""#text"":""Windows\\assembly\\NativeImages_v4.0.30319_32\\Microsoft.D0ff51f83#""},{""@Name"":""AccessMask"",""#text"":""0x100081""},{""@Name"":""AccessList"",""#text"":""%%1541, %%4416, %%4423, ""},{""@Name"":""AccessReason"",""#text"":""-""}]}}"
238,436970,2021-04-22 11:32:29.7304513,5145,LogAlways,Microsoft-Windows-Security-Auditing,Security,480,488,fs03vuln.offsec.lan,2,,Network share object access,OFFSEC\admmig,10.23.23.9:63564,Share: \\*\C$ (\??\C:\),Object: Windows\assembly\NativeImages_v4.0.30319_32\Microsoft.D0ff51f83#\b7a83293c2e4f23480fc3660b70099e6,AccessList: Unknown code (%%1541 | %%4416 | %%4423),AccessMask: Unknown code (0x100081),SID: S-1-5-21-4230534742-2542757381-3142984815-1111,,,False,EVTX-to-MITRE-Attack\TA0002-Execution\T1047-Windows Management Instrumentation\ID4688-5145-WMIexec execution via SMB.evtx,Audit success,0,"{""EventData"":{""Data"":[{""@Name"":""SubjectUserSid"",""#text"":""S-1-5-21-4230534742-2542757381-3142984815-1111""},{""@Name"":""SubjectUserName"",""#text"":""admmig""},{""@Name"":""SubjectDomainName"",""#text"":""OFFSEC""},{""@Name"":""SubjectLogonId"",""#text"":""0x18ACDD""},{""@Name"":""ObjectType"",""#text"":""File""},{""@Name"":""IpAddress"",""#text"":""10.23.23.9""},{""@Name"":""IpPort"",""#text"":""63564""},{""@Name"":""ShareName"",""#text"":""\\\\*\\C$""},{""@Name"":""ShareLocalPath"",""#text"":""\\??\\C:\\""},{""@Name"":""RelativeTargetName"",""#text"":""Windows\\assembly\\NativeImages_v4.0.30319_32\\Microsoft.D0ff51f83#\\b7a83293c2e4f23480fc3660b70099e6""},{""@Name"":""AccessMask"",""#text"":""0x100081""},{""@Name"":""AccessList"",""#text"":""%%1541, %%4416, %%4423, ""},{""@Name"":""AccessReason"",""#text"":""-""}]}}"
239,436971,2021-04-22 11:32:29.7304513,5145,LogAlways,Microsoft-Windows-Security-Auditing,Security,480,488,fs03vuln.offsec.lan,2,,Network share object access,OFFSEC\admmig,10.23.23.9:63566,Share: \\*\C$ (\??\C:\),Object: Windows\assembly\NativeImages_v4.0.30319_32\Microsoft.G46fcc235#,AccessList: Unknown code (%%1541 | %%4416 | %%4423),AccessMask: Unknown code (0x100081),SID: S-1-5-21-4230534742-2542757381-3142984815-1111,,,False,EVTX-to-MITRE-Attack\TA0002-Execution\T1047-Windows Management Instrumentation\ID4688-5145-WMIexec execution via SMB.evtx,Audit success,0,"{""EventData"":{""Data"":[{""@Name"":""SubjectUserSid"",""#text"":""S-1-5-21-4230534742-2542757381-3142984815-1111""},{""@Name"":""SubjectUserName"",""#text"":""admmig""},{""@Name"":""SubjectDomainName"",""#text"":""OFFSEC""},{""@Name"":""SubjectLogonId"",""#text"":""0x18ACDD""},{""@Name"":""ObjectType"",""#text"":""File""},{""@Name"":""IpAddress"",""#text"":""10.23.23.9""},{""@Name"":""IpPort"",""#text"":""63566""},{""@Name"":""ShareName"",""#text"":""\\\\*\\C$""},{""@Name"":""ShareLocalPath"",""#text"":""\\??\\C:\\""},{""@Name"":""RelativeTargetName"",""#text"":""Windows\\assembly\\NativeImages_v4.0.30319_32\\Microsoft.G46fcc235#""},{""@Name"":""AccessMask"",""#text"":""0x100081""},{""@Name"":""AccessList"",""#text"":""%%1541, %%4416, %%4423, ""},{""@Name"":""AccessReason"",""#text"":""-""}]}}"
240,436972,2021-04-22 11:32:29.7304513,5145,LogAlways,Microsoft-Windows-Security-Auditing,Security,480,488,fs03vuln.offsec.lan,2,,Network share object access,OFFSEC\admmig,10.23.23.9:63564,Share: \\*\C$ (\??\C:\),Object: Windows\assembly\NativeImages_v4.0.30319_32\Microsoft.G46fcc235#\f8fa567f21f9aef0ae471c625b59c159,AccessList: Unknown code (%%1541 | %%4416 | %%4423),AccessMask: Unknown code (0x100081),SID: S-1-5-21-4230534742-2542757381-3142984815-1111,,,False,EVTX-to-MITRE-Attack\TA0002-Execution\T1047-Windows Management Instrumentation\ID4688-5145-WMIexec execution via SMB.evtx,Audit success,0,"{""EventData"":{""Data"":[{""@Name"":""SubjectUserSid"",""#text"":""S-1-5-21-4230534742-2542757381-3142984815-1111""},{""@Name"":""SubjectUserName"",""#text"":""admmig""},{""@Name"":""SubjectDomainName"",""#text"":""OFFSEC""},{""@Name"":""SubjectLogonId"",""#text"":""0x18ACDD""},{""@Name"":""ObjectType"",""#text"":""File""},{""@Name"":""IpAddress"",""#text"":""10.23.23.9""},{""@Name"":""IpPort"",""#text"":""63564""},{""@Name"":""ShareName"",""#text"":""\\\\*\\C$""},{""@Name"":""ShareLocalPath"",""#text"":""\\??\\C:\\""},{""@Name"":""RelativeTargetName"",""#text"":""Windows\\assembly\\NativeImages_v4.0.30319_32\\Microsoft.G46fcc235#\\f8fa567f21f9aef0ae471c625b59c159""},{""@Name"":""AccessMask"",""#text"":""0x100081""},{""@Name"":""AccessList"",""#text"":""%%1541, %%4416, %%4423, ""},{""@Name"":""AccessReason"",""#text"":""-""}]}}"
241,436973,2021-04-22 11:32:29.7304513,5145,LogAlways,Microsoft-Windows-Security-Auditing,Security,480,488,fs03vuln.offsec.lan,2,,Network share object access,OFFSEC\admmig,10.23.23.9:63566,Share: \\*\C$ (\??\C:\),Object: Windows\assembly\NativeImages_v4.0.30319_32\Microsoft.G91a07420#,AccessList: Unknown code (%%1541 | %%4416 | %%4423),AccessMask: Unknown code (0x100081),SID: S-1-5-21-4230534742-2542757381-3142984815-1111,,,False,EVTX-to-MITRE-Attack\TA0002-Execution\T1047-Windows Management Instrumentation\ID4688-5145-WMIexec execution via SMB.evtx,Audit success,0,"{""EventData"":{""Data"":[{""@Name"":""SubjectUserSid"",""#text"":""S-1-5-21-4230534742-2542757381-3142984815-1111""},{""@Name"":""SubjectUserName"",""#text"":""admmig""},{""@Name"":""SubjectDomainName"",""#text"":""OFFSEC""},{""@Name"":""SubjectLogonId"",""#text"":""0x18ACDD""},{""@Name"":""ObjectType"",""#text"":""File""},{""@Name"":""IpAddress"",""#text"":""10.23.23.9""},{""@Name"":""IpPort"",""#text"":""63566""},{""@Name"":""ShareName"",""#text"":""\\\\*\\C$""},{""@Name"":""ShareLocalPath"",""#text"":""\\??\\C:\\""},{""@Name"":""RelativeTargetName"",""#text"":""Windows\\assembly\\NativeImages_v4.0.30319_32\\Microsoft.G91a07420#""},{""@Name"":""AccessMask"",""#text"":""0x100081""},{""@Name"":""AccessList"",""#text"":""%%1541, %%4416, %%4423, ""},{""@Name"":""AccessReason"",""#text"":""-""}]}}"
242,436974,2021-04-22 11:32:29.7304513,5145,LogAlways,Microsoft-Windows-Security-Auditing,Security,480,488,fs03vuln.offsec.lan,2,,Network share object access,OFFSEC\admmig,10.23.23.9:63564,Share: \\*\C$ (\??\C:\),Object: Windows\assembly\NativeImages_v4.0.30319_32\Microsoft.G91a07420#\5d1b6f60febb9cec91a92675a96ee63d,AccessList: Unknown code (%%1541 | %%4416 | %%4423),AccessMask: Unknown code (0x100081),SID: S-1-5-21-4230534742-2542757381-3142984815-1111,,,False,EVTX-to-MITRE-Attack\TA0002-Execution\T1047-Windows Management Instrumentation\ID4688-5145-WMIexec execution via SMB.evtx,Audit success,0,"{""EventData"":{""Data"":[{""@Name"":""SubjectUserSid"",""#text"":""S-1-5-21-4230534742-2542757381-3142984815-1111""},{""@Name"":""SubjectUserName"",""#text"":""admmig""},{""@Name"":""SubjectDomainName"",""#text"":""OFFSEC""},{""@Name"":""SubjectLogonId"",""#text"":""0x18ACDD""},{""@Name"":""ObjectType"",""#text"":""File""},{""@Name"":""IpAddress"",""#text"":""10.23.23.9""},{""@Name"":""IpPort"",""#text"":""63564""},{""@Name"":""ShareName"",""#text"":""\\\\*\\C$""},{""@Name"":""ShareLocalPath"",""#text"":""\\??\\C:\\""},{""@Name"":""RelativeTargetName"",""#text"":""Windows\\assembly\\NativeImages_v4.0.30319_32\\Microsoft.G91a07420#\\5d1b6f60febb9cec91a92675a96ee63d""},{""@Name"":""AccessMask"",""#text"":""0x100081""},{""@Name"":""AccessList"",""#text"":""%%1541, %%4416, %%4423, ""},{""@Name"":""AccessReason"",""#text"":""-""}]}}"
243,436975,2021-04-22 11:32:29.7460770,5145,LogAlways,Microsoft-Windows-Security-Auditing,Security,480,488,fs03vuln.offsec.lan,2,,Network share object access,OFFSEC\admmig,10.23.23.9:63566,Share: \\*\C$ (\??\C:\),Object: Windows\assembly\NativeImages_v4.0.30319_32\Microsoft.Ga41585c2#,AccessList: Unknown code (%%1541 | %%4416 | %%4423),AccessMask: Unknown code (0x100081),SID: S-1-5-21-4230534742-2542757381-3142984815-1111,,,False,EVTX-to-MITRE-Attack\TA0002-Execution\T1047-Windows Management Instrumentation\ID4688-5145-WMIexec execution via SMB.evtx,Audit success,0,"{""EventData"":{""Data"":[{""@Name"":""SubjectUserSid"",""#text"":""S-1-5-21-4230534742-2542757381-3142984815-1111""},{""@Name"":""SubjectUserName"",""#text"":""admmig""},{""@Name"":""SubjectDomainName"",""#text"":""OFFSEC""},{""@Name"":""SubjectLogonId"",""#text"":""0x18ACDD""},{""@Name"":""ObjectType"",""#text"":""File""},{""@Name"":""IpAddress"",""#text"":""10.23.23.9""},{""@Name"":""IpPort"",""#text"":""63566""},{""@Name"":""ShareName"",""#text"":""\\\\*\\C$""},{""@Name"":""ShareLocalPath"",""#text"":""\\??\\C:\\""},{""@Name"":""RelativeTargetName"",""#text"":""Windows\\assembly\\NativeImages_v4.0.30319_32\\Microsoft.Ga41585c2#""},{""@Name"":""AccessMask"",""#text"":""0x100081""},{""@Name"":""AccessList"",""#text"":""%%1541, %%4416, %%4423, ""},{""@Name"":""AccessReason"",""#text"":""-""}]}}"
244,436976,2021-04-22 11:32:29.7460770,5145,LogAlways,Microsoft-Windows-Security-Auditing,Security,480,488,fs03vuln.offsec.lan,2,,Network share object access,OFFSEC\admmig,10.23.23.9:63564,Share: \\*\C$ (\??\C:\),Object: Windows\assembly\NativeImages_v4.0.30319_32\Microsoft.Ga41585c2#\b101a91893057573f159893cb9c2f28d,AccessList: Unknown code (%%1541 | %%4416 | %%4423),AccessMask: Unknown code (0x100081),SID: S-1-5-21-4230534742-2542757381-3142984815-1111,,,False,EVTX-to-MITRE-Attack\TA0002-Execution\T1047-Windows Management Instrumentation\ID4688-5145-WMIexec execution via SMB.evtx,Audit success,0,"{""EventData"":{""Data"":[{""@Name"":""SubjectUserSid"",""#text"":""S-1-5-21-4230534742-2542757381-3142984815-1111""},{""@Name"":""SubjectUserName"",""#text"":""admmig""},{""@Name"":""SubjectDomainName"",""#text"":""OFFSEC""},{""@Name"":""SubjectLogonId"",""#text"":""0x18ACDD""},{""@Name"":""ObjectType"",""#text"":""File""},{""@Name"":""IpAddress"",""#text"":""10.23.23.9""},{""@Name"":""IpPort"",""#text"":""63564""},{""@Name"":""ShareName"",""#text"":""\\\\*\\C$""},{""@Name"":""ShareLocalPath"",""#text"":""\\??\\C:\\""},{""@Name"":""RelativeTargetName"",""#text"":""Windows\\assembly\\NativeImages_v4.0.30319_32\\Microsoft.Ga41585c2#\\b101a91893057573f159893cb9c2f28d""},{""@Name"":""AccessMask"",""#text"":""0x100081""},{""@Name"":""AccessList"",""#text"":""%%1541, %%4416, %%4423, ""},{""@Name"":""AccessReason"",""#text"":""-""}]}}"
245,436977,2021-04-22 11:32:29.7460770,5145,LogAlways,Microsoft-Windows-Security-Auditing,Security,480,488,fs03vuln.offsec.lan,2,,Network share object access,OFFSEC\admmig,10.23.23.9:63566,Share: \\*\C$ (\??\C:\),Object: Windows\assembly\NativeImages_v4.0.30319_32\Microsoft.I0cd65b90#,AccessList: Unknown code (%%1541 | %%4416 | %%4423),AccessMask: Unknown code (0x100081),SID: S-1-5-21-4230534742-2542757381-3142984815-1111,,,False,EVTX-to-MITRE-Attack\TA0002-Execution\T1047-Windows Management Instrumentation\ID4688-5145-WMIexec execution via SMB.evtx,Audit success,0,"{""EventData"":{""Data"":[{""@Name"":""SubjectUserSid"",""#text"":""S-1-5-21-4230534742-2542757381-3142984815-1111""},{""@Name"":""SubjectUserName"",""#text"":""admmig""},{""@Name"":""SubjectDomainName"",""#text"":""OFFSEC""},{""@Name"":""SubjectLogonId"",""#text"":""0x18ACDD""},{""@Name"":""ObjectType"",""#text"":""File""},{""@Name"":""IpAddress"",""#text"":""10.23.23.9""},{""@Name"":""IpPort"",""#text"":""63566""},{""@Name"":""ShareName"",""#text"":""\\\\*\\C$""},{""@Name"":""ShareLocalPath"",""#text"":""\\??\\C:\\""},{""@Name"":""RelativeTargetName"",""#text"":""Windows\\assembly\\NativeImages_v4.0.30319_32\\Microsoft.I0cd65b90#""},{""@Name"":""AccessMask"",""#text"":""0x100081""},{""@Name"":""AccessList"",""#text"":""%%1541, %%4416, %%4423, ""},{""@Name"":""AccessReason"",""#text"":""-""}]}}"
246,436978,2021-04-22 11:32:29.7460770,5145,LogAlways,Microsoft-Windows-Security-Auditing,Security,480,488,fs03vuln.offsec.lan,2,,Network share object access,OFFSEC\admmig,10.23.23.9:63564,Share: \\*\C$ (\??\C:\),Object: Windows\assembly\NativeImages_v4.0.30319_32\Microsoft.I0cd65b90#\e037edd0e9a4a487424cd2d4e3527c92,AccessList: Unknown code (%%1541 | %%4416 | %%4423),AccessMask: Unknown code (0x100081),SID: S-1-5-21-4230534742-2542757381-3142984815-1111,,,False,EVTX-to-MITRE-Attack\TA0002-Execution\T1047-Windows Management Instrumentation\ID4688-5145-WMIexec execution via SMB.evtx,Audit success,0,"{""EventData"":{""Data"":[{""@Name"":""SubjectUserSid"",""#text"":""S-1-5-21-4230534742-2542757381-3142984815-1111""},{""@Name"":""SubjectUserName"",""#text"":""admmig""},{""@Name"":""SubjectDomainName"",""#text"":""OFFSEC""},{""@Name"":""SubjectLogonId"",""#text"":""0x18ACDD""},{""@Name"":""ObjectType"",""#text"":""File""},{""@Name"":""IpAddress"",""#text"":""10.23.23.9""},{""@Name"":""IpPort"",""#text"":""63564""},{""@Name"":""ShareName"",""#text"":""\\\\*\\C$""},{""@Name"":""ShareLocalPath"",""#text"":""\\??\\C:\\""},{""@Name"":""RelativeTargetName"",""#text"":""Windows\\assembly\\NativeImages_v4.0.30319_32\\Microsoft.I0cd65b90#\\e037edd0e9a4a487424cd2d4e3527c92""},{""@Name"":""AccessMask"",""#text"":""0x100081""},{""@Name"":""AccessList"",""#text"":""%%1541, %%4416, %%4423, ""},{""@Name"":""AccessReason"",""#text"":""-""}]}}"
247,436979,2021-04-22 11:32:29.7641794,5145,LogAlways,Microsoft-Windows-Security-Auditing,Security,480,488,fs03vuln.offsec.lan,2,,Network share object access,OFFSEC\admmig,10.23.23.9:63566,Share: \\*\C$ (\??\C:\),Object: Windows\assembly\NativeImages_v4.0.30319_32\Microsoft.I7676db1a#,AccessList: Unknown code (%%1541 | %%4416 | %%4423),AccessMask: Unknown code (0x100081),SID: S-1-5-21-4230534742-2542757381-3142984815-1111,,,False,EVTX-to-MITRE-Attack\TA0002-Execution\T1047-Windows Management Instrumentation\ID4688-5145-WMIexec execution via SMB.evtx,Audit success,0,"{""EventData"":{""Data"":[{""@Name"":""SubjectUserSid"",""#text"":""S-1-5-21-4230534742-2542757381-3142984815-1111""},{""@Name"":""SubjectUserName"",""#text"":""admmig""},{""@Name"":""SubjectDomainName"",""#text"":""OFFSEC""},{""@Name"":""SubjectLogonId"",""#text"":""0x18ACDD""},{""@Name"":""ObjectType"",""#text"":""File""},{""@Name"":""IpAddress"",""#text"":""10.23.23.9""},{""@Name"":""IpPort"",""#text"":""63566""},{""@Name"":""ShareName"",""#text"":""\\\\*\\C$""},{""@Name"":""ShareLocalPath"",""#text"":""\\??\\C:\\""},{""@Name"":""RelativeTargetName"",""#text"":""Windows\\assembly\\NativeImages_v4.0.30319_32\\Microsoft.I7676db1a#""},{""@Name"":""AccessMask"",""#text"":""0x100081""},{""@Name"":""AccessList"",""#text"":""%%1541, %%4416, %%4423, ""},{""@Name"":""AccessReason"",""#text"":""-""}]}}"
248,436980,2021-04-22 11:32:29.7649698,5145,LogAlways,Microsoft-Windows-Security-Auditing,Security,480,488,fs03vuln.offsec.lan,2,,Network share object access,OFFSEC\admmig,10.23.23.9:63564,Share: \\*\C$ (\??\C:\),Object: Windows\assembly\NativeImages_v4.0.30319_32\Microsoft.I7676db1a#\aaf7a4161dcd6792ce570a810a0c53f6,AccessList: Unknown code (%%1541 | %%4416 | %%4423),AccessMask: Unknown code (0x100081),SID: S-1-5-21-4230534742-2542757381-3142984815-1111,,,False,EVTX-to-MITRE-Attack\TA0002-Execution\T1047-Windows Management Instrumentation\ID4688-5145-WMIexec execution via SMB.evtx,Audit success,0,"{""EventData"":{""Data"":[{""@Name"":""SubjectUserSid"",""#text"":""S-1-5-21-4230534742-2542757381-3142984815-1111""},{""@Name"":""SubjectUserName"",""#text"":""admmig""},{""@Name"":""SubjectDomainName"",""#text"":""OFFSEC""},{""@Name"":""SubjectLogonId"",""#text"":""0x18ACDD""},{""@Name"":""ObjectType"",""#text"":""File""},{""@Name"":""IpAddress"",""#text"":""10.23.23.9""},{""@Name"":""IpPort"",""#text"":""63564""},{""@Name"":""ShareName"",""#text"":""\\\\*\\C$""},{""@Name"":""ShareLocalPath"",""#text"":""\\??\\C:\\""},{""@Name"":""RelativeTargetName"",""#text"":""Windows\\assembly\\NativeImages_v4.0.30319_32\\Microsoft.I7676db1a#\\aaf7a4161dcd6792ce570a810a0c53f6""},{""@Name"":""AccessMask"",""#text"":""0x100081""},{""@Name"":""AccessList"",""#text"":""%%1541, %%4416, %%4423, ""},{""@Name"":""AccessReason"",""#text"":""-""}]}}"
249,436981,2021-04-22 11:32:29.7649698,5145,LogAlways,Microsoft-Windows-Security-Auditing,Security,480,488,fs03vuln.offsec.lan,2,,Network share object access,OFFSEC\admmig,10.23.23.9:63566,Share: \\*\C$ (\??\C:\),Object: Windows\assembly\NativeImages_v4.0.30319_32\Microsoft.Ib6702479#,AccessList: Unknown code (%%1541 | %%4416 | %%4423),AccessMask: Unknown code (0x100081),SID: S-1-5-21-4230534742-2542757381-3142984815-1111,,,False,EVTX-to-MITRE-Attack\TA0002-Execution\T1047-Windows Management Instrumentation\ID4688-5145-WMIexec execution via SMB.evtx,Audit success,0,"{""EventData"":{""Data"":[{""@Name"":""SubjectUserSid"",""#text"":""S-1-5-21-4230534742-2542757381-3142984815-1111""},{""@Name"":""SubjectUserName"",""#text"":""admmig""},{""@Name"":""SubjectDomainName"",""#text"":""OFFSEC""},{""@Name"":""SubjectLogonId"",""#text"":""0x18ACDD""},{""@Name"":""ObjectType"",""#text"":""File""},{""@Name"":""IpAddress"",""#text"":""10.23.23.9""},{""@Name"":""IpPort"",""#text"":""63566""},{""@Name"":""ShareName"",""#text"":""\\\\*\\C$""},{""@Name"":""ShareLocalPath"",""#text"":""\\??\\C:\\""},{""@Name"":""RelativeTargetName"",""#text"":""Windows\\assembly\\NativeImages_v4.0.30319_32\\Microsoft.Ib6702479#""},{""@Name"":""AccessMask"",""#text"":""0x100081""},{""@Name"":""AccessList"",""#text"":""%%1541, %%4416, %%4423, ""},{""@Name"":""AccessReason"",""#text"":""-""}]}}"
250,436982,2021-04-22 11:32:29.7649698,5145,LogAlways,Microsoft-Windows-Security-Auditing,Security,480,488,fs03vuln.offsec.lan,2,,Network share object access,OFFSEC\admmig,10.23.23.9:63564,Share: \\*\C$ (\??\C:\),Object: Windows\assembly\NativeImages_v4.0.30319_32\Microsoft.Ib6702479#\662c453241af44299325f4c07d7f718c,AccessList: Unknown code (%%1541 | %%4416 | %%4423),AccessMask: Unknown code (0x100081),SID: S-1-5-21-4230534742-2542757381-3142984815-1111,,,False,EVTX-to-MITRE-Attack\TA0002-Execution\T1047-Windows Management Instrumentation\ID4688-5145-WMIexec execution via SMB.evtx,Audit success,0,"{""EventData"":{""Data"":[{""@Name"":""SubjectUserSid"",""#text"":""S-1-5-21-4230534742-2542757381-3142984815-1111""},{""@Name"":""SubjectUserName"",""#text"":""admmig""},{""@Name"":""SubjectDomainName"",""#text"":""OFFSEC""},{""@Name"":""SubjectLogonId"",""#text"":""0x18ACDD""},{""@Name"":""ObjectType"",""#text"":""File""},{""@Name"":""IpAddress"",""#text"":""10.23.23.9""},{""@Name"":""IpPort"",""#text"":""63564""},{""@Name"":""ShareName"",""#text"":""\\\\*\\C$""},{""@Name"":""ShareLocalPath"",""#text"":""\\??\\C:\\""},{""@Name"":""RelativeTargetName"",""#text"":""Windows\\assembly\\NativeImages_v4.0.30319_32\\Microsoft.Ib6702479#\\662c453241af44299325f4c07d7f718c""},{""@Name"":""AccessMask"",""#text"":""0x100081""},{""@Name"":""AccessList"",""#text"":""%%1541, %%4416, %%4423, ""},{""@Name"":""AccessReason"",""#text"":""-""}]}}"
251,436983,2021-04-22 11:32:29.7649698,5145,LogAlways,Microsoft-Windows-Security-Auditing,Security,480,488,fs03vuln.offsec.lan,2,,Network share object access,OFFSEC\admmig,10.23.23.9:63566,Share: \\*\C$ (\??\C:\),Object: Windows\assembly\NativeImages_v4.0.30319_32\Microsoft.Ic1a2041b#,AccessList: Unknown code (%%1541 | %%4416 | %%4423),AccessMask: Unknown code (0x100081),SID: S-1-5-21-4230534742-2542757381-3142984815-1111,,,False,EVTX-to-MITRE-Attack\TA0002-Execution\T1047-Windows Management Instrumentation\ID4688-5145-WMIexec execution via SMB.evtx,Audit success,0,"{""EventData"":{""Data"":[{""@Name"":""SubjectUserSid"",""#text"":""S-1-5-21-4230534742-2542757381-3142984815-1111""},{""@Name"":""SubjectUserName"",""#text"":""admmig""},{""@Name"":""SubjectDomainName"",""#text"":""OFFSEC""},{""@Name"":""SubjectLogonId"",""#text"":""0x18ACDD""},{""@Name"":""ObjectType"",""#text"":""File""},{""@Name"":""IpAddress"",""#text"":""10.23.23.9""},{""@Name"":""IpPort"",""#text"":""63566""},{""@Name"":""ShareName"",""#text"":""\\\\*\\C$""},{""@Name"":""ShareLocalPath"",""#text"":""\\??\\C:\\""},{""@Name"":""RelativeTargetName"",""#text"":""Windows\\assembly\\NativeImages_v4.0.30319_32\\Microsoft.Ic1a2041b#""},{""@Name"":""AccessMask"",""#text"":""0x100081""},{""@Name"":""AccessList"",""#text"":""%%1541, %%4416, %%4423, ""},{""@Name"":""AccessReason"",""#text"":""-""}]}}"
252,436984,2021-04-22 11:32:29.7649698,5145,LogAlways,Microsoft-Windows-Security-Auditing,Security,480,488,fs03vuln.offsec.lan,2,,Network share object access,OFFSEC\admmig,10.23.23.9:63564,Share: \\*\C$ (\??\C:\),Object: Windows\assembly\NativeImages_v4.0.30319_32\Microsoft.Ic1a2041b#\154acb6c70e2dddd2c94bf0bc748b8b7,AccessList: Unknown code (%%1541 | %%4416 | %%4423),AccessMask: Unknown code (0x100081),SID: S-1-5-21-4230534742-2542757381-3142984815-1111,,,False,EVTX-to-MITRE-Attack\TA0002-Execution\T1047-Windows Management Instrumentation\ID4688-5145-WMIexec execution via SMB.evtx,Audit success,0,"{""EventData"":{""Data"":[{""@Name"":""SubjectUserSid"",""#text"":""S-1-5-21-4230534742-2542757381-3142984815-1111""},{""@Name"":""SubjectUserName"",""#text"":""admmig""},{""@Name"":""SubjectDomainName"",""#text"":""OFFSEC""},{""@Name"":""SubjectLogonId"",""#text"":""0x18ACDD""},{""@Name"":""ObjectType"",""#text"":""File""},{""@Name"":""IpAddress"",""#text"":""10.23.23.9""},{""@Name"":""IpPort"",""#text"":""63564""},{""@Name"":""ShareName"",""#text"":""\\\\*\\C$""},{""@Name"":""ShareLocalPath"",""#text"":""\\??\\C:\\""},{""@Name"":""RelativeTargetName"",""#text"":""Windows\\assembly\\NativeImages_v4.0.30319_32\\Microsoft.Ic1a2041b#\\154acb6c70e2dddd2c94bf0bc748b8b7""},{""@Name"":""AccessMask"",""#text"":""0x100081""},{""@Name"":""AccessList"",""#text"":""%%1541, %%4416, %%4423, ""},{""@Name"":""AccessReason"",""#text"":""-""}]}}"
253,436985,2021-04-22 11:32:29.7806099,5145,LogAlways,Microsoft-Windows-Security-Auditing,Security,480,488,fs03vuln.offsec.lan,2,,Network share object access,OFFSEC\admmig,10.23.23.9:63566,Share: \\*\C$ (\??\C:\),Object: Windows\assembly\NativeImages_v4.0.30319_32\Microsoft.Ifcaec084#,AccessList: Unknown code (%%1541 | %%4416 | %%4423),AccessMask: Unknown code (0x100081),SID: S-1-5-21-4230534742-2542757381-3142984815-1111,,,False,EVTX-to-MITRE-Attack\TA0002-Execution\T1047-Windows Management Instrumentation\ID4688-5145-WMIexec execution via SMB.evtx,Audit success,0,"{""EventData"":{""Data"":[{""@Name"":""SubjectUserSid"",""#text"":""S-1-5-21-4230534742-2542757381-3142984815-1111""},{""@Name"":""SubjectUserName"",""#text"":""admmig""},{""@Name"":""SubjectDomainName"",""#text"":""OFFSEC""},{""@Name"":""SubjectLogonId"",""#text"":""0x18ACDD""},{""@Name"":""ObjectType"",""#text"":""File""},{""@Name"":""IpAddress"",""#text"":""10.23.23.9""},{""@Name"":""IpPort"",""#text"":""63566""},{""@Name"":""ShareName"",""#text"":""\\\\*\\C$""},{""@Name"":""ShareLocalPath"",""#text"":""\\??\\C:\\""},{""@Name"":""RelativeTargetName"",""#text"":""Windows\\assembly\\NativeImages_v4.0.30319_32\\Microsoft.Ifcaec084#""},{""@Name"":""AccessMask"",""#text"":""0x100081""},{""@Name"":""AccessList"",""#text"":""%%1541, %%4416, %%4423, ""},{""@Name"":""AccessReason"",""#text"":""-""}]}}"
254,436986,2021-04-22 11:32:29.7806099,5145,LogAlways,Microsoft-Windows-Security-Auditing,Security,480,488,fs03vuln.offsec.lan,2,,Network share object access,OFFSEC\admmig,10.23.23.9:63564,Share: \\*\C$ (\??\C:\),Object: Windows\assembly\NativeImages_v4.0.30319_32\Microsoft.Ifcaec084#\9d9142f584dbdd4e6d4bd7fd6f877b66,AccessList: Unknown code (%%1541 | %%4416 | %%4423),AccessMask: Unknown code (0x100081),SID: S-1-5-21-4230534742-2542757381-3142984815-1111,,,False,EVTX-to-MITRE-Attack\TA0002-Execution\T1047-Windows Management Instrumentation\ID4688-5145-WMIexec execution via SMB.evtx,Audit success,0,"{""EventData"":{""Data"":[{""@Name"":""SubjectUserSid"",""#text"":""S-1-5-21-4230534742-2542757381-3142984815-1111""},{""@Name"":""SubjectUserName"",""#text"":""admmig""},{""@Name"":""SubjectDomainName"",""#text"":""OFFSEC""},{""@Name"":""SubjectLogonId"",""#text"":""0x18ACDD""},{""@Name"":""ObjectType"",""#text"":""File""},{""@Name"":""IpAddress"",""#text"":""10.23.23.9""},{""@Name"":""IpPort"",""#text"":""63564""},{""@Name"":""ShareName"",""#text"":""\\\\*\\C$""},{""@Name"":""ShareLocalPath"",""#text"":""\\??\\C:\\""},{""@Name"":""RelativeTargetName"",""#text"":""Windows\\assembly\\NativeImages_v4.0.30319_32\\Microsoft.Ifcaec084#\\9d9142f584dbdd4e6d4bd7fd6f877b66""},{""@Name"":""AccessMask"",""#text"":""0x100081""},{""@Name"":""AccessList"",""#text"":""%%1541, %%4416, %%4423, ""},{""@Name"":""AccessReason"",""#text"":""-""}]}}"
255,436987,2021-04-22 11:32:29.7806099,5145,LogAlways,Microsoft-Windows-Security-Auditing,Security,480,488,fs03vuln.offsec.lan,2,,Network share object access,OFFSEC\admmig,10.23.23.9:63566,Share: \\*\C$ (\??\C:\),Object: Windows\assembly\NativeImages_v4.0.30319_32\Microsoft.Kd58820a5#,AccessList: Unknown code (%%1541 | %%4416 | %%4423),AccessMask: Unknown code (0x100081),SID: S-1-5-21-4230534742-2542757381-3142984815-1111,,,False,EVTX-to-MITRE-Attack\TA0002-Execution\T1047-Windows Management Instrumentation\ID4688-5145-WMIexec execution via SMB.evtx,Audit success,0,"{""EventData"":{""Data"":[{""@Name"":""SubjectUserSid"",""#text"":""S-1-5-21-4230534742-2542757381-3142984815-1111""},{""@Name"":""SubjectUserName"",""#text"":""admmig""},{""@Name"":""SubjectDomainName"",""#text"":""OFFSEC""},{""@Name"":""SubjectLogonId"",""#text"":""0x18ACDD""},{""@Name"":""ObjectType"",""#text"":""File""},{""@Name"":""IpAddress"",""#text"":""10.23.23.9""},{""@Name"":""IpPort"",""#text"":""63566""},{""@Name"":""ShareName"",""#text"":""\\\\*\\C$""},{""@Name"":""ShareLocalPath"",""#text"":""\\??\\C:\\""},{""@Name"":""RelativeTargetName"",""#text"":""Windows\\assembly\\NativeImages_v4.0.30319_32\\Microsoft.Kd58820a5#""},{""@Name"":""AccessMask"",""#text"":""0x100081""},{""@Name"":""AccessList"",""#text"":""%%1541, %%4416, %%4423, ""},{""@Name"":""AccessReason"",""#text"":""-""}]}}"
256,436988,2021-04-22 11:32:29.7806099,5145,LogAlways,Microsoft-Windows-Security-Auditing,Security,480,488,fs03vuln.offsec.lan,2,,Network share object access,OFFSEC\admmig,10.23.23.9:63564,Share: \\*\C$ (\??\C:\),Object: Windows\assembly\NativeImages_v4.0.30319_32\Microsoft.Kd58820a5#\ba928c3b8a0cdac392162a6b572de29f,AccessList: Unknown code (%%1541 | %%4416 | %%4423),AccessMask: Unknown code (0x100081),SID: S-1-5-21-4230534742-2542757381-3142984815-1111,,,False,EVTX-to-MITRE-Attack\TA0002-Execution\T1047-Windows Management Instrumentation\ID4688-5145-WMIexec execution via SMB.evtx,Audit success,0,"{""EventData"":{""Data"":[{""@Name"":""SubjectUserSid"",""#text"":""S-1-5-21-4230534742-2542757381-3142984815-1111""},{""@Name"":""SubjectUserName"",""#text"":""admmig""},{""@Name"":""SubjectDomainName"",""#text"":""OFFSEC""},{""@Name"":""SubjectLogonId"",""#text"":""0x18ACDD""},{""@Name"":""ObjectType"",""#text"":""File""},{""@Name"":""IpAddress"",""#text"":""10.23.23.9""},{""@Name"":""IpPort"",""#text"":""63564""},{""@Name"":""ShareName"",""#text"":""\\\\*\\C$""},{""@Name"":""ShareLocalPath"",""#text"":""\\??\\C:\\""},{""@Name"":""RelativeTargetName"",""#text"":""Windows\\assembly\\NativeImages_v4.0.30319_32\\Microsoft.Kd58820a5#\\ba928c3b8a0cdac392162a6b572de29f""},{""@Name"":""AccessMask"",""#text"":""0x100081""},{""@Name"":""AccessList"",""#text"":""%%1541, %%4416, %%4423, ""},{""@Name"":""AccessReason"",""#text"":""-""}]}}"
257,436989,2021-04-22 11:32:29.7806099,5145,LogAlways,Microsoft-Windows-Security-Auditing,Security,480,488,fs03vuln.offsec.lan,2,,Network share object access,OFFSEC\admmig,10.23.23.9:63566,Share: \\*\C$ (\??\C:\),Object: Windows\assembly\NativeImages_v4.0.30319_32\Microsoft.M870d558a#,AccessList: Unknown code (%%1541 | %%4416 | %%4423),AccessMask: Unknown code (0x100081),SID: S-1-5-21-4230534742-2542757381-3142984815-1111,,,False,EVTX-to-MITRE-Attack\TA0002-Execution\T1047-Windows Management Instrumentation\ID4688-5145-WMIexec execution via SMB.evtx,Audit success,0,"{""EventData"":{""Data"":[{""@Name"":""SubjectUserSid"",""#text"":""S-1-5-21-4230534742-2542757381-3142984815-1111""},{""@Name"":""SubjectUserName"",""#text"":""admmig""},{""@Name"":""SubjectDomainName"",""#text"":""OFFSEC""},{""@Name"":""SubjectLogonId"",""#text"":""0x18ACDD""},{""@Name"":""ObjectType"",""#text"":""File""},{""@Name"":""IpAddress"",""#text"":""10.23.23.9""},{""@Name"":""IpPort"",""#text"":""63566""},{""@Name"":""ShareName"",""#text"":""\\\\*\\C$""},{""@Name"":""ShareLocalPath"",""#text"":""\\??\\C:\\""},{""@Name"":""RelativeTargetName"",""#text"":""Windows\\assembly\\NativeImages_v4.0.30319_32\\Microsoft.M870d558a#""},{""@Name"":""AccessMask"",""#text"":""0x100081""},{""@Name"":""AccessList"",""#text"":""%%1541, %%4416, %%4423, ""},{""@Name"":""AccessReason"",""#text"":""-""}]}}"
258,436990,2021-04-22 11:32:29.7806099,5145,LogAlways,Microsoft-Windows-Security-Auditing,Security,480,488,fs03vuln.offsec.lan,2,,Network share object access,OFFSEC\admmig,10.23.23.9:63564,Share: \\*\C$ (\??\C:\),Object: Windows\assembly\NativeImages_v4.0.30319_32\Microsoft.M870d558a#\1b67145a56e345e0d2e731357f498c1d,AccessList: Unknown code (%%1541 | %%4416 | %%4423),AccessMask: Unknown code (0x100081),SID: S-1-5-21-4230534742-2542757381-3142984815-1111,,,False,EVTX-to-MITRE-Attack\TA0002-Execution\T1047-Windows Management Instrumentation\ID4688-5145-WMIexec execution via SMB.evtx,Audit success,0,"{""EventData"":{""Data"":[{""@Name"":""SubjectUserSid"",""#text"":""S-1-5-21-4230534742-2542757381-3142984815-1111""},{""@Name"":""SubjectUserName"",""#text"":""admmig""},{""@Name"":""SubjectDomainName"",""#text"":""OFFSEC""},{""@Name"":""SubjectLogonId"",""#text"":""0x18ACDD""},{""@Name"":""ObjectType"",""#text"":""File""},{""@Name"":""IpAddress"",""#text"":""10.23.23.9""},{""@Name"":""IpPort"",""#text"":""63564""},{""@Name"":""ShareName"",""#text"":""\\\\*\\C$""},{""@Name"":""ShareLocalPath"",""#text"":""\\??\\C:\\""},{""@Name"":""RelativeTargetName"",""#text"":""Windows\\assembly\\NativeImages_v4.0.30319_32\\Microsoft.M870d558a#\\1b67145a56e345e0d2e731357f498c1d""},{""@Name"":""AccessMask"",""#text"":""0x100081""},{""@Name"":""AccessList"",""#text"":""%%1541, %%4416, %%4423, ""},{""@Name"":""AccessReason"",""#text"":""-""}]}}"
259,436991,2021-04-22 11:32:29.7806099,5145,LogAlways,Microsoft-Windows-Security-Auditing,Security,480,488,fs03vuln.offsec.lan,2,,Network share object access,OFFSEC\admmig,10.23.23.9:63566,Share: \\*\C$ (\??\C:\),Object: Windows\assembly\NativeImages_v4.0.30319_32\Microsoft.Meefd589e#,AccessList: Unknown code (%%1541 | %%4416 | %%4423),AccessMask: Unknown code (0x100081),SID: S-1-5-21-4230534742-2542757381-3142984815-1111,,,False,EVTX-to-MITRE-Attack\TA0002-Execution\T1047-Windows Management Instrumentation\ID4688-5145-WMIexec execution via SMB.evtx,Audit success,0,"{""EventData"":{""Data"":[{""@Name"":""SubjectUserSid"",""#text"":""S-1-5-21-4230534742-2542757381-3142984815-1111""},{""@Name"":""SubjectUserName"",""#text"":""admmig""},{""@Name"":""SubjectDomainName"",""#text"":""OFFSEC""},{""@Name"":""SubjectLogonId"",""#text"":""0x18ACDD""},{""@Name"":""ObjectType"",""#text"":""File""},{""@Name"":""IpAddress"",""#text"":""10.23.23.9""},{""@Name"":""IpPort"",""#text"":""63566""},{""@Name"":""ShareName"",""#text"":""\\\\*\\C$""},{""@Name"":""ShareLocalPath"",""#text"":""\\??\\C:\\""},{""@Name"":""RelativeTargetName"",""#text"":""Windows\\assembly\\NativeImages_v4.0.30319_32\\Microsoft.Meefd589e#""},{""@Name"":""AccessMask"",""#text"":""0x100081""},{""@Name"":""AccessList"",""#text"":""%%1541, %%4416, %%4423, ""},{""@Name"":""AccessReason"",""#text"":""-""}]}}"
