470,437202,2021-04-22 11:32:30.4110508,5145,LogAlways,Microsoft-Windows-Security-Auditing,Security,480,488,fs03vuln.offsec.lan,5,,Network share object access,OFFSEC\admmig,10.23.23.9:63566,Share: \\*\C$ (\??\C:\),Object: Windows\assembly\NativeImages_v4.0.30319_32\SMDiagnostics\352d34797f7cd44cd0973c33539200f1,AccessList: Unknown code (%%1541 | %%4416 | %%4423),AccessMask: Unknown code (0x100081),SID: S-1-5-21-4230534742-2542757381-3142984815-1111,,,False,EVTX-to-MITRE-Attack\TA0002-Execution\T1047-Windows Management Instrumentation\ID4688-5145-WMIexec execution via SMB.evtx,Audit success,0,"{""EventData"":{""Data"":[{""@Name"":""SubjectUserSid"",""#text"":""S-1-5-21-4230534742-2542757381-3142984815-1111""},{""@Name"":""SubjectUserName"",""#text"":""admmig""},{""@Name"":""SubjectDomainName"",""#text"":""OFFSEC""},{""@Name"":""SubjectLogonId"",""#text"":""0x18ACDD""},{""@Name"":""ObjectType"",""#text"":""File""},{""@Name"":""IpAddress"",""#text"":""10.23.23.9""},{""@Name"":""IpPort"",""#text"":""63566""},{""@Name"":""ShareName"",""#text"":""\\\\*\\C$""},{""@Name"":""ShareLocalPath"",""#text"":""\\??\\C:\\""},{""@Name"":""RelativeTargetName"",""#text"":""Windows\\assembly\\NativeImages_v4.0.30319_32\\SMDiagnostics\\352d34797f7cd44cd0973c33539200f1""},{""@Name"":""AccessMask"",""#text"":""0x100081""},{""@Name"":""AccessList"",""#text"":""%%1541, %%4416, %%4423, ""},{""@Name"":""AccessReason"",""#text"":""-""}]}}"
471,437203,2021-04-22 11:32:30.4110508,5145,LogAlways,Microsoft-Windows-Security-Auditing,Security,480,488,fs03vuln.offsec.lan,5,,Network share object access,OFFSEC\admmig,10.23.23.9:63564,Share: \\*\C$ (\??\C:\),Object: Windows\assembly\NativeImages_v4.0.30319_32\SMSvcHost,AccessList: Unknown code (%%1541 | %%4416 | %%4423),AccessMask: Unknown code (0x100081),SID: S-1-5-21-4230534742-2542757381-3142984815-1111,,,False,EVTX-to-MITRE-Attack\TA0002-Execution\T1047-Windows Management Instrumentation\ID4688-5145-WMIexec execution via SMB.evtx,Audit success,0,"{""EventData"":{""Data"":[{""@Name"":""SubjectUserSid"",""#text"":""S-1-5-21-4230534742-2542757381-3142984815-1111""},{""@Name"":""SubjectUserName"",""#text"":""admmig""},{""@Name"":""SubjectDomainName"",""#text"":""OFFSEC""},{""@Name"":""SubjectLogonId"",""#text"":""0x18ACDD""},{""@Name"":""ObjectType"",""#text"":""File""},{""@Name"":""IpAddress"",""#text"":""10.23.23.9""},{""@Name"":""IpPort"",""#text"":""63564""},{""@Name"":""ShareName"",""#text"":""\\\\*\\C$""},{""@Name"":""ShareLocalPath"",""#text"":""\\??\\C:\\""},{""@Name"":""RelativeTargetName"",""#text"":""Windows\\assembly\\NativeImages_v4.0.30319_32\\SMSvcHost""},{""@Name"":""AccessMask"",""#text"":""0x100081""},{""@Name"":""AccessList"",""#text"":""%%1541, %%4416, %%4423, ""},{""@Name"":""AccessReason"",""#text"":""-""}]}}"
472,437204,2021-04-22 11:32:30.4110508,5145,LogAlways,Microsoft-Windows-Security-Auditing,Security,480,488,fs03vuln.offsec.lan,5,,Network share object access,OFFSEC\admmig,10.23.23.9:63566,Share: \\*\C$ (\??\C:\),Object: Windows\assembly\NativeImages_v4.0.30319_32\SMSvcHost\a4c49e23c0c23b5db4c663738eac897e,AccessList: Unknown code (%%1541 | %%4416 | %%4423),AccessMask: Unknown code (0x100081),SID: S-1-5-21-4230534742-2542757381-3142984815-1111,,,False,EVTX-to-MITRE-Attack\TA0002-Execution\T1047-Windows Management Instrumentation\ID4688-5145-WMIexec execution via SMB.evtx,Audit success,0,"{""EventData"":{""Data"":[{""@Name"":""SubjectUserSid"",""#text"":""S-1-5-21-4230534742-2542757381-3142984815-1111""},{""@Name"":""SubjectUserName"",""#text"":""admmig""},{""@Name"":""SubjectDomainName"",""#text"":""OFFSEC""},{""@Name"":""SubjectLogonId"",""#text"":""0x18ACDD""},{""@Name"":""ObjectType"",""#text"":""File""},{""@Name"":""IpAddress"",""#text"":""10.23.23.9""},{""@Name"":""IpPort"",""#text"":""63566""},{""@Name"":""ShareName"",""#text"":""\\\\*\\C$""},{""@Name"":""ShareLocalPath"",""#text"":""\\??\\C:\\""},{""@Name"":""RelativeTargetName"",""#text"":""Windows\\assembly\\NativeImages_v4.0.30319_32\\SMSvcHost\\a4c49e23c0c23b5db4c663738eac897e""},{""@Name"":""AccessMask"",""#text"":""0x100081""},{""@Name"":""AccessList"",""#text"":""%%1541, %%4416, %%4423, ""},{""@Name"":""AccessReason"",""#text"":""-""}]}}"
473,437205,2021-04-22 11:32:30.4110508,5145,LogAlways,Microsoft-Windows-Security-Auditing,Security,480,488,fs03vuln.offsec.lan,5,,Network share object access,OFFSEC\admmig,10.23.23.9:63564,Share: \\*\C$ (\??\C:\),Object: Windows\assembly\NativeImages_v4.0.30319_32\SrpUxSnapIn,AccessList: Unknown code (%%1541 | %%4416 | %%4423),AccessMask: Unknown code (0x100081),SID: S-1-5-21-4230534742-2542757381-3142984815-1111,,,False,EVTX-to-MITRE-Attack\TA0002-Execution\T1047-Windows Management Instrumentation\ID4688-5145-WMIexec execution via SMB.evtx,Audit success,0,"{""EventData"":{""Data"":[{""@Name"":""SubjectUserSid"",""#text"":""S-1-5-21-4230534742-2542757381-3142984815-1111""},{""@Name"":""SubjectUserName"",""#text"":""admmig""},{""@Name"":""SubjectDomainName"",""#text"":""OFFSEC""},{""@Name"":""SubjectLogonId"",""#text"":""0x18ACDD""},{""@Name"":""ObjectType"",""#text"":""File""},{""@Name"":""IpAddress"",""#text"":""10.23.23.9""},{""@Name"":""IpPort"",""#text"":""63564""},{""@Name"":""ShareName"",""#text"":""\\\\*\\C$""},{""@Name"":""ShareLocalPath"",""#text"":""\\??\\C:\\""},{""@Name"":""RelativeTargetName"",""#text"":""Windows\\assembly\\NativeImages_v4.0.30319_32\\SrpUxSnapIn""},{""@Name"":""AccessMask"",""#text"":""0x100081""},{""@Name"":""AccessList"",""#text"":""%%1541, %%4416, %%4423, ""},{""@Name"":""AccessReason"",""#text"":""-""}]}}"
474,437206,2021-04-22 11:32:30.4110508,5145,LogAlways,Microsoft-Windows-Security-Auditing,Security,480,488,fs03vuln.offsec.lan,5,,Network share object access,OFFSEC\admmig,10.23.23.9:63566,Share: \\*\C$ (\??\C:\),Object: Windows\assembly\NativeImages_v4.0.30319_32\SrpUxSnapIn\d82382933ba69165a4398eba2fb6c0b2,AccessList: Unknown code (%%1541 | %%4416 | %%4423),AccessMask: Unknown code (0x100081),SID: S-1-5-21-4230534742-2542757381-3142984815-1111,,,False,EVTX-to-MITRE-Attack\TA0002-Execution\T1047-Windows Management Instrumentation\ID4688-5145-WMIexec execution via SMB.evtx,Audit success,0,"{""EventData"":{""Data"":[{""@Name"":""SubjectUserSid"",""#text"":""S-1-5-21-4230534742-2542757381-3142984815-1111""},{""@Name"":""SubjectUserName"",""#text"":""admmig""},{""@Name"":""SubjectDomainName"",""#text"":""OFFSEC""},{""@Name"":""SubjectLogonId"",""#text"":""0x18ACDD""},{""@Name"":""ObjectType"",""#text"":""File""},{""@Name"":""IpAddress"",""#text"":""10.23.23.9""},{""@Name"":""IpPort"",""#text"":""63566""},{""@Name"":""ShareName"",""#text"":""\\\\*\\C$""},{""@Name"":""ShareLocalPath"",""#text"":""\\??\\C:\\""},{""@Name"":""RelativeTargetName"",""#text"":""Windows\\assembly\\NativeImages_v4.0.30319_32\\SrpUxSnapIn\\d82382933ba69165a4398eba2fb6c0b2""},{""@Name"":""AccessMask"",""#text"":""0x100081""},{""@Name"":""AccessList"",""#text"":""%%1541, %%4416, %%4423, ""},{""@Name"":""AccessReason"",""#text"":""-""}]}}"
475,437207,2021-04-22 11:32:30.4110508,5145,LogAlways,Microsoft-Windows-Security-Auditing,Security,480,488,fs03vuln.offsec.lan,5,,Network share object access,OFFSEC\admmig,10.23.23.9:63564,Share: \\*\C$ (\??\C:\),Object: Windows\assembly\NativeImages_v4.0.30319_32\System,AccessList: Unknown code (%%1541 | %%4416 | %%4423),AccessMask: Unknown code (0x100081),SID: S-1-5-21-4230534742-2542757381-3142984815-1111,,,False,EVTX-to-MITRE-Attack\TA0002-Execution\T1047-Windows Management Instrumentation\ID4688-5145-WMIexec execution via SMB.evtx,Audit success,0,"{""EventData"":{""Data"":[{""@Name"":""SubjectUserSid"",""#text"":""S-1-5-21-4230534742-2542757381-3142984815-1111""},{""@Name"":""SubjectUserName"",""#text"":""admmig""},{""@Name"":""SubjectDomainName"",""#text"":""OFFSEC""},{""@Name"":""SubjectLogonId"",""#text"":""0x18ACDD""},{""@Name"":""ObjectType"",""#text"":""File""},{""@Name"":""IpAddress"",""#text"":""10.23.23.9""},{""@Name"":""IpPort"",""#text"":""63564""},{""@Name"":""ShareName"",""#text"":""\\\\*\\C$""},{""@Name"":""ShareLocalPath"",""#text"":""\\??\\C:\\""},{""@Name"":""RelativeTargetName"",""#text"":""Windows\\assembly\\NativeImages_v4.0.30319_32\\System""},{""@Name"":""AccessMask"",""#text"":""0x100081""},{""@Name"":""AccessList"",""#text"":""%%1541, %%4416, %%4423, ""},{""@Name"":""AccessReason"",""#text"":""-""}]}}"
476,437208,2021-04-22 11:32:30.4266752,5145,LogAlways,Microsoft-Windows-Security-Auditing,Security,480,488,fs03vuln.offsec.lan,5,,Network share object access,OFFSEC\admmig,10.23.23.9:63566,Share: \\*\C$ (\??\C:\),Object: Windows\assembly\NativeImages_v4.0.30319_32\System\c24d08cc4e93fc4f6f15a637b00a2721,AccessList: Unknown code (%%1541 | %%4416 | %%4423),AccessMask: Unknown code (0x100081),SID: S-1-5-21-4230534742-2542757381-3142984815-1111,,,False,EVTX-to-MITRE-Attack\TA0002-Execution\T1047-Windows Management Instrumentation\ID4688-5145-WMIexec execution via SMB.evtx,Audit success,0,"{""EventData"":{""Data"":[{""@Name"":""SubjectUserSid"",""#text"":""S-1-5-21-4230534742-2542757381-3142984815-1111""},{""@Name"":""SubjectUserName"",""#text"":""admmig""},{""@Name"":""SubjectDomainName"",""#text"":""OFFSEC""},{""@Name"":""SubjectLogonId"",""#text"":""0x18ACDD""},{""@Name"":""ObjectType"",""#text"":""File""},{""@Name"":""IpAddress"",""#text"":""10.23.23.9""},{""@Name"":""IpPort"",""#text"":""63566""},{""@Name"":""ShareName"",""#text"":""\\\\*\\C$""},{""@Name"":""ShareLocalPath"",""#text"":""\\??\\C:\\""},{""@Name"":""RelativeTargetName"",""#text"":""Windows\\assembly\\NativeImages_v4.0.30319_32\\System\\c24d08cc4e93fc4f6f15a637b00a2721""},{""@Name"":""AccessMask"",""#text"":""0x100081""},{""@Name"":""AccessList"",""#text"":""%%1541, %%4416, %%4423, ""},{""@Name"":""AccessReason"",""#text"":""-""}]}}"
477,437209,2021-04-22 11:32:30.4266752,5145,LogAlways,Microsoft-Windows-Security-Auditing,Security,480,488,fs03vuln.offsec.lan,5,,Network share object access,OFFSEC\admmig,10.23.23.9:63564,Share: \\*\C$ (\??\C:\),Object: Windows\assembly\NativeImages_v4.0.30319_32\System.Acti31fd6628#,AccessList: Unknown code (%%1541 | %%4416 | %%4423),AccessMask: Unknown code (0x100081),SID: S-1-5-21-4230534742-2542757381-3142984815-1111,,,False,EVTX-to-MITRE-Attack\TA0002-Execution\T1047-Windows Management Instrumentation\ID4688-5145-WMIexec execution via SMB.evtx,Audit success,0,"{""EventData"":{""Data"":[{""@Name"":""SubjectUserSid"",""#text"":""S-1-5-21-4230534742-2542757381-3142984815-1111""},{""@Name"":""SubjectUserName"",""#text"":""admmig""},{""@Name"":""SubjectDomainName"",""#text"":""OFFSEC""},{""@Name"":""SubjectLogonId"",""#text"":""0x18ACDD""},{""@Name"":""ObjectType"",""#text"":""File""},{""@Name"":""IpAddress"",""#text"":""10.23.23.9""},{""@Name"":""IpPort"",""#text"":""63564""},{""@Name"":""ShareName"",""#text"":""\\\\*\\C$""},{""@Name"":""ShareLocalPath"",""#text"":""\\??\\C:\\""},{""@Name"":""RelativeTargetName"",""#text"":""Windows\\assembly\\NativeImages_v4.0.30319_32\\System.Acti31fd6628#""},{""@Name"":""AccessMask"",""#text"":""0x100081""},{""@Name"":""AccessList"",""#text"":""%%1541, %%4416, %%4423, ""},{""@Name"":""AccessReason"",""#text"":""-""}]}}"
478,437210,2021-04-22 11:32:30.4266752,5145,LogAlways,Microsoft-Windows-Security-Auditing,Security,480,488,fs03vuln.offsec.lan,5,,Network share object access,OFFSEC\admmig,10.23.23.9:63566,Share: \\*\C$ (\??\C:\),Object: Windows\assembly\NativeImages_v4.0.30319_32\System.Acti31fd6628#\1a6ec0d19dfcc35f62014ff3602e6a54,AccessList: Unknown code (%%1541 | %%4416 | %%4423),AccessMask: Unknown code (0x100081),SID: S-1-5-21-4230534742-2542757381-3142984815-1111,,,False,EVTX-to-MITRE-Attack\TA0002-Execution\T1047-Windows Management Instrumentation\ID4688-5145-WMIexec execution via SMB.evtx,Audit success,0,"{""EventData"":{""Data"":[{""@Name"":""SubjectUserSid"",""#text"":""S-1-5-21-4230534742-2542757381-3142984815-1111""},{""@Name"":""SubjectUserName"",""#text"":""admmig""},{""@Name"":""SubjectDomainName"",""#text"":""OFFSEC""},{""@Name"":""SubjectLogonId"",""#text"":""0x18ACDD""},{""@Name"":""ObjectType"",""#text"":""File""},{""@Name"":""IpAddress"",""#text"":""10.23.23.9""},{""@Name"":""IpPort"",""#text"":""63566""},{""@Name"":""ShareName"",""#text"":""\\\\*\\C$""},{""@Name"":""ShareLocalPath"",""#text"":""\\??\\C:\\""},{""@Name"":""RelativeTargetName"",""#text"":""Windows\\assembly\\NativeImages_v4.0.30319_32\\System.Acti31fd6628#\\1a6ec0d19dfcc35f62014ff3602e6a54""},{""@Name"":""AccessMask"",""#text"":""0x100081""},{""@Name"":""AccessList"",""#text"":""%%1541, %%4416, %%4423, ""},{""@Name"":""AccessReason"",""#text"":""-""}]}}"
479,437211,2021-04-22 11:32:30.4430618,5145,LogAlways,Microsoft-Windows-Security-Auditing,Security,480,488,fs03vuln.offsec.lan,5,,Network share object access,OFFSEC\admmig,10.23.23.9:63564,Share: \\*\C$ (\??\C:\),Object: Windows\assembly\NativeImages_v4.0.30319_32\System.Acti2661942e#,AccessList: Unknown code (%%1541 | %%4416 | %%4423),AccessMask: Unknown code (0x100081),SID: S-1-5-21-4230534742-2542757381-3142984815-1111,,,False,EVTX-to-MITRE-Attack\TA0002-Execution\T1047-Windows Management Instrumentation\ID4688-5145-WMIexec execution via SMB.evtx,Audit success,0,"{""EventData"":{""Data"":[{""@Name"":""SubjectUserSid"",""#text"":""S-1-5-21-4230534742-2542757381-3142984815-1111""},{""@Name"":""SubjectUserName"",""#text"":""admmig""},{""@Name"":""SubjectDomainName"",""#text"":""OFFSEC""},{""@Name"":""SubjectLogonId"",""#text"":""0x18ACDD""},{""@Name"":""ObjectType"",""#text"":""File""},{""@Name"":""IpAddress"",""#text"":""10.23.23.9""},{""@Name"":""IpPort"",""#text"":""63564""},{""@Name"":""ShareName"",""#text"":""\\\\*\\C$""},{""@Name"":""ShareLocalPath"",""#text"":""\\??\\C:\\""},{""@Name"":""RelativeTargetName"",""#text"":""Windows\\assembly\\NativeImages_v4.0.30319_32\\System.Acti2661942e#""},{""@Name"":""AccessMask"",""#text"":""0x100081""},{""@Name"":""AccessList"",""#text"":""%%1541, %%4416, %%4423, ""},{""@Name"":""AccessReason"",""#text"":""-""}]}}"
480,437212,2021-04-22 11:32:30.4430618,5145,LogAlways,Microsoft-Windows-Security-Auditing,Security,480,488,fs03vuln.offsec.lan,5,,Network share object access,OFFSEC\admmig,10.23.23.9:63566,Share: \\*\C$ (\??\C:\),Object: Windows\assembly\NativeImages_v4.0.30319_32\System.Acti2661942e#\86d8003fea61ae88dd34584f08a9393c,AccessList: Unknown code (%%1541 | %%4416 | %%4423),AccessMask: Unknown code (0x100081),SID: S-1-5-21-4230534742-2542757381-3142984815-1111,,,False,EVTX-to-MITRE-Attack\TA0002-Execution\T1047-Windows Management Instrumentation\ID4688-5145-WMIexec execution via SMB.evtx,Audit success,0,"{""EventData"":{""Data"":[{""@Name"":""SubjectUserSid"",""#text"":""S-1-5-21-4230534742-2542757381-3142984815-1111""},{""@Name"":""SubjectUserName"",""#text"":""admmig""},{""@Name"":""SubjectDomainName"",""#text"":""OFFSEC""},{""@Name"":""SubjectLogonId"",""#text"":""0x18ACDD""},{""@Name"":""ObjectType"",""#text"":""File""},{""@Name"":""IpAddress"",""#text"":""10.23.23.9""},{""@Name"":""IpPort"",""#text"":""63566""},{""@Name"":""ShareName"",""#text"":""\\\\*\\C$""},{""@Name"":""ShareLocalPath"",""#text"":""\\??\\C:\\""},{""@Name"":""RelativeTargetName"",""#text"":""Windows\\assembly\\NativeImages_v4.0.30319_32\\System.Acti2661942e#\\86d8003fea61ae88dd34584f08a9393c""},{""@Name"":""AccessMask"",""#text"":""0x100081""},{""@Name"":""AccessList"",""#text"":""%%1541, %%4416, %%4423, ""},{""@Name"":""AccessReason"",""#text"":""-""}]}}"
481,437213,2021-04-22 11:32:30.4430618,5145,LogAlways,Microsoft-Windows-Security-Auditing,Security,480,488,fs03vuln.offsec.lan,5,,Network share object access,OFFSEC\admmig,10.23.23.9:63564,Share: \\*\C$ (\??\C:\),Object: Windows\assembly\NativeImages_v4.0.30319_32\System.Actif3565cbd#,AccessList: Unknown code (%%1541 | %%4416 | %%4423),AccessMask: Unknown code (0x100081),SID: S-1-5-21-4230534742-2542757381-3142984815-1111,,,False,EVTX-to-MITRE-Attack\TA0002-Execution\T1047-Windows Management Instrumentation\ID4688-5145-WMIexec execution via SMB.evtx,Audit success,0,"{""EventData"":{""Data"":[{""@Name"":""SubjectUserSid"",""#text"":""S-1-5-21-4230534742-2542757381-3142984815-1111""},{""@Name"":""SubjectUserName"",""#text"":""admmig""},{""@Name"":""SubjectDomainName"",""#text"":""OFFSEC""},{""@Name"":""SubjectLogonId"",""#text"":""0x18ACDD""},{""@Name"":""ObjectType"",""#text"":""File""},{""@Name"":""IpAddress"",""#text"":""10.23.23.9""},{""@Name"":""IpPort"",""#text"":""63564""},{""@Name"":""ShareName"",""#text"":""\\\\*\\C$""},{""@Name"":""ShareLocalPath"",""#text"":""\\??\\C:\\""},{""@Name"":""RelativeTargetName"",""#text"":""Windows\\assembly\\NativeImages_v4.0.30319_32\\System.Actif3565cbd#""},{""@Name"":""AccessMask"",""#text"":""0x100081""},{""@Name"":""AccessList"",""#text"":""%%1541, %%4416, %%4423, ""},{""@Name"":""AccessReason"",""#text"":""-""}]}}"
482,437214,2021-04-22 11:32:30.4430618,5145,LogAlways,Microsoft-Windows-Security-Auditing,Security,480,488,fs03vuln.offsec.lan,5,,Network share object access,OFFSEC\admmig,10.23.23.9:63566,Share: \\*\C$ (\??\C:\),Object: Windows\assembly\NativeImages_v4.0.30319_32\System.Actif3565cbd#\a6af57d6c4eee4a8e0165604baa15b61,AccessList: Unknown code (%%1541 | %%4416 | %%4423),AccessMask: Unknown code (0x100081),SID: S-1-5-21-4230534742-2542757381-3142984815-1111,,,False,EVTX-to-MITRE-Attack\TA0002-Execution\T1047-Windows Management Instrumentation\ID4688-5145-WMIexec execution via SMB.evtx,Audit success,0,"{""EventData"":{""Data"":[{""@Name"":""SubjectUserSid"",""#text"":""S-1-5-21-4230534742-2542757381-3142984815-1111""},{""@Name"":""SubjectUserName"",""#text"":""admmig""},{""@Name"":""SubjectDomainName"",""#text"":""OFFSEC""},{""@Name"":""SubjectLogonId"",""#text"":""0x18ACDD""},{""@Name"":""ObjectType"",""#text"":""File""},{""@Name"":""IpAddress"",""#text"":""10.23.23.9""},{""@Name"":""IpPort"",""#text"":""63566""},{""@Name"":""ShareName"",""#text"":""\\\\*\\C$""},{""@Name"":""ShareLocalPath"",""#text"":""\\??\\C:\\""},{""@Name"":""RelativeTargetName"",""#text"":""Windows\\assembly\\NativeImages_v4.0.30319_32\\System.Actif3565cbd#\\a6af57d6c4eee4a8e0165604baa15b61""},{""@Name"":""AccessMask"",""#text"":""0x100081""},{""@Name"":""AccessList"",""#text"":""%%1541, %%4416, %%4423, ""},{""@Name"":""AccessReason"",""#text"":""-""}]}}"
483,437215,2021-04-22 11:32:30.4430618,5145,LogAlways,Microsoft-Windows-Security-Auditing,Security,480,488,fs03vuln.offsec.lan,5,,Network share object access,OFFSEC\admmig,10.23.23.9:63564,Share: \\*\C$ (\??\C:\),Object: Windows\assembly\NativeImages_v4.0.30319_32\System.Activities,AccessList: Unknown code (%%1541 | %%4416 | %%4423),AccessMask: Unknown code (0x100081),SID: S-1-5-21-4230534742-2542757381-3142984815-1111,,,False,EVTX-to-MITRE-Attack\TA0002-Execution\T1047-Windows Management Instrumentation\ID4688-5145-WMIexec execution via SMB.evtx,Audit success,0,"{""EventData"":{""Data"":[{""@Name"":""SubjectUserSid"",""#text"":""S-1-5-21-4230534742-2542757381-3142984815-1111""},{""@Name"":""SubjectUserName"",""#text"":""admmig""},{""@Name"":""SubjectDomainName"",""#text"":""OFFSEC""},{""@Name"":""SubjectLogonId"",""#text"":""0x18ACDD""},{""@Name"":""ObjectType"",""#text"":""File""},{""@Name"":""IpAddress"",""#text"":""10.23.23.9""},{""@Name"":""IpPort"",""#text"":""63564""},{""@Name"":""ShareName"",""#text"":""\\\\*\\C$""},{""@Name"":""ShareLocalPath"",""#text"":""\\??\\C:\\""},{""@Name"":""RelativeTargetName"",""#text"":""Windows\\assembly\\NativeImages_v4.0.30319_32\\System.Activities""},{""@Name"":""AccessMask"",""#text"":""0x100081""},{""@Name"":""AccessList"",""#text"":""%%1541, %%4416, %%4423, ""},{""@Name"":""AccessReason"",""#text"":""-""}]}}"
484,437216,2021-04-22 11:32:30.4430618,5145,LogAlways,Microsoft-Windows-Security-Auditing,Security,480,488,fs03vuln.offsec.lan,5,,Network share object access,OFFSEC\admmig,10.23.23.9:63566,Share: \\*\C$ (\??\C:\),Object: Windows\assembly\NativeImages_v4.0.30319_32\System.Activities\16738205fa35676f5eda6d7d70169936,AccessList: Unknown code (%%1541 | %%4416 | %%4423),AccessMask: Unknown code (0x100081),SID: S-1-5-21-4230534742-2542757381-3142984815-1111,,,False,EVTX-to-MITRE-Attack\TA0002-Execution\T1047-Windows Management Instrumentation\ID4688-5145-WMIexec execution via SMB.evtx,Audit success,0,"{""EventData"":{""Data"":[{""@Name"":""SubjectUserSid"",""#text"":""S-1-5-21-4230534742-2542757381-3142984815-1111""},{""@Name"":""SubjectUserName"",""#text"":""admmig""},{""@Name"":""SubjectDomainName"",""#text"":""OFFSEC""},{""@Name"":""SubjectLogonId"",""#text"":""0x18ACDD""},{""@Name"":""ObjectType"",""#text"":""File""},{""@Name"":""IpAddress"",""#text"":""10.23.23.9""},{""@Name"":""IpPort"",""#text"":""63566""},{""@Name"":""ShareName"",""#text"":""\\\\*\\C$""},{""@Name"":""ShareLocalPath"",""#text"":""\\??\\C:\\""},{""@Name"":""RelativeTargetName"",""#text"":""Windows\\assembly\\NativeImages_v4.0.30319_32\\System.Activities\\16738205fa35676f5eda6d7d70169936""},{""@Name"":""AccessMask"",""#text"":""0x100081""},{""@Name"":""AccessList"",""#text"":""%%1541, %%4416, %%4423, ""},{""@Name"":""AccessReason"",""#text"":""-""}]}}"
485,437217,2021-04-22 11:32:30.4587243,5145,LogAlways,Microsoft-Windows-Security-Auditing,Security,480,488,fs03vuln.offsec.lan,5,,Network share object access,OFFSEC\admmig,10.23.23.9:63564,Share: \\*\C$ (\??\C:\),Object: Windows\assembly\NativeImages_v4.0.30319_32\System.AddI3d71a354#,AccessList: Unknown code (%%1541 | %%4416 | %%4423),AccessMask: Unknown code (0x100081),SID: S-1-5-21-4230534742-2542757381-3142984815-1111,,,False,EVTX-to-MITRE-Attack\TA0002-Execution\T1047-Windows Management Instrumentation\ID4688-5145-WMIexec execution via SMB.evtx,Audit success,0,"{""EventData"":{""Data"":[{""@Name"":""SubjectUserSid"",""#text"":""S-1-5-21-4230534742-2542757381-3142984815-1111""},{""@Name"":""SubjectUserName"",""#text"":""admmig""},{""@Name"":""SubjectDomainName"",""#text"":""OFFSEC""},{""@Name"":""SubjectLogonId"",""#text"":""0x18ACDD""},{""@Name"":""ObjectType"",""#text"":""File""},{""@Name"":""IpAddress"",""#text"":""10.23.23.9""},{""@Name"":""IpPort"",""#text"":""63564""},{""@Name"":""ShareName"",""#text"":""\\\\*\\C$""},{""@Name"":""ShareLocalPath"",""#text"":""\\??\\C:\\""},{""@Name"":""RelativeTargetName"",""#text"":""Windows\\assembly\\NativeImages_v4.0.30319_32\\System.AddI3d71a354#""},{""@Name"":""AccessMask"",""#text"":""0x100081""},{""@Name"":""AccessList"",""#text"":""%%1541, %%4416, %%4423, ""},{""@Name"":""AccessReason"",""#text"":""-""}]}}"
486,437218,2021-04-22 11:32:30.4587243,5145,LogAlways,Microsoft-Windows-Security-Auditing,Security,480,488,fs03vuln.offsec.lan,5,,Network share object access,OFFSEC\admmig,10.23.23.9:63566,Share: \\*\C$ (\??\C:\),Object: Windows\assembly\NativeImages_v4.0.30319_32\System.AddI3d71a354#\0a1d9187e911a67185317ffa7ee40ef0,AccessList: Unknown code (%%1541 | %%4416 | %%4423),AccessMask: Unknown code (0x100081),SID: S-1-5-21-4230534742-2542757381-3142984815-1111,,,False,EVTX-to-MITRE-Attack\TA0002-Execution\T1047-Windows Management Instrumentation\ID4688-5145-WMIexec execution via SMB.evtx,Audit success,0,"{""EventData"":{""Data"":[{""@Name"":""SubjectUserSid"",""#text"":""S-1-5-21-4230534742-2542757381-3142984815-1111""},{""@Name"":""SubjectUserName"",""#text"":""admmig""},{""@Name"":""SubjectDomainName"",""#text"":""OFFSEC""},{""@Name"":""SubjectLogonId"",""#text"":""0x18ACDD""},{""@Name"":""ObjectType"",""#text"":""File""},{""@Name"":""IpAddress"",""#text"":""10.23.23.9""},{""@Name"":""IpPort"",""#text"":""63566""},{""@Name"":""ShareName"",""#text"":""\\\\*\\C$""},{""@Name"":""ShareLocalPath"",""#text"":""\\??\\C:\\""},{""@Name"":""RelativeTargetName"",""#text"":""Windows\\assembly\\NativeImages_v4.0.30319_32\\System.AddI3d71a354#\\0a1d9187e911a67185317ffa7ee40ef0""},{""@Name"":""AccessMask"",""#text"":""0x100081""},{""@Name"":""AccessList"",""#text"":""%%1541, %%4416, %%4423, ""},{""@Name"":""AccessReason"",""#text"":""-""}]}}"
487,437219,2021-04-22 11:32:30.4587243,5145,LogAlways,Microsoft-Windows-Security-Auditing,Security,480,488,fs03vuln.offsec.lan,5,,Network share object access,OFFSEC\admmig,10.23.23.9:63564,Share: \\*\C$ (\??\C:\),Object: Windows\assembly\NativeImages_v4.0.30319_32\System.AddIn,AccessList: Unknown code (%%1541 | %%4416 | %%4423),AccessMask: Unknown code (0x100081),SID: S-1-5-21-4230534742-2542757381-3142984815-1111,,,False,EVTX-to-MITRE-Attack\TA0002-Execution\T1047-Windows Management Instrumentation\ID4688-5145-WMIexec execution via SMB.evtx,Audit success,0,"{""EventData"":{""Data"":[{""@Name"":""SubjectUserSid"",""#text"":""S-1-5-21-4230534742-2542757381-3142984815-1111""},{""@Name"":""SubjectUserName"",""#text"":""admmig""},{""@Name"":""SubjectDomainName"",""#text"":""OFFSEC""},{""@Name"":""SubjectLogonId"",""#text"":""0x18ACDD""},{""@Name"":""ObjectType"",""#text"":""File""},{""@Name"":""IpAddress"",""#text"":""10.23.23.9""},{""@Name"":""IpPort"",""#text"":""63564""},{""@Name"":""ShareName"",""#text"":""\\\\*\\C$""},{""@Name"":""ShareLocalPath"",""#text"":""\\??\\C:\\""},{""@Name"":""RelativeTargetName"",""#text"":""Windows\\assembly\\NativeImages_v4.0.30319_32\\System.AddIn""},{""@Name"":""AccessMask"",""#text"":""0x100081""},{""@Name"":""AccessList"",""#text"":""%%1541, %%4416, %%4423, ""},{""@Name"":""AccessReason"",""#text"":""-""}]}}"
488,437220,2021-04-22 11:32:30.4587243,5145,LogAlways,Microsoft-Windows-Security-Auditing,Security,480,488,fs03vuln.offsec.lan,5,,Network share object access,OFFSEC\admmig,10.23.23.9:63566,Share: \\*\C$ (\??\C:\),Object: Windows\assembly\NativeImages_v4.0.30319_32\System.AddIn\14b968adbdb2082b1b938b20b5cb24b5,AccessList: Unknown code (%%1541 | %%4416 | %%4423),AccessMask: Unknown code (0x100081),SID: S-1-5-21-4230534742-2542757381-3142984815-1111,,,False,EVTX-to-MITRE-Attack\TA0002-Execution\T1047-Windows Management Instrumentation\ID4688-5145-WMIexec execution via SMB.evtx,Audit success,0,"{""EventData"":{""Data"":[{""@Name"":""SubjectUserSid"",""#text"":""S-1-5-21-4230534742-2542757381-3142984815-1111""},{""@Name"":""SubjectUserName"",""#text"":""admmig""},{""@Name"":""SubjectDomainName"",""#text"":""OFFSEC""},{""@Name"":""SubjectLogonId"",""#text"":""0x18ACDD""},{""@Name"":""ObjectType"",""#text"":""File""},{""@Name"":""IpAddress"",""#text"":""10.23.23.9""},{""@Name"":""IpPort"",""#text"":""63566""},{""@Name"":""ShareName"",""#text"":""\\\\*\\C$""},{""@Name"":""ShareLocalPath"",""#text"":""\\??\\C:\\""},{""@Name"":""RelativeTargetName"",""#text"":""Windows\\assembly\\NativeImages_v4.0.30319_32\\System.AddIn\\14b968adbdb2082b1b938b20b5cb24b5""},{""@Name"":""AccessMask"",""#text"":""0x100081""},{""@Name"":""AccessList"",""#text"":""%%1541, %%4416, %%4423, ""},{""@Name"":""AccessReason"",""#text"":""-""}]}}"
489,437221,2021-04-22 11:32:30.4587243,5145,LogAlways,Microsoft-Windows-Security-Auditing,Security,480,488,fs03vuln.offsec.lan,5,,Network share object access,OFFSEC\admmig,10.23.23.9:63564,Share: \\*\C$ (\??\C:\),Object: Windows\assembly\NativeImages_v4.0.30319_32\System.Comp7dda8007#,AccessList: Unknown code (%%1541 | %%4416 | %%4423),AccessMask: Unknown code (0x100081),SID: S-1-5-21-4230534742-2542757381-3142984815-1111,,,False,EVTX-to-MITRE-Attack\TA0002-Execution\T1047-Windows Management Instrumentation\ID4688-5145-WMIexec execution via SMB.evtx,Audit success,0,"{""EventData"":{""Data"":[{""@Name"":""SubjectUserSid"",""#text"":""S-1-5-21-4230534742-2542757381-3142984815-1111""},{""@Name"":""SubjectUserName"",""#text"":""admmig""},{""@Name"":""SubjectDomainName"",""#text"":""OFFSEC""},{""@Name"":""SubjectLogonId"",""#text"":""0x18ACDD""},{""@Name"":""ObjectType"",""#text"":""File""},{""@Name"":""IpAddress"",""#text"":""10.23.23.9""},{""@Name"":""IpPort"",""#text"":""63564""},{""@Name"":""ShareName"",""#text"":""\\\\*\\C$""},{""@Name"":""ShareLocalPath"",""#text"":""\\??\\C:\\""},{""@Name"":""RelativeTargetName"",""#text"":""Windows\\assembly\\NativeImages_v4.0.30319_32\\System.Comp7dda8007#""},{""@Name"":""AccessMask"",""#text"":""0x100081""},{""@Name"":""AccessList"",""#text"":""%%1541, %%4416, %%4423, ""},{""@Name"":""AccessReason"",""#text"":""-""}]}}"
490,437222,2021-04-22 11:32:30.4587243,5145,LogAlways,Microsoft-Windows-Security-Auditing,Security,480,488,fs03vuln.offsec.lan,5,,Network share object access,OFFSEC\admmig,10.23.23.9:63566,Share: \\*\C$ (\??\C:\),Object: Windows\assembly\NativeImages_v4.0.30319_32\System.Comp7dda8007#\10dd4c410de361a8ee03b5b7c662ccc9,AccessList: Unknown code (%%1541 | %%4416 | %%4423),AccessMask: Unknown code (0x100081),SID: S-1-5-21-4230534742-2542757381-3142984815-1111,,,False,EVTX-to-MITRE-Attack\TA0002-Execution\T1047-Windows Management Instrumentation\ID4688-5145-WMIexec execution via SMB.evtx,Audit success,0,"{""EventData"":{""Data"":[{""@Name"":""SubjectUserSid"",""#text"":""S-1-5-21-4230534742-2542757381-3142984815-1111""},{""@Name"":""SubjectUserName"",""#text"":""admmig""},{""@Name"":""SubjectDomainName"",""#text"":""OFFSEC""},{""@Name"":""SubjectLogonId"",""#text"":""0x18ACDD""},{""@Name"":""ObjectType"",""#text"":""File""},{""@Name"":""IpAddress"",""#text"":""10.23.23.9""},{""@Name"":""IpPort"",""#text"":""63566""},{""@Name"":""ShareName"",""#text"":""\\\\*\\C$""},{""@Name"":""ShareLocalPath"",""#text"":""\\??\\C:\\""},{""@Name"":""RelativeTargetName"",""#text"":""Windows\\assembly\\NativeImages_v4.0.30319_32\\System.Comp7dda8007#\\10dd4c410de361a8ee03b5b7c662ccc9""},{""@Name"":""AccessMask"",""#text"":""0x100081""},{""@Name"":""AccessList"",""#text"":""%%1541, %%4416, %%4423, ""},{""@Name"":""AccessReason"",""#text"":""-""}]}}"
491,437223,2021-04-22 11:32:30.4754712,5145,LogAlways,Microsoft-Windows-Security-Auditing,Security,480,488,fs03vuln.offsec.lan,5,,Network share object access,OFFSEC\admmig,10.23.23.9:63564,Share: \\*\C$ (\??\C:\),Object: Windows\assembly\NativeImages_v4.0.30319_32\System.Comp46f2b404#,AccessList: Unknown code (%%1541 | %%4416 | %%4423),AccessMask: Unknown code (0x100081),SID: S-1-5-21-4230534742-2542757381-3142984815-1111,,,False,EVTX-to-MITRE-Attack\TA0002-Execution\T1047-Windows Management Instrumentation\ID4688-5145-WMIexec execution via SMB.evtx,Audit success,0,"{""EventData"":{""Data"":[{""@Name"":""SubjectUserSid"",""#text"":""S-1-5-21-4230534742-2542757381-3142984815-1111""},{""@Name"":""SubjectUserName"",""#text"":""admmig""},{""@Name"":""SubjectDomainName"",""#text"":""OFFSEC""},{""@Name"":""SubjectLogonId"",""#text"":""0x18ACDD""},{""@Name"":""ObjectType"",""#text"":""File""},{""@Name"":""IpAddress"",""#text"":""10.23.23.9""},{""@Name"":""IpPort"",""#text"":""63564""},{""@Name"":""ShareName"",""#text"":""\\\\*\\C$""},{""@Name"":""ShareLocalPath"",""#text"":""\\??\\C:\\""},{""@Name"":""RelativeTargetName"",""#text"":""Windows\\assembly\\NativeImages_v4.0.30319_32\\System.Comp46f2b404#""},{""@Name"":""AccessMask"",""#text"":""0x100081""},{""@Name"":""AccessList"",""#text"":""%%1541, %%4416, %%4423, ""},{""@Name"":""AccessReason"",""#text"":""-""}]}}"
492,437224,2021-04-22 11:32:30.4754712,5145,LogAlways,Microsoft-Windows-Security-Auditing,Security,480,488,fs03vuln.offsec.lan,5,,Network share object access,OFFSEC\admmig,10.23.23.9:63566,Share: \\*\C$ (\??\C:\),Object: Windows\assembly\NativeImages_v4.0.30319_32\System.Comp46f2b404#\7845e0cf7da2edf653fbcc126cda2f48,AccessList: Unknown code (%%1541 | %%4416 | %%4423),AccessMask: Unknown code (0x100081),SID: S-1-5-21-4230534742-2542757381-3142984815-1111,,,False,EVTX-to-MITRE-Attack\TA0002-Execution\T1047-Windows Management Instrumentation\ID4688-5145-WMIexec execution via SMB.evtx,Audit success,0,"{""EventData"":{""Data"":[{""@Name"":""SubjectUserSid"",""#text"":""S-1-5-21-4230534742-2542757381-3142984815-1111""},{""@Name"":""SubjectUserName"",""#text"":""admmig""},{""@Name"":""SubjectDomainName"",""#text"":""OFFSEC""},{""@Name"":""SubjectLogonId"",""#text"":""0x18ACDD""},{""@Name"":""ObjectType"",""#text"":""File""},{""@Name"":""IpAddress"",""#text"":""10.23.23.9""},{""@Name"":""IpPort"",""#text"":""63566""},{""@Name"":""ShareName"",""#text"":""\\\\*\\C$""},{""@Name"":""ShareLocalPath"",""#text"":""\\??\\C:\\""},{""@Name"":""RelativeTargetName"",""#text"":""Windows\\assembly\\NativeImages_v4.0.30319_32\\System.Comp46f2b404#\\7845e0cf7da2edf653fbcc126cda2f48""},{""@Name"":""AccessMask"",""#text"":""0x100081""},{""@Name"":""AccessList"",""#text"":""%%1541, %%4416, %%4423, ""},{""@Name"":""AccessReason"",""#text"":""-""}]}}"
493,437225,2021-04-22 11:32:30.4754712,5145,LogAlways,Microsoft-Windows-Security-Auditing,Security,480,488,fs03vuln.offsec.lan,5,,Network share object access,OFFSEC\admmig,10.23.23.9:63564,Share: \\*\C$ (\??\C:\),Object: Windows\assembly\NativeImages_v4.0.30319_32\System.Compba577418#,AccessList: Unknown code (%%1541 | %%4416 | %%4423),AccessMask: Unknown code (0x100081),SID: S-1-5-21-4230534742-2542757381-3142984815-1111,,,False,EVTX-to-MITRE-Attack\TA0002-Execution\T1047-Windows Management Instrumentation\ID4688-5145-WMIexec execution via SMB.evtx,Audit success,0,"{""EventData"":{""Data"":[{""@Name"":""SubjectUserSid"",""#text"":""S-1-5-21-4230534742-2542757381-3142984815-1111""},{""@Name"":""SubjectUserName"",""#text"":""admmig""},{""@Name"":""SubjectDomainName"",""#text"":""OFFSEC""},{""@Name"":""SubjectLogonId"",""#text"":""0x18ACDD""},{""@Name"":""ObjectType"",""#text"":""File""},{""@Name"":""IpAddress"",""#text"":""10.23.23.9""},{""@Name"":""IpPort"",""#text"":""63564""},{""@Name"":""ShareName"",""#text"":""\\\\*\\C$""},{""@Name"":""ShareLocalPath"",""#text"":""\\??\\C:\\""},{""@Name"":""RelativeTargetName"",""#text"":""Windows\\assembly\\NativeImages_v4.0.30319_32\\System.Compba577418#""},{""@Name"":""AccessMask"",""#text"":""0x100081""},{""@Name"":""AccessList"",""#text"":""%%1541, %%4416, %%4423, ""},{""@Name"":""AccessReason"",""#text"":""-""}]}}"
494,437226,2021-04-22 11:32:30.4754712,5145,LogAlways,Microsoft-Windows-Security-Auditing,Security,480,488,fs03vuln.offsec.lan,5,,Network share object access,OFFSEC\admmig,10.23.23.9:63566,Share: \\*\C$ (\??\C:\),Object: Windows\assembly\NativeImages_v4.0.30319_32\System.Compba577418#\9db094774e9db914aedfcad797c955d7,AccessList: Unknown code (%%1541 | %%4416 | %%4423),AccessMask: Unknown code (0x100081),SID: S-1-5-21-4230534742-2542757381-3142984815-1111,,,False,EVTX-to-MITRE-Attack\TA0002-Execution\T1047-Windows Management Instrumentation\ID4688-5145-WMIexec execution via SMB.evtx,Audit success,0,"{""EventData"":{""Data"":[{""@Name"":""SubjectUserSid"",""#text"":""S-1-5-21-4230534742-2542757381-3142984815-1111""},{""@Name"":""SubjectUserName"",""#text"":""admmig""},{""@Name"":""SubjectDomainName"",""#text"":""OFFSEC""},{""@Name"":""SubjectLogonId"",""#text"":""0x18ACDD""},{""@Name"":""ObjectType"",""#text"":""File""},{""@Name"":""IpAddress"",""#text"":""10.23.23.9""},{""@Name"":""IpPort"",""#text"":""63566""},{""@Name"":""ShareName"",""#text"":""\\\\*\\C$""},{""@Name"":""ShareLocalPath"",""#text"":""\\??\\C:\\""},{""@Name"":""RelativeTargetName"",""#text"":""Windows\\assembly\\NativeImages_v4.0.30319_32\\System.Compba577418#\\9db094774e9db914aedfcad797c955d7""},{""@Name"":""AccessMask"",""#text"":""0x100081""},{""@Name"":""AccessList"",""#text"":""%%1541, %%4416, %%4423, ""},{""@Name"":""AccessReason"",""#text"":""-""}]}}"
495,437227,2021-04-22 11:32:30.4754712,5145,LogAlways,Microsoft-Windows-Security-Auditing,Security,480,488,fs03vuln.offsec.lan,5,,Network share object access,OFFSEC\admmig,10.23.23.9:63564,Share: \\*\C$ (\??\C:\),Object: Windows\assembly\NativeImages_v4.0.30319_32\System.Confe64a9051#,AccessList: Unknown code (%%1541 | %%4416 | %%4423),AccessMask: Unknown code (0x100081),SID: S-1-5-21-4230534742-2542757381-3142984815-1111,,,False,EVTX-to-MITRE-Attack\TA0002-Execution\T1047-Windows Management Instrumentation\ID4688-5145-WMIexec execution via SMB.evtx,Audit success,0,"{""EventData"":{""Data"":[{""@Name"":""SubjectUserSid"",""#text"":""S-1-5-21-4230534742-2542757381-3142984815-1111""},{""@Name"":""SubjectUserName"",""#text"":""admmig""},{""@Name"":""SubjectDomainName"",""#text"":""OFFSEC""},{""@Name"":""SubjectLogonId"",""#text"":""0x18ACDD""},{""@Name"":""ObjectType"",""#text"":""File""},{""@Name"":""IpAddress"",""#text"":""10.23.23.9""},{""@Name"":""IpPort"",""#text"":""63564""},{""@Name"":""ShareName"",""#text"":""\\\\*\\C$""},{""@Name"":""ShareLocalPath"",""#text"":""\\??\\C:\\""},{""@Name"":""RelativeTargetName"",""#text"":""Windows\\assembly\\NativeImages_v4.0.30319_32\\System.Confe64a9051#""},{""@Name"":""AccessMask"",""#text"":""0x100081""},{""@Name"":""AccessList"",""#text"":""%%1541, %%4416, %%4423, ""},{""@Name"":""AccessReason"",""#text"":""-""}]}}"
496,437228,2021-04-22 11:32:30.4911081,5145,LogAlways,Microsoft-Windows-Security-Auditing,Security,480,488,fs03vuln.offsec.lan,5,,Network share object access,OFFSEC\admmig,10.23.23.9:63566,Share: \\*\C$ (\??\C:\),Object: Windows\assembly\NativeImages_v4.0.30319_32\System.Confe64a9051#\c8152fae930d6b5e4dd5323561626549,AccessList: Unknown code (%%1541 | %%4416 | %%4423),AccessMask: Unknown code (0x100081),SID: S-1-5-21-4230534742-2542757381-3142984815-1111,,,False,EVTX-to-MITRE-Attack\TA0002-Execution\T1047-Windows Management Instrumentation\ID4688-5145-WMIexec execution via SMB.evtx,Audit success,0,"{""EventData"":{""Data"":[{""@Name"":""SubjectUserSid"",""#text"":""S-1-5-21-4230534742-2542757381-3142984815-1111""},{""@Name"":""SubjectUserName"",""#text"":""admmig""},{""@Name"":""SubjectDomainName"",""#text"":""OFFSEC""},{""@Name"":""SubjectLogonId"",""#text"":""0x18ACDD""},{""@Name"":""ObjectType"",""#text"":""File""},{""@Name"":""IpAddress"",""#text"":""10.23.23.9""},{""@Name"":""IpPort"",""#text"":""63566""},{""@Name"":""ShareName"",""#text"":""\\\\*\\C$""},{""@Name"":""ShareLocalPath"",""#text"":""\\??\\C:\\""},{""@Name"":""RelativeTargetName"",""#text"":""Windows\\assembly\\NativeImages_v4.0.30319_32\\System.Confe64a9051#\\c8152fae930d6b5e4dd5323561626549""},{""@Name"":""AccessMask"",""#text"":""0x100081""},{""@Name"":""AccessList"",""#text"":""%%1541, %%4416, %%4423, ""},{""@Name"":""AccessReason"",""#text"":""-""}]}}"
497,437229,2021-04-22 11:32:30.4911081,5145,LogAlways,Microsoft-Windows-Security-Auditing,Security,480,488,fs03vuln.offsec.lan,5,,Network share object access,OFFSEC\admmig,10.23.23.9:63564,Share: \\*\C$ (\??\C:\),Object: Windows\assembly\NativeImages_v4.0.30319_32\System.Configuration,AccessList: Unknown code (%%1541 | %%4416 | %%4423),AccessMask: Unknown code (0x100081),SID: S-1-5-21-4230534742-2542757381-3142984815-1111,,,False,EVTX-to-MITRE-Attack\TA0002-Execution\T1047-Windows Management Instrumentation\ID4688-5145-WMIexec execution via SMB.evtx,Audit success,0,"{""EventData"":{""Data"":[{""@Name"":""SubjectUserSid"",""#text"":""S-1-5-21-4230534742-2542757381-3142984815-1111""},{""@Name"":""SubjectUserName"",""#text"":""admmig""},{""@Name"":""SubjectDomainName"",""#text"":""OFFSEC""},{""@Name"":""SubjectLogonId"",""#text"":""0x18ACDD""},{""@Name"":""ObjectType"",""#text"":""File""},{""@Name"":""IpAddress"",""#text"":""10.23.23.9""},{""@Name"":""IpPort"",""#text"":""63564""},{""@Name"":""ShareName"",""#text"":""\\\\*\\C$""},{""@Name"":""ShareLocalPath"",""#text"":""\\??\\C:\\""},{""@Name"":""RelativeTargetName"",""#text"":""Windows\\assembly\\NativeImages_v4.0.30319_32\\System.Configuration""},{""@Name"":""AccessMask"",""#text"":""0x100081""},{""@Name"":""AccessList"",""#text"":""%%1541, %%4416, %%4423, ""},{""@Name"":""AccessReason"",""#text"":""-""}]}}"
498,437230,2021-04-22 11:32:30.4911081,5145,LogAlways,Microsoft-Windows-Security-Auditing,Security,480,488,fs03vuln.offsec.lan,5,,Network share object access,OFFSEC\admmig,10.23.23.9:63566,Share: \\*\C$ (\??\C:\),Object: Windows\assembly\NativeImages_v4.0.30319_32\System.Configuration\c5bf2f5c3e13726b3984a900221e1778,AccessList: Unknown code (%%1541 | %%4416 | %%4423),AccessMask: Unknown code (0x100081),SID: S-1-5-21-4230534742-2542757381-3142984815-1111,,,False,EVTX-to-MITRE-Attack\TA0002-Execution\T1047-Windows Management Instrumentation\ID4688-5145-WMIexec execution via SMB.evtx,Audit success,0,"{""EventData"":{""Data"":[{""@Name"":""SubjectUserSid"",""#text"":""S-1-5-21-4230534742-2542757381-3142984815-1111""},{""@Name"":""SubjectUserName"",""#text"":""admmig""},{""@Name"":""SubjectDomainName"",""#text"":""OFFSEC""},{""@Name"":""SubjectLogonId"",""#text"":""0x18ACDD""},{""@Name"":""ObjectType"",""#text"":""File""},{""@Name"":""IpAddress"",""#text"":""10.23.23.9""},{""@Name"":""IpPort"",""#text"":""63566""},{""@Name"":""ShareName"",""#text"":""\\\\*\\C$""},{""@Name"":""ShareLocalPath"",""#text"":""\\??\\C:\\""},{""@Name"":""RelativeTargetName"",""#text"":""Windows\\assembly\\NativeImages_v4.0.30319_32\\System.Configuration\\c5bf2f5c3e13726b3984a900221e1778""},{""@Name"":""AccessMask"",""#text"":""0x100081""},{""@Name"":""AccessList"",""#text"":""%%1541, %%4416, %%4423, ""},{""@Name"":""AccessReason"",""#text"":""-""}]}}"
499,437231,2021-04-22 11:32:30.4911081,5145,LogAlways,Microsoft-Windows-Security-Auditing,Security,480,488,fs03vuln.offsec.lan,5,,Network share object access,OFFSEC\admmig,10.23.23.9:63564,Share: \\*\C$ (\??\C:\),Object: Windows\assembly\NativeImages_v4.0.30319_32\System.Core,AccessList: Unknown code (%%1541 | %%4416 | %%4423),AccessMask: Unknown code (0x100081),SID: S-1-5-21-4230534742-2542757381-3142984815-1111,,,False,EVTX-to-MITRE-Attack\TA0002-Execution\T1047-Windows Management Instrumentation\ID4688-5145-WMIexec execution via SMB.evtx,Audit success,640,"{""EventData"":{""Data"":[{""@Name"":""SubjectUserSid"",""#text"":""S-1-5-21-4230534742-2542757381-3142984815-1111""},{""@Name"":""SubjectUserName"",""#text"":""admmig""},{""@Name"":""SubjectDomainName"",""#text"":""OFFSEC""},{""@Name"":""SubjectLogonId"",""#text"":""0x18ACDD""},{""@Name"":""ObjectType"",""#text"":""File""},{""@Name"":""IpAddress"",""#text"":""10.23.23.9""},{""@Name"":""IpPort"",""#text"":""63564""},{""@Name"":""ShareName"",""#text"":""\\\\*\\C$""},{""@Name"":""ShareLocalPath"",""#text"":""\\??\\C:\\""},{""@Name"":""RelativeTargetName"",""#text"":""Windows\\assembly\\NativeImages_v4.0.30319_32\\System.Core""},{""@Name"":""AccessMask"",""#text"":""0x100081""},{""@Name"":""AccessList"",""#text"":""%%1541, %%4416, %%4423, ""},{""@Name"":""AccessReason"",""#text"":""-""}]}}"
500,437232,2021-04-22 11:32:30.4911081,5145,LogAlways,Microsoft-Windows-Security-Auditing,Security,480,488,fs03vuln.offsec.lan,5,,Network share object access,OFFSEC\admmig,10.23.23.9:63566,Share: \\*\C$ (\??\C:\),Object: Windows\assembly\NativeImages_v4.0.30319_32\System.Core\c1194e56644c7688e7eb0f68a57dcc30,AccessList: Unknown code (%%1541 | %%4416 | %%4423),AccessMask: Unknown code (0x100081),SID: S-1-5-21-4230534742-2542757381-3142984815-1111,,,False,EVTX-to-MITRE-Attack\TA0002-Execution\T1047-Windows Management Instrumentation\ID4688-5145-WMIexec execution via SMB.evtx,Audit success,0,"{""EventData"":{""Data"":[{""@Name"":""SubjectUserSid"",""#text"":""S-1-5-21-4230534742-2542757381-3142984815-1111""},{""@Name"":""SubjectUserName"",""#text"":""admmig""},{""@Name"":""SubjectDomainName"",""#text"":""OFFSEC""},{""@Name"":""SubjectLogonId"",""#text"":""0x18ACDD""},{""@Name"":""ObjectType"",""#text"":""File""},{""@Name"":""IpAddress"",""#text"":""10.23.23.9""},{""@Name"":""IpPort"",""#text"":""63566""},{""@Name"":""ShareName"",""#text"":""\\\\*\\C$""},{""@Name"":""ShareLocalPath"",""#text"":""\\??\\C:\\""},{""@Name"":""RelativeTargetName"",""#text"":""Windows\\assembly\\NativeImages_v4.0.30319_32\\System.Core\\c1194e56644c7688e7eb0f68a57dcc30""},{""@Name"":""AccessMask"",""#text"":""0x100081""},{""@Name"":""AccessList"",""#text"":""%%1541, %%4416, %%4423, ""},{""@Name"":""AccessReason"",""#text"":""-""}]}}"
501,437233,2021-04-22 11:32:30.4911081,5145,LogAlways,Microsoft-Windows-Security-Auditing,Security,480,488,fs03vuln.offsec.lan,5,,Network share object access,OFFSEC\admmig,10.23.23.9:63564,Share: \\*\C$ (\??\C:\),Object: Windows\assembly\NativeImages_v4.0.30319_32\System.Data,AccessList: Unknown code (%%1541 | %%4416 | %%4423),AccessMask: Unknown code (0x100081),SID: S-1-5-21-4230534742-2542757381-3142984815-1111,,,False,EVTX-to-MITRE-Attack\TA0002-Execution\T1047-Windows Management Instrumentation\ID4688-5145-WMIexec execution via SMB.evtx,Audit success,0,"{""EventData"":{""Data"":[{""@Name"":""SubjectUserSid"",""#text"":""S-1-5-21-4230534742-2542757381-3142984815-1111""},{""@Name"":""SubjectUserName"",""#text"":""admmig""},{""@Name"":""SubjectDomainName"",""#text"":""OFFSEC""},{""@Name"":""SubjectLogonId"",""#text"":""0x18ACDD""},{""@Name"":""ObjectType"",""#text"":""File""},{""@Name"":""IpAddress"",""#text"":""10.23.23.9""},{""@Name"":""IpPort"",""#text"":""63564""},{""@Name"":""ShareName"",""#text"":""\\\\*\\C$""},{""@Name"":""ShareLocalPath"",""#text"":""\\??\\C:\\""},{""@Name"":""RelativeTargetName"",""#text"":""Windows\\assembly\\NativeImages_v4.0.30319_32\\System.Data""},{""@Name"":""AccessMask"",""#text"":""0x100081""},{""@Name"":""AccessList"",""#text"":""%%1541, %%4416, %%4423, ""},{""@Name"":""AccessReason"",""#text"":""-""}]}}"
502,437234,2021-04-22 11:32:30.4911081,5145,LogAlways,Microsoft-Windows-Security-Auditing,Security,480,488,fs03vuln.offsec.lan,5,,Network share object access,OFFSEC\admmig,10.23.23.9:63566,Share: \\*\C$ (\??\C:\),Object: Windows\assembly\NativeImages_v4.0.30319_32\System.Data\8a7f63a63249ceccb5c51a9a372aaf64,AccessList: Unknown code (%%1541 | %%4416 | %%4423),AccessMask: Unknown code (0x100081),SID: S-1-5-21-4230534742-2542757381-3142984815-1111,,,False,EVTX-to-MITRE-Attack\TA0002-Execution\T1047-Windows Management Instrumentation\ID4688-5145-WMIexec execution via SMB.evtx,Audit success,0,"{""EventData"":{""Data"":[{""@Name"":""SubjectUserSid"",""#text"":""S-1-5-21-4230534742-2542757381-3142984815-1111""},{""@Name"":""SubjectUserName"",""#text"":""admmig""},{""@Name"":""SubjectDomainName"",""#text"":""OFFSEC""},{""@Name"":""SubjectLogonId"",""#text"":""0x18ACDD""},{""@Name"":""ObjectType"",""#text"":""File""},{""@Name"":""IpAddress"",""#text"":""10.23.23.9""},{""@Name"":""IpPort"",""#text"":""63566""},{""@Name"":""ShareName"",""#text"":""\\\\*\\C$""},{""@Name"":""ShareLocalPath"",""#text"":""\\??\\C:\\""},{""@Name"":""RelativeTargetName"",""#text"":""Windows\\assembly\\NativeImages_v4.0.30319_32\\System.Data\\8a7f63a63249ceccb5c51a9a372aaf64""},{""@Name"":""AccessMask"",""#text"":""0x100081""},{""@Name"":""AccessList"",""#text"":""%%1541, %%4416, %%4423, ""},{""@Name"":""AccessReason"",""#text"":""-""}]}}"
503,437235,2021-04-22 11:32:30.4911081,5145,LogAlways,Microsoft-Windows-Security-Auditing,Security,480,488,fs03vuln.offsec.lan,5,,Network share object access,OFFSEC\admmig,10.23.23.9:63564,Share: \\*\C$ (\??\C:\),Object: Windows\assembly\NativeImages_v4.0.30319_32\System.Data.Entity,AccessList: Unknown code (%%1541 | %%4416 | %%4423),AccessMask: Unknown code (0x100081),SID: S-1-5-21-4230534742-2542757381-3142984815-1111,,,False,EVTX-to-MITRE-Attack\TA0002-Execution\T1047-Windows Management Instrumentation\ID4688-5145-WMIexec execution via SMB.evtx,Audit success,0,"{""EventData"":{""Data"":[{""@Name"":""SubjectUserSid"",""#text"":""S-1-5-21-4230534742-2542757381-3142984815-1111""},{""@Name"":""SubjectUserName"",""#text"":""admmig""},{""@Name"":""SubjectDomainName"",""#text"":""OFFSEC""},{""@Name"":""SubjectLogonId"",""#text"":""0x18ACDD""},{""@Name"":""ObjectType"",""#text"":""File""},{""@Name"":""IpAddress"",""#text"":""10.23.23.9""},{""@Name"":""IpPort"",""#text"":""63564""},{""@Name"":""ShareName"",""#text"":""\\\\*\\C$""},{""@Name"":""ShareLocalPath"",""#text"":""\\??\\C:\\""},{""@Name"":""RelativeTargetName"",""#text"":""Windows\\assembly\\NativeImages_v4.0.30319_32\\System.Data.Entity""},{""@Name"":""AccessMask"",""#text"":""0x100081""},{""@Name"":""AccessList"",""#text"":""%%1541, %%4416, %%4423, ""},{""@Name"":""AccessReason"",""#text"":""-""}]}}"
504,437236,2021-04-22 11:32:30.4911081,5145,LogAlways,Microsoft-Windows-Security-Auditing,Security,480,488,fs03vuln.offsec.lan,5,,Network share object access,OFFSEC\admmig,10.23.23.9:63566,Share: \\*\C$ (\??\C:\),Object: Windows\assembly\NativeImages_v4.0.30319_32\System.Data.Entity\9332198f4736c780facfd62fead6fa26,AccessList: Unknown code (%%1541 | %%4416 | %%4423),AccessMask: Unknown code (0x100081),SID: S-1-5-21-4230534742-2542757381-3142984815-1111,,,False,EVTX-to-MITRE-Attack\TA0002-Execution\T1047-Windows Management Instrumentation\ID4688-5145-WMIexec execution via SMB.evtx,Audit success,0,"{""EventData"":{""Data"":[{""@Name"":""SubjectUserSid"",""#text"":""S-1-5-21-4230534742-2542757381-3142984815-1111""},{""@Name"":""SubjectUserName"",""#text"":""admmig""},{""@Name"":""SubjectDomainName"",""#text"":""OFFSEC""},{""@Name"":""SubjectLogonId"",""#text"":""0x18ACDD""},{""@Name"":""ObjectType"",""#text"":""File""},{""@Name"":""IpAddress"",""#text"":""10.23.23.9""},{""@Name"":""IpPort"",""#text"":""63566""},{""@Name"":""ShareName"",""#text"":""\\\\*\\C$""},{""@Name"":""ShareLocalPath"",""#text"":""\\??\\C:\\""},{""@Name"":""RelativeTargetName"",""#text"":""Windows\\assembly\\NativeImages_v4.0.30319_32\\System.Data.Entity\\9332198f4736c780facfd62fead6fa26""},{""@Name"":""AccessMask"",""#text"":""0x100081""},{""@Name"":""AccessList"",""#text"":""%%1541, %%4416, %%4423, ""},{""@Name"":""AccessReason"",""#text"":""-""}]}}"
