996,437728,2021-04-22 11:32:33.6369003,5145,LogAlways,Microsoft-Windows-Security-Auditing,Security,480,488,fs03vuln.offsec.lan,10,,Network share object access,OFFSEC\admmig,10.23.23.9:63564,Share: \\*\C$ (\??\C:\),Object: USERS\ADMMIG\DESKTOP,AccessList: Unknown code (%%1541 | %%4416 | %%4423),AccessMask: Unknown code (0x100081),SID: S-1-5-21-4230534742-2542757381-3142984815-1111,,,False,EVTX-to-MITRE-Attack\TA0002-Execution\T1047-Windows Management Instrumentation\ID4688-5145-WMIexec execution via SMB.evtx,Audit success,0,"{""EventData"":{""Data"":[{""@Name"":""SubjectUserSid"",""#text"":""S-1-5-21-4230534742-2542757381-3142984815-1111""},{""@Name"":""SubjectUserName"",""#text"":""admmig""},{""@Name"":""SubjectDomainName"",""#text"":""OFFSEC""},{""@Name"":""SubjectLogonId"",""#text"":""0x18ACDD""},{""@Name"":""ObjectType"",""#text"":""File""},{""@Name"":""IpAddress"",""#text"":""10.23.23.9""},{""@Name"":""IpPort"",""#text"":""63564""},{""@Name"":""ShareName"",""#text"":""\\\\*\\C$""},{""@Name"":""ShareLocalPath"",""#text"":""\\??\\C:\\""},{""@Name"":""RelativeTargetName"",""#text"":""USERS\\ADMMIG\\DESKTOP""},{""@Name"":""AccessMask"",""#text"":""0x100081""},{""@Name"":""AccessList"",""#text"":""%%1541, %%4416, %%4423, ""},{""@Name"":""AccessReason"",""#text"":""-""}]}}"
997,437729,2021-04-22 11:32:33.6369003,5145,LogAlways,Microsoft-Windows-Security-Auditing,Security,480,488,fs03vuln.offsec.lan,10,,Network share object access,OFFSEC\admmig,10.23.23.9:63564,Share: \\*\C$ (\??\C:\),Object: Users\admmig\Desktop,AccessList: Unknown code (%%1541 | %%4416 | %%4423),AccessMask: Unknown code (0x100081),SID: S-1-5-21-4230534742-2542757381-3142984815-1111,,,False,EVTX-to-MITRE-Attack\TA0002-Execution\T1047-Windows Management Instrumentation\ID4688-5145-WMIexec execution via SMB.evtx,Audit success,0,"{""EventData"":{""Data"":[{""@Name"":""SubjectUserSid"",""#text"":""S-1-5-21-4230534742-2542757381-3142984815-1111""},{""@Name"":""SubjectUserName"",""#text"":""admmig""},{""@Name"":""SubjectDomainName"",""#text"":""OFFSEC""},{""@Name"":""SubjectLogonId"",""#text"":""0x18B247""},{""@Name"":""ObjectType"",""#text"":""File""},{""@Name"":""IpAddress"",""#text"":""10.23.23.9""},{""@Name"":""IpPort"",""#text"":""63564""},{""@Name"":""ShareName"",""#text"":""\\\\*\\C$""},{""@Name"":""ShareLocalPath"",""#text"":""\\??\\C:\\""},{""@Name"":""RelativeTargetName"",""#text"":""Users\\admmig\\Desktop""},{""@Name"":""AccessMask"",""#text"":""0x100081""},{""@Name"":""AccessList"",""#text"":""%%1541, %%4416, %%4423, ""},{""@Name"":""AccessReason"",""#text"":""-""}]}}"
998,437730,2021-04-22 11:32:33.6369003,5145,LogAlways,Microsoft-Windows-Security-Auditing,Security,480,488,fs03vuln.offsec.lan,10,,Network share object access,OFFSEC\admmig,10.23.23.9:63564,Share: \\*\C$ (\??\C:\),Object: Users\admmig\Desktop,AccessList: Unknown code (%%1541 | %%4416 | %%4423),AccessMask: Unknown code (0x100081),SID: S-1-5-21-4230534742-2542757381-3142984815-1111,,,False,EVTX-to-MITRE-Attack\TA0002-Execution\T1047-Windows Management Instrumentation\ID4688-5145-WMIexec execution via SMB.evtx,Audit success,0,"{""EventData"":{""Data"":[{""@Name"":""SubjectUserSid"",""#text"":""S-1-5-21-4230534742-2542757381-3142984815-1111""},{""@Name"":""SubjectUserName"",""#text"":""admmig""},{""@Name"":""SubjectDomainName"",""#text"":""OFFSEC""},{""@Name"":""SubjectLogonId"",""#text"":""0x18B247""},{""@Name"":""ObjectType"",""#text"":""File""},{""@Name"":""IpAddress"",""#text"":""10.23.23.9""},{""@Name"":""IpPort"",""#text"":""63564""},{""@Name"":""ShareName"",""#text"":""\\\\*\\C$""},{""@Name"":""ShareLocalPath"",""#text"":""\\??\\C:\\""},{""@Name"":""RelativeTargetName"",""#text"":""Users\\admmig\\Desktop""},{""@Name"":""AccessMask"",""#text"":""0x100081""},{""@Name"":""AccessList"",""#text"":""%%1541, %%4416, %%4423, ""},{""@Name"":""AccessReason"",""#text"":""-""}]}}"
999,437731,2021-04-22 11:32:36.1080613,5145,LogAlways,Microsoft-Windows-Security-Auditing,Security,480,488,fs03vuln.offsec.lan,10,,Network share object access,OFFSEC\admmig,10.23.23.9:63565,Share: \\*\C$ (\??\C:\),Object: Users\admmig\Desktop\SMB exec.evtx,AccessList: Unknown code (%%1538 | %%1541 | %%4417 | %%4418 | %%4420 | %%4423 | %%4424),AccessMask: Unknown code (0x120196),SID: S-1-5-21-4230534742-2542757381-3142984815-1111,,,False,EVTX-to-MITRE-Attack\TA0002-Execution\T1047-Windows Management Instrumentation\ID4688-5145-WMIexec execution via SMB.evtx,Audit success,0,"{""EventData"":{""Data"":[{""@Name"":""SubjectUserSid"",""#text"":""S-1-5-21-4230534742-2542757381-3142984815-1111""},{""@Name"":""SubjectUserName"",""#text"":""admmig""},{""@Name"":""SubjectDomainName"",""#text"":""OFFSEC""},{""@Name"":""SubjectLogonId"",""#text"":""0x18ACDD""},{""@Name"":""ObjectType"",""#text"":""File""},{""@Name"":""IpAddress"",""#text"":""10.23.23.9""},{""@Name"":""IpPort"",""#text"":""63565""},{""@Name"":""ShareName"",""#text"":""\\\\*\\C$""},{""@Name"":""ShareLocalPath"",""#text"":""\\??\\C:\\""},{""@Name"":""RelativeTargetName"",""#text"":""Users\\admmig\\Desktop\\SMB exec.evtx""},{""@Name"":""AccessMask"",""#text"":""0x120196""},{""@Name"":""AccessList"",""#text"":""%%1538, %%1541, %%4417, %%4418, %%4420, %%4423, %%4424, ""},{""@Name"":""AccessReason"",""#text"":""-""}]}}"
1000,437732,2021-04-22 11:32:36.1080613,5145,LogAlways,Microsoft-Windows-Security-Auditing,Security,480,488,fs03vuln.offsec.lan,10,,Network share object access,OFFSEC\admmig,10.23.23.9:63565,Share: \\*\C$ (\??\C:\),Object: Users\admmig\Desktop\SMB exec.evtx,AccessList: WriteData (or AddFile),AccessMask: Unknown code (0x2),SID: S-1-5-21-4230534742-2542757381-3142984815-1111,,,False,EVTX-to-MITRE-Attack\TA0002-Execution\T1047-Windows Management Instrumentation\ID4688-5145-WMIexec execution via SMB.evtx,Audit success,0,"{""EventData"":{""Data"":[{""@Name"":""SubjectUserSid"",""#text"":""S-1-5-21-4230534742-2542757381-3142984815-1111""},{""@Name"":""SubjectUserName"",""#text"":""admmig""},{""@Name"":""SubjectDomainName"",""#text"":""OFFSEC""},{""@Name"":""SubjectLogonId"",""#text"":""0x18ACDD""},{""@Name"":""ObjectType"",""#text"":""File""},{""@Name"":""IpAddress"",""#text"":""10.23.23.9""},{""@Name"":""IpPort"",""#text"":""63565""},{""@Name"":""ShareName"",""#text"":""\\\\*\\C$""},{""@Name"":""ShareLocalPath"",""#text"":""\\??\\C:\\""},{""@Name"":""RelativeTargetName"",""#text"":""Users\\admmig\\Desktop\\SMB exec.evtx""},{""@Name"":""AccessMask"",""#text"":""0x2""},{""@Name"":""AccessList"",""#text"":""%%4417, ""},{""@Name"":""AccessReason"",""#text"":""-""}]}}"
1001,437733,2021-04-22 11:32:36.1091317,5145,LogAlways,Microsoft-Windows-Security-Auditing,Security,480,488,fs03vuln.offsec.lan,10,,Network share object access,OFFSEC\admmig,10.23.23.9:63566,Share: \\*\C$ (\??\C:\),Object: Users\admmig\Desktop\SMB exec.evtx,AccessList: Unknown code (%%1537 | %%4423),AccessMask: Unknown code (0x10080),SID: S-1-5-21-4230534742-2542757381-3142984815-1111,,,False,EVTX-to-MITRE-Attack\TA0002-Execution\T1047-Windows Management Instrumentation\ID4688-5145-WMIexec execution via SMB.evtx,Audit success,0,"{""EventData"":{""Data"":[{""@Name"":""SubjectUserSid"",""#text"":""S-1-5-21-4230534742-2542757381-3142984815-1111""},{""@Name"":""SubjectUserName"",""#text"":""admmig""},{""@Name"":""SubjectDomainName"",""#text"":""OFFSEC""},{""@Name"":""SubjectLogonId"",""#text"":""0x18ACDD""},{""@Name"":""ObjectType"",""#text"":""File""},{""@Name"":""IpAddress"",""#text"":""10.23.23.9""},{""@Name"":""IpPort"",""#text"":""63566""},{""@Name"":""ShareName"",""#text"":""\\\\*\\C$""},{""@Name"":""ShareLocalPath"",""#text"":""\\??\\C:\\""},{""@Name"":""RelativeTargetName"",""#text"":""Users\\admmig\\Desktop\\SMB exec.evtx""},{""@Name"":""AccessMask"",""#text"":""0x10080""},{""@Name"":""AccessList"",""#text"":""%%1537, %%4423, ""},{""@Name"":""AccessReason"",""#text"":""-""}]}}"
1002,437734,2021-04-22 11:32:36.1091317,5145,LogAlways,Microsoft-Windows-Security-Auditing,Security,480,488,fs03vuln.offsec.lan,10,,Network share object access,OFFSEC\admmig,10.23.23.9:63566,Share: \\*\C$ (\??\C:\),Object: Users\admmig\Desktop\SMB exec.evtx,AccessList: ReadAttributes,AccessMask: Unknown code (0x80),SID: S-1-5-21-4230534742-2542757381-3142984815-1111,,,False,EVTX-to-MITRE-Attack\TA0002-Execution\T1047-Windows Management Instrumentation\ID4688-5145-WMIexec execution via SMB.evtx,Audit success,0,"{""EventData"":{""Data"":[{""@Name"":""SubjectUserSid"",""#text"":""S-1-5-21-4230534742-2542757381-3142984815-1111""},{""@Name"":""SubjectUserName"",""#text"":""admmig""},{""@Name"":""SubjectDomainName"",""#text"":""OFFSEC""},{""@Name"":""SubjectLogonId"",""#text"":""0x18ACDD""},{""@Name"":""ObjectType"",""#text"":""File""},{""@Name"":""IpAddress"",""#text"":""10.23.23.9""},{""@Name"":""IpPort"",""#text"":""63566""},{""@Name"":""ShareName"",""#text"":""\\\\*\\C$""},{""@Name"":""ShareLocalPath"",""#text"":""\\??\\C:\\""},{""@Name"":""RelativeTargetName"",""#text"":""Users\\admmig\\Desktop\\SMB exec.evtx""},{""@Name"":""AccessMask"",""#text"":""0x80""},{""@Name"":""AccessList"",""#text"":""%%4423, ""},{""@Name"":""AccessReason"",""#text"":""-""}]}}"
1003,437735,2021-04-22 11:32:36.1091317,5145,LogAlways,Microsoft-Windows-Security-Auditing,Security,480,488,fs03vuln.offsec.lan,10,,Network share object access,OFFSEC\admmig,10.23.23.9:63567,Share: \\*\C$ (\??\C:\),Object: \,AccessList: Unknown code (%%1541 | %%4416 | %%4423),AccessMask: Unknown code (0x100081),SID: S-1-5-21-4230534742-2542757381-3142984815-1111,,,False,EVTX-to-MITRE-Attack\TA0002-Execution\T1047-Windows Management Instrumentation\ID4688-5145-WMIexec execution via SMB.evtx,Audit success,0,"{""EventData"":{""Data"":[{""@Name"":""SubjectUserSid"",""#text"":""S-1-5-21-4230534742-2542757381-3142984815-1111""},{""@Name"":""SubjectUserName"",""#text"":""admmig""},{""@Name"":""SubjectDomainName"",""#text"":""OFFSEC""},{""@Name"":""SubjectLogonId"",""#text"":""0x18ACDD""},{""@Name"":""ObjectType"",""#text"":""File""},{""@Name"":""IpAddress"",""#text"":""10.23.23.9""},{""@Name"":""IpPort"",""#text"":""63567""},{""@Name"":""ShareName"",""#text"":""\\\\*\\C$""},{""@Name"":""ShareLocalPath"",""#text"":""\\??\\C:\\""},{""@Name"":""RelativeTargetName"",""#text"":""\\""},{""@Name"":""AccessMask"",""#text"":""0x100081""},{""@Name"":""AccessList"",""#text"":""%%1541, %%4416, %%4423, ""},{""@Name"":""AccessReason"",""#text"":""-""}]}}"
1004,437736,2021-04-22 11:32:36.1091317,5145,LogAlways,Microsoft-Windows-Security-Auditing,Security,480,488,fs03vuln.offsec.lan,10,,Network share object access,OFFSEC\admmig,10.23.23.9:63567,Share: \\*\C$ (\??\C:\),Object: Users,AccessList: Unknown code (%%1541 | %%4416 | %%4423),AccessMask: Unknown code (0x100081),SID: S-1-5-21-4230534742-2542757381-3142984815-1111,,,False,EVTX-to-MITRE-Attack\TA0002-Execution\T1047-Windows Management Instrumentation\ID4688-5145-WMIexec execution via SMB.evtx,Audit success,0,"{""EventData"":{""Data"":[{""@Name"":""SubjectUserSid"",""#text"":""S-1-5-21-4230534742-2542757381-3142984815-1111""},{""@Name"":""SubjectUserName"",""#text"":""admmig""},{""@Name"":""SubjectDomainName"",""#text"":""OFFSEC""},{""@Name"":""SubjectLogonId"",""#text"":""0x18ACDD""},{""@Name"":""ObjectType"",""#text"":""File""},{""@Name"":""IpAddress"",""#text"":""10.23.23.9""},{""@Name"":""IpPort"",""#text"":""63567""},{""@Name"":""ShareName"",""#text"":""\\\\*\\C$""},{""@Name"":""ShareLocalPath"",""#text"":""\\??\\C:\\""},{""@Name"":""RelativeTargetName"",""#text"":""Users""},{""@Name"":""AccessMask"",""#text"":""0x100081""},{""@Name"":""AccessList"",""#text"":""%%1541, %%4416, %%4423, ""},{""@Name"":""AccessReason"",""#text"":""-""}]}}"
1005,437737,2021-04-22 11:32:36.1247690,5145,LogAlways,Microsoft-Windows-Security-Auditing,Security,480,488,fs03vuln.offsec.lan,10,,Network share object access,OFFSEC\admmig,10.23.23.9:63564,Share: \\*\C$ (\??\C:\),Object: Users\admmig,AccessList: Unknown code (%%1541 | %%4416 | %%4423),AccessMask: Unknown code (0x100081),SID: S-1-5-21-4230534742-2542757381-3142984815-1111,,,False,EVTX-to-MITRE-Attack\TA0002-Execution\T1047-Windows Management Instrumentation\ID4688-5145-WMIexec execution via SMB.evtx,Audit success,0,"{""EventData"":{""Data"":[{""@Name"":""SubjectUserSid"",""#text"":""S-1-5-21-4230534742-2542757381-3142984815-1111""},{""@Name"":""SubjectUserName"",""#text"":""admmig""},{""@Name"":""SubjectDomainName"",""#text"":""OFFSEC""},{""@Name"":""SubjectLogonId"",""#text"":""0x18B247""},{""@Name"":""ObjectType"",""#text"":""File""},{""@Name"":""IpAddress"",""#text"":""10.23.23.9""},{""@Name"":""IpPort"",""#text"":""63564""},{""@Name"":""ShareName"",""#text"":""\\\\*\\C$""},{""@Name"":""ShareLocalPath"",""#text"":""\\??\\C:\\""},{""@Name"":""RelativeTargetName"",""#text"":""Users\\admmig""},{""@Name"":""AccessMask"",""#text"":""0x100081""},{""@Name"":""AccessList"",""#text"":""%%1541, %%4416, %%4423, ""},{""@Name"":""AccessReason"",""#text"":""-""}]}}"
1006,437738,2021-04-22 11:32:36.1247690,5145,LogAlways,Microsoft-Windows-Security-Auditing,Security,480,488,fs03vuln.offsec.lan,10,,Network share object access,OFFSEC\admmig,10.23.23.9:63564,Share: \\*\C$ (\??\C:\),Object: USERS\ADMMIG\DESKTOP\DESKTOP.INI,AccessList: Unknown code (%%1538 | %%1541 | %%4416 | %%4419 | %%4423),AccessMask: Unknown code (0x120089),SID: S-1-5-21-4230534742-2542757381-3142984815-1111,,,False,EVTX-to-MITRE-Attack\TA0002-Execution\T1047-Windows Management Instrumentation\ID4688-5145-WMIexec execution via SMB.evtx,Audit success,0,"{""EventData"":{""Data"":[{""@Name"":""SubjectUserSid"",""#text"":""S-1-5-21-4230534742-2542757381-3142984815-1111""},{""@Name"":""SubjectUserName"",""#text"":""admmig""},{""@Name"":""SubjectDomainName"",""#text"":""OFFSEC""},{""@Name"":""SubjectLogonId"",""#text"":""0x18B247""},{""@Name"":""ObjectType"",""#text"":""File""},{""@Name"":""IpAddress"",""#text"":""10.23.23.9""},{""@Name"":""IpPort"",""#text"":""63564""},{""@Name"":""ShareName"",""#text"":""\\\\*\\C$""},{""@Name"":""ShareLocalPath"",""#text"":""\\??\\C:\\""},{""@Name"":""RelativeTargetName"",""#text"":""USERS\\ADMMIG\\DESKTOP\\DESKTOP.INI""},{""@Name"":""AccessMask"",""#text"":""0x120089""},{""@Name"":""AccessList"",""#text"":""%%1538, %%1541, %%4416, %%4419, %%4423, ""},{""@Name"":""AccessReason"",""#text"":""-""}]}}"
1007,437739,2021-04-22 11:32:36.1247690,5140,LogAlways,Microsoft-Windows-Security-Auditing,Security,4,2644,fs03vuln.offsec.lan,10,,A network share object was accessed,OFFSEC\admmig,10.23.23.9:63564,Share: \\*\IPC$ (),Sid: S-1-5-21-4230534742-2542757381-3142984815-1111,AccessList: ReadData (or ListDirectory),AccessMask: Unknown code (0x1),,,,False,EVTX-to-MITRE-Attack\TA0002-Execution\T1047-Windows Management Instrumentation\ID4688-5145-WMIexec execution via SMB.evtx,Audit success,0,"{""EventData"":{""Data"":[{""@Name"":""SubjectUserSid"",""#text"":""S-1-5-21-4230534742-2542757381-3142984815-1111""},{""@Name"":""SubjectUserName"",""#text"":""admmig""},{""@Name"":""SubjectDomainName"",""#text"":""OFFSEC""},{""@Name"":""SubjectLogonId"",""#text"":""0x18B247""},{""@Name"":""ObjectType"",""#text"":""File""},{""@Name"":""IpAddress"",""#text"":""10.23.23.9""},{""@Name"":""IpPort"",""#text"":""63564""},{""@Name"":""ShareName"",""#text"":""\\\\*\\IPC$""},{""@Name"":""ShareLocalPath""},{""@Name"":""AccessMask"",""#text"":""0x1""},{""@Name"":""AccessList"",""#text"":""%%4416, ""}]}}"
1008,437740,2021-04-22 11:32:36.1247690,5145,LogAlways,Microsoft-Windows-Security-Auditing,Security,480,488,fs03vuln.offsec.lan,10,,Network share object access,OFFSEC\admmig,10.23.23.9:63564,Share: \\*\IPC$ (),Object: srvsvc,AccessList: Unknown code (%%1538 | %%1541 | %%4416 | %%4417 | %%4418 | %%4419 | %%4420 | %%4423 | %%4424),AccessMask: Unknown code (0x12019F),SID: S-1-5-21-4230534742-2542757381-3142984815-1111,,,False,EVTX-to-MITRE-Attack\TA0002-Execution\T1047-Windows Management Instrumentation\ID4688-5145-WMIexec execution via SMB.evtx,Audit success,0,"{""EventData"":{""Data"":[{""@Name"":""SubjectUserSid"",""#text"":""S-1-5-21-4230534742-2542757381-3142984815-1111""},{""@Name"":""SubjectUserName"",""#text"":""admmig""},{""@Name"":""SubjectDomainName"",""#text"":""OFFSEC""},{""@Name"":""SubjectLogonId"",""#text"":""0x18B247""},{""@Name"":""ObjectType"",""#text"":""File""},{""@Name"":""IpAddress"",""#text"":""10.23.23.9""},{""@Name"":""IpPort"",""#text"":""63564""},{""@Name"":""ShareName"",""#text"":""\\\\*\\IPC$""},{""@Name"":""ShareLocalPath""},{""@Name"":""RelativeTargetName"",""#text"":""srvsvc""},{""@Name"":""AccessMask"",""#text"":""0x12019F""},{""@Name"":""AccessList"",""#text"":""%%1538, %%1541, %%4416, %%4417, %%4418, %%4419, %%4420, %%4423, %%4424, ""},{""@Name"":""AccessReason"",""#text"":""-""}]}}"
1009,437741,2021-04-22 11:32:36.1247690,4964,LogAlways,Microsoft-Windows-Security-Auditing,Security,480,1496,fs03vuln.offsec.lan,10,,,,,,,,,,,,False,EVTX-to-MITRE-Attack\TA0002-Execution\T1047-Windows Management Instrumentation\ID4688-5145-WMIexec execution via SMB.evtx,Audit success,0,"{""EventData"":{""Data"":[{""@Name"":""SubjectUserSid"",""#text"":""S-1-5-18""},{""@Name"":""SubjectUserName"",""#text"":""FS03VULN$""},{""@Name"":""SubjectDomainName"",""#text"":""OFFSEC""},{""@Name"":""SubjectLogonId"",""#text"":""0x3E7""},{""@Name"":""LogonGuid"",""#text"":""00000000-0000-0000-0000-000000000000""},{""@Name"":""TargetUserSid"",""#text"":""S-1-5-21-4230534742-2542757381-3142984815-1111""},{""@Name"":""TargetUserName"",""#text"":""admmig""},{""@Name"":""TargetDomainName"",""#text"":""OFFSEC""},{""@Name"":""TargetLogonId"",""#text"":""0x18C318""},{""@Name"":""TargetLogonGuid"",""#text"":""00000000-0000-0000-0000-000000000000""},{""@Name"":""SidList"",""#text"":"", %{S-1-5-21-4230534742-2542757381-3142984815-1613}""}]}}"
1010,437742,2021-04-22 11:32:36.1247690,4672,LogAlways,Microsoft-Windows-Security-Auditing,Security,480,1496,fs03vuln.offsec.lan,11,,Administrative logon,OFFSEC\admmig (S-1-5-21-4230534742-2542757381-3142984815-1111),,"PrivilegeList: SeSecurityPrivilege, SeBackupPrivilege, SeRestorePrivilege, SeTakeOwnershipPrivilege, SeDebugPrivilege, SeSystemEnvironmentPrivilege, SeLoadDriverPrivilege, SeImpersonatePrivilege",LogonId: 0x18C318,,,,,,False,EVTX-to-MITRE-Attack\TA0002-Execution\T1047-Windows Management Instrumentation\ID4688-5145-WMIexec execution via SMB.evtx,Audit success,0,"{""EventData"":{""Data"":[{""@Name"":""SubjectUserSid"",""#text"":""S-1-5-21-4230534742-2542757381-3142984815-1111""},{""@Name"":""SubjectUserName"",""#text"":""admmig""},{""@Name"":""SubjectDomainName"",""#text"":""OFFSEC""},{""@Name"":""SubjectLogonId"",""#text"":""0x18C318""},{""@Name"":""PrivilegeList"",""#text"":""SeSecurityPrivilege, SeBackupPrivilege, SeRestorePrivilege, SeTakeOwnershipPrivilege, SeDebugPrivilege, SeSystemEnvironmentPrivilege, SeLoadDriverPrivilege, SeImpersonatePrivilege""}]}}"
1011,437743,2021-04-22 11:32:36.1247690,4624,LogAlways,Microsoft-Windows-Security-Auditing,Security,480,1496,fs03vuln.offsec.lan,11,,Successful logon,-\-," (10.23.23.9)",Target: OFFSEC\admmig,LogonType 3,LogonId: 0x18C318,AuthenticationPackageName: Kerberos,LogonProcessName: Kerberos,,-,False,EVTX-to-MITRE-Attack\TA0002-Execution\T1047-Windows Management Instrumentation\ID4688-5145-WMIexec execution via SMB.evtx,Audit success,0,"{""EventData"":{""Data"":[{""@Name"":""SubjectUserSid"",""#text"":""S-1-0-0""},{""@Name"":""SubjectUserName"",""#text"":""-""},{""@Name"":""SubjectDomainName"",""#text"":""-""},{""@Name"":""SubjectLogonId"",""#text"":""0x0""},{""@Name"":""TargetUserSid"",""#text"":""S-1-5-21-4230534742-2542757381-3142984815-1111""},{""@Name"":""TargetUserName"",""#text"":""admmig""},{""@Name"":""TargetDomainName"",""#text"":""OFFSEC""},{""@Name"":""TargetLogonId"",""#text"":""0x18C318""},{""@Name"":""LogonType"",""#text"":""3""},{""@Name"":""LogonProcessName"",""#text"":""Kerberos""},{""@Name"":""AuthenticationPackageName"",""#text"":""Kerberos""},{""@Name"":""WorkstationName""},{""@Name"":""LogonGuid"",""#text"":""ccc68f13-79cf-d845-0d12-f169830d13fe""},{""@Name"":""TransmittedServices"",""#text"":""-""},{""@Name"":""LmPackageName"",""#text"":""-""},{""@Name"":""KeyLength"",""#text"":""0""},{""@Name"":""ProcessId"",""#text"":""0x0""},{""@Name"":""ProcessName"",""#text"":""-""},{""@Name"":""IpAddress"",""#text"":""10.23.23.9""},{""@Name"":""IpPort"",""#text"":""63565""},{""@Name"":""ImpersonationLevel"",""#text"":""%%1833""}]}}"
1012,437744,2021-04-22 11:32:36.1247690,4964,LogAlways,Microsoft-Windows-Security-Auditing,Security,480,1344,fs03vuln.offsec.lan,11,,,,,,,,,,,,False,EVTX-to-MITRE-Attack\TA0002-Execution\T1047-Windows Management Instrumentation\ID4688-5145-WMIexec execution via SMB.evtx,Audit success,0,"{""EventData"":{""Data"":[{""@Name"":""SubjectUserSid"",""#text"":""S-1-5-18""},{""@Name"":""SubjectUserName"",""#text"":""FS03VULN$""},{""@Name"":""SubjectDomainName"",""#text"":""OFFSEC""},{""@Name"":""SubjectLogonId"",""#text"":""0x3E7""},{""@Name"":""LogonGuid"",""#text"":""00000000-0000-0000-0000-000000000000""},{""@Name"":""TargetUserSid"",""#text"":""S-1-5-21-4230534742-2542757381-3142984815-1111""},{""@Name"":""TargetUserName"",""#text"":""admmig""},{""@Name"":""TargetDomainName"",""#text"":""OFFSEC""},{""@Name"":""TargetLogonId"",""#text"":""0x18C326""},{""@Name"":""TargetLogonGuid"",""#text"":""00000000-0000-0000-0000-000000000000""},{""@Name"":""SidList"",""#text"":"", %{S-1-5-21-4230534742-2542757381-3142984815-1613}""}]}}"
1013,437745,2021-04-22 11:32:36.1247690,4672,LogAlways,Microsoft-Windows-Security-Auditing,Security,480,1344,fs03vuln.offsec.lan,11,,Administrative logon,OFFSEC\admmig (S-1-5-21-4230534742-2542757381-3142984815-1111),,"PrivilegeList: SeSecurityPrivilege, SeBackupPrivilege, SeRestorePrivilege, SeTakeOwnershipPrivilege, SeDebugPrivilege, SeSystemEnvironmentPrivilege, SeLoadDriverPrivilege, SeImpersonatePrivilege",LogonId: 0x18C326,,,,,,False,EVTX-to-MITRE-Attack\TA0002-Execution\T1047-Windows Management Instrumentation\ID4688-5145-WMIexec execution via SMB.evtx,Audit success,0,"{""EventData"":{""Data"":[{""@Name"":""SubjectUserSid"",""#text"":""S-1-5-21-4230534742-2542757381-3142984815-1111""},{""@Name"":""SubjectUserName"",""#text"":""admmig""},{""@Name"":""SubjectDomainName"",""#text"":""OFFSEC""},{""@Name"":""SubjectLogonId"",""#text"":""0x18C326""},{""@Name"":""PrivilegeList"",""#text"":""SeSecurityPrivilege, SeBackupPrivilege, SeRestorePrivilege, SeTakeOwnershipPrivilege, SeDebugPrivilege, SeSystemEnvironmentPrivilege, SeLoadDriverPrivilege, SeImpersonatePrivilege""}]}}"
1014,437746,2021-04-22 11:32:36.1247690,4624,LogAlways,Microsoft-Windows-Security-Auditing,Security,480,1344,fs03vuln.offsec.lan,11,,Successful logon,-\-," (10.23.23.9)",Target: OFFSEC\admmig,LogonType 3,LogonId: 0x18C326,AuthenticationPackageName: Kerberos,LogonProcessName: Kerberos,,-,False,EVTX-to-MITRE-Attack\TA0002-Execution\T1047-Windows Management Instrumentation\ID4688-5145-WMIexec execution via SMB.evtx,Audit success,0,"{""EventData"":{""Data"":[{""@Name"":""SubjectUserSid"",""#text"":""S-1-0-0""},{""@Name"":""SubjectUserName"",""#text"":""-""},{""@Name"":""SubjectDomainName"",""#text"":""-""},{""@Name"":""SubjectLogonId"",""#text"":""0x0""},{""@Name"":""TargetUserSid"",""#text"":""S-1-5-21-4230534742-2542757381-3142984815-1111""},{""@Name"":""TargetUserName"",""#text"":""admmig""},{""@Name"":""TargetDomainName"",""#text"":""OFFSEC""},{""@Name"":""TargetLogonId"",""#text"":""0x18C326""},{""@Name"":""LogonType"",""#text"":""3""},{""@Name"":""LogonProcessName"",""#text"":""Kerberos""},{""@Name"":""AuthenticationPackageName"",""#text"":""Kerberos""},{""@Name"":""WorkstationName""},{""@Name"":""LogonGuid"",""#text"":""ccc68f13-79cf-d845-0d12-f169830d13fe""},{""@Name"":""TransmittedServices"",""#text"":""-""},{""@Name"":""LmPackageName"",""#text"":""-""},{""@Name"":""KeyLength"",""#text"":""0""},{""@Name"":""ProcessId"",""#text"":""0x0""},{""@Name"":""ProcessName"",""#text"":""-""},{""@Name"":""IpAddress"",""#text"":""10.23.23.9""},{""@Name"":""IpPort"",""#text"":""63566""},{""@Name"":""ImpersonationLevel"",""#text"":""%%1833""}]}}"
1015,437747,2021-04-22 11:32:36.1247690,4964,LogAlways,Microsoft-Windows-Security-Auditing,Security,480,1344,fs03vuln.offsec.lan,11,,,,,,,,,,,,False,EVTX-to-MITRE-Attack\TA0002-Execution\T1047-Windows Management Instrumentation\ID4688-5145-WMIexec execution via SMB.evtx,Audit success,0,"{""EventData"":{""Data"":[{""@Name"":""SubjectUserSid"",""#text"":""S-1-5-18""},{""@Name"":""SubjectUserName"",""#text"":""FS03VULN$""},{""@Name"":""SubjectDomainName"",""#text"":""OFFSEC""},{""@Name"":""SubjectLogonId"",""#text"":""0x3E7""},{""@Name"":""LogonGuid"",""#text"":""00000000-0000-0000-0000-000000000000""},{""@Name"":""TargetUserSid"",""#text"":""S-1-5-21-4230534742-2542757381-3142984815-1111""},{""@Name"":""TargetUserName"",""#text"":""admmig""},{""@Name"":""TargetDomainName"",""#text"":""OFFSEC""},{""@Name"":""TargetLogonId"",""#text"":""0x18C336""},{""@Name"":""TargetLogonGuid"",""#text"":""00000000-0000-0000-0000-000000000000""},{""@Name"":""SidList"",""#text"":"", %{S-1-5-21-4230534742-2542757381-3142984815-1613}""}]}}"
1016,437748,2021-04-22 11:32:36.1247690,4672,LogAlways,Microsoft-Windows-Security-Auditing,Security,480,1344,fs03vuln.offsec.lan,11,,Administrative logon,OFFSEC\admmig (S-1-5-21-4230534742-2542757381-3142984815-1111),,"PrivilegeList: SeSecurityPrivilege, SeBackupPrivilege, SeRestorePrivilege, SeTakeOwnershipPrivilege, SeDebugPrivilege, SeSystemEnvironmentPrivilege, SeLoadDriverPrivilege, SeImpersonatePrivilege",LogonId: 0x18C336,,,,,,False,EVTX-to-MITRE-Attack\TA0002-Execution\T1047-Windows Management Instrumentation\ID4688-5145-WMIexec execution via SMB.evtx,Audit success,0,"{""EventData"":{""Data"":[{""@Name"":""SubjectUserSid"",""#text"":""S-1-5-21-4230534742-2542757381-3142984815-1111""},{""@Name"":""SubjectUserName"",""#text"":""admmig""},{""@Name"":""SubjectDomainName"",""#text"":""OFFSEC""},{""@Name"":""SubjectLogonId"",""#text"":""0x18C336""},{""@Name"":""PrivilegeList"",""#text"":""SeSecurityPrivilege, SeBackupPrivilege, SeRestorePrivilege, SeTakeOwnershipPrivilege, SeDebugPrivilege, SeSystemEnvironmentPrivilege, SeLoadDriverPrivilege, SeImpersonatePrivilege""}]}}"
1017,437749,2021-04-22 11:32:36.1247690,4624,LogAlways,Microsoft-Windows-Security-Auditing,Security,480,1344,fs03vuln.offsec.lan,11,,Successful logon,-\-," (10.23.23.9)",Target: OFFSEC\admmig,LogonType 3,LogonId: 0x18C336,AuthenticationPackageName: Kerberos,LogonProcessName: Kerberos,,-,False,EVTX-to-MITRE-Attack\TA0002-Execution\T1047-Windows Management Instrumentation\ID4688-5145-WMIexec execution via SMB.evtx,Audit success,0,"{""EventData"":{""Data"":[{""@Name"":""SubjectUserSid"",""#text"":""S-1-0-0""},{""@Name"":""SubjectUserName"",""#text"":""-""},{""@Name"":""SubjectDomainName"",""#text"":""-""},{""@Name"":""SubjectLogonId"",""#text"":""0x0""},{""@Name"":""TargetUserSid"",""#text"":""S-1-5-21-4230534742-2542757381-3142984815-1111""},{""@Name"":""TargetUserName"",""#text"":""admmig""},{""@Name"":""TargetDomainName"",""#text"":""OFFSEC""},{""@Name"":""TargetLogonId"",""#text"":""0x18C336""},{""@Name"":""LogonType"",""#text"":""3""},{""@Name"":""LogonProcessName"",""#text"":""Kerberos""},{""@Name"":""AuthenticationPackageName"",""#text"":""Kerberos""},{""@Name"":""WorkstationName""},{""@Name"":""LogonGuid"",""#text"":""ccc68f13-79cf-d845-0d12-f169830d13fe""},{""@Name"":""TransmittedServices"",""#text"":""-""},{""@Name"":""LmPackageName"",""#text"":""-""},{""@Name"":""KeyLength"",""#text"":""0""},{""@Name"":""ProcessId"",""#text"":""0x0""},{""@Name"":""ProcessName"",""#text"":""-""},{""@Name"":""IpAddress"",""#text"":""10.23.23.9""},{""@Name"":""IpPort"",""#text"":""63567""},{""@Name"":""ImpersonationLevel"",""#text"":""%%1833""}]}}"
1018,437750,2021-04-22 11:32:36.1403906,5145,LogAlways,Microsoft-Windows-Security-Auditing,Security,480,488,fs03vuln.offsec.lan,11,,Network share object access,OFFSEC\admmig,10.23.23.9:63566,Share: \\*\C$ (\??\C:\),Object: Users\admmig\Desktop,AccessList: Unknown code (%%1541 | %%4423),AccessMask: Unknown code (0x100080),SID: S-1-5-21-4230534742-2542757381-3142984815-1111,,,False,EVTX-to-MITRE-Attack\TA0002-Execution\T1047-Windows Management Instrumentation\ID4688-5145-WMIexec execution via SMB.evtx,Audit success,0,"{""EventData"":{""Data"":[{""@Name"":""SubjectUserSid"",""#text"":""S-1-5-21-4230534742-2542757381-3142984815-1111""},{""@Name"":""SubjectUserName"",""#text"":""admmig""},{""@Name"":""SubjectDomainName"",""#text"":""OFFSEC""},{""@Name"":""SubjectLogonId"",""#text"":""0x18B247""},{""@Name"":""ObjectType"",""#text"":""File""},{""@Name"":""IpAddress"",""#text"":""10.23.23.9""},{""@Name"":""IpPort"",""#text"":""63566""},{""@Name"":""ShareName"",""#text"":""\\\\*\\C$""},{""@Name"":""ShareLocalPath"",""#text"":""\\??\\C:\\""},{""@Name"":""RelativeTargetName"",""#text"":""Users\\admmig\\Desktop""},{""@Name"":""AccessMask"",""#text"":""0x100080""},{""@Name"":""AccessList"",""#text"":""%%1541, %%4423, ""},{""@Name"":""AccessReason"",""#text"":""-""}]}}"
1019,437751,2021-04-22 11:32:36.1797134,5145,LogAlways,Microsoft-Windows-Security-Auditing,Security,480,488,fs03vuln.offsec.lan,11,,Network share object access,OFFSEC\admmig,10.23.23.9:63566,Share: \\*\C$ (\??\C:\),Object: USERS\ADMMIG\DESKTOP,AccessList: Unknown code (%%1541 | %%4416 | %%4423),AccessMask: Unknown code (0x100081),SID: S-1-5-21-4230534742-2542757381-3142984815-1111,,,False,EVTX-to-MITRE-Attack\TA0002-Execution\T1047-Windows Management Instrumentation\ID4688-5145-WMIexec execution via SMB.evtx,Audit success,0,"{""EventData"":{""Data"":[{""@Name"":""SubjectUserSid"",""#text"":""S-1-5-21-4230534742-2542757381-3142984815-1111""},{""@Name"":""SubjectUserName"",""#text"":""admmig""},{""@Name"":""SubjectDomainName"",""#text"":""OFFSEC""},{""@Name"":""SubjectLogonId"",""#text"":""0x18ACDD""},{""@Name"":""ObjectType"",""#text"":""File""},{""@Name"":""IpAddress"",""#text"":""10.23.23.9""},{""@Name"":""IpPort"",""#text"":""63566""},{""@Name"":""ShareName"",""#text"":""\\\\*\\C$""},{""@Name"":""ShareLocalPath"",""#text"":""\\??\\C:\\""},{""@Name"":""RelativeTargetName"",""#text"":""USERS\\ADMMIG\\DESKTOP""},{""@Name"":""AccessMask"",""#text"":""0x100081""},{""@Name"":""AccessList"",""#text"":""%%1541, %%4416, %%4423, ""},{""@Name"":""AccessReason"",""#text"":""-""}]}}"
1020,437752,2021-04-22 11:32:36.1953843,5145,LogAlways,Microsoft-Windows-Security-Auditing,Security,480,488,fs03vuln.offsec.lan,11,,Network share object access,OFFSEC\admmig,10.23.23.9:63565,Share: \\*\C$ (\??\C:\),Object: Users\admmig\Desktop,AccessList: Unknown code (%%1541 | %%4416 | %%4423),AccessMask: Unknown code (0x100081),SID: S-1-5-21-4230534742-2542757381-3142984815-1111,,,False,EVTX-to-MITRE-Attack\TA0002-Execution\T1047-Windows Management Instrumentation\ID4688-5145-WMIexec execution via SMB.evtx,Audit success,0,"{""EventData"":{""Data"":[{""@Name"":""SubjectUserSid"",""#text"":""S-1-5-21-4230534742-2542757381-3142984815-1111""},{""@Name"":""SubjectUserName"",""#text"":""admmig""},{""@Name"":""SubjectDomainName"",""#text"":""OFFSEC""},{""@Name"":""SubjectLogonId"",""#text"":""0x18B247""},{""@Name"":""ObjectType"",""#text"":""File""},{""@Name"":""IpAddress"",""#text"":""10.23.23.9""},{""@Name"":""IpPort"",""#text"":""63565""},{""@Name"":""ShareName"",""#text"":""\\\\*\\C$""},{""@Name"":""ShareLocalPath"",""#text"":""\\??\\C:\\""},{""@Name"":""RelativeTargetName"",""#text"":""Users\\admmig\\Desktop""},{""@Name"":""AccessMask"",""#text"":""0x100081""},{""@Name"":""AccessList"",""#text"":""%%1541, %%4416, %%4423, ""},{""@Name"":""AccessReason"",""#text"":""-""}]}}"
1021,437753,2021-04-22 11:32:36.2110091,5145,LogAlways,Microsoft-Windows-Security-Auditing,Security,480,488,fs03vuln.offsec.lan,11,,Network share object access,OFFSEC\admmig,10.23.23.9:63567,Share: \\*\C$ (\??\C:\),Object: Users\admmig\Desktop,AccessList: Unknown code (%%1541 | %%4423),AccessMask: Unknown code (0x100080),SID: S-1-5-21-4230534742-2542757381-3142984815-1111,,,False,EVTX-to-MITRE-Attack\TA0002-Execution\T1047-Windows Management Instrumentation\ID4688-5145-WMIexec execution via SMB.evtx,Audit success,0,"{""EventData"":{""Data"":[{""@Name"":""SubjectUserSid"",""#text"":""S-1-5-21-4230534742-2542757381-3142984815-1111""},{""@Name"":""SubjectUserName"",""#text"":""admmig""},{""@Name"":""SubjectDomainName"",""#text"":""OFFSEC""},{""@Name"":""SubjectLogonId"",""#text"":""0x18B247""},{""@Name"":""ObjectType"",""#text"":""File""},{""@Name"":""IpAddress"",""#text"":""10.23.23.9""},{""@Name"":""IpPort"",""#text"":""63567""},{""@Name"":""ShareName"",""#text"":""\\\\*\\C$""},{""@Name"":""ShareLocalPath"",""#text"":""\\??\\C:\\""},{""@Name"":""RelativeTargetName"",""#text"":""Users\\admmig\\Desktop""},{""@Name"":""AccessMask"",""#text"":""0x100080""},{""@Name"":""AccessList"",""#text"":""%%1541, %%4423, ""},{""@Name"":""AccessReason"",""#text"":""-""}]}}"
1022,437754,2021-04-22 11:32:36.2110091,5145,LogAlways,Microsoft-Windows-Security-Auditing,Security,480,488,fs03vuln.offsec.lan,11,,Network share object access,OFFSEC\admmig,10.23.23.9:63565,Share: \\*\C$ (\??\C:\),Object: Users\admmig,AccessList: Unknown code (%%1541 | %%4423),AccessMask: Unknown code (0x100080),SID: S-1-5-21-4230534742-2542757381-3142984815-1111,,,False,EVTX-to-MITRE-Attack\TA0002-Execution\T1047-Windows Management Instrumentation\ID4688-5145-WMIexec execution via SMB.evtx,Audit success,0,"{""EventData"":{""Data"":[{""@Name"":""SubjectUserSid"",""#text"":""S-1-5-21-4230534742-2542757381-3142984815-1111""},{""@Name"":""SubjectUserName"",""#text"":""admmig""},{""@Name"":""SubjectDomainName"",""#text"":""OFFSEC""},{""@Name"":""SubjectLogonId"",""#text"":""0x18B247""},{""@Name"":""ObjectType"",""#text"":""File""},{""@Name"":""IpAddress"",""#text"":""10.23.23.9""},{""@Name"":""IpPort"",""#text"":""63565""},{""@Name"":""ShareName"",""#text"":""\\\\*\\C$""},{""@Name"":""ShareLocalPath"",""#text"":""\\??\\C:\\""},{""@Name"":""RelativeTargetName"",""#text"":""Users\\admmig""},{""@Name"":""AccessMask"",""#text"":""0x100080""},{""@Name"":""AccessList"",""#text"":""%%1541, %%4423, ""},{""@Name"":""AccessReason"",""#text"":""-""}]}}"
1023,437755,2021-04-22 11:32:36.2110091,5145,LogAlways,Microsoft-Windows-Security-Auditing,Security,480,488,fs03vuln.offsec.lan,11,,Network share object access,OFFSEC\admmig,10.23.23.9:63566,Share: \\*\C$ (\??\C:\),Object: Users\admmig,AccessList: Unknown code (%%1541 | %%4423),AccessMask: Unknown code (0x100080),SID: S-1-5-21-4230534742-2542757381-3142984815-1111,,,False,EVTX-to-MITRE-Attack\TA0002-Execution\T1047-Windows Management Instrumentation\ID4688-5145-WMIexec execution via SMB.evtx,Audit success,0,"{""EventData"":{""Data"":[{""@Name"":""SubjectUserSid"",""#text"":""S-1-5-21-4230534742-2542757381-3142984815-1111""},{""@Name"":""SubjectUserName"",""#text"":""admmig""},{""@Name"":""SubjectDomainName"",""#text"":""OFFSEC""},{""@Name"":""SubjectLogonId"",""#text"":""0x18B247""},{""@Name"":""ObjectType"",""#text"":""File""},{""@Name"":""IpAddress"",""#text"":""10.23.23.9""},{""@Name"":""IpPort"",""#text"":""63566""},{""@Name"":""ShareName"",""#text"":""\\\\*\\C$""},{""@Name"":""ShareLocalPath"",""#text"":""\\??\\C:\\""},{""@Name"":""RelativeTargetName"",""#text"":""Users\\admmig""},{""@Name"":""AccessMask"",""#text"":""0x100080""},{""@Name"":""AccessList"",""#text"":""%%1541, %%4423, ""},{""@Name"":""AccessReason"",""#text"":""-""}]}}"
