RecordNumber,EventRecordId,TimeCreated,EventId,Level,Provider,Channel,ProcessId,ThreadId,Computer,ChunkNumber,UserId,MapDescription,UserName,RemoteHost,PayloadData1,PayloadData2,PayloadData3,PayloadData4,PayloadData5,PayloadData6,ExecutableInfo,HiddenRecord,SourceFile,Keywords,ExtraDataOffset,Payload
1,436733,2021-04-22 11:32:00.1712193,1102,Info,Microsoft-Windows-Eventlog,Security,704,716,fs03vuln.offsec.lan,0,,Event log cleared,OFFSEC\admmig,,SID: (S-1-5-21-4230534742-2542757381-3142984815-1111),,,,,,,False,EVTX-to-MITRE-Attack\TA0002-Execution\T1047-Windows Management Instrumentation\ID4688-5145-WMIexec execution via SMB.evtx,0x4020000000000000,0,"{""UserData"":{""LogFileCleared"":{""SubjectUserSid"":""S-1-5-21-4230534742-2542757381-3142984815-1111"",""SubjectUserName"":""admmig"",""SubjectDomainName"":""OFFSEC"",""SubjectLogonId"":""0x1898DA""}}}"
2,436734,2021-04-22 11:32:00.1868347,4964,LogAlways,Microsoft-Windows-Security-Auditing,Security,480,2844,fs03vuln.offsec.lan,0,,,,,,,,,,,,False,EVTX-to-MITRE-Attack\TA0002-Execution\T1047-Windows Management Instrumentation\ID4688-5145-WMIexec execution via SMB.evtx,Audit success,0,"{""EventData"":{""Data"":[{""@Name"":""SubjectUserSid"",""#text"":""S-1-5-19""},{""@Name"":""SubjectUserName"",""#text"":""LOCAL SERVICE""},{""@Name"":""SubjectDomainName"",""#text"":""NT AUTHORITY""},{""@Name"":""SubjectLogonId"",""#text"":""0x3E5""},{""@Name"":""LogonGuid"",""#text"":""00000000-0000-0000-0000-000000000000""},{""@Name"":""TargetUserSid"",""#text"":""S-1-5-21-4230534742-2542757381-3142984815-1111""},{""@Name"":""TargetUserName"",""#text"":""admmig""},{""@Name"":""TargetDomainName"",""#text"":""OFFSEC""},{""@Name"":""TargetLogonId"",""#text"":""0x189DF8""},{""@Name"":""TargetLogonGuid"",""#text"":""00000000-0000-0000-0000-000000000000""},{""@Name"":""SidList"",""#text"":"", %{S-1-5-21-4230534742-2542757381-3142984815-1613}""}]}}"
3,436735,2021-04-22 11:32:00.1868347,4672,LogAlways,Microsoft-Windows-Security-Auditing,Security,480,2844,fs03vuln.offsec.lan,0,,Administrative logon,OFFSEC\admmig (S-1-5-21-4230534742-2542757381-3142984815-1111),,"PrivilegeList: SeSecurityPrivilege, SeBackupPrivilege, SeRestorePrivilege, SeTakeOwnershipPrivilege, SeDebugPrivilege, SeSystemEnvironmentPrivilege, SeLoadDriverPrivilege, SeImpersonatePrivilege",LogonId: 0x189DF8,,,,,,False,EVTX-to-MITRE-Attack\TA0002-Execution\T1047-Windows Management Instrumentation\ID4688-5145-WMIexec execution via SMB.evtx,Audit success,0,"{""EventData"":{""Data"":[{""@Name"":""SubjectUserSid"",""#text"":""S-1-5-21-4230534742-2542757381-3142984815-1111""},{""@Name"":""SubjectUserName"",""#text"":""admmig""},{""@Name"":""SubjectDomainName"",""#text"":""OFFSEC""},{""@Name"":""SubjectLogonId"",""#text"":""0x189DF8""},{""@Name"":""PrivilegeList"",""#text"":""SeSecurityPrivilege, SeBackupPrivilege, SeRestorePrivilege, SeTakeOwnershipPrivilege, SeDebugPrivilege, SeSystemEnvironmentPrivilege, SeLoadDriverPrivilege, SeImpersonatePrivilege""}]}}"
4,436736,2021-04-22 11:32:00.1868347,4624,LogAlways,Microsoft-Windows-Security-Auditing,Security,480,2844,fs03vuln.offsec.lan,0,,Successful logon,-\-," (10.23.23.9)",Target: OFFSEC\admmig,LogonType 3,LogonId: 0x189DF8,AuthenticationPackageName: Kerberos,LogonProcessName: Kerberos,,-,False,EVTX-to-MITRE-Attack\TA0002-Execution\T1047-Windows Management Instrumentation\ID4688-5145-WMIexec execution via SMB.evtx,Audit success,0,"{""EventData"":{""Data"":[{""@Name"":""SubjectUserSid"",""#text"":""S-1-0-0""},{""@Name"":""SubjectUserName"",""#text"":""-""},{""@Name"":""SubjectDomainName"",""#text"":""-""},{""@Name"":""SubjectLogonId"",""#text"":""0x0""},{""@Name"":""TargetUserSid"",""#text"":""S-1-5-21-4230534742-2542757381-3142984815-1111""},{""@Name"":""TargetUserName"",""#text"":""admmig""},{""@Name"":""TargetDomainName"",""#text"":""OFFSEC""},{""@Name"":""TargetLogonId"",""#text"":""0x189DF8""},{""@Name"":""LogonType"",""#text"":""3""},{""@Name"":""LogonProcessName"",""#text"":""Kerberos""},{""@Name"":""AuthenticationPackageName"",""#text"":""Kerberos""},{""@Name"":""WorkstationName""},{""@Name"":""LogonGuid"",""#text"":""3ca372f9-20fd-3bdd-b523-1e8ecfd688ef""},{""@Name"":""TransmittedServices"",""#text"":""-""},{""@Name"":""LmPackageName"",""#text"":""-""},{""@Name"":""KeyLength"",""#text"":""0""},{""@Name"":""ProcessId"",""#text"":""0x0""},{""@Name"":""ProcessName"",""#text"":""-""},{""@Name"":""IpAddress"",""#text"":""10.23.23.9""},{""@Name"":""IpPort"",""#text"":""63558""},{""@Name"":""ImpersonationLevel"",""#text"":""%%1833""}]}}"
5,436737,2021-04-22 11:32:01.2933958,4964,LogAlways,Microsoft-Windows-Security-Auditing,Security,480,2844,fs03vuln.offsec.lan,0,,,,,,,,,,,,False,EVTX-to-MITRE-Attack\TA0002-Execution\T1047-Windows Management Instrumentation\ID4688-5145-WMIexec execution via SMB.evtx,Audit success,0,"{""EventData"":{""Data"":[{""@Name"":""SubjectUserSid"",""#text"":""S-1-5-19""},{""@Name"":""SubjectUserName"",""#text"":""LOCAL SERVICE""},{""@Name"":""SubjectDomainName"",""#text"":""NT AUTHORITY""},{""@Name"":""SubjectLogonId"",""#text"":""0x3E5""},{""@Name"":""LogonGuid"",""#text"":""00000000-0000-0000-0000-000000000000""},{""@Name"":""TargetUserSid"",""#text"":""S-1-5-21-4230534742-2542757381-3142984815-1111""},{""@Name"":""TargetUserName"",""#text"":""admmig""},{""@Name"":""TargetDomainName"",""#text"":""OFFSEC""},{""@Name"":""TargetLogonId"",""#text"":""0x189E94""},{""@Name"":""TargetLogonGuid"",""#text"":""00000000-0000-0000-0000-000000000000""},{""@Name"":""SidList"",""#text"":"", %{S-1-5-21-4230534742-2542757381-3142984815-1613}""}]}}"
6,436738,2021-04-22 11:32:01.2933958,4672,LogAlways,Microsoft-Windows-Security-Auditing,Security,480,2844,fs03vuln.offsec.lan,0,,Administrative logon,OFFSEC\admmig (S-1-5-21-4230534742-2542757381-3142984815-1111),,"PrivilegeList: SeSecurityPrivilege, SeBackupPrivilege, SeRestorePrivilege, SeTakeOwnershipPrivilege, SeDebugPrivilege, SeSystemEnvironmentPrivilege, SeLoadDriverPrivilege, SeImpersonatePrivilege",LogonId: 0x189E94,,,,,,False,EVTX-to-MITRE-Attack\TA0002-Execution\T1047-Windows Management Instrumentation\ID4688-5145-WMIexec execution via SMB.evtx,Audit success,0,"{""EventData"":{""Data"":[{""@Name"":""SubjectUserSid"",""#text"":""S-1-5-21-4230534742-2542757381-3142984815-1111""},{""@Name"":""SubjectUserName"",""#text"":""admmig""},{""@Name"":""SubjectDomainName"",""#text"":""OFFSEC""},{""@Name"":""SubjectLogonId"",""#text"":""0x189E94""},{""@Name"":""PrivilegeList"",""#text"":""SeSecurityPrivilege, SeBackupPrivilege, SeRestorePrivilege, SeTakeOwnershipPrivilege, SeDebugPrivilege, SeSystemEnvironmentPrivilege, SeLoadDriverPrivilege, SeImpersonatePrivilege""}]}}"
7,436739,2021-04-22 11:32:01.2933958,4624,LogAlways,Microsoft-Windows-Security-Auditing,Security,480,2844,fs03vuln.offsec.lan,0,,Successful logon,-\-," (10.23.23.9)",Target: OFFSEC\admmig,LogonType 3,LogonId: 0x189E94,AuthenticationPackageName: Kerberos,LogonProcessName: Kerberos,,-,False,EVTX-to-MITRE-Attack\TA0002-Execution\T1047-Windows Management Instrumentation\ID4688-5145-WMIexec execution via SMB.evtx,Audit success,0,"{""EventData"":{""Data"":[{""@Name"":""SubjectUserSid"",""#text"":""S-1-0-0""},{""@Name"":""SubjectUserName"",""#text"":""-""},{""@Name"":""SubjectDomainName"",""#text"":""-""},{""@Name"":""SubjectLogonId"",""#text"":""0x0""},{""@Name"":""TargetUserSid"",""#text"":""S-1-5-21-4230534742-2542757381-3142984815-1111""},{""@Name"":""TargetUserName"",""#text"":""admmig""},{""@Name"":""TargetDomainName"",""#text"":""OFFSEC""},{""@Name"":""TargetLogonId"",""#text"":""0x189E94""},{""@Name"":""LogonType"",""#text"":""3""},{""@Name"":""LogonProcessName"",""#text"":""Kerberos""},{""@Name"":""AuthenticationPackageName"",""#text"":""Kerberos""},{""@Name"":""WorkstationName""},{""@Name"":""LogonGuid"",""#text"":""3ca372f9-20fd-3bdd-b523-1e8ecfd688ef""},{""@Name"":""TransmittedServices"",""#text"":""-""},{""@Name"":""LmPackageName"",""#text"":""-""},{""@Name"":""KeyLength"",""#text"":""0""},{""@Name"":""ProcessId"",""#text"":""0x0""},{""@Name"":""ProcessName"",""#text"":""-""},{""@Name"":""IpAddress"",""#text"":""10.23.23.9""},{""@Name"":""IpPort"",""#text"":""63534""},{""@Name"":""ImpersonationLevel"",""#text"":""%%1833""}]}}"
8,436740,2021-04-22 11:32:02.9343109,4964,LogAlways,Microsoft-Windows-Security-Auditing,Security,480,2844,fs03vuln.offsec.lan,0,,,,,,,,,,,,False,EVTX-to-MITRE-Attack\TA0002-Execution\T1047-Windows Management Instrumentation\ID4688-5145-WMIexec execution via SMB.evtx,Audit success,0,"{""EventData"":{""Data"":[{""@Name"":""SubjectUserSid"",""#text"":""S-1-5-18""},{""@Name"":""SubjectUserName"",""#text"":""FS03VULN$""},{""@Name"":""SubjectDomainName"",""#text"":""OFFSEC""},{""@Name"":""SubjectLogonId"",""#text"":""0x3E7""},{""@Name"":""LogonGuid"",""#text"":""00000000-0000-0000-0000-000000000000""},{""@Name"":""TargetUserSid"",""#text"":""S-1-5-21-4230534742-2542757381-3142984815-1111""},{""@Name"":""TargetUserName"",""#text"":""admmig""},{""@Name"":""TargetDomainName"",""#text"":""OFFSEC""},{""@Name"":""TargetLogonId"",""#text"":""0x189F3B""},{""@Name"":""TargetLogonGuid"",""#text"":""00000000-0000-0000-0000-000000000000""},{""@Name"":""SidList"",""#text"":"", %{S-1-5-21-4230534742-2542757381-3142984815-1613}""}]}}"
9,436741,2021-04-22 11:32:02.9343109,4672,LogAlways,Microsoft-Windows-Security-Auditing,Security,480,2844,fs03vuln.offsec.lan,0,,Administrative logon,OFFSEC\admmig (S-1-5-21-4230534742-2542757381-3142984815-1111),,"PrivilegeList: SeSecurityPrivilege, SeBackupPrivilege, SeRestorePrivilege, SeTakeOwnershipPrivilege, SeDebugPrivilege, SeSystemEnvironmentPrivilege, SeLoadDriverPrivilege, SeImpersonatePrivilege",LogonId: 0x189F3B,,,,,,False,EVTX-to-MITRE-Attack\TA0002-Execution\T1047-Windows Management Instrumentation\ID4688-5145-WMIexec execution via SMB.evtx,Audit success,0,"{""EventData"":{""Data"":[{""@Name"":""SubjectUserSid"",""#text"":""S-1-5-21-4230534742-2542757381-3142984815-1111""},{""@Name"":""SubjectUserName"",""#text"":""admmig""},{""@Name"":""SubjectDomainName"",""#text"":""OFFSEC""},{""@Name"":""SubjectLogonId"",""#text"":""0x189F3B""},{""@Name"":""PrivilegeList"",""#text"":""SeSecurityPrivilege, SeBackupPrivilege, SeRestorePrivilege, SeTakeOwnershipPrivilege, SeDebugPrivilege, SeSystemEnvironmentPrivilege, SeLoadDriverPrivilege, SeImpersonatePrivilege""}]}}"
10,436742,2021-04-22 11:32:02.9343109,4624,LogAlways,Microsoft-Windows-Security-Auditing,Security,480,2844,fs03vuln.offsec.lan,0,,Successful logon,-\-," (10.23.123.11)",Target: OFFSEC\admmig,LogonType 3,LogonId: 0x189F3B,AuthenticationPackageName: NTLM,"LogonProcessName: NtLmSsp ",,-,False,EVTX-to-MITRE-Attack\TA0002-Execution\T1047-Windows Management Instrumentation\ID4688-5145-WMIexec execution via SMB.evtx,Audit success,0,"{""EventData"":{""Data"":[{""@Name"":""SubjectUserSid"",""#text"":""S-1-0-0""},{""@Name"":""SubjectUserName"",""#text"":""-""},{""@Name"":""SubjectDomainName"",""#text"":""-""},{""@Name"":""SubjectLogonId"",""#text"":""0x0""},{""@Name"":""TargetUserSid"",""#text"":""S-1-5-21-4230534742-2542757381-3142984815-1111""},{""@Name"":""TargetUserName"",""#text"":""admmig""},{""@Name"":""TargetDomainName"",""#text"":""OFFSEC""},{""@Name"":""TargetLogonId"",""#text"":""0x189F3B""},{""@Name"":""LogonType"",""#text"":""3""},{""@Name"":""LogonProcessName"",""#text"":""NtLmSsp ""},{""@Name"":""AuthenticationPackageName"",""#text"":""NTLM""},{""@Name"":""WorkstationName""},{""@Name"":""LogonGuid"",""#text"":""00000000-0000-0000-0000-000000000000""},{""@Name"":""TransmittedServices"",""#text"":""-""},{""@Name"":""LmPackageName"",""#text"":""NTLM V2""},{""@Name"":""KeyLength"",""#text"":""0""},{""@Name"":""ProcessId"",""#text"":""0x0""},{""@Name"":""ProcessName"",""#text"":""-""},{""@Name"":""IpAddress"",""#text"":""10.23.123.11""},{""@Name"":""IpPort"",""#text"":""50896""},{""@Name"":""ImpersonationLevel"",""#text"":""%%1833""}]}}"
11,436743,2021-04-22 11:32:02.9343109,4964,LogAlways,Microsoft-Windows-Security-Auditing,Security,480,2844,fs03vuln.offsec.lan,0,,,,,,,,,,,,False,EVTX-to-MITRE-Attack\TA0002-Execution\T1047-Windows Management Instrumentation\ID4688-5145-WMIexec execution via SMB.evtx,Audit success,0,"{""EventData"":{""Data"":[{""@Name"":""SubjectUserSid"",""#text"":""S-1-5-20""},{""@Name"":""SubjectUserName"",""#text"":""FS03VULN$""},{""@Name"":""SubjectDomainName"",""#text"":""OFFSEC""},{""@Name"":""SubjectLogonId"",""#text"":""0x3E4""},{""@Name"":""LogonGuid"",""#text"":""00000000-0000-0000-0000-000000000000""},{""@Name"":""TargetUserSid"",""#text"":""S-1-5-21-4230534742-2542757381-3142984815-1111""},{""@Name"":""TargetUserName"",""#text"":""admmig""},{""@Name"":""TargetDomainName"",""#text"":""OFFSEC""},{""@Name"":""TargetLogonId"",""#text"":""0x189F62""},{""@Name"":""TargetLogonGuid"",""#text"":""00000000-0000-0000-0000-000000000000""},{""@Name"":""SidList"",""#text"":"", %{S-1-5-21-4230534742-2542757381-3142984815-1613}""}]}}"
12,436744,2021-04-22 11:32:02.9343109,4672,LogAlways,Microsoft-Windows-Security-Auditing,Security,480,2844,fs03vuln.offsec.lan,0,,Administrative logon,OFFSEC\admmig (S-1-5-21-4230534742-2542757381-3142984815-1111),,"PrivilegeList: SeSecurityPrivilege, SeBackupPrivilege, SeRestorePrivilege, SeTakeOwnershipPrivilege, SeDebugPrivilege, SeSystemEnvironmentPrivilege, SeLoadDriverPrivilege, SeImpersonatePrivilege",LogonId: 0x189F62,,,,,,False,EVTX-to-MITRE-Attack\TA0002-Execution\T1047-Windows Management Instrumentation\ID4688-5145-WMIexec execution via SMB.evtx,Audit success,0,"{""EventData"":{""Data"":[{""@Name"":""SubjectUserSid"",""#text"":""S-1-5-21-4230534742-2542757381-3142984815-1111""},{""@Name"":""SubjectUserName"",""#text"":""admmig""},{""@Name"":""SubjectDomainName"",""#text"":""OFFSEC""},{""@Name"":""SubjectLogonId"",""#text"":""0x189F62""},{""@Name"":""PrivilegeList"",""#text"":""SeSecurityPrivilege, SeBackupPrivilege, SeRestorePrivilege, SeTakeOwnershipPrivilege, SeDebugPrivilege, SeSystemEnvironmentPrivilege, SeLoadDriverPrivilege, SeImpersonatePrivilege""}]}}"
13,436745,2021-04-22 11:32:02.9343109,4624,LogAlways,Microsoft-Windows-Security-Auditing,Security,480,2844,fs03vuln.offsec.lan,0,,Successful logon,-\-," (10.23.123.11)",Target: OFFSEC\admmig,LogonType 3,LogonId: 0x189F62,AuthenticationPackageName: NTLM,"LogonProcessName: NtLmSsp ",,-,False,EVTX-to-MITRE-Attack\TA0002-Execution\T1047-Windows Management Instrumentation\ID4688-5145-WMIexec execution via SMB.evtx,Audit success,0,"{""EventData"":{""Data"":[{""@Name"":""SubjectUserSid"",""#text"":""S-1-0-0""},{""@Name"":""SubjectUserName"",""#text"":""-""},{""@Name"":""SubjectDomainName"",""#text"":""-""},{""@Name"":""SubjectLogonId"",""#text"":""0x0""},{""@Name"":""TargetUserSid"",""#text"":""S-1-5-21-4230534742-2542757381-3142984815-1111""},{""@Name"":""TargetUserName"",""#text"":""admmig""},{""@Name"":""TargetDomainName"",""#text"":""OFFSEC""},{""@Name"":""TargetLogonId"",""#text"":""0x189F62""},{""@Name"":""LogonType"",""#text"":""3""},{""@Name"":""LogonProcessName"",""#text"":""NtLmSsp ""},{""@Name"":""AuthenticationPackageName"",""#text"":""NTLM""},{""@Name"":""WorkstationName""},{""@Name"":""LogonGuid"",""#text"":""00000000-0000-0000-0000-000000000000""},{""@Name"":""TransmittedServices"",""#text"":""-""},{""@Name"":""LmPackageName"",""#text"":""NTLM V2""},{""@Name"":""KeyLength"",""#text"":""128""},{""@Name"":""ProcessId"",""#text"":""0x0""},{""@Name"":""ProcessName"",""#text"":""-""},{""@Name"":""IpAddress"",""#text"":""10.23.123.11""},{""@Name"":""IpPort"",""#text"":""56740""},{""@Name"":""ImpersonationLevel"",""#text"":""%%1833""}]}}"
14,436746,2021-04-22 11:32:02.9968170,4964,LogAlways,Microsoft-Windows-Security-Auditing,Security,480,2844,fs03vuln.offsec.lan,0,,,,,,,,,,,,False,EVTX-to-MITRE-Attack\TA0002-Execution\T1047-Windows Management Instrumentation\ID4688-5145-WMIexec execution via SMB.evtx,Audit success,0,"{""EventData"":{""Data"":[{""@Name"":""SubjectUserSid"",""#text"":""S-1-5-18""},{""@Name"":""SubjectUserName"",""#text"":""FS03VULN$""},{""@Name"":""SubjectDomainName"",""#text"":""OFFSEC""},{""@Name"":""SubjectLogonId"",""#text"":""0x3E7""},{""@Name"":""LogonGuid"",""#text"":""00000000-0000-0000-0000-000000000000""},{""@Name"":""TargetUserSid"",""#text"":""S-1-5-21-4230534742-2542757381-3142984815-1111""},{""@Name"":""TargetUserName"",""#text"":""admmig""},{""@Name"":""TargetDomainName"",""#text"":""OFFSEC""},{""@Name"":""TargetLogonId"",""#text"":""0x189F84""},{""@Name"":""TargetLogonGuid"",""#text"":""00000000-0000-0000-0000-000000000000""},{""@Name"":""SidList"",""#text"":"", %{S-1-5-21-4230534742-2542757381-3142984815-1613}""}]}}"
15,436747,2021-04-22 11:32:02.9968170,4672,LogAlways,Microsoft-Windows-Security-Auditing,Security,480,2844,fs03vuln.offsec.lan,0,,Administrative logon,OFFSEC\admmig (S-1-5-21-4230534742-2542757381-3142984815-1111),,"PrivilegeList: SeSecurityPrivilege, SeBackupPrivilege, SeRestorePrivilege, SeTakeOwnershipPrivilege, SeDebugPrivilege, SeSystemEnvironmentPrivilege, SeLoadDriverPrivilege, SeImpersonatePrivilege",LogonId: 0x189F84,,,,,,False,EVTX-to-MITRE-Attack\TA0002-Execution\T1047-Windows Management Instrumentation\ID4688-5145-WMIexec execution via SMB.evtx,Audit success,0,"{""EventData"":{""Data"":[{""@Name"":""SubjectUserSid"",""#text"":""S-1-5-21-4230534742-2542757381-3142984815-1111""},{""@Name"":""SubjectUserName"",""#text"":""admmig""},{""@Name"":""SubjectDomainName"",""#text"":""OFFSEC""},{""@Name"":""SubjectLogonId"",""#text"":""0x189F84""},{""@Name"":""PrivilegeList"",""#text"":""SeSecurityPrivilege, SeBackupPrivilege, SeRestorePrivilege, SeTakeOwnershipPrivilege, SeDebugPrivilege, SeSystemEnvironmentPrivilege, SeLoadDriverPrivilege, SeImpersonatePrivilege""}]}}"
16,436748,2021-04-22 11:32:02.9968170,4624,LogAlways,Microsoft-Windows-Security-Auditing,Security,480,2844,fs03vuln.offsec.lan,0,,Successful logon,-\-," (10.23.123.11)",Target: OFFSEC\admmig,LogonType 3,LogonId: 0x189F84,AuthenticationPackageName: NTLM,"LogonProcessName: NtLmSsp ",,-,False,EVTX-to-MITRE-Attack\TA0002-Execution\T1047-Windows Management Instrumentation\ID4688-5145-WMIexec execution via SMB.evtx,Audit success,0,"{""EventData"":{""Data"":[{""@Name"":""SubjectUserSid"",""#text"":""S-1-0-0""},{""@Name"":""SubjectUserName"",""#text"":""-""},{""@Name"":""SubjectDomainName"",""#text"":""-""},{""@Name"":""SubjectLogonId"",""#text"":""0x0""},{""@Name"":""TargetUserSid"",""#text"":""S-1-5-21-4230534742-2542757381-3142984815-1111""},{""@Name"":""TargetUserName"",""#text"":""admmig""},{""@Name"":""TargetDomainName"",""#text"":""OFFSEC""},{""@Name"":""TargetLogonId"",""#text"":""0x189F84""},{""@Name"":""LogonType"",""#text"":""3""},{""@Name"":""LogonProcessName"",""#text"":""NtLmSsp ""},{""@Name"":""AuthenticationPackageName"",""#text"":""NTLM""},{""@Name"":""WorkstationName""},{""@Name"":""LogonGuid"",""#text"":""00000000-0000-0000-0000-000000000000""},{""@Name"":""TransmittedServices"",""#text"":""-""},{""@Name"":""LmPackageName"",""#text"":""NTLM V2""},{""@Name"":""KeyLength"",""#text"":""128""},{""@Name"":""ProcessId"",""#text"":""0x0""},{""@Name"":""ProcessName"",""#text"":""-""},{""@Name"":""IpAddress"",""#text"":""10.23.123.11""},{""@Name"":""IpPort"",""#text"":""44948""},{""@Name"":""ImpersonationLevel"",""#text"":""%%1833""}]}}"
17,436749,2021-04-22 11:32:03.0749422,4964,LogAlways,Microsoft-Windows-Security-Auditing,Security,480,2844,fs03vuln.offsec.lan,0,,,,,,,,,,,,False,EVTX-to-MITRE-Attack\TA0002-Execution\T1047-Windows Management Instrumentation\ID4688-5145-WMIexec execution via SMB.evtx,Audit success,0,"{""EventData"":{""Data"":[{""@Name"":""SubjectUserSid"",""#text"":""S-1-5-18""},{""@Name"":""SubjectUserName"",""#text"":""FS03VULN$""},{""@Name"":""SubjectDomainName"",""#text"":""OFFSEC""},{""@Name"":""SubjectLogonId"",""#text"":""0x3E7""},{""@Name"":""LogonGuid"",""#text"":""00000000-0000-0000-0000-000000000000""},{""@Name"":""TargetUserSid"",""#text"":""S-1-5-21-4230534742-2542757381-3142984815-1111""},{""@Name"":""TargetUserName"",""#text"":""admmig""},{""@Name"":""TargetDomainName"",""#text"":""OFFSEC""},{""@Name"":""TargetLogonId"",""#text"":""0x189FA3""},{""@Name"":""TargetLogonGuid"",""#text"":""00000000-0000-0000-0000-000000000000""},{""@Name"":""SidList"",""#text"":"", %{S-1-5-21-4230534742-2542757381-3142984815-1613}""}]}}"
18,436750,2021-04-22 11:32:03.0749422,4672,LogAlways,Microsoft-Windows-Security-Auditing,Security,480,2844,fs03vuln.offsec.lan,0,,Administrative logon,OFFSEC\admmig (S-1-5-21-4230534742-2542757381-3142984815-1111),,"PrivilegeList: SeSecurityPrivilege, SeBackupPrivilege, SeRestorePrivilege, SeTakeOwnershipPrivilege, SeDebugPrivilege, SeSystemEnvironmentPrivilege, SeLoadDriverPrivilege, SeImpersonatePrivilege",LogonId: 0x189FA3,,,,,,False,EVTX-to-MITRE-Attack\TA0002-Execution\T1047-Windows Management Instrumentation\ID4688-5145-WMIexec execution via SMB.evtx,Audit success,0,"{""EventData"":{""Data"":[{""@Name"":""SubjectUserSid"",""#text"":""S-1-5-21-4230534742-2542757381-3142984815-1111""},{""@Name"":""SubjectUserName"",""#text"":""admmig""},{""@Name"":""SubjectDomainName"",""#text"":""OFFSEC""},{""@Name"":""SubjectLogonId"",""#text"":""0x189FA3""},{""@Name"":""PrivilegeList"",""#text"":""SeSecurityPrivilege, SeBackupPrivilege, SeRestorePrivilege, SeTakeOwnershipPrivilege, SeDebugPrivilege, SeSystemEnvironmentPrivilege, SeLoadDriverPrivilege, SeImpersonatePrivilege""}]}}"
19,436751,2021-04-22 11:32:03.0749422,4624,LogAlways,Microsoft-Windows-Security-Auditing,Security,480,2844,fs03vuln.offsec.lan,0,,Successful logon,-\-," (10.23.123.11)",Target: OFFSEC\admmig,LogonType 3,LogonId: 0x189FA3,AuthenticationPackageName: NTLM,"LogonProcessName: NtLmSsp ",,-,False,EVTX-to-MITRE-Attack\TA0002-Execution\T1047-Windows Management Instrumentation\ID4688-5145-WMIexec execution via SMB.evtx,Audit success,0,"{""EventData"":{""Data"":[{""@Name"":""SubjectUserSid"",""#text"":""S-1-0-0""},{""@Name"":""SubjectUserName"",""#text"":""-""},{""@Name"":""SubjectDomainName"",""#text"":""-""},{""@Name"":""SubjectLogonId"",""#text"":""0x0""},{""@Name"":""TargetUserSid"",""#text"":""S-1-5-21-4230534742-2542757381-3142984815-1111""},{""@Name"":""TargetUserName"",""#text"":""admmig""},{""@Name"":""TargetDomainName"",""#text"":""OFFSEC""},{""@Name"":""TargetLogonId"",""#text"":""0x189FA3""},{""@Name"":""LogonType"",""#text"":""3""},{""@Name"":""LogonProcessName"",""#text"":""NtLmSsp ""},{""@Name"":""AuthenticationPackageName"",""#text"":""NTLM""},{""@Name"":""WorkstationName""},{""@Name"":""LogonGuid"",""#text"":""00000000-0000-0000-0000-000000000000""},{""@Name"":""TransmittedServices"",""#text"":""-""},{""@Name"":""LmPackageName"",""#text"":""NTLM V2""},{""@Name"":""KeyLength"",""#text"":""128""},{""@Name"":""ProcessId"",""#text"":""0x0""},{""@Name"":""ProcessName"",""#text"":""-""},{""@Name"":""IpAddress"",""#text"":""10.23.123.11""},{""@Name"":""IpPort"",""#text"":""44948""},{""@Name"":""ImpersonationLevel"",""#text"":""%%1833""}]}}"
20,436752,2021-04-22 11:32:03.1377465,4964,LogAlways,Microsoft-Windows-Security-Auditing,Security,480,2844,fs03vuln.offsec.lan,0,,,,,,,,,,,,False,EVTX-to-MITRE-Attack\TA0002-Execution\T1047-Windows Management Instrumentation\ID4688-5145-WMIexec execution via SMB.evtx,Audit success,0,"{""EventData"":{""Data"":[{""@Name"":""SubjectUserSid"",""#text"":""S-1-5-18""},{""@Name"":""SubjectUserName"",""#text"":""FS03VULN$""},{""@Name"":""SubjectDomainName"",""#text"":""OFFSEC""},{""@Name"":""SubjectLogonId"",""#text"":""0x3E7""},{""@Name"":""LogonGuid"",""#text"":""00000000-0000-0000-0000-000000000000""},{""@Name"":""TargetUserSid"",""#text"":""S-1-5-21-4230534742-2542757381-3142984815-1111""},{""@Name"":""TargetUserName"",""#text"":""admmig""},{""@Name"":""TargetDomainName"",""#text"":""OFFSEC""},{""@Name"":""TargetLogonId"",""#text"":""0x189FC0""},{""@Name"":""TargetLogonGuid"",""#text"":""00000000-0000-0000-0000-000000000000""},{""@Name"":""SidList"",""#text"":"", %{S-1-5-21-4230534742-2542757381-3142984815-1613}""}]}}"
21,436753,2021-04-22 11:32:03.1377465,4672,LogAlways,Microsoft-Windows-Security-Auditing,Security,480,2844,fs03vuln.offsec.lan,0,,Administrative logon,OFFSEC\admmig (S-1-5-21-4230534742-2542757381-3142984815-1111),,"PrivilegeList: SeSecurityPrivilege, SeBackupPrivilege, SeRestorePrivilege, SeTakeOwnershipPrivilege, SeDebugPrivilege, SeSystemEnvironmentPrivilege, SeLoadDriverPrivilege, SeImpersonatePrivilege",LogonId: 0x189FC0,,,,,,False,EVTX-to-MITRE-Attack\TA0002-Execution\T1047-Windows Management Instrumentation\ID4688-5145-WMIexec execution via SMB.evtx,Audit success,0,"{""EventData"":{""Data"":[{""@Name"":""SubjectUserSid"",""#text"":""S-1-5-21-4230534742-2542757381-3142984815-1111""},{""@Name"":""SubjectUserName"",""#text"":""admmig""},{""@Name"":""SubjectDomainName"",""#text"":""OFFSEC""},{""@Name"":""SubjectLogonId"",""#text"":""0x189FC0""},{""@Name"":""PrivilegeList"",""#text"":""SeSecurityPrivilege, SeBackupPrivilege, SeRestorePrivilege, SeTakeOwnershipPrivilege, SeDebugPrivilege, SeSystemEnvironmentPrivilege, SeLoadDriverPrivilege, SeImpersonatePrivilege""}]}}"
22,436754,2021-04-22 11:32:03.1377465,4624,LogAlways,Microsoft-Windows-Security-Auditing,Security,480,2844,fs03vuln.offsec.lan,0,,Successful logon,-\-," (10.23.123.11)",Target: OFFSEC\admmig,LogonType 3,LogonId: 0x189FC0,AuthenticationPackageName: NTLM,"LogonProcessName: NtLmSsp ",,-,False,EVTX-to-MITRE-Attack\TA0002-Execution\T1047-Windows Management Instrumentation\ID4688-5145-WMIexec execution via SMB.evtx,Audit success,0,"{""EventData"":{""Data"":[{""@Name"":""SubjectUserSid"",""#text"":""S-1-0-0""},{""@Name"":""SubjectUserName"",""#text"":""-""},{""@Name"":""SubjectDomainName"",""#text"":""-""},{""@Name"":""SubjectLogonId"",""#text"":""0x0""},{""@Name"":""TargetUserSid"",""#text"":""S-1-5-21-4230534742-2542757381-3142984815-1111""},{""@Name"":""TargetUserName"",""#text"":""admmig""},{""@Name"":""TargetDomainName"",""#text"":""OFFSEC""},{""@Name"":""TargetLogonId"",""#text"":""0x189FC0""},{""@Name"":""LogonType"",""#text"":""3""},{""@Name"":""LogonProcessName"",""#text"":""NtLmSsp ""},{""@Name"":""AuthenticationPackageName"",""#text"":""NTLM""},{""@Name"":""WorkstationName""},{""@Name"":""LogonGuid"",""#text"":""00000000-0000-0000-0000-000000000000""},{""@Name"":""TransmittedServices"",""#text"":""-""},{""@Name"":""LmPackageName"",""#text"":""NTLM V2""},{""@Name"":""KeyLength"",""#text"":""128""},{""@Name"":""ProcessId"",""#text"":""0x0""},{""@Name"":""ProcessName"",""#text"":""-""},{""@Name"":""IpAddress"",""#text"":""10.23.123.11""},{""@Name"":""IpPort"",""#text"":""44948""},{""@Name"":""ImpersonationLevel"",""#text"":""%%1833""}]}}"
23,436755,2021-04-22 11:32:03.4681761,4688,LogAlways,Microsoft-Windows-Security-Auditing,Security,4,2876,fs03vuln.offsec.lan,0,,A new process has been created,OFFSEC\FS03VULN$,,"Parent process: ",PID: 0x168,Parent PID: 0x5FC,"Mandatory label: ",Target User: \,,C:\Windows\System32\cmd.exe cmd.exe /Q /c cd \ 1&gt; \\127.0.0.1\ADMIN$\__1619090610.0007844 2&gt;&amp;1,False,EVTX-to-MITRE-Attack\TA0002-Execution\T1047-Windows Management Instrumentation\ID4688-5145-WMIexec execution via SMB.evtx,Audit success,0,"{""EventData"":{""Data"":[{""@Name"":""SubjectUserSid"",""#text"":""S-1-5-20""},{""@Name"":""SubjectUserName"",""#text"":""FS03VULN$""},{""@Name"":""SubjectDomainName"",""#text"":""OFFSEC""},{""@Name"":""SubjectLogonId"",""#text"":""0x3E4""},{""@Name"":""NewProcessId"",""#text"":""0x168""},{""@Name"":""NewProcessName"",""#text"":""C:\\Windows\\System32\\cmd.exe""},{""@Name"":""TokenElevationType"",""#text"":""%%1936""},{""@Name"":""ProcessId"",""#text"":""0x5FC""},{""@Name"":""CommandLine"",""#text"":""cmd.exe /Q /c cd \\ 1&gt; \\\\127.0.0.1\\ADMIN$\\__1619090610.0007844 2&gt;&amp;1""}]}}"
24,436756,2021-04-22 11:32:03.4837967,4688,LogAlways,Microsoft-Windows-Security-Auditing,Security,4,32,fs03vuln.offsec.lan,0,,A new process has been created,OFFSEC\admmig,,"Parent process: ",PID: 0x9C0,Parent PID: 0x168,"Mandatory label: ",Target User: \,,C:\Windows\System32\conhost.exe \??\C:\Windows\system32\conhost.exe 0xffffffff,False,EVTX-to-MITRE-Attack\TA0002-Execution\T1047-Windows Management Instrumentation\ID4688-5145-WMIexec execution via SMB.evtx,Audit success,0,"{""EventData"":{""Data"":[{""@Name"":""SubjectUserSid"",""#text"":""S-1-5-21-4230534742-2542757381-3142984815-1111""},{""@Name"":""SubjectUserName"",""#text"":""admmig""},{""@Name"":""SubjectDomainName"",""#text"":""OFFSEC""},{""@Name"":""SubjectLogonId"",""#text"":""0x189FC0""},{""@Name"":""NewProcessId"",""#text"":""0x9C0""},{""@Name"":""NewProcessName"",""#text"":""C:\\Windows\\System32\\conhost.exe""},{""@Name"":""TokenElevationType"",""#text"":""%%1936""},{""@Name"":""ProcessId"",""#text"":""0x168""},{""@Name"":""CommandLine"",""#text"":""\\??\\C:\\Windows\\system32\\conhost.exe 0xffffffff""}]}}"
25,436757,2021-04-22 11:32:03.4837967,4674,LogAlways,Microsoft-Windows-Security-Auditing,Security,480,488,fs03vuln.offsec.lan,0,,An operation was attempted on a privileged object,OFFSEC\admmig (S-1-5-21-4230534742-2542757381-3142984815-1111),,PrivilegeList: SeTakeOwnershipPrivilege,ObjectServer: Security,SubjectLogonId: 0x189FC0,,,,C:\Windows\System32\conhost.exe (PID: 0x9C0),False,EVTX-to-MITRE-Attack\TA0002-Execution\T1047-Windows Management Instrumentation\ID4688-5145-WMIexec execution via SMB.evtx,Audit success,0,"{""EventData"":{""Data"":[{""@Name"":""SubjectUserSid"",""#text"":""S-1-5-21-4230534742-2542757381-3142984815-1111""},{""@Name"":""SubjectUserName"",""#text"":""admmig""},{""@Name"":""SubjectDomainName"",""#text"":""OFFSEC""},{""@Name"":""SubjectLogonId"",""#text"":""0x189FC0""},{""@Name"":""ObjectServer"",""#text"":""Security""},{""@Name"":""ObjectType"",""#text"":""File""},{""@Name"":""ObjectName"",""#text"":""\\Device\\ConDrv""},{""@Name"":""HandleId"",""#text"":""0x4""},{""@Name"":""AccessMask"",""#text"":""%%1537, %%1538, %%1539, %%1540, %%1541, %%4416, %%4417, %%4418, %%4419, %%4420, %%4421, %%4422, %%4423, %%4424, ""},{""@Name"":""PrivilegeList"",""#text"":""SeTakeOwnershipPrivilege""},{""@Name"":""ProcessId"",""#text"":""0x9C0""},{""@Name"":""ProcessName"",""#text"":""C:\\Windows\\System32\\conhost.exe""}]}}"
26,436758,2021-04-22 11:32:03.4994214,5140,LogAlways,Microsoft-Windows-Security-Auditing,Security,4,32,fs03vuln.offsec.lan,0,,A network share object was accessed,OFFSEC\admmig,10.23.123.11:50896,Share: \\*\ADMIN$ (\??\C:\Windows),Sid: S-1-5-21-4230534742-2542757381-3142984815-1111,AccessList: ReadData (or ListDirectory),AccessMask: Unknown code (0x1),,,,False,EVTX-to-MITRE-Attack\TA0002-Execution\T1047-Windows Management Instrumentation\ID4688-5145-WMIexec execution via SMB.evtx,Audit success,0,"{""EventData"":{""Data"":[{""@Name"":""SubjectUserSid"",""#text"":""S-1-5-21-4230534742-2542757381-3142984815-1111""},{""@Name"":""SubjectUserName"",""#text"":""admmig""},{""@Name"":""SubjectDomainName"",""#text"":""OFFSEC""},{""@Name"":""SubjectLogonId"",""#text"":""0x189F3B""},{""@Name"":""ObjectType"",""#text"":""File""},{""@Name"":""IpAddress"",""#text"":""10.23.123.11""},{""@Name"":""IpPort"",""#text"":""50896""},{""@Name"":""ShareName"",""#text"":""\\\\*\\ADMIN$""},{""@Name"":""ShareLocalPath"",""#text"":""\\??\\C:\\Windows""},{""@Name"":""AccessMask"",""#text"":""0x1""},{""@Name"":""AccessList"",""#text"":""%%4416, ""}]}}"
27,436759,2021-04-22 11:32:03.4994214,5145,LogAlways,Microsoft-Windows-Security-Auditing,Security,480,488,fs03vuln.offsec.lan,0,,Network share object access,OFFSEC\admmig,10.23.123.11:50896,Share: \\*\ADMIN$ (\??\C:\Windows),Object: __1619090610.0007844,AccessList: ReadData (or ListDirectory),AccessMask: Unknown code (0x1),SID: S-1-5-21-4230534742-2542757381-3142984815-1111,,,False,EVTX-to-MITRE-Attack\TA0002-Execution\T1047-Windows Management Instrumentation\ID4688-5145-WMIexec execution via SMB.evtx,Audit success,0,"{""EventData"":{""Data"":[{""@Name"":""SubjectUserSid"",""#text"":""S-1-5-21-4230534742-2542757381-3142984815-1111""},{""@Name"":""SubjectUserName"",""#text"":""admmig""},{""@Name"":""SubjectDomainName"",""#text"":""OFFSEC""},{""@Name"":""SubjectLogonId"",""#text"":""0x189F3B""},{""@Name"":""ObjectType"",""#text"":""File""},{""@Name"":""IpAddress"",""#text"":""10.23.123.11""},{""@Name"":""IpPort"",""#text"":""50896""},{""@Name"":""ShareName"",""#text"":""\\\\*\\ADMIN$""},{""@Name"":""ShareLocalPath"",""#text"":""\\??\\C:\\Windows""},{""@Name"":""RelativeTargetName"",""#text"":""__1619090610.0007844""},{""@Name"":""AccessMask"",""#text"":""0x1""},{""@Name"":""AccessList"",""#text"":""%%4416, ""},{""@Name"":""AccessReason"",""#text"":""-""}]}}"
28,436760,2021-04-22 11:32:03.4994214,5140,LogAlways,Microsoft-Windows-Security-Auditing,Security,4,2452,fs03vuln.offsec.lan,0,,A network share object was accessed,OFFSEC\admmig,127.0.0.1:49997,Share: \\*\ADMIN$ (\??\C:\Windows),Sid: S-1-5-21-4230534742-2542757381-3142984815-1111,AccessList: ReadData (or ListDirectory),AccessMask: Unknown code (0x1),,,,False,EVTX-to-MITRE-Attack\TA0002-Execution\T1047-Windows Management Instrumentation\ID4688-5145-WMIexec execution via SMB.evtx,Audit success,0,"{""EventData"":{""Data"":[{""@Name"":""SubjectUserSid"",""#text"":""S-1-5-21-4230534742-2542757381-3142984815-1111""},{""@Name"":""SubjectUserName"",""#text"":""admmig""},{""@Name"":""SubjectDomainName"",""#text"":""OFFSEC""},{""@Name"":""SubjectLogonId"",""#text"":""0x189FC0""},{""@Name"":""ObjectType"",""#text"":""File""},{""@Name"":""IpAddress"",""#text"":""127.0.0.1""},{""@Name"":""IpPort"",""#text"":""49997""},{""@Name"":""ShareName"",""#text"":""\\\\*\\ADMIN$""},{""@Name"":""ShareLocalPath"",""#text"":""\\??\\C:\\Windows""},{""@Name"":""AccessMask"",""#text"":""0x1""},{""@Name"":""AccessList"",""#text"":""%%4416, ""}]}}"
29,436761,2021-04-22 11:32:03.4994214,5145,LogAlways,Microsoft-Windows-Security-Auditing,Security,480,488,fs03vuln.offsec.lan,0,,Network share object access,OFFSEC\admmig,127.0.0.1:49997,Share: \\*\ADMIN$ (\??\C:\Windows),Object: __1619090610.0007844,AccessList: Unknown code (%%1538 | %%1541 | %%4417 | %%4418 | %%4420 | %%4423 | %%4424),AccessMask: Unknown code (0x120196),SID: S-1-5-21-4230534742-2542757381-3142984815-1111,,,False,EVTX-to-MITRE-Attack\TA0002-Execution\T1047-Windows Management Instrumentation\ID4688-5145-WMIexec execution via SMB.evtx,Audit success,0,"{""EventData"":{""Data"":[{""@Name"":""SubjectUserSid"",""#text"":""S-1-5-21-4230534742-2542757381-3142984815-1111""},{""@Name"":""SubjectUserName"",""#text"":""admmig""},{""@Name"":""SubjectDomainName"",""#text"":""OFFSEC""},{""@Name"":""SubjectLogonId"",""#text"":""0x189FC0""},{""@Name"":""ObjectType"",""#text"":""File""},{""@Name"":""IpAddress"",""#text"":""127.0.0.1""},{""@Name"":""IpPort"",""#text"":""49997""},{""@Name"":""ShareName"",""#text"":""\\\\*\\ADMIN$""},{""@Name"":""ShareLocalPath"",""#text"":""\\??\\C:\\Windows""},{""@Name"":""RelativeTargetName"",""#text"":""__1619090610.0007844""},{""@Name"":""AccessMask"",""#text"":""0x120196""},{""@Name"":""AccessList"",""#text"":""%%1538, %%1541, %%4417, %%4418, %%4420, %%4423, %%4424, ""},{""@Name"":""AccessReason"",""#text"":""-""}]}}"
30,436762,2021-04-22 11:32:03.4994214,5145,LogAlways,Microsoft-Windows-Security-Auditing,Security,480,488,fs03vuln.offsec.lan,0,,Network share object access,OFFSEC\admmig,127.0.0.1:49997,Share: \\*\ADMIN$ (\??\C:\Windows),Object: __1619090610.0007844,AccessList: WriteData (or AddFile),AccessMask: Unknown code (0x2),SID: S-1-5-21-4230534742-2542757381-3142984815-1111,,,False,EVTX-to-MITRE-Attack\TA0002-Execution\T1047-Windows Management Instrumentation\ID4688-5145-WMIexec execution via SMB.evtx,Audit success,0,"{""EventData"":{""Data"":[{""@Name"":""SubjectUserSid"",""#text"":""S-1-5-21-4230534742-2542757381-3142984815-1111""},{""@Name"":""SubjectUserName"",""#text"":""admmig""},{""@Name"":""SubjectDomainName"",""#text"":""OFFSEC""},{""@Name"":""SubjectLogonId"",""#text"":""0x189FC0""},{""@Name"":""ObjectType"",""#text"":""File""},{""@Name"":""IpAddress"",""#text"":""127.0.0.1""},{""@Name"":""IpPort"",""#text"":""49997""},{""@Name"":""ShareName"",""#text"":""\\\\*\\ADMIN$""},{""@Name"":""ShareLocalPath"",""#text"":""\\??\\C:\\Windows""},{""@Name"":""RelativeTargetName"",""#text"":""__1619090610.0007844""},{""@Name"":""AccessMask"",""#text"":""0x2""},{""@Name"":""AccessList"",""#text"":""%%4417, ""},{""@Name"":""AccessReason"",""#text"":""-""}]}}"
31,436763,2021-04-22 11:32:03.4994214,5140,LogAlways,Microsoft-Windows-Security-Auditing,Security,4,2644,fs03vuln.offsec.lan,0,,A network share object was accessed,OFFSEC\admmig,10.23.123.11:50896,Share: \\*\ADMIN$ (\??\C:\Windows),Sid: S-1-5-21-4230534742-2542757381-3142984815-1111,AccessList: ReadData (or ListDirectory),AccessMask: Unknown code (0x1),,,,False,EVTX-to-MITRE-Attack\TA0002-Execution\T1047-Windows Management Instrumentation\ID4688-5145-WMIexec execution via SMB.evtx,Audit success,0,"{""EventData"":{""Data"":[{""@Name"":""SubjectUserSid"",""#text"":""S-1-5-21-4230534742-2542757381-3142984815-1111""},{""@Name"":""SubjectUserName"",""#text"":""admmig""},{""@Name"":""SubjectDomainName"",""#text"":""OFFSEC""},{""@Name"":""SubjectLogonId"",""#text"":""0x189F3B""},{""@Name"":""ObjectType"",""#text"":""File""},{""@Name"":""IpAddress"",""#text"":""10.23.123.11""},{""@Name"":""IpPort"",""#text"":""50896""},{""@Name"":""ShareName"",""#text"":""\\\\*\\ADMIN$""},{""@Name"":""ShareLocalPath"",""#text"":""\\??\\C:\\Windows""},{""@Name"":""AccessMask"",""#text"":""0x1""},{""@Name"":""AccessList"",""#text"":""%%4416, ""}]}}"
32,436764,2021-04-22 11:32:03.4994214,5145,LogAlways,Microsoft-Windows-Security-Auditing,Security,480,488,fs03vuln.offsec.lan,0,,Network share object access,OFFSEC\admmig,10.23.123.11:50896,Share: \\*\ADMIN$ (\??\C:\Windows),Object: __1619090610.0007844,AccessList: ReadData (or ListDirectory),AccessMask: Unknown code (0x1),SID: S-1-5-21-4230534742-2542757381-3142984815-1111,,,False,EVTX-to-MITRE-Attack\TA0002-Execution\T1047-Windows Management Instrumentation\ID4688-5145-WMIexec execution via SMB.evtx,Audit success,0,"{""EventData"":{""Data"":[{""@Name"":""SubjectUserSid"",""#text"":""S-1-5-21-4230534742-2542757381-3142984815-1111""},{""@Name"":""SubjectUserName"",""#text"":""admmig""},{""@Name"":""SubjectDomainName"",""#text"":""OFFSEC""},{""@Name"":""SubjectLogonId"",""#text"":""0x189F3B""},{""@Name"":""ObjectType"",""#text"":""File""},{""@Name"":""IpAddress"",""#text"":""10.23.123.11""},{""@Name"":""IpPort"",""#text"":""50896""},{""@Name"":""ShareName"",""#text"":""\\\\*\\ADMIN$""},{""@Name"":""ShareLocalPath"",""#text"":""\\??\\C:\\Windows""},{""@Name"":""RelativeTargetName"",""#text"":""__1619090610.0007844""},{""@Name"":""AccessMask"",""#text"":""0x1""},{""@Name"":""AccessList"",""#text"":""%%4416, ""},{""@Name"":""AccessReason"",""#text"":""-""}]}}"
33,436765,2021-04-22 11:32:03.5150555,5140,LogAlways,Microsoft-Windows-Security-Auditing,Security,4,2644,fs03vuln.offsec.lan,0,,A network share object was accessed,OFFSEC\admmig,10.23.123.11:50896,Share: \\*\ADMIN$ (\??\C:\Windows),Sid: S-1-5-21-4230534742-2542757381-3142984815-1111,AccessList: ReadData (or ListDirectory),AccessMask: Unknown code (0x1),,,,False,EVTX-to-MITRE-Attack\TA0002-Execution\T1047-Windows Management Instrumentation\ID4688-5145-WMIexec execution via SMB.evtx,Audit success,0,"{""EventData"":{""Data"":[{""@Name"":""SubjectUserSid"",""#text"":""S-1-5-21-4230534742-2542757381-3142984815-1111""},{""@Name"":""SubjectUserName"",""#text"":""admmig""},{""@Name"":""SubjectDomainName"",""#text"":""OFFSEC""},{""@Name"":""SubjectLogonId"",""#text"":""0x189F3B""},{""@Name"":""ObjectType"",""#text"":""File""},{""@Name"":""IpAddress"",""#text"":""10.23.123.11""},{""@Name"":""IpPort"",""#text"":""50896""},{""@Name"":""ShareName"",""#text"":""\\\\*\\ADMIN$""},{""@Name"":""ShareLocalPath"",""#text"":""\\??\\C:\\Windows""},{""@Name"":""AccessMask"",""#text"":""0x1""},{""@Name"":""AccessList"",""#text"":""%%4416, ""}]}}"
34,436766,2021-04-22 11:32:03.5150555,5145,LogAlways,Microsoft-Windows-Security-Auditing,Security,480,488,fs03vuln.offsec.lan,0,,Network share object access,OFFSEC\admmig,10.23.123.11:50896,Share: \\*\ADMIN$ (\??\C:\Windows),Object: __1619090610.0007844,AccessList: Unknown code (%%1537 | %%4423),AccessMask: Unknown code (0x10080),SID: S-1-5-21-4230534742-2542757381-3142984815-1111,,,False,EVTX-to-MITRE-Attack\TA0002-Execution\T1047-Windows Management Instrumentation\ID4688-5145-WMIexec execution via SMB.evtx,Audit success,0,"{""EventData"":{""Data"":[{""@Name"":""SubjectUserSid"",""#text"":""S-1-5-21-4230534742-2542757381-3142984815-1111""},{""@Name"":""SubjectUserName"",""#text"":""admmig""},{""@Name"":""SubjectDomainName"",""#text"":""OFFSEC""},{""@Name"":""SubjectLogonId"",""#text"":""0x189F3B""},{""@Name"":""ObjectType"",""#text"":""File""},{""@Name"":""IpAddress"",""#text"":""10.23.123.11""},{""@Name"":""IpPort"",""#text"":""50896""},{""@Name"":""ShareName"",""#text"":""\\\\*\\ADMIN$""},{""@Name"":""ShareLocalPath"",""#text"":""\\??\\C:\\Windows""},{""@Name"":""RelativeTargetName"",""#text"":""__1619090610.0007844""},{""@Name"":""AccessMask"",""#text"":""0x10080""},{""@Name"":""AccessList"",""#text"":""%%1537, %%4423, ""},{""@Name"":""AccessReason"",""#text"":""-""}]}}"
35,436767,2021-04-22 11:32:03.5306793,4688,LogAlways,Microsoft-Windows-Security-Auditing,Security,4,2644,fs03vuln.offsec.lan,0,,A new process has been created,OFFSEC\FS03VULN$,,"Parent process: ",PID: 0x980,Parent PID: 0x5FC,"Mandatory label: ",Target User: \,,C:\Windows\System32\cmd.exe cmd.exe /Q /c cd  1&gt; \\127.0.0.1\ADMIN$\__1619090610.0007844 2&gt;&amp;1,False,EVTX-to-MITRE-Attack\TA0002-Execution\T1047-Windows Management Instrumentation\ID4688-5145-WMIexec execution via SMB.evtx,Audit success,0,"{""EventData"":{""Data"":[{""@Name"":""SubjectUserSid"",""#text"":""S-1-5-20""},{""@Name"":""SubjectUserName"",""#text"":""FS03VULN$""},{""@Name"":""SubjectDomainName"",""#text"":""OFFSEC""},{""@Name"":""SubjectLogonId"",""#text"":""0x3E4""},{""@Name"":""NewProcessId"",""#text"":""0x980""},{""@Name"":""NewProcessName"",""#text"":""C:\\Windows\\System32\\cmd.exe""},{""@Name"":""TokenElevationType"",""#text"":""%%1936""},{""@Name"":""ProcessId"",""#text"":""0x5FC""},{""@Name"":""CommandLine"",""#text"":""cmd.exe /Q /c cd  1&gt; \\\\127.0.0.1\\ADMIN$\\__1619090610.0007844 2&gt;&amp;1""}]}}"
36,436768,2021-04-22 11:32:03.5462957,4688,LogAlways,Microsoft-Windows-Security-Auditing,Security,4,2452,fs03vuln.offsec.lan,0,,A new process has been created,OFFSEC\admmig,,"Parent process: ",PID: 0x734,Parent PID: 0x980,"Mandatory label: ",Target User: \,,C:\Windows\System32\conhost.exe \??\C:\Windows\system32\conhost.exe 0xffffffff,False,EVTX-to-MITRE-Attack\TA0002-Execution\T1047-Windows Management Instrumentation\ID4688-5145-WMIexec execution via SMB.evtx,Audit success,0,"{""EventData"":{""Data"":[{""@Name"":""SubjectUserSid"",""#text"":""S-1-5-21-4230534742-2542757381-3142984815-1111""},{""@Name"":""SubjectUserName"",""#text"":""admmig""},{""@Name"":""SubjectDomainName"",""#text"":""OFFSEC""},{""@Name"":""SubjectLogonId"",""#text"":""0x189FC0""},{""@Name"":""NewProcessId"",""#text"":""0x734""},{""@Name"":""NewProcessName"",""#text"":""C:\\Windows\\System32\\conhost.exe""},{""@Name"":""TokenElevationType"",""#text"":""%%1936""},{""@Name"":""ProcessId"",""#text"":""0x980""},{""@Name"":""CommandLine"",""#text"":""\\??\\C:\\Windows\\system32\\conhost.exe 0xffffffff""}]}}"
37,436769,2021-04-22 11:32:03.5462957,4674,LogAlways,Microsoft-Windows-Security-Auditing,Security,480,488,fs03vuln.offsec.lan,0,,An operation was attempted on a privileged object,OFFSEC\admmig (S-1-5-21-4230534742-2542757381-3142984815-1111),,PrivilegeList: SeTakeOwnershipPrivilege,ObjectServer: Security,SubjectLogonId: 0x189FC0,,,,C:\Windows\System32\conhost.exe (PID: 0x734),False,EVTX-to-MITRE-Attack\TA0002-Execution\T1047-Windows Management Instrumentation\ID4688-5145-WMIexec execution via SMB.evtx,Audit success,0,"{""EventData"":{""Data"":[{""@Name"":""SubjectUserSid"",""#text"":""S-1-5-21-4230534742-2542757381-3142984815-1111""},{""@Name"":""SubjectUserName"",""#text"":""admmig""},{""@Name"":""SubjectDomainName"",""#text"":""OFFSEC""},{""@Name"":""SubjectLogonId"",""#text"":""0x189FC0""},{""@Name"":""ObjectServer"",""#text"":""Security""},{""@Name"":""ObjectType"",""#text"":""File""},{""@Name"":""ObjectName"",""#text"":""\\Device\\ConDrv""},{""@Name"":""HandleId"",""#text"":""0x4""},{""@Name"":""AccessMask"",""#text"":""%%1537, %%1538, %%1539, %%1540, %%1541, %%4416, %%4417, %%4418, %%4419, %%4420, %%4421, %%4422, %%4423, %%4424, ""},{""@Name"":""PrivilegeList"",""#text"":""SeTakeOwnershipPrivilege""},{""@Name"":""ProcessId"",""#text"":""0x734""},{""@Name"":""ProcessName"",""#text"":""C:\\Windows\\System32\\conhost.exe""}]}}"
38,436770,2021-04-22 11:32:03.5494775,5145,LogAlways,Microsoft-Windows-Security-Auditing,Security,480,488,fs03vuln.offsec.lan,0,,Network share object access,OFFSEC\admmig,127.0.0.1:49997,Share: \\*\ADMIN$ (\??\C:\Windows),Object: __1619090610.0007844,AccessList: Unknown code (%%1538 | %%1541 | %%4417 | %%4418 | %%4420 | %%4423 | %%4424),AccessMask: Unknown code (0x120196),SID: S-1-5-21-4230534742-2542757381-3142984815-1111,,,False,EVTX-to-MITRE-Attack\TA0002-Execution\T1047-Windows Management Instrumentation\ID4688-5145-WMIexec execution via SMB.evtx,Audit success,0,"{""EventData"":{""Data"":[{""@Name"":""SubjectUserSid"",""#text"":""S-1-5-21-4230534742-2542757381-3142984815-1111""},{""@Name"":""SubjectUserName"",""#text"":""admmig""},{""@Name"":""SubjectDomainName"",""#text"":""OFFSEC""},{""@Name"":""SubjectLogonId"",""#text"":""0x189FC0""},{""@Name"":""ObjectType"",""#text"":""File""},{""@Name"":""IpAddress"",""#text"":""127.0.0.1""},{""@Name"":""IpPort"",""#text"":""49997""},{""@Name"":""ShareName"",""#text"":""\\\\*\\ADMIN$""},{""@Name"":""ShareLocalPath"",""#text"":""\\??\\C:\\Windows""},{""@Name"":""RelativeTargetName"",""#text"":""__1619090610.0007844""},{""@Name"":""AccessMask"",""#text"":""0x120196""},{""@Name"":""AccessList"",""#text"":""%%1538, %%1541, %%4417, %%4418, %%4420, %%4423, %%4424, ""},{""@Name"":""AccessReason"",""#text"":""-""}]}}"
39,436771,2021-04-22 11:32:03.5494775,5145,LogAlways,Microsoft-Windows-Security-Auditing,Security,480,488,fs03vuln.offsec.lan,0,,Network share object access,OFFSEC\admmig,127.0.0.1:49997,Share: \\*\ADMIN$ (\??\C:\Windows),Object: __1619090610.0007844,AccessList: WriteData (or AddFile),AccessMask: Unknown code (0x2),SID: S-1-5-21-4230534742-2542757381-3142984815-1111,,,False,EVTX-to-MITRE-Attack\TA0002-Execution\T1047-Windows Management Instrumentation\ID4688-5145-WMIexec execution via SMB.evtx,Audit success,0,"{""EventData"":{""Data"":[{""@Name"":""SubjectUserSid"",""#text"":""S-1-5-21-4230534742-2542757381-3142984815-1111""},{""@Name"":""SubjectUserName"",""#text"":""admmig""},{""@Name"":""SubjectDomainName"",""#text"":""OFFSEC""},{""@Name"":""SubjectLogonId"",""#text"":""0x189FC0""},{""@Name"":""ObjectType"",""#text"":""File""},{""@Name"":""IpAddress"",""#text"":""127.0.0.1""},{""@Name"":""IpPort"",""#text"":""49997""},{""@Name"":""ShareName"",""#text"":""\\\\*\\ADMIN$""},{""@Name"":""ShareLocalPath"",""#text"":""\\??\\C:\\Windows""},{""@Name"":""RelativeTargetName"",""#text"":""__1619090610.0007844""},{""@Name"":""AccessMask"",""#text"":""0x2""},{""@Name"":""AccessList"",""#text"":""%%4417, ""},{""@Name"":""AccessReason"",""#text"":""-""}]}}"
40,436772,2021-04-22 11:32:03.5494775,5140,LogAlways,Microsoft-Windows-Security-Auditing,Security,4,2452,fs03vuln.offsec.lan,0,,A network share object was accessed,OFFSEC\admmig,10.23.123.11:50896,Share: \\*\ADMIN$ (\??\C:\Windows),Sid: S-1-5-21-4230534742-2542757381-3142984815-1111,AccessList: ReadData (or ListDirectory),AccessMask: Unknown code (0x1),,,,False,EVTX-to-MITRE-Attack\TA0002-Execution\T1047-Windows Management Instrumentation\ID4688-5145-WMIexec execution via SMB.evtx,Audit success,0,"{""EventData"":{""Data"":[{""@Name"":""SubjectUserSid"",""#text"":""S-1-5-21-4230534742-2542757381-3142984815-1111""},{""@Name"":""SubjectUserName"",""#text"":""admmig""},{""@Name"":""SubjectDomainName"",""#text"":""OFFSEC""},{""@Name"":""SubjectLogonId"",""#text"":""0x189F3B""},{""@Name"":""ObjectType"",""#text"":""File""},{""@Name"":""IpAddress"",""#text"":""10.23.123.11""},{""@Name"":""IpPort"",""#text"":""50896""},{""@Name"":""ShareName"",""#text"":""\\\\*\\ADMIN$""},{""@Name"":""ShareLocalPath"",""#text"":""\\??\\C:\\Windows""},{""@Name"":""AccessMask"",""#text"":""0x1""},{""@Name"":""AccessList"",""#text"":""%%4416, ""}]}}"
41,436773,2021-04-22 11:32:03.5494775,5145,LogAlways,Microsoft-Windows-Security-Auditing,Security,480,488,fs03vuln.offsec.lan,0,,Network share object access,OFFSEC\admmig,10.23.123.11:50896,Share: \\*\ADMIN$ (\??\C:\Windows),Object: __1619090610.0007844,AccessList: ReadData (or ListDirectory),AccessMask: Unknown code (0x1),SID: S-1-5-21-4230534742-2542757381-3142984815-1111,,,False,EVTX-to-MITRE-Attack\TA0002-Execution\T1047-Windows Management Instrumentation\ID4688-5145-WMIexec execution via SMB.evtx,Audit success,0,"{""EventData"":{""Data"":[{""@Name"":""SubjectUserSid"",""#text"":""S-1-5-21-4230534742-2542757381-3142984815-1111""},{""@Name"":""SubjectUserName"",""#text"":""admmig""},{""@Name"":""SubjectDomainName"",""#text"":""OFFSEC""},{""@Name"":""SubjectLogonId"",""#text"":""0x189F3B""},{""@Name"":""ObjectType"",""#text"":""File""},{""@Name"":""IpAddress"",""#text"":""10.23.123.11""},{""@Name"":""IpPort"",""#text"":""50896""},{""@Name"":""ShareName"",""#text"":""\\\\*\\ADMIN$""},{""@Name"":""ShareLocalPath"",""#text"":""\\??\\C:\\Windows""},{""@Name"":""RelativeTargetName"",""#text"":""__1619090610.0007844""},{""@Name"":""AccessMask"",""#text"":""0x1""},{""@Name"":""AccessList"",""#text"":""%%4416, ""},{""@Name"":""AccessReason"",""#text"":""-""}]}}"
