785,437517,2021-04-22 11:32:31.7489512,5145,LogAlways,Microsoft-Windows-Security-Auditing,Security,480,488,fs03vuln.offsec.lan,8,,Network share object access,OFFSEC\admmig,10.23.23.9:63564,Share: \\*\C$ (\??\C:\),Object: Windows\assembly\NativeImages_v4.0.30319_64\Microsoft.P08ac43d5#,AccessList: Unknown code (%%1541 | %%4416 | %%4423),AccessMask: Unknown code (0x100081),SID: S-1-5-21-4230534742-2542757381-3142984815-1111,,,False,EVTX-to-MITRE-Attack\TA0002-Execution\T1047-Windows Management Instrumentation\ID4688-5145-WMIexec execution via SMB.evtx,Audit success,0,"{""EventData"":{""Data"":[{""@Name"":""SubjectUserSid"",""#text"":""S-1-5-21-4230534742-2542757381-3142984815-1111""},{""@Name"":""SubjectUserName"",""#text"":""admmig""},{""@Name"":""SubjectDomainName"",""#text"":""OFFSEC""},{""@Name"":""SubjectLogonId"",""#text"":""0x18ACDD""},{""@Name"":""ObjectType"",""#text"":""File""},{""@Name"":""IpAddress"",""#text"":""10.23.23.9""},{""@Name"":""IpPort"",""#text"":""63564""},{""@Name"":""ShareName"",""#text"":""\\\\*\\C$""},{""@Name"":""ShareLocalPath"",""#text"":""\\??\\C:\\""},{""@Name"":""RelativeTargetName"",""#text"":""Windows\\assembly\\NativeImages_v4.0.30319_64\\Microsoft.P08ac43d5#""},{""@Name"":""AccessMask"",""#text"":""0x100081""},{""@Name"":""AccessList"",""#text"":""%%1541, %%4416, %%4423, ""},{""@Name"":""AccessReason"",""#text"":""-""}]}}"
786,437518,2021-04-22 11:32:31.7645746,5145,LogAlways,Microsoft-Windows-Security-Auditing,Security,480,488,fs03vuln.offsec.lan,8,,Network share object access,OFFSEC\admmig,10.23.23.9:63566,Share: \\*\C$ (\??\C:\),Object: Windows\assembly\NativeImages_v4.0.30319_64\Microsoft.P08ac43d5#\87b325b56b362a5d2dca93029c0d75b8,AccessList: Unknown code (%%1541 | %%4416 | %%4423),AccessMask: Unknown code (0x100081),SID: S-1-5-21-4230534742-2542757381-3142984815-1111,,,False,EVTX-to-MITRE-Attack\TA0002-Execution\T1047-Windows Management Instrumentation\ID4688-5145-WMIexec execution via SMB.evtx,Audit success,0,"{""EventData"":{""Data"":[{""@Name"":""SubjectUserSid"",""#text"":""S-1-5-21-4230534742-2542757381-3142984815-1111""},{""@Name"":""SubjectUserName"",""#text"":""admmig""},{""@Name"":""SubjectDomainName"",""#text"":""OFFSEC""},{""@Name"":""SubjectLogonId"",""#text"":""0x18ACDD""},{""@Name"":""ObjectType"",""#text"":""File""},{""@Name"":""IpAddress"",""#text"":""10.23.23.9""},{""@Name"":""IpPort"",""#text"":""63566""},{""@Name"":""ShareName"",""#text"":""\\\\*\\C$""},{""@Name"":""ShareLocalPath"",""#text"":""\\??\\C:\\""},{""@Name"":""RelativeTargetName"",""#text"":""Windows\\assembly\\NativeImages_v4.0.30319_64\\Microsoft.P08ac43d5#\\87b325b56b362a5d2dca93029c0d75b8""},{""@Name"":""AccessMask"",""#text"":""0x100081""},{""@Name"":""AccessList"",""#text"":""%%1541, %%4416, %%4423, ""},{""@Name"":""AccessReason"",""#text"":""-""}]}}"
787,437519,2021-04-22 11:32:31.7645746,5145,LogAlways,Microsoft-Windows-Security-Auditing,Security,480,488,fs03vuln.offsec.lan,8,,Network share object access,OFFSEC\admmig,10.23.23.9:63564,Share: \\*\C$ (\??\C:\),Object: Windows\assembly\NativeImages_v4.0.30319_64\Microsoft.P9de5a786#,AccessList: Unknown code (%%1541 | %%4416 | %%4423),AccessMask: Unknown code (0x100081),SID: S-1-5-21-4230534742-2542757381-3142984815-1111,,,False,EVTX-to-MITRE-Attack\TA0002-Execution\T1047-Windows Management Instrumentation\ID4688-5145-WMIexec execution via SMB.evtx,Audit success,0,"{""EventData"":{""Data"":[{""@Name"":""SubjectUserSid"",""#text"":""S-1-5-21-4230534742-2542757381-3142984815-1111""},{""@Name"":""SubjectUserName"",""#text"":""admmig""},{""@Name"":""SubjectDomainName"",""#text"":""OFFSEC""},{""@Name"":""SubjectLogonId"",""#text"":""0x18ACDD""},{""@Name"":""ObjectType"",""#text"":""File""},{""@Name"":""IpAddress"",""#text"":""10.23.23.9""},{""@Name"":""IpPort"",""#text"":""63564""},{""@Name"":""ShareName"",""#text"":""\\\\*\\C$""},{""@Name"":""ShareLocalPath"",""#text"":""\\??\\C:\\""},{""@Name"":""RelativeTargetName"",""#text"":""Windows\\assembly\\NativeImages_v4.0.30319_64\\Microsoft.P9de5a786#""},{""@Name"":""AccessMask"",""#text"":""0x100081""},{""@Name"":""AccessList"",""#text"":""%%1541, %%4416, %%4423, ""},{""@Name"":""AccessReason"",""#text"":""-""}]}}"
788,437520,2021-04-22 11:32:31.7645746,5145,LogAlways,Microsoft-Windows-Security-Auditing,Security,480,488,fs03vuln.offsec.lan,8,,Network share object access,OFFSEC\admmig,10.23.23.9:63566,Share: \\*\C$ (\??\C:\),Object: Windows\assembly\NativeImages_v4.0.30319_64\Microsoft.P9de5a786#\8078dc8e65f16bfd95c09cce4fe0280e,AccessList: Unknown code (%%1541 | %%4416 | %%4423),AccessMask: Unknown code (0x100081),SID: S-1-5-21-4230534742-2542757381-3142984815-1111,,,False,EVTX-to-MITRE-Attack\TA0002-Execution\T1047-Windows Management Instrumentation\ID4688-5145-WMIexec execution via SMB.evtx,Audit success,0,"{""EventData"":{""Data"":[{""@Name"":""SubjectUserSid"",""#text"":""S-1-5-21-4230534742-2542757381-3142984815-1111""},{""@Name"":""SubjectUserName"",""#text"":""admmig""},{""@Name"":""SubjectDomainName"",""#text"":""OFFSEC""},{""@Name"":""SubjectLogonId"",""#text"":""0x18ACDD""},{""@Name"":""ObjectType"",""#text"":""File""},{""@Name"":""IpAddress"",""#text"":""10.23.23.9""},{""@Name"":""IpPort"",""#text"":""63566""},{""@Name"":""ShareName"",""#text"":""\\\\*\\C$""},{""@Name"":""ShareLocalPath"",""#text"":""\\??\\C:\\""},{""@Name"":""RelativeTargetName"",""#text"":""Windows\\assembly\\NativeImages_v4.0.30319_64\\Microsoft.P9de5a786#\\8078dc8e65f16bfd95c09cce4fe0280e""},{""@Name"":""AccessMask"",""#text"":""0x100081""},{""@Name"":""AccessList"",""#text"":""%%1541, %%4416, %%4423, ""},{""@Name"":""AccessReason"",""#text"":""-""}]}}"
789,437521,2021-04-22 11:32:31.7802031,5145,LogAlways,Microsoft-Windows-Security-Auditing,Security,480,488,fs03vuln.offsec.lan,8,,Network share object access,OFFSEC\admmig,10.23.23.9:63564,Share: \\*\C$ (\??\C:\),Object: Windows\assembly\NativeImages_v4.0.30319_64\Microsoft.P10d01611#,AccessList: Unknown code (%%1541 | %%4416 | %%4423),AccessMask: Unknown code (0x100081),SID: S-1-5-21-4230534742-2542757381-3142984815-1111,,,False,EVTX-to-MITRE-Attack\TA0002-Execution\T1047-Windows Management Instrumentation\ID4688-5145-WMIexec execution via SMB.evtx,Audit success,0,"{""EventData"":{""Data"":[{""@Name"":""SubjectUserSid"",""#text"":""S-1-5-21-4230534742-2542757381-3142984815-1111""},{""@Name"":""SubjectUserName"",""#text"":""admmig""},{""@Name"":""SubjectDomainName"",""#text"":""OFFSEC""},{""@Name"":""SubjectLogonId"",""#text"":""0x18ACDD""},{""@Name"":""ObjectType"",""#text"":""File""},{""@Name"":""IpAddress"",""#text"":""10.23.23.9""},{""@Name"":""IpPort"",""#text"":""63564""},{""@Name"":""ShareName"",""#text"":""\\\\*\\C$""},{""@Name"":""ShareLocalPath"",""#text"":""\\??\\C:\\""},{""@Name"":""RelativeTargetName"",""#text"":""Windows\\assembly\\NativeImages_v4.0.30319_64\\Microsoft.P10d01611#""},{""@Name"":""AccessMask"",""#text"":""0x100081""},{""@Name"":""AccessList"",""#text"":""%%1541, %%4416, %%4423, ""},{""@Name"":""AccessReason"",""#text"":""-""}]}}"
790,437522,2021-04-22 11:32:31.7802031,5145,LogAlways,Microsoft-Windows-Security-Auditing,Security,480,488,fs03vuln.offsec.lan,8,,Network share object access,OFFSEC\admmig,10.23.23.9:63566,Share: \\*\C$ (\??\C:\),Object: Windows\assembly\NativeImages_v4.0.30319_64\Microsoft.P10d01611#\54330dabd4f5e29c758461cbbf2a4f34,AccessList: Unknown code (%%1541 | %%4416 | %%4423),AccessMask: Unknown code (0x100081),SID: S-1-5-21-4230534742-2542757381-3142984815-1111,,,False,EVTX-to-MITRE-Attack\TA0002-Execution\T1047-Windows Management Instrumentation\ID4688-5145-WMIexec execution via SMB.evtx,Audit success,0,"{""EventData"":{""Data"":[{""@Name"":""SubjectUserSid"",""#text"":""S-1-5-21-4230534742-2542757381-3142984815-1111""},{""@Name"":""SubjectUserName"",""#text"":""admmig""},{""@Name"":""SubjectDomainName"",""#text"":""OFFSEC""},{""@Name"":""SubjectLogonId"",""#text"":""0x18ACDD""},{""@Name"":""ObjectType"",""#text"":""File""},{""@Name"":""IpAddress"",""#text"":""10.23.23.9""},{""@Name"":""IpPort"",""#text"":""63566""},{""@Name"":""ShareName"",""#text"":""\\\\*\\C$""},{""@Name"":""ShareLocalPath"",""#text"":""\\??\\C:\\""},{""@Name"":""RelativeTargetName"",""#text"":""Windows\\assembly\\NativeImages_v4.0.30319_64\\Microsoft.P10d01611#\\54330dabd4f5e29c758461cbbf2a4f34""},{""@Name"":""AccessMask"",""#text"":""0x100081""},{""@Name"":""AccessList"",""#text"":""%%1541, %%4416, %%4423, ""},{""@Name"":""AccessReason"",""#text"":""-""}]}}"
791,437523,2021-04-22 11:32:31.7802031,5145,LogAlways,Microsoft-Windows-Security-Auditing,Security,480,488,fs03vuln.offsec.lan,8,,Network share object access,OFFSEC\admmig,10.23.23.9:63564,Share: \\*\C$ (\??\C:\),Object: Windows\assembly\NativeImages_v4.0.30319_64\Microsoft.P34f388c1#,AccessList: Unknown code (%%1541 | %%4416 | %%4423),AccessMask: Unknown code (0x100081),SID: S-1-5-21-4230534742-2542757381-3142984815-1111,,,False,EVTX-to-MITRE-Attack\TA0002-Execution\T1047-Windows Management Instrumentation\ID4688-5145-WMIexec execution via SMB.evtx,Audit success,0,"{""EventData"":{""Data"":[{""@Name"":""SubjectUserSid"",""#text"":""S-1-5-21-4230534742-2542757381-3142984815-1111""},{""@Name"":""SubjectUserName"",""#text"":""admmig""},{""@Name"":""SubjectDomainName"",""#text"":""OFFSEC""},{""@Name"":""SubjectLogonId"",""#text"":""0x18ACDD""},{""@Name"":""ObjectType"",""#text"":""File""},{""@Name"":""IpAddress"",""#text"":""10.23.23.9""},{""@Name"":""IpPort"",""#text"":""63564""},{""@Name"":""ShareName"",""#text"":""\\\\*\\C$""},{""@Name"":""ShareLocalPath"",""#text"":""\\??\\C:\\""},{""@Name"":""RelativeTargetName"",""#text"":""Windows\\assembly\\NativeImages_v4.0.30319_64\\Microsoft.P34f388c1#""},{""@Name"":""AccessMask"",""#text"":""0x100081""},{""@Name"":""AccessList"",""#text"":""%%1541, %%4416, %%4423, ""},{""@Name"":""AccessReason"",""#text"":""-""}]}}"
792,437524,2021-04-22 11:32:31.7802031,5145,LogAlways,Microsoft-Windows-Security-Auditing,Security,480,488,fs03vuln.offsec.lan,8,,Network share object access,OFFSEC\admmig,10.23.23.9:63566,Share: \\*\C$ (\??\C:\),Object: Windows\assembly\NativeImages_v4.0.30319_64\Microsoft.P34f388c1#\50399e243bf8da1addc23305521efbd9,AccessList: Unknown code (%%1541 | %%4416 | %%4423),AccessMask: Unknown code (0x100081),SID: S-1-5-21-4230534742-2542757381-3142984815-1111,,,False,EVTX-to-MITRE-Attack\TA0002-Execution\T1047-Windows Management Instrumentation\ID4688-5145-WMIexec execution via SMB.evtx,Audit success,0,"{""EventData"":{""Data"":[{""@Name"":""SubjectUserSid"",""#text"":""S-1-5-21-4230534742-2542757381-3142984815-1111""},{""@Name"":""SubjectUserName"",""#text"":""admmig""},{""@Name"":""SubjectDomainName"",""#text"":""OFFSEC""},{""@Name"":""SubjectLogonId"",""#text"":""0x18ACDD""},{""@Name"":""ObjectType"",""#text"":""File""},{""@Name"":""IpAddress"",""#text"":""10.23.23.9""},{""@Name"":""IpPort"",""#text"":""63566""},{""@Name"":""ShareName"",""#text"":""\\\\*\\C$""},{""@Name"":""ShareLocalPath"",""#text"":""\\??\\C:\\""},{""@Name"":""RelativeTargetName"",""#text"":""Windows\\assembly\\NativeImages_v4.0.30319_64\\Microsoft.P34f388c1#\\50399e243bf8da1addc23305521efbd9""},{""@Name"":""AccessMask"",""#text"":""0x100081""},{""@Name"":""AccessList"",""#text"":""%%1541, %%4416, %%4423, ""},{""@Name"":""AccessReason"",""#text"":""-""}]}}"
793,437525,2021-04-22 11:32:31.7958260,5145,LogAlways,Microsoft-Windows-Security-Auditing,Security,480,488,fs03vuln.offsec.lan,8,,Network share object access,OFFSEC\admmig,10.23.23.9:63564,Share: \\*\C$ (\??\C:\),Object: Windows\assembly\NativeImages_v4.0.30319_64\Microsoft.P1706cafe#,AccessList: Unknown code (%%1541 | %%4416 | %%4423),AccessMask: Unknown code (0x100081),SID: S-1-5-21-4230534742-2542757381-3142984815-1111,,,False,EVTX-to-MITRE-Attack\TA0002-Execution\T1047-Windows Management Instrumentation\ID4688-5145-WMIexec execution via SMB.evtx,Audit success,0,"{""EventData"":{""Data"":[{""@Name"":""SubjectUserSid"",""#text"":""S-1-5-21-4230534742-2542757381-3142984815-1111""},{""@Name"":""SubjectUserName"",""#text"":""admmig""},{""@Name"":""SubjectDomainName"",""#text"":""OFFSEC""},{""@Name"":""SubjectLogonId"",""#text"":""0x18ACDD""},{""@Name"":""ObjectType"",""#text"":""File""},{""@Name"":""IpAddress"",""#text"":""10.23.23.9""},{""@Name"":""IpPort"",""#text"":""63564""},{""@Name"":""ShareName"",""#text"":""\\\\*\\C$""},{""@Name"":""ShareLocalPath"",""#text"":""\\??\\C:\\""},{""@Name"":""RelativeTargetName"",""#text"":""Windows\\assembly\\NativeImages_v4.0.30319_64\\Microsoft.P1706cafe#""},{""@Name"":""AccessMask"",""#text"":""0x100081""},{""@Name"":""AccessList"",""#text"":""%%1541, %%4416, %%4423, ""},{""@Name"":""AccessReason"",""#text"":""-""}]}}"
794,437526,2021-04-22 11:32:31.7958260,5145,LogAlways,Microsoft-Windows-Security-Auditing,Security,480,488,fs03vuln.offsec.lan,8,,Network share object access,OFFSEC\admmig,10.23.23.9:63566,Share: \\*\C$ (\??\C:\),Object: Windows\assembly\NativeImages_v4.0.30319_64\Microsoft.P1706cafe#\174cd66357bfa0b262b0dbd9bd0e64e3,AccessList: Unknown code (%%1541 | %%4416 | %%4423),AccessMask: Unknown code (0x100081),SID: S-1-5-21-4230534742-2542757381-3142984815-1111,,,False,EVTX-to-MITRE-Attack\TA0002-Execution\T1047-Windows Management Instrumentation\ID4688-5145-WMIexec execution via SMB.evtx,Audit success,0,"{""EventData"":{""Data"":[{""@Name"":""SubjectUserSid"",""#text"":""S-1-5-21-4230534742-2542757381-3142984815-1111""},{""@Name"":""SubjectUserName"",""#text"":""admmig""},{""@Name"":""SubjectDomainName"",""#text"":""OFFSEC""},{""@Name"":""SubjectLogonId"",""#text"":""0x18ACDD""},{""@Name"":""ObjectType"",""#text"":""File""},{""@Name"":""IpAddress"",""#text"":""10.23.23.9""},{""@Name"":""IpPort"",""#text"":""63566""},{""@Name"":""ShareName"",""#text"":""\\\\*\\C$""},{""@Name"":""ShareLocalPath"",""#text"":""\\??\\C:\\""},{""@Name"":""RelativeTargetName"",""#text"":""Windows\\assembly\\NativeImages_v4.0.30319_64\\Microsoft.P1706cafe#\\174cd66357bfa0b262b0dbd9bd0e64e3""},{""@Name"":""AccessMask"",""#text"":""0x100081""},{""@Name"":""AccessList"",""#text"":""%%1541, %%4416, %%4423, ""},{""@Name"":""AccessReason"",""#text"":""-""}]}}"
795,437527,2021-04-22 11:32:31.7958260,5145,LogAlways,Microsoft-Windows-Security-Auditing,Security,480,488,fs03vuln.offsec.lan,8,,Network share object access,OFFSEC\admmig,10.23.23.9:63564,Share: \\*\C$ (\??\C:\),Object: Windows\assembly\NativeImages_v4.0.30319_64\Microsoft.P047767ce#,AccessList: Unknown code (%%1541 | %%4416 | %%4423),AccessMask: Unknown code (0x100081),SID: S-1-5-21-4230534742-2542757381-3142984815-1111,,,False,EVTX-to-MITRE-Attack\TA0002-Execution\T1047-Windows Management Instrumentation\ID4688-5145-WMIexec execution via SMB.evtx,Audit success,0,"{""EventData"":{""Data"":[{""@Name"":""SubjectUserSid"",""#text"":""S-1-5-21-4230534742-2542757381-3142984815-1111""},{""@Name"":""SubjectUserName"",""#text"":""admmig""},{""@Name"":""SubjectDomainName"",""#text"":""OFFSEC""},{""@Name"":""SubjectLogonId"",""#text"":""0x18ACDD""},{""@Name"":""ObjectType"",""#text"":""File""},{""@Name"":""IpAddress"",""#text"":""10.23.23.9""},{""@Name"":""IpPort"",""#text"":""63564""},{""@Name"":""ShareName"",""#text"":""\\\\*\\C$""},{""@Name"":""ShareLocalPath"",""#text"":""\\??\\C:\\""},{""@Name"":""RelativeTargetName"",""#text"":""Windows\\assembly\\NativeImages_v4.0.30319_64\\Microsoft.P047767ce#""},{""@Name"":""AccessMask"",""#text"":""0x100081""},{""@Name"":""AccessList"",""#text"":""%%1541, %%4416, %%4423, ""},{""@Name"":""AccessReason"",""#text"":""-""}]}}"
796,437528,2021-04-22 11:32:31.7958260,5145,LogAlways,Microsoft-Windows-Security-Auditing,Security,480,488,fs03vuln.offsec.lan,8,,Network share object access,OFFSEC\admmig,10.23.23.9:63566,Share: \\*\C$ (\??\C:\),Object: Windows\assembly\NativeImages_v4.0.30319_64\Microsoft.P047767ce#\f05e09fe4c0d9354867afe11b4e9db8c,AccessList: Unknown code (%%1541 | %%4416 | %%4423),AccessMask: Unknown code (0x100081),SID: S-1-5-21-4230534742-2542757381-3142984815-1111,,,False,EVTX-to-MITRE-Attack\TA0002-Execution\T1047-Windows Management Instrumentation\ID4688-5145-WMIexec execution via SMB.evtx,Audit success,0,"{""EventData"":{""Data"":[{""@Name"":""SubjectUserSid"",""#text"":""S-1-5-21-4230534742-2542757381-3142984815-1111""},{""@Name"":""SubjectUserName"",""#text"":""admmig""},{""@Name"":""SubjectDomainName"",""#text"":""OFFSEC""},{""@Name"":""SubjectLogonId"",""#text"":""0x18ACDD""},{""@Name"":""ObjectType"",""#text"":""File""},{""@Name"":""IpAddress"",""#text"":""10.23.23.9""},{""@Name"":""IpPort"",""#text"":""63566""},{""@Name"":""ShareName"",""#text"":""\\\\*\\C$""},{""@Name"":""ShareLocalPath"",""#text"":""\\??\\C:\\""},{""@Name"":""RelativeTargetName"",""#text"":""Windows\\assembly\\NativeImages_v4.0.30319_64\\Microsoft.P047767ce#\\f05e09fe4c0d9354867afe11b4e9db8c""},{""@Name"":""AccessMask"",""#text"":""0x100081""},{""@Name"":""AccessList"",""#text"":""%%1541, %%4416, %%4423, ""},{""@Name"":""AccessReason"",""#text"":""-""}]}}"
797,437529,2021-04-22 11:32:31.8114498,5145,LogAlways,Microsoft-Windows-Security-Auditing,Security,480,488,fs03vuln.offsec.lan,8,,Network share object access,OFFSEC\admmig,10.23.23.9:63564,Share: \\*\C$ (\??\C:\),Object: Windows\assembly\NativeImages_v4.0.30319_64\Microsoft.P521220ea#,AccessList: Unknown code (%%1541 | %%4416 | %%4423),AccessMask: Unknown code (0x100081),SID: S-1-5-21-4230534742-2542757381-3142984815-1111,,,False,EVTX-to-MITRE-Attack\TA0002-Execution\T1047-Windows Management Instrumentation\ID4688-5145-WMIexec execution via SMB.evtx,Audit success,0,"{""EventData"":{""Data"":[{""@Name"":""SubjectUserSid"",""#text"":""S-1-5-21-4230534742-2542757381-3142984815-1111""},{""@Name"":""SubjectUserName"",""#text"":""admmig""},{""@Name"":""SubjectDomainName"",""#text"":""OFFSEC""},{""@Name"":""SubjectLogonId"",""#text"":""0x18ACDD""},{""@Name"":""ObjectType"",""#text"":""File""},{""@Name"":""IpAddress"",""#text"":""10.23.23.9""},{""@Name"":""IpPort"",""#text"":""63564""},{""@Name"":""ShareName"",""#text"":""\\\\*\\C$""},{""@Name"":""ShareLocalPath"",""#text"":""\\??\\C:\\""},{""@Name"":""RelativeTargetName"",""#text"":""Windows\\assembly\\NativeImages_v4.0.30319_64\\Microsoft.P521220ea#""},{""@Name"":""AccessMask"",""#text"":""0x100081""},{""@Name"":""AccessList"",""#text"":""%%1541, %%4416, %%4423, ""},{""@Name"":""AccessReason"",""#text"":""-""}]}}"
798,437530,2021-04-22 11:32:31.8270769,5145,LogAlways,Microsoft-Windows-Security-Auditing,Security,480,488,fs03vuln.offsec.lan,8,,Network share object access,OFFSEC\admmig,10.23.23.9:63566,Share: \\*\C$ (\??\C:\),Object: Windows\assembly\NativeImages_v4.0.30319_64\Microsoft.P521220ea#\89e812888a4e94f1d2bf0da1c4c6ee5b,AccessList: Unknown code (%%1541 | %%4416 | %%4423),AccessMask: Unknown code (0x100081),SID: S-1-5-21-4230534742-2542757381-3142984815-1111,,,False,EVTX-to-MITRE-Attack\TA0002-Execution\T1047-Windows Management Instrumentation\ID4688-5145-WMIexec execution via SMB.evtx,Audit success,0,"{""EventData"":{""Data"":[{""@Name"":""SubjectUserSid"",""#text"":""S-1-5-21-4230534742-2542757381-3142984815-1111""},{""@Name"":""SubjectUserName"",""#text"":""admmig""},{""@Name"":""SubjectDomainName"",""#text"":""OFFSEC""},{""@Name"":""SubjectLogonId"",""#text"":""0x18ACDD""},{""@Name"":""ObjectType"",""#text"":""File""},{""@Name"":""IpAddress"",""#text"":""10.23.23.9""},{""@Name"":""IpPort"",""#text"":""63566""},{""@Name"":""ShareName"",""#text"":""\\\\*\\C$""},{""@Name"":""ShareLocalPath"",""#text"":""\\??\\C:\\""},{""@Name"":""RelativeTargetName"",""#text"":""Windows\\assembly\\NativeImages_v4.0.30319_64\\Microsoft.P521220ea#\\89e812888a4e94f1d2bf0da1c4c6ee5b""},{""@Name"":""AccessMask"",""#text"":""0x100081""},{""@Name"":""AccessList"",""#text"":""%%1541, %%4416, %%4423, ""},{""@Name"":""AccessReason"",""#text"":""-""}]}}"
799,437531,2021-04-22 11:32:31.8270769,5145,LogAlways,Microsoft-Windows-Security-Auditing,Security,480,488,fs03vuln.offsec.lan,8,,Network share object access,OFFSEC\admmig,10.23.23.9:63564,Share: \\*\C$ (\??\C:\),Object: Windows\assembly\NativeImages_v4.0.30319_64\Microsoft.P655586bb#,AccessList: Unknown code (%%1541 | %%4416 | %%4423),AccessMask: Unknown code (0x100081),SID: S-1-5-21-4230534742-2542757381-3142984815-1111,,,False,EVTX-to-MITRE-Attack\TA0002-Execution\T1047-Windows Management Instrumentation\ID4688-5145-WMIexec execution via SMB.evtx,Audit success,0,"{""EventData"":{""Data"":[{""@Name"":""SubjectUserSid"",""#text"":""S-1-5-21-4230534742-2542757381-3142984815-1111""},{""@Name"":""SubjectUserName"",""#text"":""admmig""},{""@Name"":""SubjectDomainName"",""#text"":""OFFSEC""},{""@Name"":""SubjectLogonId"",""#text"":""0x18ACDD""},{""@Name"":""ObjectType"",""#text"":""File""},{""@Name"":""IpAddress"",""#text"":""10.23.23.9""},{""@Name"":""IpPort"",""#text"":""63564""},{""@Name"":""ShareName"",""#text"":""\\\\*\\C$""},{""@Name"":""ShareLocalPath"",""#text"":""\\??\\C:\\""},{""@Name"":""RelativeTargetName"",""#text"":""Windows\\assembly\\NativeImages_v4.0.30319_64\\Microsoft.P655586bb#""},{""@Name"":""AccessMask"",""#text"":""0x100081""},{""@Name"":""AccessList"",""#text"":""%%1541, %%4416, %%4423, ""},{""@Name"":""AccessReason"",""#text"":""-""}]}}"
800,437532,2021-04-22 11:32:31.8270769,5145,LogAlways,Microsoft-Windows-Security-Auditing,Security,480,488,fs03vuln.offsec.lan,8,,Network share object access,OFFSEC\admmig,10.23.23.9:63566,Share: \\*\C$ (\??\C:\),Object: Windows\assembly\NativeImages_v4.0.30319_64\Microsoft.P655586bb#\f3228ac51b37737ae2ce1176bbbad2ce,AccessList: Unknown code (%%1541 | %%4416 | %%4423),AccessMask: Unknown code (0x100081),SID: S-1-5-21-4230534742-2542757381-3142984815-1111,,,False,EVTX-to-MITRE-Attack\TA0002-Execution\T1047-Windows Management Instrumentation\ID4688-5145-WMIexec execution via SMB.evtx,Audit success,0,"{""EventData"":{""Data"":[{""@Name"":""SubjectUserSid"",""#text"":""S-1-5-21-4230534742-2542757381-3142984815-1111""},{""@Name"":""SubjectUserName"",""#text"":""admmig""},{""@Name"":""SubjectDomainName"",""#text"":""OFFSEC""},{""@Name"":""SubjectLogonId"",""#text"":""0x18ACDD""},{""@Name"":""ObjectType"",""#text"":""File""},{""@Name"":""IpAddress"",""#text"":""10.23.23.9""},{""@Name"":""IpPort"",""#text"":""63566""},{""@Name"":""ShareName"",""#text"":""\\\\*\\C$""},{""@Name"":""ShareLocalPath"",""#text"":""\\??\\C:\\""},{""@Name"":""RelativeTargetName"",""#text"":""Windows\\assembly\\NativeImages_v4.0.30319_64\\Microsoft.P655586bb#\\f3228ac51b37737ae2ce1176bbbad2ce""},{""@Name"":""AccessMask"",""#text"":""0x100081""},{""@Name"":""AccessList"",""#text"":""%%1541, %%4416, %%4423, ""},{""@Name"":""AccessReason"",""#text"":""-""}]}}"
801,437533,2021-04-22 11:32:31.8270769,5145,LogAlways,Microsoft-Windows-Security-Auditing,Security,480,488,fs03vuln.offsec.lan,8,,Network share object access,OFFSEC\admmig,10.23.23.9:63564,Share: \\*\C$ (\??\C:\),Object: Windows\assembly\NativeImages_v4.0.30319_64\Microsoft.P39041136#,AccessList: Unknown code (%%1541 | %%4416 | %%4423),AccessMask: Unknown code (0x100081),SID: S-1-5-21-4230534742-2542757381-3142984815-1111,,,False,EVTX-to-MITRE-Attack\TA0002-Execution\T1047-Windows Management Instrumentation\ID4688-5145-WMIexec execution via SMB.evtx,Audit success,0,"{""EventData"":{""Data"":[{""@Name"":""SubjectUserSid"",""#text"":""S-1-5-21-4230534742-2542757381-3142984815-1111""},{""@Name"":""SubjectUserName"",""#text"":""admmig""},{""@Name"":""SubjectDomainName"",""#text"":""OFFSEC""},{""@Name"":""SubjectLogonId"",""#text"":""0x18ACDD""},{""@Name"":""ObjectType"",""#text"":""File""},{""@Name"":""IpAddress"",""#text"":""10.23.23.9""},{""@Name"":""IpPort"",""#text"":""63564""},{""@Name"":""ShareName"",""#text"":""\\\\*\\C$""},{""@Name"":""ShareLocalPath"",""#text"":""\\??\\C:\\""},{""@Name"":""RelativeTargetName"",""#text"":""Windows\\assembly\\NativeImages_v4.0.30319_64\\Microsoft.P39041136#""},{""@Name"":""AccessMask"",""#text"":""0x100081""},{""@Name"":""AccessList"",""#text"":""%%1541, %%4416, %%4423, ""},{""@Name"":""AccessReason"",""#text"":""-""}]}}"
802,437534,2021-04-22 11:32:31.8270769,5145,LogAlways,Microsoft-Windows-Security-Auditing,Security,480,488,fs03vuln.offsec.lan,8,,Network share object access,OFFSEC\admmig,10.23.23.9:63566,Share: \\*\C$ (\??\C:\),Object: Windows\assembly\NativeImages_v4.0.30319_64\Microsoft.P39041136#\cabc62ca2a04f99fe9af65799a727687,AccessList: Unknown code (%%1541 | %%4416 | %%4423),AccessMask: Unknown code (0x100081),SID: S-1-5-21-4230534742-2542757381-3142984815-1111,,,False,EVTX-to-MITRE-Attack\TA0002-Execution\T1047-Windows Management Instrumentation\ID4688-5145-WMIexec execution via SMB.evtx,Audit success,0,"{""EventData"":{""Data"":[{""@Name"":""SubjectUserSid"",""#text"":""S-1-5-21-4230534742-2542757381-3142984815-1111""},{""@Name"":""SubjectUserName"",""#text"":""admmig""},{""@Name"":""SubjectDomainName"",""#text"":""OFFSEC""},{""@Name"":""SubjectLogonId"",""#text"":""0x18ACDD""},{""@Name"":""ObjectType"",""#text"":""File""},{""@Name"":""IpAddress"",""#text"":""10.23.23.9""},{""@Name"":""IpPort"",""#text"":""63566""},{""@Name"":""ShareName"",""#text"":""\\\\*\\C$""},{""@Name"":""ShareLocalPath"",""#text"":""\\??\\C:\\""},{""@Name"":""RelativeTargetName"",""#text"":""Windows\\assembly\\NativeImages_v4.0.30319_64\\Microsoft.P39041136#\\cabc62ca2a04f99fe9af65799a727687""},{""@Name"":""AccessMask"",""#text"":""0x100081""},{""@Name"":""AccessList"",""#text"":""%%1541, %%4416, %%4423, ""},{""@Name"":""AccessReason"",""#text"":""-""}]}}"
803,437535,2021-04-22 11:32:31.8270769,5145,LogAlways,Microsoft-Windows-Security-Auditing,Security,480,488,fs03vuln.offsec.lan,8,,Network share object access,OFFSEC\admmig,10.23.23.9:63564,Share: \\*\C$ (\??\C:\),Object: Windows\assembly\NativeImages_v4.0.30319_64\Microsoft.Pae3498d9#,AccessList: Unknown code (%%1541 | %%4416 | %%4423),AccessMask: Unknown code (0x100081),SID: S-1-5-21-4230534742-2542757381-3142984815-1111,,,False,EVTX-to-MITRE-Attack\TA0002-Execution\T1047-Windows Management Instrumentation\ID4688-5145-WMIexec execution via SMB.evtx,Audit success,0,"{""EventData"":{""Data"":[{""@Name"":""SubjectUserSid"",""#text"":""S-1-5-21-4230534742-2542757381-3142984815-1111""},{""@Name"":""SubjectUserName"",""#text"":""admmig""},{""@Name"":""SubjectDomainName"",""#text"":""OFFSEC""},{""@Name"":""SubjectLogonId"",""#text"":""0x18ACDD""},{""@Name"":""ObjectType"",""#text"":""File""},{""@Name"":""IpAddress"",""#text"":""10.23.23.9""},{""@Name"":""IpPort"",""#text"":""63564""},{""@Name"":""ShareName"",""#text"":""\\\\*\\C$""},{""@Name"":""ShareLocalPath"",""#text"":""\\??\\C:\\""},{""@Name"":""RelativeTargetName"",""#text"":""Windows\\assembly\\NativeImages_v4.0.30319_64\\Microsoft.Pae3498d9#""},{""@Name"":""AccessMask"",""#text"":""0x100081""},{""@Name"":""AccessList"",""#text"":""%%1541, %%4416, %%4423, ""},{""@Name"":""AccessReason"",""#text"":""-""}]}}"
804,437536,2021-04-22 11:32:31.8270769,5145,LogAlways,Microsoft-Windows-Security-Auditing,Security,480,488,fs03vuln.offsec.lan,8,,Network share object access,OFFSEC\admmig,10.23.23.9:63566,Share: \\*\C$ (\??\C:\),Object: Windows\assembly\NativeImages_v4.0.30319_64\Microsoft.Pae3498d9#\1617c5f47d154a5d7cf1f53851398006,AccessList: Unknown code (%%1541 | %%4416 | %%4423),AccessMask: Unknown code (0x100081),SID: S-1-5-21-4230534742-2542757381-3142984815-1111,,,False,EVTX-to-MITRE-Attack\TA0002-Execution\T1047-Windows Management Instrumentation\ID4688-5145-WMIexec execution via SMB.evtx,Audit success,0,"{""EventData"":{""Data"":[{""@Name"":""SubjectUserSid"",""#text"":""S-1-5-21-4230534742-2542757381-3142984815-1111""},{""@Name"":""SubjectUserName"",""#text"":""admmig""},{""@Name"":""SubjectDomainName"",""#text"":""OFFSEC""},{""@Name"":""SubjectLogonId"",""#text"":""0x18ACDD""},{""@Name"":""ObjectType"",""#text"":""File""},{""@Name"":""IpAddress"",""#text"":""10.23.23.9""},{""@Name"":""IpPort"",""#text"":""63566""},{""@Name"":""ShareName"",""#text"":""\\\\*\\C$""},{""@Name"":""ShareLocalPath"",""#text"":""\\??\\C:\\""},{""@Name"":""RelativeTargetName"",""#text"":""Windows\\assembly\\NativeImages_v4.0.30319_64\\Microsoft.Pae3498d9#\\1617c5f47d154a5d7cf1f53851398006""},{""@Name"":""AccessMask"",""#text"":""0x100081""},{""@Name"":""AccessList"",""#text"":""%%1541, %%4416, %%4423, ""},{""@Name"":""AccessReason"",""#text"":""-""}]}}"
805,437537,2021-04-22 11:32:31.8270769,5145,LogAlways,Microsoft-Windows-Security-Auditing,Security,480,488,fs03vuln.offsec.lan,8,,Network share object access,OFFSEC\admmig,10.23.23.9:63564,Share: \\*\C$ (\??\C:\),Object: Windows\assembly\NativeImages_v4.0.30319_64\Microsoft.Pb378ec07#,AccessList: Unknown code (%%1541 | %%4416 | %%4423),AccessMask: Unknown code (0x100081),SID: S-1-5-21-4230534742-2542757381-3142984815-1111,,,False,EVTX-to-MITRE-Attack\TA0002-Execution\T1047-Windows Management Instrumentation\ID4688-5145-WMIexec execution via SMB.evtx,Audit success,0,"{""EventData"":{""Data"":[{""@Name"":""SubjectUserSid"",""#text"":""S-1-5-21-4230534742-2542757381-3142984815-1111""},{""@Name"":""SubjectUserName"",""#text"":""admmig""},{""@Name"":""SubjectDomainName"",""#text"":""OFFSEC""},{""@Name"":""SubjectLogonId"",""#text"":""0x18ACDD""},{""@Name"":""ObjectType"",""#text"":""File""},{""@Name"":""IpAddress"",""#text"":""10.23.23.9""},{""@Name"":""IpPort"",""#text"":""63564""},{""@Name"":""ShareName"",""#text"":""\\\\*\\C$""},{""@Name"":""ShareLocalPath"",""#text"":""\\??\\C:\\""},{""@Name"":""RelativeTargetName"",""#text"":""Windows\\assembly\\NativeImages_v4.0.30319_64\\Microsoft.Pb378ec07#""},{""@Name"":""AccessMask"",""#text"":""0x100081""},{""@Name"":""AccessList"",""#text"":""%%1541, %%4416, %%4423, ""},{""@Name"":""AccessReason"",""#text"":""-""}]}}"
806,437538,2021-04-22 11:32:31.8270769,5145,LogAlways,Microsoft-Windows-Security-Auditing,Security,480,488,fs03vuln.offsec.lan,8,,Network share object access,OFFSEC\admmig,10.23.23.9:63566,Share: \\*\C$ (\??\C:\),Object: Windows\assembly\NativeImages_v4.0.30319_64\Microsoft.Pb378ec07#\19b334bb62b3c76cfcc7137bb03371c3,AccessList: Unknown code (%%1541 | %%4416 | %%4423),AccessMask: Unknown code (0x100081),SID: S-1-5-21-4230534742-2542757381-3142984815-1111,,,False,EVTX-to-MITRE-Attack\TA0002-Execution\T1047-Windows Management Instrumentation\ID4688-5145-WMIexec execution via SMB.evtx,Audit success,0,"{""EventData"":{""Data"":[{""@Name"":""SubjectUserSid"",""#text"":""S-1-5-21-4230534742-2542757381-3142984815-1111""},{""@Name"":""SubjectUserName"",""#text"":""admmig""},{""@Name"":""SubjectDomainName"",""#text"":""OFFSEC""},{""@Name"":""SubjectLogonId"",""#text"":""0x18ACDD""},{""@Name"":""ObjectType"",""#text"":""File""},{""@Name"":""IpAddress"",""#text"":""10.23.23.9""},{""@Name"":""IpPort"",""#text"":""63566""},{""@Name"":""ShareName"",""#text"":""\\\\*\\C$""},{""@Name"":""ShareLocalPath"",""#text"":""\\??\\C:\\""},{""@Name"":""RelativeTargetName"",""#text"":""Windows\\assembly\\NativeImages_v4.0.30319_64\\Microsoft.Pb378ec07#\\19b334bb62b3c76cfcc7137bb03371c3""},{""@Name"":""AccessMask"",""#text"":""0x100081""},{""@Name"":""AccessList"",""#text"":""%%1541, %%4416, %%4423, ""},{""@Name"":""AccessReason"",""#text"":""-""}]}}"
807,437539,2021-04-22 11:32:31.8270769,5145,LogAlways,Microsoft-Windows-Security-Auditing,Security,480,488,fs03vuln.offsec.lan,8,,Network share object access,OFFSEC\admmig,10.23.23.9:63564,Share: \\*\C$ (\??\C:\),Object: Windows\assembly\NativeImages_v4.0.30319_64\Microsoft.Pcd26229b#,AccessList: Unknown code (%%1541 | %%4416 | %%4423),AccessMask: Unknown code (0x100081),SID: S-1-5-21-4230534742-2542757381-3142984815-1111,,,False,EVTX-to-MITRE-Attack\TA0002-Execution\T1047-Windows Management Instrumentation\ID4688-5145-WMIexec execution via SMB.evtx,Audit success,0,"{""EventData"":{""Data"":[{""@Name"":""SubjectUserSid"",""#text"":""S-1-5-21-4230534742-2542757381-3142984815-1111""},{""@Name"":""SubjectUserName"",""#text"":""admmig""},{""@Name"":""SubjectDomainName"",""#text"":""OFFSEC""},{""@Name"":""SubjectLogonId"",""#text"":""0x18ACDD""},{""@Name"":""ObjectType"",""#text"":""File""},{""@Name"":""IpAddress"",""#text"":""10.23.23.9""},{""@Name"":""IpPort"",""#text"":""63564""},{""@Name"":""ShareName"",""#text"":""\\\\*\\C$""},{""@Name"":""ShareLocalPath"",""#text"":""\\??\\C:\\""},{""@Name"":""RelativeTargetName"",""#text"":""Windows\\assembly\\NativeImages_v4.0.30319_64\\Microsoft.Pcd26229b#""},{""@Name"":""AccessMask"",""#text"":""0x100081""},{""@Name"":""AccessList"",""#text"":""%%1541, %%4416, %%4423, ""},{""@Name"":""AccessReason"",""#text"":""-""}]}}"
808,437540,2021-04-22 11:32:31.8270769,5145,LogAlways,Microsoft-Windows-Security-Auditing,Security,480,488,fs03vuln.offsec.lan,8,,Network share object access,OFFSEC\admmig,10.23.23.9:63566,Share: \\*\C$ (\??\C:\),Object: Windows\assembly\NativeImages_v4.0.30319_64\Microsoft.Pcd26229b#\822ee6a8aa9386352052b7bd2610f3b5,AccessList: Unknown code (%%1541 | %%4416 | %%4423),AccessMask: Unknown code (0x100081),SID: S-1-5-21-4230534742-2542757381-3142984815-1111,,,False,EVTX-to-MITRE-Attack\TA0002-Execution\T1047-Windows Management Instrumentation\ID4688-5145-WMIexec execution via SMB.evtx,Audit success,0,"{""EventData"":{""Data"":[{""@Name"":""SubjectUserSid"",""#text"":""S-1-5-21-4230534742-2542757381-3142984815-1111""},{""@Name"":""SubjectUserName"",""#text"":""admmig""},{""@Name"":""SubjectDomainName"",""#text"":""OFFSEC""},{""@Name"":""SubjectLogonId"",""#text"":""0x18ACDD""},{""@Name"":""ObjectType"",""#text"":""File""},{""@Name"":""IpAddress"",""#text"":""10.23.23.9""},{""@Name"":""IpPort"",""#text"":""63566""},{""@Name"":""ShareName"",""#text"":""\\\\*\\C$""},{""@Name"":""ShareLocalPath"",""#text"":""\\??\\C:\\""},{""@Name"":""RelativeTargetName"",""#text"":""Windows\\assembly\\NativeImages_v4.0.30319_64\\Microsoft.Pcd26229b#\\822ee6a8aa9386352052b7bd2610f3b5""},{""@Name"":""AccessMask"",""#text"":""0x100081""},{""@Name"":""AccessList"",""#text"":""%%1541, %%4416, %%4423, ""},{""@Name"":""AccessReason"",""#text"":""-""}]}}"
809,437541,2021-04-22 11:32:31.8427073,5145,LogAlways,Microsoft-Windows-Security-Auditing,Security,480,488,fs03vuln.offsec.lan,8,,Network share object access,OFFSEC\admmig,10.23.23.9:63564,Share: \\*\C$ (\??\C:\),Object: Windows\assembly\NativeImages_v4.0.30319_64\Microsoft.Pd3efef62#,AccessList: Unknown code (%%1541 | %%4416 | %%4423),AccessMask: Unknown code (0x100081),SID: S-1-5-21-4230534742-2542757381-3142984815-1111,,,False,EVTX-to-MITRE-Attack\TA0002-Execution\T1047-Windows Management Instrumentation\ID4688-5145-WMIexec execution via SMB.evtx,Audit success,0,"{""EventData"":{""Data"":[{""@Name"":""SubjectUserSid"",""#text"":""S-1-5-21-4230534742-2542757381-3142984815-1111""},{""@Name"":""SubjectUserName"",""#text"":""admmig""},{""@Name"":""SubjectDomainName"",""#text"":""OFFSEC""},{""@Name"":""SubjectLogonId"",""#text"":""0x18ACDD""},{""@Name"":""ObjectType"",""#text"":""File""},{""@Name"":""IpAddress"",""#text"":""10.23.23.9""},{""@Name"":""IpPort"",""#text"":""63564""},{""@Name"":""ShareName"",""#text"":""\\\\*\\C$""},{""@Name"":""ShareLocalPath"",""#text"":""\\??\\C:\\""},{""@Name"":""RelativeTargetName"",""#text"":""Windows\\assembly\\NativeImages_v4.0.30319_64\\Microsoft.Pd3efef62#""},{""@Name"":""AccessMask"",""#text"":""0x100081""},{""@Name"":""AccessList"",""#text"":""%%1541, %%4416, %%4423, ""},{""@Name"":""AccessReason"",""#text"":""-""}]}}"
810,437542,2021-04-22 11:32:31.8427073,5145,LogAlways,Microsoft-Windows-Security-Auditing,Security,480,488,fs03vuln.offsec.lan,8,,Network share object access,OFFSEC\admmig,10.23.23.9:63566,Share: \\*\C$ (\??\C:\),Object: Windows\assembly\NativeImages_v4.0.30319_64\Microsoft.Pd3efef62#\ab00f4aa6892c4c6d39b87f078e8208f,AccessList: Unknown code (%%1541 | %%4416 | %%4423),AccessMask: Unknown code (0x100081),SID: S-1-5-21-4230534742-2542757381-3142984815-1111,,,False,EVTX-to-MITRE-Attack\TA0002-Execution\T1047-Windows Management Instrumentation\ID4688-5145-WMIexec execution via SMB.evtx,Audit success,0,"{""EventData"":{""Data"":[{""@Name"":""SubjectUserSid"",""#text"":""S-1-5-21-4230534742-2542757381-3142984815-1111""},{""@Name"":""SubjectUserName"",""#text"":""admmig""},{""@Name"":""SubjectDomainName"",""#text"":""OFFSEC""},{""@Name"":""SubjectLogonId"",""#text"":""0x18ACDD""},{""@Name"":""ObjectType"",""#text"":""File""},{""@Name"":""IpAddress"",""#text"":""10.23.23.9""},{""@Name"":""IpPort"",""#text"":""63566""},{""@Name"":""ShareName"",""#text"":""\\\\*\\C$""},{""@Name"":""ShareLocalPath"",""#text"":""\\??\\C:\\""},{""@Name"":""RelativeTargetName"",""#text"":""Windows\\assembly\\NativeImages_v4.0.30319_64\\Microsoft.Pd3efef62#\\ab00f4aa6892c4c6d39b87f078e8208f""},{""@Name"":""AccessMask"",""#text"":""0x100081""},{""@Name"":""AccessList"",""#text"":""%%1541, %%4416, %%4423, ""},{""@Name"":""AccessReason"",""#text"":""-""}]}}"
811,437543,2021-04-22 11:32:31.8427073,5145,LogAlways,Microsoft-Windows-Security-Auditing,Security,480,488,fs03vuln.offsec.lan,8,,Network share object access,OFFSEC\admmig,10.23.23.9:63564,Share: \\*\C$ (\??\C:\),Object: Windows\assembly\NativeImages_v4.0.30319_64\Microsoft.Pefb7a36b#,AccessList: Unknown code (%%1541 | %%4416 | %%4423),AccessMask: Unknown code (0x100081),SID: S-1-5-21-4230534742-2542757381-3142984815-1111,,,False,EVTX-to-MITRE-Attack\TA0002-Execution\T1047-Windows Management Instrumentation\ID4688-5145-WMIexec execution via SMB.evtx,Audit success,0,"{""EventData"":{""Data"":[{""@Name"":""SubjectUserSid"",""#text"":""S-1-5-21-4230534742-2542757381-3142984815-1111""},{""@Name"":""SubjectUserName"",""#text"":""admmig""},{""@Name"":""SubjectDomainName"",""#text"":""OFFSEC""},{""@Name"":""SubjectLogonId"",""#text"":""0x18ACDD""},{""@Name"":""ObjectType"",""#text"":""File""},{""@Name"":""IpAddress"",""#text"":""10.23.23.9""},{""@Name"":""IpPort"",""#text"":""63564""},{""@Name"":""ShareName"",""#text"":""\\\\*\\C$""},{""@Name"":""ShareLocalPath"",""#text"":""\\??\\C:\\""},{""@Name"":""RelativeTargetName"",""#text"":""Windows\\assembly\\NativeImages_v4.0.30319_64\\Microsoft.Pefb7a36b#""},{""@Name"":""AccessMask"",""#text"":""0x100081""},{""@Name"":""AccessList"",""#text"":""%%1541, %%4416, %%4423, ""},{""@Name"":""AccessReason"",""#text"":""-""}]}}"
812,437544,2021-04-22 11:32:31.8427073,5145,LogAlways,Microsoft-Windows-Security-Auditing,Security,480,488,fs03vuln.offsec.lan,8,,Network share object access,OFFSEC\admmig,10.23.23.9:63566,Share: \\*\C$ (\??\C:\),Object: Windows\assembly\NativeImages_v4.0.30319_64\Microsoft.Pefb7a36b#\93b57911ae369118b40a5605c448eb9d,AccessList: Unknown code (%%1541 | %%4416 | %%4423),AccessMask: Unknown code (0x100081),SID: S-1-5-21-4230534742-2542757381-3142984815-1111,,,False,EVTX-to-MITRE-Attack\TA0002-Execution\T1047-Windows Management Instrumentation\ID4688-5145-WMIexec execution via SMB.evtx,Audit success,0,"{""EventData"":{""Data"":[{""@Name"":""SubjectUserSid"",""#text"":""S-1-5-21-4230534742-2542757381-3142984815-1111""},{""@Name"":""SubjectUserName"",""#text"":""admmig""},{""@Name"":""SubjectDomainName"",""#text"":""OFFSEC""},{""@Name"":""SubjectLogonId"",""#text"":""0x18ACDD""},{""@Name"":""ObjectType"",""#text"":""File""},{""@Name"":""IpAddress"",""#text"":""10.23.23.9""},{""@Name"":""IpPort"",""#text"":""63566""},{""@Name"":""ShareName"",""#text"":""\\\\*\\C$""},{""@Name"":""ShareLocalPath"",""#text"":""\\??\\C:\\""},{""@Name"":""RelativeTargetName"",""#text"":""Windows\\assembly\\NativeImages_v4.0.30319_64\\Microsoft.Pefb7a36b#\\93b57911ae369118b40a5605c448eb9d""},{""@Name"":""AccessMask"",""#text"":""0x100081""},{""@Name"":""AccessList"",""#text"":""%%1541, %%4416, %%4423, ""},{""@Name"":""AccessReason"",""#text"":""-""}]}}"
813,437545,2021-04-22 11:32:31.8427073,5145,LogAlways,Microsoft-Windows-Security-Auditing,Security,480,488,fs03vuln.offsec.lan,8,,Network share object access,OFFSEC\admmig,10.23.23.9:63564,Share: \\*\C$ (\??\C:\),Object: Windows\assembly\NativeImages_v4.0.30319_64\Microsoft.R251a4777#,AccessList: Unknown code (%%1541 | %%4416 | %%4423),AccessMask: Unknown code (0x100081),SID: S-1-5-21-4230534742-2542757381-3142984815-1111,,,False,EVTX-to-MITRE-Attack\TA0002-Execution\T1047-Windows Management Instrumentation\ID4688-5145-WMIexec execution via SMB.evtx,Audit success,0,"{""EventData"":{""Data"":[{""@Name"":""SubjectUserSid"",""#text"":""S-1-5-21-4230534742-2542757381-3142984815-1111""},{""@Name"":""SubjectUserName"",""#text"":""admmig""},{""@Name"":""SubjectDomainName"",""#text"":""OFFSEC""},{""@Name"":""SubjectLogonId"",""#text"":""0x18ACDD""},{""@Name"":""ObjectType"",""#text"":""File""},{""@Name"":""IpAddress"",""#text"":""10.23.23.9""},{""@Name"":""IpPort"",""#text"":""63564""},{""@Name"":""ShareName"",""#text"":""\\\\*\\C$""},{""@Name"":""ShareLocalPath"",""#text"":""\\??\\C:\\""},{""@Name"":""RelativeTargetName"",""#text"":""Windows\\assembly\\NativeImages_v4.0.30319_64\\Microsoft.R251a4777#""},{""@Name"":""AccessMask"",""#text"":""0x100081""},{""@Name"":""AccessList"",""#text"":""%%1541, %%4416, %%4423, ""},{""@Name"":""AccessReason"",""#text"":""-""}]}}"
814,437546,2021-04-22 11:32:31.8427073,5145,LogAlways,Microsoft-Windows-Security-Auditing,Security,480,488,fs03vuln.offsec.lan,8,,Network share object access,OFFSEC\admmig,10.23.23.9:63566,Share: \\*\C$ (\??\C:\),Object: Windows\assembly\NativeImages_v4.0.30319_64\Microsoft.R251a4777#\b090c87f42b1af785a6a9d1c43c201c6,AccessList: Unknown code (%%1541 | %%4416 | %%4423),AccessMask: Unknown code (0x100081),SID: S-1-5-21-4230534742-2542757381-3142984815-1111,,,False,EVTX-to-MITRE-Attack\TA0002-Execution\T1047-Windows Management Instrumentation\ID4688-5145-WMIexec execution via SMB.evtx,Audit success,0,"{""EventData"":{""Data"":[{""@Name"":""SubjectUserSid"",""#text"":""S-1-5-21-4230534742-2542757381-3142984815-1111""},{""@Name"":""SubjectUserName"",""#text"":""admmig""},{""@Name"":""SubjectDomainName"",""#text"":""OFFSEC""},{""@Name"":""SubjectLogonId"",""#text"":""0x18ACDD""},{""@Name"":""ObjectType"",""#text"":""File""},{""@Name"":""IpAddress"",""#text"":""10.23.23.9""},{""@Name"":""IpPort"",""#text"":""63566""},{""@Name"":""ShareName"",""#text"":""\\\\*\\C$""},{""@Name"":""ShareLocalPath"",""#text"":""\\??\\C:\\""},{""@Name"":""RelativeTargetName"",""#text"":""Windows\\assembly\\NativeImages_v4.0.30319_64\\Microsoft.R251a4777#\\b090c87f42b1af785a6a9d1c43c201c6""},{""@Name"":""AccessMask"",""#text"":""0x100081""},{""@Name"":""AccessList"",""#text"":""%%1541, %%4416, %%4423, ""},{""@Name"":""AccessReason"",""#text"":""-""}]}}"
815,437547,2021-04-22 11:32:31.8427073,5145,LogAlways,Microsoft-Windows-Security-Auditing,Security,480,488,fs03vuln.offsec.lan,8,,Network share object access,OFFSEC\admmig,10.23.23.9:63564,Share: \\*\C$ (\??\C:\),Object: Windows\assembly\NativeImages_v4.0.30319_64\Microsoft.S0f8e494c#,AccessList: Unknown code (%%1541 | %%4416 | %%4423),AccessMask: Unknown code (0x100081),SID: S-1-5-21-4230534742-2542757381-3142984815-1111,,,False,EVTX-to-MITRE-Attack\TA0002-Execution\T1047-Windows Management Instrumentation\ID4688-5145-WMIexec execution via SMB.evtx,Audit success,0,"{""EventData"":{""Data"":[{""@Name"":""SubjectUserSid"",""#text"":""S-1-5-21-4230534742-2542757381-3142984815-1111""},{""@Name"":""SubjectUserName"",""#text"":""admmig""},{""@Name"":""SubjectDomainName"",""#text"":""OFFSEC""},{""@Name"":""SubjectLogonId"",""#text"":""0x18ACDD""},{""@Name"":""ObjectType"",""#text"":""File""},{""@Name"":""IpAddress"",""#text"":""10.23.23.9""},{""@Name"":""IpPort"",""#text"":""63564""},{""@Name"":""ShareName"",""#text"":""\\\\*\\C$""},{""@Name"":""ShareLocalPath"",""#text"":""\\??\\C:\\""},{""@Name"":""RelativeTargetName"",""#text"":""Windows\\assembly\\NativeImages_v4.0.30319_64\\Microsoft.S0f8e494c#""},{""@Name"":""AccessMask"",""#text"":""0x100081""},{""@Name"":""AccessList"",""#text"":""%%1541, %%4416, %%4423, ""},{""@Name"":""AccessReason"",""#text"":""-""}]}}"
816,437548,2021-04-22 11:32:31.8427073,5145,LogAlways,Microsoft-Windows-Security-Auditing,Security,480,488,fs03vuln.offsec.lan,8,,Network share object access,OFFSEC\admmig,10.23.23.9:63566,Share: \\*\C$ (\??\C:\),Object: Windows\assembly\NativeImages_v4.0.30319_64\Microsoft.S0f8e494c#\c59f97903ad4de423586f3a75eb8939d,AccessList: Unknown code (%%1541 | %%4416 | %%4423),AccessMask: Unknown code (0x100081),SID: S-1-5-21-4230534742-2542757381-3142984815-1111,,,False,EVTX-to-MITRE-Attack\TA0002-Execution\T1047-Windows Management Instrumentation\ID4688-5145-WMIexec execution via SMB.evtx,Audit success,0,"{""EventData"":{""Data"":[{""@Name"":""SubjectUserSid"",""#text"":""S-1-5-21-4230534742-2542757381-3142984815-1111""},{""@Name"":""SubjectUserName"",""#text"":""admmig""},{""@Name"":""SubjectDomainName"",""#text"":""OFFSEC""},{""@Name"":""SubjectLogonId"",""#text"":""0x18ACDD""},{""@Name"":""ObjectType"",""#text"":""File""},{""@Name"":""IpAddress"",""#text"":""10.23.23.9""},{""@Name"":""IpPort"",""#text"":""63566""},{""@Name"":""ShareName"",""#text"":""\\\\*\\C$""},{""@Name"":""ShareLocalPath"",""#text"":""\\??\\C:\\""},{""@Name"":""RelativeTargetName"",""#text"":""Windows\\assembly\\NativeImages_v4.0.30319_64\\Microsoft.S0f8e494c#\\c59f97903ad4de423586f3a75eb8939d""},{""@Name"":""AccessMask"",""#text"":""0x100081""},{""@Name"":""AccessList"",""#text"":""%%1541, %%4416, %%4423, ""},{""@Name"":""AccessReason"",""#text"":""-""}]}}"
817,437549,2021-04-22 11:32:31.8583302,5145,LogAlways,Microsoft-Windows-Security-Auditing,Security,480,488,fs03vuln.offsec.lan,8,,Network share object access,OFFSEC\admmig,10.23.23.9:63564,Share: \\*\C$ (\??\C:\),Object: Windows\assembly\NativeImages_v4.0.30319_64\Microsoft.S1bc92e04#,AccessList: Unknown code (%%1541 | %%4416 | %%4423),AccessMask: Unknown code (0x100081),SID: S-1-5-21-4230534742-2542757381-3142984815-1111,,,False,EVTX-to-MITRE-Attack\TA0002-Execution\T1047-Windows Management Instrumentation\ID4688-5145-WMIexec execution via SMB.evtx,Audit success,0,"{""EventData"":{""Data"":[{""@Name"":""SubjectUserSid"",""#text"":""S-1-5-21-4230534742-2542757381-3142984815-1111""},{""@Name"":""SubjectUserName"",""#text"":""admmig""},{""@Name"":""SubjectDomainName"",""#text"":""OFFSEC""},{""@Name"":""SubjectLogonId"",""#text"":""0x18ACDD""},{""@Name"":""ObjectType"",""#text"":""File""},{""@Name"":""IpAddress"",""#text"":""10.23.23.9""},{""@Name"":""IpPort"",""#text"":""63564""},{""@Name"":""ShareName"",""#text"":""\\\\*\\C$""},{""@Name"":""ShareLocalPath"",""#text"":""\\??\\C:\\""},{""@Name"":""RelativeTargetName"",""#text"":""Windows\\assembly\\NativeImages_v4.0.30319_64\\Microsoft.S1bc92e04#""},{""@Name"":""AccessMask"",""#text"":""0x100081""},{""@Name"":""AccessList"",""#text"":""%%1541, %%4416, %%4423, ""},{""@Name"":""AccessReason"",""#text"":""-""}]}}"
818,437550,2021-04-22 11:32:31.8583302,5145,LogAlways,Microsoft-Windows-Security-Auditing,Security,480,488,fs03vuln.offsec.lan,8,,Network share object access,OFFSEC\admmig,10.23.23.9:63566,Share: \\*\C$ (\??\C:\),Object: Windows\assembly\NativeImages_v4.0.30319_64\Microsoft.S1bc92e04#\f6f9e39cc765b7ceda89fc7893e0f74c,AccessList: Unknown code (%%1541 | %%4416 | %%4423),AccessMask: Unknown code (0x100081),SID: S-1-5-21-4230534742-2542757381-3142984815-1111,,,False,EVTX-to-MITRE-Attack\TA0002-Execution\T1047-Windows Management Instrumentation\ID4688-5145-WMIexec execution via SMB.evtx,Audit success,0,"{""EventData"":{""Data"":[{""@Name"":""SubjectUserSid"",""#text"":""S-1-5-21-4230534742-2542757381-3142984815-1111""},{""@Name"":""SubjectUserName"",""#text"":""admmig""},{""@Name"":""SubjectDomainName"",""#text"":""OFFSEC""},{""@Name"":""SubjectLogonId"",""#text"":""0x18ACDD""},{""@Name"":""ObjectType"",""#text"":""File""},{""@Name"":""IpAddress"",""#text"":""10.23.23.9""},{""@Name"":""IpPort"",""#text"":""63566""},{""@Name"":""ShareName"",""#text"":""\\\\*\\C$""},{""@Name"":""ShareLocalPath"",""#text"":""\\??\\C:\\""},{""@Name"":""RelativeTargetName"",""#text"":""Windows\\assembly\\NativeImages_v4.0.30319_64\\Microsoft.S1bc92e04#\\f6f9e39cc765b7ceda89fc7893e0f74c""},{""@Name"":""AccessMask"",""#text"":""0x100081""},{""@Name"":""AccessList"",""#text"":""%%1541, %%4416, %%4423, ""},{""@Name"":""AccessReason"",""#text"":""-""}]}}"
819,437551,2021-04-22 11:32:31.8583302,5145,LogAlways,Microsoft-Windows-Security-Auditing,Security,480,488,fs03vuln.offsec.lan,8,,Network share object access,OFFSEC\admmig,10.23.23.9:63564,Share: \\*\C$ (\??\C:\),Object: Windows\assembly\NativeImages_v4.0.30319_64\Microsoft.S8ca2c749#,AccessList: Unknown code (%%1541 | %%4416 | %%4423),AccessMask: Unknown code (0x100081),SID: S-1-5-21-4230534742-2542757381-3142984815-1111,,,False,EVTX-to-MITRE-Attack\TA0002-Execution\T1047-Windows Management Instrumentation\ID4688-5145-WMIexec execution via SMB.evtx,Audit success,0,"{""EventData"":{""Data"":[{""@Name"":""SubjectUserSid"",""#text"":""S-1-5-21-4230534742-2542757381-3142984815-1111""},{""@Name"":""SubjectUserName"",""#text"":""admmig""},{""@Name"":""SubjectDomainName"",""#text"":""OFFSEC""},{""@Name"":""SubjectLogonId"",""#text"":""0x18ACDD""},{""@Name"":""ObjectType"",""#text"":""File""},{""@Name"":""IpAddress"",""#text"":""10.23.23.9""},{""@Name"":""IpPort"",""#text"":""63564""},{""@Name"":""ShareName"",""#text"":""\\\\*\\C$""},{""@Name"":""ShareLocalPath"",""#text"":""\\??\\C:\\""},{""@Name"":""RelativeTargetName"",""#text"":""Windows\\assembly\\NativeImages_v4.0.30319_64\\Microsoft.S8ca2c749#""},{""@Name"":""AccessMask"",""#text"":""0x100081""},{""@Name"":""AccessList"",""#text"":""%%1541, %%4416, %%4423, ""},{""@Name"":""AccessReason"",""#text"":""-""}]}}"
