400,437132,2021-04-22 11:32:30.2695365,5145,LogAlways,Microsoft-Windows-Security-Auditing,Security,480,488,fs03vuln.offsec.lan,4,,Network share object access,OFFSEC\admmig,10.23.23.9:63567,Share: \\*\C$ (\??\C:\),Object: Windows\assembly\NativeImages_v4.0.30319_32\Microsoft.Wc1cc6649#\996a8c9071e330fe0cfac06c4d9f2378,AccessList: Unknown code (%%1541 | %%4416 | %%4423),AccessMask: Unknown code (0x100081),SID: S-1-5-21-4230534742-2542757381-3142984815-1111,,,False,EVTX-to-MITRE-Attack\TA0002-Execution\T1047-Windows Management Instrumentation\ID4688-5145-WMIexec execution via SMB.evtx,Audit success,0,"{""EventData"":{""Data"":[{""@Name"":""SubjectUserSid"",""#text"":""S-1-5-21-4230534742-2542757381-3142984815-1111""},{""@Name"":""SubjectUserName"",""#text"":""admmig""},{""@Name"":""SubjectDomainName"",""#text"":""OFFSEC""},{""@Name"":""SubjectLogonId"",""#text"":""0x18ACDD""},{""@Name"":""ObjectType"",""#text"":""File""},{""@Name"":""IpAddress"",""#text"":""10.23.23.9""},{""@Name"":""IpPort"",""#text"":""63567""},{""@Name"":""ShareName"",""#text"":""\\\\*\\C$""},{""@Name"":""ShareLocalPath"",""#text"":""\\??\\C:\\""},{""@Name"":""RelativeTargetName"",""#text"":""Windows\\assembly\\NativeImages_v4.0.30319_32\\Microsoft.Wc1cc6649#\\996a8c9071e330fe0cfac06c4d9f2378""},{""@Name"":""AccessMask"",""#text"":""0x100081""},{""@Name"":""AccessList"",""#text"":""%%1541, %%4416, %%4423, ""},{""@Name"":""AccessReason"",""#text"":""-""}]}}"
401,437133,2021-04-22 11:32:30.2695365,5145,LogAlways,Microsoft-Windows-Security-Auditing,Security,480,488,fs03vuln.offsec.lan,4,,Network share object access,OFFSEC\admmig,10.23.23.9:63565,Share: \\*\C$ (\??\C:\),Object: Windows\assembly\NativeImages_v4.0.30319_32\Microsoft.Wca5f1176#,AccessList: Unknown code (%%1541 | %%4416 | %%4423),AccessMask: Unknown code (0x100081),SID: S-1-5-21-4230534742-2542757381-3142984815-1111,,,False,EVTX-to-MITRE-Attack\TA0002-Execution\T1047-Windows Management Instrumentation\ID4688-5145-WMIexec execution via SMB.evtx,Audit success,0,"{""EventData"":{""Data"":[{""@Name"":""SubjectUserSid"",""#text"":""S-1-5-21-4230534742-2542757381-3142984815-1111""},{""@Name"":""SubjectUserName"",""#text"":""admmig""},{""@Name"":""SubjectDomainName"",""#text"":""OFFSEC""},{""@Name"":""SubjectLogonId"",""#text"":""0x18ACDD""},{""@Name"":""ObjectType"",""#text"":""File""},{""@Name"":""IpAddress"",""#text"":""10.23.23.9""},{""@Name"":""IpPort"",""#text"":""63565""},{""@Name"":""ShareName"",""#text"":""\\\\*\\C$""},{""@Name"":""ShareLocalPath"",""#text"":""\\??\\C:\\""},{""@Name"":""RelativeTargetName"",""#text"":""Windows\\assembly\\NativeImages_v4.0.30319_32\\Microsoft.Wca5f1176#""},{""@Name"":""AccessMask"",""#text"":""0x100081""},{""@Name"":""AccessList"",""#text"":""%%1541, %%4416, %%4423, ""},{""@Name"":""AccessReason"",""#text"":""-""}]}}"
402,437134,2021-04-22 11:32:30.2695365,5145,LogAlways,Microsoft-Windows-Security-Auditing,Security,480,488,fs03vuln.offsec.lan,4,,Network share object access,OFFSEC\admmig,10.23.23.9:63567,Share: \\*\C$ (\??\C:\),Object: Windows\assembly\NativeImages_v4.0.30319_32\Microsoft.Wca5f1176#\f8b6726fa5f43478af33a92559c0cef2,AccessList: Unknown code (%%1541 | %%4416 | %%4423),AccessMask: Unknown code (0x100081),SID: S-1-5-21-4230534742-2542757381-3142984815-1111,,,False,EVTX-to-MITRE-Attack\TA0002-Execution\T1047-Windows Management Instrumentation\ID4688-5145-WMIexec execution via SMB.evtx,Audit success,0,"{""EventData"":{""Data"":[{""@Name"":""SubjectUserSid"",""#text"":""S-1-5-21-4230534742-2542757381-3142984815-1111""},{""@Name"":""SubjectUserName"",""#text"":""admmig""},{""@Name"":""SubjectDomainName"",""#text"":""OFFSEC""},{""@Name"":""SubjectLogonId"",""#text"":""0x18ACDD""},{""@Name"":""ObjectType"",""#text"":""File""},{""@Name"":""IpAddress"",""#text"":""10.23.23.9""},{""@Name"":""IpPort"",""#text"":""63567""},{""@Name"":""ShareName"",""#text"":""\\\\*\\C$""},{""@Name"":""ShareLocalPath"",""#text"":""\\??\\C:\\""},{""@Name"":""RelativeTargetName"",""#text"":""Windows\\assembly\\NativeImages_v4.0.30319_32\\Microsoft.Wca5f1176#\\f8b6726fa5f43478af33a92559c0cef2""},{""@Name"":""AccessMask"",""#text"":""0x100081""},{""@Name"":""AccessList"",""#text"":""%%1541, %%4416, %%4423, ""},{""@Name"":""AccessReason"",""#text"":""-""}]}}"
403,437135,2021-04-22 11:32:30.2695365,5145,LogAlways,Microsoft-Windows-Security-Auditing,Security,480,488,fs03vuln.offsec.lan,4,,Network share object access,OFFSEC\admmig,10.23.23.9:63565,Share: \\*\C$ (\??\C:\),Object: Windows\assembly\NativeImages_v4.0.30319_32\Microsoft.Wcffedcb4#,AccessList: Unknown code (%%1541 | %%4416 | %%4423),AccessMask: Unknown code (0x100081),SID: S-1-5-21-4230534742-2542757381-3142984815-1111,,,False,EVTX-to-MITRE-Attack\TA0002-Execution\T1047-Windows Management Instrumentation\ID4688-5145-WMIexec execution via SMB.evtx,Audit success,0,"{""EventData"":{""Data"":[{""@Name"":""SubjectUserSid"",""#text"":""S-1-5-21-4230534742-2542757381-3142984815-1111""},{""@Name"":""SubjectUserName"",""#text"":""admmig""},{""@Name"":""SubjectDomainName"",""#text"":""OFFSEC""},{""@Name"":""SubjectLogonId"",""#text"":""0x18ACDD""},{""@Name"":""ObjectType"",""#text"":""File""},{""@Name"":""IpAddress"",""#text"":""10.23.23.9""},{""@Name"":""IpPort"",""#text"":""63565""},{""@Name"":""ShareName"",""#text"":""\\\\*\\C$""},{""@Name"":""ShareLocalPath"",""#text"":""\\??\\C:\\""},{""@Name"":""RelativeTargetName"",""#text"":""Windows\\assembly\\NativeImages_v4.0.30319_32\\Microsoft.Wcffedcb4#""},{""@Name"":""AccessMask"",""#text"":""0x100081""},{""@Name"":""AccessList"",""#text"":""%%1541, %%4416, %%4423, ""},{""@Name"":""AccessReason"",""#text"":""-""}]}}"
404,437136,2021-04-22 11:32:30.2695365,5145,LogAlways,Microsoft-Windows-Security-Auditing,Security,480,488,fs03vuln.offsec.lan,4,,Network share object access,OFFSEC\admmig,10.23.23.9:63567,Share: \\*\C$ (\??\C:\),Object: Windows\assembly\NativeImages_v4.0.30319_32\Microsoft.Wcffedcb4#\f6be55d69bb92d49c71a4f9861c21451,AccessList: Unknown code (%%1541 | %%4416 | %%4423),AccessMask: Unknown code (0x100081),SID: S-1-5-21-4230534742-2542757381-3142984815-1111,,,False,EVTX-to-MITRE-Attack\TA0002-Execution\T1047-Windows Management Instrumentation\ID4688-5145-WMIexec execution via SMB.evtx,Audit success,0,"{""EventData"":{""Data"":[{""@Name"":""SubjectUserSid"",""#text"":""S-1-5-21-4230534742-2542757381-3142984815-1111""},{""@Name"":""SubjectUserName"",""#text"":""admmig""},{""@Name"":""SubjectDomainName"",""#text"":""OFFSEC""},{""@Name"":""SubjectLogonId"",""#text"":""0x18ACDD""},{""@Name"":""ObjectType"",""#text"":""File""},{""@Name"":""IpAddress"",""#text"":""10.23.23.9""},{""@Name"":""IpPort"",""#text"":""63567""},{""@Name"":""ShareName"",""#text"":""\\\\*\\C$""},{""@Name"":""ShareLocalPath"",""#text"":""\\??\\C:\\""},{""@Name"":""RelativeTargetName"",""#text"":""Windows\\assembly\\NativeImages_v4.0.30319_32\\Microsoft.Wcffedcb4#\\f6be55d69bb92d49c71a4f9861c21451""},{""@Name"":""AccessMask"",""#text"":""0x100081""},{""@Name"":""AccessList"",""#text"":""%%1541, %%4416, %%4423, ""},{""@Name"":""AccessReason"",""#text"":""-""}]}}"
405,437137,2021-04-22 11:32:30.2851636,5145,LogAlways,Microsoft-Windows-Security-Auditing,Security,480,488,fs03vuln.offsec.lan,4,,Network share object access,OFFSEC\admmig,10.23.23.9:63567,Share: \\*\C$ (\??\C:\),Object: Windows\assembly\NativeImages_v4.0.30319_32\Microsoft.Wd75d181a#,AccessList: Unknown code (%%1541 | %%4416 | %%4423),AccessMask: Unknown code (0x100081),SID: S-1-5-21-4230534742-2542757381-3142984815-1111,,,False,EVTX-to-MITRE-Attack\TA0002-Execution\T1047-Windows Management Instrumentation\ID4688-5145-WMIexec execution via SMB.evtx,Audit success,0,"{""EventData"":{""Data"":[{""@Name"":""SubjectUserSid"",""#text"":""S-1-5-21-4230534742-2542757381-3142984815-1111""},{""@Name"":""SubjectUserName"",""#text"":""admmig""},{""@Name"":""SubjectDomainName"",""#text"":""OFFSEC""},{""@Name"":""SubjectLogonId"",""#text"":""0x18ACDD""},{""@Name"":""ObjectType"",""#text"":""File""},{""@Name"":""IpAddress"",""#text"":""10.23.23.9""},{""@Name"":""IpPort"",""#text"":""63567""},{""@Name"":""ShareName"",""#text"":""\\\\*\\C$""},{""@Name"":""ShareLocalPath"",""#text"":""\\??\\C:\\""},{""@Name"":""RelativeTargetName"",""#text"":""Windows\\assembly\\NativeImages_v4.0.30319_32\\Microsoft.Wd75d181a#""},{""@Name"":""AccessMask"",""#text"":""0x100081""},{""@Name"":""AccessList"",""#text"":""%%1541, %%4416, %%4423, ""},{""@Name"":""AccessReason"",""#text"":""-""}]}}"
406,437138,2021-04-22 11:32:30.2851636,5145,LogAlways,Microsoft-Windows-Security-Auditing,Security,480,488,fs03vuln.offsec.lan,4,,Network share object access,OFFSEC\admmig,10.23.23.9:63566,Share: \\*\C$ (\??\C:\),Object: Windows\assembly\NativeImages_v4.0.30319_32\Microsoft.Wd75d181a#\1a3848fefabdd8a28f5cae97106da369,AccessList: Unknown code (%%1541 | %%4416 | %%4423),AccessMask: Unknown code (0x100081),SID: S-1-5-21-4230534742-2542757381-3142984815-1111,,,False,EVTX-to-MITRE-Attack\TA0002-Execution\T1047-Windows Management Instrumentation\ID4688-5145-WMIexec execution via SMB.evtx,Audit success,0,"{""EventData"":{""Data"":[{""@Name"":""SubjectUserSid"",""#text"":""S-1-5-21-4230534742-2542757381-3142984815-1111""},{""@Name"":""SubjectUserName"",""#text"":""admmig""},{""@Name"":""SubjectDomainName"",""#text"":""OFFSEC""},{""@Name"":""SubjectLogonId"",""#text"":""0x18ACDD""},{""@Name"":""ObjectType"",""#text"":""File""},{""@Name"":""IpAddress"",""#text"":""10.23.23.9""},{""@Name"":""IpPort"",""#text"":""63566""},{""@Name"":""ShareName"",""#text"":""\\\\*\\C$""},{""@Name"":""ShareLocalPath"",""#text"":""\\??\\C:\\""},{""@Name"":""RelativeTargetName"",""#text"":""Windows\\assembly\\NativeImages_v4.0.30319_32\\Microsoft.Wd75d181a#\\1a3848fefabdd8a28f5cae97106da369""},{""@Name"":""AccessMask"",""#text"":""0x100081""},{""@Name"":""AccessList"",""#text"":""%%1541, %%4416, %%4423, ""},{""@Name"":""AccessReason"",""#text"":""-""}]}}"
407,437139,2021-04-22 11:32:30.2851636,5145,LogAlways,Microsoft-Windows-Security-Auditing,Security,480,488,fs03vuln.offsec.lan,4,,Network share object access,OFFSEC\admmig,10.23.23.9:63564,Share: \\*\C$ (\??\C:\),Object: Windows\assembly\NativeImages_v4.0.30319_32\Microsoft.Wd518ee0d#,AccessList: Unknown code (%%1541 | %%4416 | %%4423),AccessMask: Unknown code (0x100081),SID: S-1-5-21-4230534742-2542757381-3142984815-1111,,,False,EVTX-to-MITRE-Attack\TA0002-Execution\T1047-Windows Management Instrumentation\ID4688-5145-WMIexec execution via SMB.evtx,Audit success,0,"{""EventData"":{""Data"":[{""@Name"":""SubjectUserSid"",""#text"":""S-1-5-21-4230534742-2542757381-3142984815-1111""},{""@Name"":""SubjectUserName"",""#text"":""admmig""},{""@Name"":""SubjectDomainName"",""#text"":""OFFSEC""},{""@Name"":""SubjectLogonId"",""#text"":""0x18ACDD""},{""@Name"":""ObjectType"",""#text"":""File""},{""@Name"":""IpAddress"",""#text"":""10.23.23.9""},{""@Name"":""IpPort"",""#text"":""63564""},{""@Name"":""ShareName"",""#text"":""\\\\*\\C$""},{""@Name"":""ShareLocalPath"",""#text"":""\\??\\C:\\""},{""@Name"":""RelativeTargetName"",""#text"":""Windows\\assembly\\NativeImages_v4.0.30319_32\\Microsoft.Wd518ee0d#""},{""@Name"":""AccessMask"",""#text"":""0x100081""},{""@Name"":""AccessList"",""#text"":""%%1541, %%4416, %%4423, ""},{""@Name"":""AccessReason"",""#text"":""-""}]}}"
408,437140,2021-04-22 11:32:30.2851636,5145,LogAlways,Microsoft-Windows-Security-Auditing,Security,480,488,fs03vuln.offsec.lan,4,,Network share object access,OFFSEC\admmig,10.23.23.9:63566,Share: \\*\C$ (\??\C:\),Object: Windows\assembly\NativeImages_v4.0.30319_32\Microsoft.Wd518ee0d#\da3f8769af3163f94176c12ad223cb41,AccessList: Unknown code (%%1541 | %%4416 | %%4423),AccessMask: Unknown code (0x100081),SID: S-1-5-21-4230534742-2542757381-3142984815-1111,,,False,EVTX-to-MITRE-Attack\TA0002-Execution\T1047-Windows Management Instrumentation\ID4688-5145-WMIexec execution via SMB.evtx,Audit success,0,"{""EventData"":{""Data"":[{""@Name"":""SubjectUserSid"",""#text"":""S-1-5-21-4230534742-2542757381-3142984815-1111""},{""@Name"":""SubjectUserName"",""#text"":""admmig""},{""@Name"":""SubjectDomainName"",""#text"":""OFFSEC""},{""@Name"":""SubjectLogonId"",""#text"":""0x18ACDD""},{""@Name"":""ObjectType"",""#text"":""File""},{""@Name"":""IpAddress"",""#text"":""10.23.23.9""},{""@Name"":""IpPort"",""#text"":""63566""},{""@Name"":""ShareName"",""#text"":""\\\\*\\C$""},{""@Name"":""ShareLocalPath"",""#text"":""\\??\\C:\\""},{""@Name"":""RelativeTargetName"",""#text"":""Windows\\assembly\\NativeImages_v4.0.30319_32\\Microsoft.Wd518ee0d#\\da3f8769af3163f94176c12ad223cb41""},{""@Name"":""AccessMask"",""#text"":""0x100081""},{""@Name"":""AccessList"",""#text"":""%%1541, %%4416, %%4423, ""},{""@Name"":""AccessReason"",""#text"":""-""}]}}"
409,437141,2021-04-22 11:32:30.2851636,5145,LogAlways,Microsoft-Windows-Security-Auditing,Security,480,488,fs03vuln.offsec.lan,4,,Network share object access,OFFSEC\admmig,10.23.23.9:63564,Share: \\*\C$ (\??\C:\),Object: Windows\assembly\NativeImages_v4.0.30319_32\Microsoft.We9f24001#,AccessList: Unknown code (%%1541 | %%4416 | %%4423),AccessMask: Unknown code (0x100081),SID: S-1-5-21-4230534742-2542757381-3142984815-1111,,,False,EVTX-to-MITRE-Attack\TA0002-Execution\T1047-Windows Management Instrumentation\ID4688-5145-WMIexec execution via SMB.evtx,Audit success,0,"{""EventData"":{""Data"":[{""@Name"":""SubjectUserSid"",""#text"":""S-1-5-21-4230534742-2542757381-3142984815-1111""},{""@Name"":""SubjectUserName"",""#text"":""admmig""},{""@Name"":""SubjectDomainName"",""#text"":""OFFSEC""},{""@Name"":""SubjectLogonId"",""#text"":""0x18ACDD""},{""@Name"":""ObjectType"",""#text"":""File""},{""@Name"":""IpAddress"",""#text"":""10.23.23.9""},{""@Name"":""IpPort"",""#text"":""63564""},{""@Name"":""ShareName"",""#text"":""\\\\*\\C$""},{""@Name"":""ShareLocalPath"",""#text"":""\\??\\C:\\""},{""@Name"":""RelativeTargetName"",""#text"":""Windows\\assembly\\NativeImages_v4.0.30319_32\\Microsoft.We9f24001#""},{""@Name"":""AccessMask"",""#text"":""0x100081""},{""@Name"":""AccessList"",""#text"":""%%1541, %%4416, %%4423, ""},{""@Name"":""AccessReason"",""#text"":""-""}]}}"
410,437142,2021-04-22 11:32:30.2851636,5145,LogAlways,Microsoft-Windows-Security-Auditing,Security,480,488,fs03vuln.offsec.lan,4,,Network share object access,OFFSEC\admmig,10.23.23.9:63566,Share: \\*\C$ (\??\C:\),Object: Windows\assembly\NativeImages_v4.0.30319_32\Microsoft.We9f24001#\6a6b3af569c21f51ab2982968ae2775d,AccessList: Unknown code (%%1541 | %%4416 | %%4423),AccessMask: Unknown code (0x100081),SID: S-1-5-21-4230534742-2542757381-3142984815-1111,,,False,EVTX-to-MITRE-Attack\TA0002-Execution\T1047-Windows Management Instrumentation\ID4688-5145-WMIexec execution via SMB.evtx,Audit success,0,"{""EventData"":{""Data"":[{""@Name"":""SubjectUserSid"",""#text"":""S-1-5-21-4230534742-2542757381-3142984815-1111""},{""@Name"":""SubjectUserName"",""#text"":""admmig""},{""@Name"":""SubjectDomainName"",""#text"":""OFFSEC""},{""@Name"":""SubjectLogonId"",""#text"":""0x18ACDD""},{""@Name"":""ObjectType"",""#text"":""File""},{""@Name"":""IpAddress"",""#text"":""10.23.23.9""},{""@Name"":""IpPort"",""#text"":""63566""},{""@Name"":""ShareName"",""#text"":""\\\\*\\C$""},{""@Name"":""ShareLocalPath"",""#text"":""\\??\\C:\\""},{""@Name"":""RelativeTargetName"",""#text"":""Windows\\assembly\\NativeImages_v4.0.30319_32\\Microsoft.We9f24001#\\6a6b3af569c21f51ab2982968ae2775d""},{""@Name"":""AccessMask"",""#text"":""0x100081""},{""@Name"":""AccessList"",""#text"":""%%1541, %%4416, %%4423, ""},{""@Name"":""AccessReason"",""#text"":""-""}]}}"
411,437143,2021-04-22 11:32:30.2851636,5145,LogAlways,Microsoft-Windows-Security-Auditing,Security,480,488,fs03vuln.offsec.lan,4,,Network share object access,OFFSEC\admmig,10.23.23.9:63564,Share: \\*\C$ (\??\C:\),Object: Windows\assembly\NativeImages_v4.0.30319_32\Microsoft.We0722664#,AccessList: Unknown code (%%1541 | %%4416 | %%4423),AccessMask: Unknown code (0x100081),SID: S-1-5-21-4230534742-2542757381-3142984815-1111,,,False,EVTX-to-MITRE-Attack\TA0002-Execution\T1047-Windows Management Instrumentation\ID4688-5145-WMIexec execution via SMB.evtx,Audit success,0,"{""EventData"":{""Data"":[{""@Name"":""SubjectUserSid"",""#text"":""S-1-5-21-4230534742-2542757381-3142984815-1111""},{""@Name"":""SubjectUserName"",""#text"":""admmig""},{""@Name"":""SubjectDomainName"",""#text"":""OFFSEC""},{""@Name"":""SubjectLogonId"",""#text"":""0x18ACDD""},{""@Name"":""ObjectType"",""#text"":""File""},{""@Name"":""IpAddress"",""#text"":""10.23.23.9""},{""@Name"":""IpPort"",""#text"":""63564""},{""@Name"":""ShareName"",""#text"":""\\\\*\\C$""},{""@Name"":""ShareLocalPath"",""#text"":""\\??\\C:\\""},{""@Name"":""RelativeTargetName"",""#text"":""Windows\\assembly\\NativeImages_v4.0.30319_32\\Microsoft.We0722664#""},{""@Name"":""AccessMask"",""#text"":""0x100081""},{""@Name"":""AccessList"",""#text"":""%%1541, %%4416, %%4423, ""},{""@Name"":""AccessReason"",""#text"":""-""}]}}"
412,437144,2021-04-22 11:32:30.2851636,5145,LogAlways,Microsoft-Windows-Security-Auditing,Security,480,488,fs03vuln.offsec.lan,4,,Network share object access,OFFSEC\admmig,10.23.23.9:63566,Share: \\*\C$ (\??\C:\),Object: Windows\assembly\NativeImages_v4.0.30319_32\Microsoft.We0722664#\559ec1b9bc74181e3591df47bdb6b7ce,AccessList: Unknown code (%%1541 | %%4416 | %%4423),AccessMask: Unknown code (0x100081),SID: S-1-5-21-4230534742-2542757381-3142984815-1111,,,False,EVTX-to-MITRE-Attack\TA0002-Execution\T1047-Windows Management Instrumentation\ID4688-5145-WMIexec execution via SMB.evtx,Audit success,0,"{""EventData"":{""Data"":[{""@Name"":""SubjectUserSid"",""#text"":""S-1-5-21-4230534742-2542757381-3142984815-1111""},{""@Name"":""SubjectUserName"",""#text"":""admmig""},{""@Name"":""SubjectDomainName"",""#text"":""OFFSEC""},{""@Name"":""SubjectLogonId"",""#text"":""0x18ACDD""},{""@Name"":""ObjectType"",""#text"":""File""},{""@Name"":""IpAddress"",""#text"":""10.23.23.9""},{""@Name"":""IpPort"",""#text"":""63566""},{""@Name"":""ShareName"",""#text"":""\\\\*\\C$""},{""@Name"":""ShareLocalPath"",""#text"":""\\??\\C:\\""},{""@Name"":""RelativeTargetName"",""#text"":""Windows\\assembly\\NativeImages_v4.0.30319_32\\Microsoft.We0722664#\\559ec1b9bc74181e3591df47bdb6b7ce""},{""@Name"":""AccessMask"",""#text"":""0x100081""},{""@Name"":""AccessList"",""#text"":""%%1541, %%4416, %%4423, ""},{""@Name"":""AccessReason"",""#text"":""-""}]}}"
413,437145,2021-04-22 11:32:30.3007907,5145,LogAlways,Microsoft-Windows-Security-Auditing,Security,480,488,fs03vuln.offsec.lan,4,,Network share object access,OFFSEC\admmig,10.23.23.9:63564,Share: \\*\C$ (\??\C:\),Object: Windows\assembly\NativeImages_v4.0.30319_32\Microsoft.Wed3937f9#,AccessList: Unknown code (%%1541 | %%4416 | %%4423),AccessMask: Unknown code (0x100081),SID: S-1-5-21-4230534742-2542757381-3142984815-1111,,,False,EVTX-to-MITRE-Attack\TA0002-Execution\T1047-Windows Management Instrumentation\ID4688-5145-WMIexec execution via SMB.evtx,Audit success,0,"{""EventData"":{""Data"":[{""@Name"":""SubjectUserSid"",""#text"":""S-1-5-21-4230534742-2542757381-3142984815-1111""},{""@Name"":""SubjectUserName"",""#text"":""admmig""},{""@Name"":""SubjectDomainName"",""#text"":""OFFSEC""},{""@Name"":""SubjectLogonId"",""#text"":""0x18ACDD""},{""@Name"":""ObjectType"",""#text"":""File""},{""@Name"":""IpAddress"",""#text"":""10.23.23.9""},{""@Name"":""IpPort"",""#text"":""63564""},{""@Name"":""ShareName"",""#text"":""\\\\*\\C$""},{""@Name"":""ShareLocalPath"",""#text"":""\\??\\C:\\""},{""@Name"":""RelativeTargetName"",""#text"":""Windows\\assembly\\NativeImages_v4.0.30319_32\\Microsoft.Wed3937f9#""},{""@Name"":""AccessMask"",""#text"":""0x100081""},{""@Name"":""AccessList"",""#text"":""%%1541, %%4416, %%4423, ""},{""@Name"":""AccessReason"",""#text"":""-""}]}}"
414,437146,2021-04-22 11:32:30.3007907,5145,LogAlways,Microsoft-Windows-Security-Auditing,Security,480,488,fs03vuln.offsec.lan,4,,Network share object access,OFFSEC\admmig,10.23.23.9:63566,Share: \\*\C$ (\??\C:\),Object: Windows\assembly\NativeImages_v4.0.30319_32\Microsoft.Wed3937f9#\4af7f054b14a220217737e71e6adff82,AccessList: Unknown code (%%1541 | %%4416 | %%4423),AccessMask: Unknown code (0x100081),SID: S-1-5-21-4230534742-2542757381-3142984815-1111,,,False,EVTX-to-MITRE-Attack\TA0002-Execution\T1047-Windows Management Instrumentation\ID4688-5145-WMIexec execution via SMB.evtx,Audit success,0,"{""EventData"":{""Data"":[{""@Name"":""SubjectUserSid"",""#text"":""S-1-5-21-4230534742-2542757381-3142984815-1111""},{""@Name"":""SubjectUserName"",""#text"":""admmig""},{""@Name"":""SubjectDomainName"",""#text"":""OFFSEC""},{""@Name"":""SubjectLogonId"",""#text"":""0x18ACDD""},{""@Name"":""ObjectType"",""#text"":""File""},{""@Name"":""IpAddress"",""#text"":""10.23.23.9""},{""@Name"":""IpPort"",""#text"":""63566""},{""@Name"":""ShareName"",""#text"":""\\\\*\\C$""},{""@Name"":""ShareLocalPath"",""#text"":""\\??\\C:\\""},{""@Name"":""RelativeTargetName"",""#text"":""Windows\\assembly\\NativeImages_v4.0.30319_32\\Microsoft.Wed3937f9#\\4af7f054b14a220217737e71e6adff82""},{""@Name"":""AccessMask"",""#text"":""0x100081""},{""@Name"":""AccessList"",""#text"":""%%1541, %%4416, %%4423, ""},{""@Name"":""AccessReason"",""#text"":""-""}]}}"
415,437147,2021-04-22 11:32:30.3007907,5145,LogAlways,Microsoft-Windows-Security-Auditing,Security,480,488,fs03vuln.offsec.lan,4,,Network share object access,OFFSEC\admmig,10.23.23.9:63564,Share: \\*\C$ (\??\C:\),Object: Windows\assembly\NativeImages_v4.0.30319_32\Microsoft.Wf493a5fb#,AccessList: Unknown code (%%1541 | %%4416 | %%4423),AccessMask: Unknown code (0x100081),SID: S-1-5-21-4230534742-2542757381-3142984815-1111,,,False,EVTX-to-MITRE-Attack\TA0002-Execution\T1047-Windows Management Instrumentation\ID4688-5145-WMIexec execution via SMB.evtx,Audit success,0,"{""EventData"":{""Data"":[{""@Name"":""SubjectUserSid"",""#text"":""S-1-5-21-4230534742-2542757381-3142984815-1111""},{""@Name"":""SubjectUserName"",""#text"":""admmig""},{""@Name"":""SubjectDomainName"",""#text"":""OFFSEC""},{""@Name"":""SubjectLogonId"",""#text"":""0x18ACDD""},{""@Name"":""ObjectType"",""#text"":""File""},{""@Name"":""IpAddress"",""#text"":""10.23.23.9""},{""@Name"":""IpPort"",""#text"":""63564""},{""@Name"":""ShareName"",""#text"":""\\\\*\\C$""},{""@Name"":""ShareLocalPath"",""#text"":""\\??\\C:\\""},{""@Name"":""RelativeTargetName"",""#text"":""Windows\\assembly\\NativeImages_v4.0.30319_32\\Microsoft.Wf493a5fb#""},{""@Name"":""AccessMask"",""#text"":""0x100081""},{""@Name"":""AccessList"",""#text"":""%%1541, %%4416, %%4423, ""},{""@Name"":""AccessReason"",""#text"":""-""}]}}"
416,437148,2021-04-22 11:32:30.3007907,5145,LogAlways,Microsoft-Windows-Security-Auditing,Security,480,488,fs03vuln.offsec.lan,4,,Network share object access,OFFSEC\admmig,10.23.23.9:63566,Share: \\*\C$ (\??\C:\),Object: Windows\assembly\NativeImages_v4.0.30319_32\Microsoft.Wf493a5fb#\1a4e8e027cdf1271603e7eba2cd8fab0,AccessList: Unknown code (%%1541 | %%4416 | %%4423),AccessMask: Unknown code (0x100081),SID: S-1-5-21-4230534742-2542757381-3142984815-1111,,,False,EVTX-to-MITRE-Attack\TA0002-Execution\T1047-Windows Management Instrumentation\ID4688-5145-WMIexec execution via SMB.evtx,Audit success,0,"{""EventData"":{""Data"":[{""@Name"":""SubjectUserSid"",""#text"":""S-1-5-21-4230534742-2542757381-3142984815-1111""},{""@Name"":""SubjectUserName"",""#text"":""admmig""},{""@Name"":""SubjectDomainName"",""#text"":""OFFSEC""},{""@Name"":""SubjectLogonId"",""#text"":""0x18ACDD""},{""@Name"":""ObjectType"",""#text"":""File""},{""@Name"":""IpAddress"",""#text"":""10.23.23.9""},{""@Name"":""IpPort"",""#text"":""63566""},{""@Name"":""ShareName"",""#text"":""\\\\*\\C$""},{""@Name"":""ShareLocalPath"",""#text"":""\\??\\C:\\""},{""@Name"":""RelativeTargetName"",""#text"":""Windows\\assembly\\NativeImages_v4.0.30319_32\\Microsoft.Wf493a5fb#\\1a4e8e027cdf1271603e7eba2cd8fab0""},{""@Name"":""AccessMask"",""#text"":""0x100081""},{""@Name"":""AccessList"",""#text"":""%%1541, %%4416, %%4423, ""},{""@Name"":""AccessReason"",""#text"":""-""}]}}"
417,437149,2021-04-22 11:32:30.3007907,5145,LogAlways,Microsoft-Windows-Security-Auditing,Security,480,488,fs03vuln.offsec.lan,4,,Network share object access,OFFSEC\admmig,10.23.23.9:63564,Share: \\*\C$ (\??\C:\),Object: Windows\assembly\NativeImages_v4.0.30319_32\MIGUIControls,AccessList: Unknown code (%%1541 | %%4416 | %%4423),AccessMask: Unknown code (0x100081),SID: S-1-5-21-4230534742-2542757381-3142984815-1111,,,False,EVTX-to-MITRE-Attack\TA0002-Execution\T1047-Windows Management Instrumentation\ID4688-5145-WMIexec execution via SMB.evtx,Audit success,0,"{""EventData"":{""Data"":[{""@Name"":""SubjectUserSid"",""#text"":""S-1-5-21-4230534742-2542757381-3142984815-1111""},{""@Name"":""SubjectUserName"",""#text"":""admmig""},{""@Name"":""SubjectDomainName"",""#text"":""OFFSEC""},{""@Name"":""SubjectLogonId"",""#text"":""0x18ACDD""},{""@Name"":""ObjectType"",""#text"":""File""},{""@Name"":""IpAddress"",""#text"":""10.23.23.9""},{""@Name"":""IpPort"",""#text"":""63564""},{""@Name"":""ShareName"",""#text"":""\\\\*\\C$""},{""@Name"":""ShareLocalPath"",""#text"":""\\??\\C:\\""},{""@Name"":""RelativeTargetName"",""#text"":""Windows\\assembly\\NativeImages_v4.0.30319_32\\MIGUIControls""},{""@Name"":""AccessMask"",""#text"":""0x100081""},{""@Name"":""AccessList"",""#text"":""%%1541, %%4416, %%4423, ""},{""@Name"":""AccessReason"",""#text"":""-""}]}}"
418,437150,2021-04-22 11:32:30.3007907,5145,LogAlways,Microsoft-Windows-Security-Auditing,Security,480,488,fs03vuln.offsec.lan,4,,Network share object access,OFFSEC\admmig,10.23.23.9:63566,Share: \\*\C$ (\??\C:\),Object: Windows\assembly\NativeImages_v4.0.30319_32\MIGUIControls\184c548bb9ea9e668823e3bedee4d86a,AccessList: Unknown code (%%1541 | %%4416 | %%4423),AccessMask: Unknown code (0x100081),SID: S-1-5-21-4230534742-2542757381-3142984815-1111,,,False,EVTX-to-MITRE-Attack\TA0002-Execution\T1047-Windows Management Instrumentation\ID4688-5145-WMIexec execution via SMB.evtx,Audit success,0,"{""EventData"":{""Data"":[{""@Name"":""SubjectUserSid"",""#text"":""S-1-5-21-4230534742-2542757381-3142984815-1111""},{""@Name"":""SubjectUserName"",""#text"":""admmig""},{""@Name"":""SubjectDomainName"",""#text"":""OFFSEC""},{""@Name"":""SubjectLogonId"",""#text"":""0x18ACDD""},{""@Name"":""ObjectType"",""#text"":""File""},{""@Name"":""IpAddress"",""#text"":""10.23.23.9""},{""@Name"":""IpPort"",""#text"":""63566""},{""@Name"":""ShareName"",""#text"":""\\\\*\\C$""},{""@Name"":""ShareLocalPath"",""#text"":""\\??\\C:\\""},{""@Name"":""RelativeTargetName"",""#text"":""Windows\\assembly\\NativeImages_v4.0.30319_32\\MIGUIControls\\184c548bb9ea9e668823e3bedee4d86a""},{""@Name"":""AccessMask"",""#text"":""0x100081""},{""@Name"":""AccessList"",""#text"":""%%1541, %%4416, %%4423, ""},{""@Name"":""AccessReason"",""#text"":""-""}]}}"
419,437151,2021-04-22 11:32:30.3164257,5145,LogAlways,Microsoft-Windows-Security-Auditing,Security,480,488,fs03vuln.offsec.lan,4,,Network share object access,OFFSEC\admmig,10.23.23.9:63564,Share: \\*\C$ (\??\C:\),Object: Windows\assembly\NativeImages_v4.0.30319_32\MMCEx,AccessList: Unknown code (%%1541 | %%4416 | %%4423),AccessMask: Unknown code (0x100081),SID: S-1-5-21-4230534742-2542757381-3142984815-1111,,,False,EVTX-to-MITRE-Attack\TA0002-Execution\T1047-Windows Management Instrumentation\ID4688-5145-WMIexec execution via SMB.evtx,Audit success,0,"{""EventData"":{""Data"":[{""@Name"":""SubjectUserSid"",""#text"":""S-1-5-21-4230534742-2542757381-3142984815-1111""},{""@Name"":""SubjectUserName"",""#text"":""admmig""},{""@Name"":""SubjectDomainName"",""#text"":""OFFSEC""},{""@Name"":""SubjectLogonId"",""#text"":""0x18ACDD""},{""@Name"":""ObjectType"",""#text"":""File""},{""@Name"":""IpAddress"",""#text"":""10.23.23.9""},{""@Name"":""IpPort"",""#text"":""63564""},{""@Name"":""ShareName"",""#text"":""\\\\*\\C$""},{""@Name"":""ShareLocalPath"",""#text"":""\\??\\C:\\""},{""@Name"":""RelativeTargetName"",""#text"":""Windows\\assembly\\NativeImages_v4.0.30319_32\\MMCEx""},{""@Name"":""AccessMask"",""#text"":""0x100081""},{""@Name"":""AccessList"",""#text"":""%%1541, %%4416, %%4423, ""},{""@Name"":""AccessReason"",""#text"":""-""}]}}"
420,437152,2021-04-22 11:32:30.3164257,5145,LogAlways,Microsoft-Windows-Security-Auditing,Security,480,488,fs03vuln.offsec.lan,4,,Network share object access,OFFSEC\admmig,10.23.23.9:63566,Share: \\*\C$ (\??\C:\),Object: Windows\assembly\NativeImages_v4.0.30319_32\MMCEx\85a6f67f65de23064f7deded08a464c5,AccessList: Unknown code (%%1541 | %%4416 | %%4423),AccessMask: Unknown code (0x100081),SID: S-1-5-21-4230534742-2542757381-3142984815-1111,,,False,EVTX-to-MITRE-Attack\TA0002-Execution\T1047-Windows Management Instrumentation\ID4688-5145-WMIexec execution via SMB.evtx,Audit success,0,"{""EventData"":{""Data"":[{""@Name"":""SubjectUserSid"",""#text"":""S-1-5-21-4230534742-2542757381-3142984815-1111""},{""@Name"":""SubjectUserName"",""#text"":""admmig""},{""@Name"":""SubjectDomainName"",""#text"":""OFFSEC""},{""@Name"":""SubjectLogonId"",""#text"":""0x18ACDD""},{""@Name"":""ObjectType"",""#text"":""File""},{""@Name"":""IpAddress"",""#text"":""10.23.23.9""},{""@Name"":""IpPort"",""#text"":""63566""},{""@Name"":""ShareName"",""#text"":""\\\\*\\C$""},{""@Name"":""ShareLocalPath"",""#text"":""\\??\\C:\\""},{""@Name"":""RelativeTargetName"",""#text"":""Windows\\assembly\\NativeImages_v4.0.30319_32\\MMCEx\\85a6f67f65de23064f7deded08a464c5""},{""@Name"":""AccessMask"",""#text"":""0x100081""},{""@Name"":""AccessList"",""#text"":""%%1541, %%4416, %%4423, ""},{""@Name"":""AccessReason"",""#text"":""-""}]}}"
421,437153,2021-04-22 11:32:30.3164257,5145,LogAlways,Microsoft-Windows-Security-Auditing,Security,480,488,fs03vuln.offsec.lan,4,,Network share object access,OFFSEC\admmig,10.23.23.9:63564,Share: \\*\C$ (\??\C:\),Object: Windows\assembly\NativeImages_v4.0.30319_32\MMCFxCommon,AccessList: Unknown code (%%1541 | %%4416 | %%4423),AccessMask: Unknown code (0x100081),SID: S-1-5-21-4230534742-2542757381-3142984815-1111,,,False,EVTX-to-MITRE-Attack\TA0002-Execution\T1047-Windows Management Instrumentation\ID4688-5145-WMIexec execution via SMB.evtx,Audit success,0,"{""EventData"":{""Data"":[{""@Name"":""SubjectUserSid"",""#text"":""S-1-5-21-4230534742-2542757381-3142984815-1111""},{""@Name"":""SubjectUserName"",""#text"":""admmig""},{""@Name"":""SubjectDomainName"",""#text"":""OFFSEC""},{""@Name"":""SubjectLogonId"",""#text"":""0x18ACDD""},{""@Name"":""ObjectType"",""#text"":""File""},{""@Name"":""IpAddress"",""#text"":""10.23.23.9""},{""@Name"":""IpPort"",""#text"":""63564""},{""@Name"":""ShareName"",""#text"":""\\\\*\\C$""},{""@Name"":""ShareLocalPath"",""#text"":""\\??\\C:\\""},{""@Name"":""RelativeTargetName"",""#text"":""Windows\\assembly\\NativeImages_v4.0.30319_32\\MMCFxCommon""},{""@Name"":""AccessMask"",""#text"":""0x100081""},{""@Name"":""AccessList"",""#text"":""%%1541, %%4416, %%4423, ""},{""@Name"":""AccessReason"",""#text"":""-""}]}}"
422,437154,2021-04-22 11:32:30.3164257,5145,LogAlways,Microsoft-Windows-Security-Auditing,Security,480,488,fs03vuln.offsec.lan,4,,Network share object access,OFFSEC\admmig,10.23.23.9:63566,Share: \\*\C$ (\??\C:\),Object: Windows\assembly\NativeImages_v4.0.30319_32\MMCFxCommon\52b6052b9447848191f40e69c88f0f8b,AccessList: Unknown code (%%1541 | %%4416 | %%4423),AccessMask: Unknown code (0x100081),SID: S-1-5-21-4230534742-2542757381-3142984815-1111,,,False,EVTX-to-MITRE-Attack\TA0002-Execution\T1047-Windows Management Instrumentation\ID4688-5145-WMIexec execution via SMB.evtx,Audit success,0,"{""EventData"":{""Data"":[{""@Name"":""SubjectUserSid"",""#text"":""S-1-5-21-4230534742-2542757381-3142984815-1111""},{""@Name"":""SubjectUserName"",""#text"":""admmig""},{""@Name"":""SubjectDomainName"",""#text"":""OFFSEC""},{""@Name"":""SubjectLogonId"",""#text"":""0x18ACDD""},{""@Name"":""ObjectType"",""#text"":""File""},{""@Name"":""IpAddress"",""#text"":""10.23.23.9""},{""@Name"":""IpPort"",""#text"":""63566""},{""@Name"":""ShareName"",""#text"":""\\\\*\\C$""},{""@Name"":""ShareLocalPath"",""#text"":""\\??\\C:\\""},{""@Name"":""RelativeTargetName"",""#text"":""Windows\\assembly\\NativeImages_v4.0.30319_32\\MMCFxCommon\\52b6052b9447848191f40e69c88f0f8b""},{""@Name"":""AccessMask"",""#text"":""0x100081""},{""@Name"":""AccessList"",""#text"":""%%1541, %%4416, %%4423, ""},{""@Name"":""AccessReason"",""#text"":""-""}]}}"
423,437155,2021-04-22 11:32:30.3164257,5145,LogAlways,Microsoft-Windows-Security-Auditing,Security,480,488,fs03vuln.offsec.lan,4,,Network share object access,OFFSEC\admmig,10.23.23.9:63564,Share: \\*\C$ (\??\C:\),Object: Windows\assembly\NativeImages_v4.0.30319_32\MSBuild,AccessList: Unknown code (%%1541 | %%4416 | %%4423),AccessMask: Unknown code (0x100081),SID: S-1-5-21-4230534742-2542757381-3142984815-1111,,,False,EVTX-to-MITRE-Attack\TA0002-Execution\T1047-Windows Management Instrumentation\ID4688-5145-WMIexec execution via SMB.evtx,Audit success,0,"{""EventData"":{""Data"":[{""@Name"":""SubjectUserSid"",""#text"":""S-1-5-21-4230534742-2542757381-3142984815-1111""},{""@Name"":""SubjectUserName"",""#text"":""admmig""},{""@Name"":""SubjectDomainName"",""#text"":""OFFSEC""},{""@Name"":""SubjectLogonId"",""#text"":""0x18ACDD""},{""@Name"":""ObjectType"",""#text"":""File""},{""@Name"":""IpAddress"",""#text"":""10.23.23.9""},{""@Name"":""IpPort"",""#text"":""63564""},{""@Name"":""ShareName"",""#text"":""\\\\*\\C$""},{""@Name"":""ShareLocalPath"",""#text"":""\\??\\C:\\""},{""@Name"":""RelativeTargetName"",""#text"":""Windows\\assembly\\NativeImages_v4.0.30319_32\\MSBuild""},{""@Name"":""AccessMask"",""#text"":""0x100081""},{""@Name"":""AccessList"",""#text"":""%%1541, %%4416, %%4423, ""},{""@Name"":""AccessReason"",""#text"":""-""}]}}"
424,437156,2021-04-22 11:32:30.3164257,5145,LogAlways,Microsoft-Windows-Security-Auditing,Security,480,488,fs03vuln.offsec.lan,4,,Network share object access,OFFSEC\admmig,10.23.23.9:63566,Share: \\*\C$ (\??\C:\),Object: Windows\assembly\NativeImages_v4.0.30319_32\MSBuild\2965d6f0cc081ef81005efec548f72a9,AccessList: Unknown code (%%1541 | %%4416 | %%4423),AccessMask: Unknown code (0x100081),SID: S-1-5-21-4230534742-2542757381-3142984815-1111,,,False,EVTX-to-MITRE-Attack\TA0002-Execution\T1047-Windows Management Instrumentation\ID4688-5145-WMIexec execution via SMB.evtx,Audit success,0,"{""EventData"":{""Data"":[{""@Name"":""SubjectUserSid"",""#text"":""S-1-5-21-4230534742-2542757381-3142984815-1111""},{""@Name"":""SubjectUserName"",""#text"":""admmig""},{""@Name"":""SubjectDomainName"",""#text"":""OFFSEC""},{""@Name"":""SubjectLogonId"",""#text"":""0x18ACDD""},{""@Name"":""ObjectType"",""#text"":""File""},{""@Name"":""IpAddress"",""#text"":""10.23.23.9""},{""@Name"":""IpPort"",""#text"":""63566""},{""@Name"":""ShareName"",""#text"":""\\\\*\\C$""},{""@Name"":""ShareLocalPath"",""#text"":""\\??\\C:\\""},{""@Name"":""RelativeTargetName"",""#text"":""Windows\\assembly\\NativeImages_v4.0.30319_32\\MSBuild\\2965d6f0cc081ef81005efec548f72a9""},{""@Name"":""AccessMask"",""#text"":""0x100081""},{""@Name"":""AccessList"",""#text"":""%%1541, %%4416, %%4423, ""},{""@Name"":""AccessReason"",""#text"":""-""}]}}"
425,437157,2021-04-22 11:32:30.3164257,5145,LogAlways,Microsoft-Windows-Security-Auditing,Security,480,488,fs03vuln.offsec.lan,4,,Network share object access,OFFSEC\admmig,10.23.23.9:63564,Share: \\*\C$ (\??\C:\),Object: Windows\assembly\NativeImages_v4.0.30319_32\mscorlib,AccessList: Unknown code (%%1541 | %%4416 | %%4423),AccessMask: Unknown code (0x100081),SID: S-1-5-21-4230534742-2542757381-3142984815-1111,,,False,EVTX-to-MITRE-Attack\TA0002-Execution\T1047-Windows Management Instrumentation\ID4688-5145-WMIexec execution via SMB.evtx,Audit success,0,"{""EventData"":{""Data"":[{""@Name"":""SubjectUserSid"",""#text"":""S-1-5-21-4230534742-2542757381-3142984815-1111""},{""@Name"":""SubjectUserName"",""#text"":""admmig""},{""@Name"":""SubjectDomainName"",""#text"":""OFFSEC""},{""@Name"":""SubjectLogonId"",""#text"":""0x18ACDD""},{""@Name"":""ObjectType"",""#text"":""File""},{""@Name"":""IpAddress"",""#text"":""10.23.23.9""},{""@Name"":""IpPort"",""#text"":""63564""},{""@Name"":""ShareName"",""#text"":""\\\\*\\C$""},{""@Name"":""ShareLocalPath"",""#text"":""\\??\\C:\\""},{""@Name"":""RelativeTargetName"",""#text"":""Windows\\assembly\\NativeImages_v4.0.30319_32\\mscorlib""},{""@Name"":""AccessMask"",""#text"":""0x100081""},{""@Name"":""AccessList"",""#text"":""%%1541, %%4416, %%4423, ""},{""@Name"":""AccessReason"",""#text"":""-""}]}}"
426,437158,2021-04-22 11:32:30.3164257,5145,LogAlways,Microsoft-Windows-Security-Auditing,Security,480,488,fs03vuln.offsec.lan,4,,Network share object access,OFFSEC\admmig,10.23.23.9:63566,Share: \\*\C$ (\??\C:\),Object: Windows\assembly\NativeImages_v4.0.30319_32\mscorlib\c90ef9a73ea0044641d31b19023aad61,AccessList: Unknown code (%%1541 | %%4416 | %%4423),AccessMask: Unknown code (0x100081),SID: S-1-5-21-4230534742-2542757381-3142984815-1111,,,False,EVTX-to-MITRE-Attack\TA0002-Execution\T1047-Windows Management Instrumentation\ID4688-5145-WMIexec execution via SMB.evtx,Audit success,0,"{""EventData"":{""Data"":[{""@Name"":""SubjectUserSid"",""#text"":""S-1-5-21-4230534742-2542757381-3142984815-1111""},{""@Name"":""SubjectUserName"",""#text"":""admmig""},{""@Name"":""SubjectDomainName"",""#text"":""OFFSEC""},{""@Name"":""SubjectLogonId"",""#text"":""0x18ACDD""},{""@Name"":""ObjectType"",""#text"":""File""},{""@Name"":""IpAddress"",""#text"":""10.23.23.9""},{""@Name"":""IpPort"",""#text"":""63566""},{""@Name"":""ShareName"",""#text"":""\\\\*\\C$""},{""@Name"":""ShareLocalPath"",""#text"":""\\??\\C:\\""},{""@Name"":""RelativeTargetName"",""#text"":""Windows\\assembly\\NativeImages_v4.0.30319_32\\mscorlib\\c90ef9a73ea0044641d31b19023aad61""},{""@Name"":""AccessMask"",""#text"":""0x100081""},{""@Name"":""AccessList"",""#text"":""%%1541, %%4416, %%4423, ""},{""@Name"":""AccessReason"",""#text"":""-""}]}}"
427,437159,2021-04-22 11:32:30.3164257,5145,LogAlways,Microsoft-Windows-Security-Auditing,Security,480,488,fs03vuln.offsec.lan,4,,Network share object access,OFFSEC\admmig,10.23.23.9:63564,Share: \\*\C$ (\??\C:\),Object: Windows\assembly\NativeImages_v4.0.30319_32\napcrypt,AccessList: Unknown code (%%1541 | %%4416 | %%4423),AccessMask: Unknown code (0x100081),SID: S-1-5-21-4230534742-2542757381-3142984815-1111,,,False,EVTX-to-MITRE-Attack\TA0002-Execution\T1047-Windows Management Instrumentation\ID4688-5145-WMIexec execution via SMB.evtx,Audit success,0,"{""EventData"":{""Data"":[{""@Name"":""SubjectUserSid"",""#text"":""S-1-5-21-4230534742-2542757381-3142984815-1111""},{""@Name"":""SubjectUserName"",""#text"":""admmig""},{""@Name"":""SubjectDomainName"",""#text"":""OFFSEC""},{""@Name"":""SubjectLogonId"",""#text"":""0x18ACDD""},{""@Name"":""ObjectType"",""#text"":""File""},{""@Name"":""IpAddress"",""#text"":""10.23.23.9""},{""@Name"":""IpPort"",""#text"":""63564""},{""@Name"":""ShareName"",""#text"":""\\\\*\\C$""},{""@Name"":""ShareLocalPath"",""#text"":""\\??\\C:\\""},{""@Name"":""RelativeTargetName"",""#text"":""Windows\\assembly\\NativeImages_v4.0.30319_32\\napcrypt""},{""@Name"":""AccessMask"",""#text"":""0x100081""},{""@Name"":""AccessList"",""#text"":""%%1541, %%4416, %%4423, ""},{""@Name"":""AccessReason"",""#text"":""-""}]}}"
428,437160,2021-04-22 11:32:30.3164257,5145,LogAlways,Microsoft-Windows-Security-Auditing,Security,480,488,fs03vuln.offsec.lan,4,,Network share object access,OFFSEC\admmig,10.23.23.9:63566,Share: \\*\C$ (\??\C:\),Object: Windows\assembly\NativeImages_v4.0.30319_32\napcrypt\2c945f157cd851b9dc43e99e9a89b34d,AccessList: Unknown code (%%1541 | %%4416 | %%4423),AccessMask: Unknown code (0x100081),SID: S-1-5-21-4230534742-2542757381-3142984815-1111,,,False,EVTX-to-MITRE-Attack\TA0002-Execution\T1047-Windows Management Instrumentation\ID4688-5145-WMIexec execution via SMB.evtx,Audit success,0,"{""EventData"":{""Data"":[{""@Name"":""SubjectUserSid"",""#text"":""S-1-5-21-4230534742-2542757381-3142984815-1111""},{""@Name"":""SubjectUserName"",""#text"":""admmig""},{""@Name"":""SubjectDomainName"",""#text"":""OFFSEC""},{""@Name"":""SubjectLogonId"",""#text"":""0x18ACDD""},{""@Name"":""ObjectType"",""#text"":""File""},{""@Name"":""IpAddress"",""#text"":""10.23.23.9""},{""@Name"":""IpPort"",""#text"":""63566""},{""@Name"":""ShareName"",""#text"":""\\\\*\\C$""},{""@Name"":""ShareLocalPath"",""#text"":""\\??\\C:\\""},{""@Name"":""RelativeTargetName"",""#text"":""Windows\\assembly\\NativeImages_v4.0.30319_32\\napcrypt\\2c945f157cd851b9dc43e99e9a89b34d""},{""@Name"":""AccessMask"",""#text"":""0x100081""},{""@Name"":""AccessList"",""#text"":""%%1541, %%4416, %%4423, ""},{""@Name"":""AccessReason"",""#text"":""-""}]}}"
429,437161,2021-04-22 11:32:30.3320402,5145,LogAlways,Microsoft-Windows-Security-Auditing,Security,480,488,fs03vuln.offsec.lan,4,,Network share object access,OFFSEC\admmig,10.23.23.9:63564,Share: \\*\C$ (\??\C:\),Object: Windows\assembly\NativeImages_v4.0.30319_32\naphlpr,AccessList: Unknown code (%%1541 | %%4416 | %%4423),AccessMask: Unknown code (0x100081),SID: S-1-5-21-4230534742-2542757381-3142984815-1111,,,False,EVTX-to-MITRE-Attack\TA0002-Execution\T1047-Windows Management Instrumentation\ID4688-5145-WMIexec execution via SMB.evtx,Audit success,0,"{""EventData"":{""Data"":[{""@Name"":""SubjectUserSid"",""#text"":""S-1-5-21-4230534742-2542757381-3142984815-1111""},{""@Name"":""SubjectUserName"",""#text"":""admmig""},{""@Name"":""SubjectDomainName"",""#text"":""OFFSEC""},{""@Name"":""SubjectLogonId"",""#text"":""0x18ACDD""},{""@Name"":""ObjectType"",""#text"":""File""},{""@Name"":""IpAddress"",""#text"":""10.23.23.9""},{""@Name"":""IpPort"",""#text"":""63564""},{""@Name"":""ShareName"",""#text"":""\\\\*\\C$""},{""@Name"":""ShareLocalPath"",""#text"":""\\??\\C:\\""},{""@Name"":""RelativeTargetName"",""#text"":""Windows\\assembly\\NativeImages_v4.0.30319_32\\naphlpr""},{""@Name"":""AccessMask"",""#text"":""0x100081""},{""@Name"":""AccessList"",""#text"":""%%1541, %%4416, %%4423, ""},{""@Name"":""AccessReason"",""#text"":""-""}]}}"
430,437162,2021-04-22 11:32:30.3320402,5145,LogAlways,Microsoft-Windows-Security-Auditing,Security,480,488,fs03vuln.offsec.lan,4,,Network share object access,OFFSEC\admmig,10.23.23.9:63566,Share: \\*\C$ (\??\C:\),Object: Windows\assembly\NativeImages_v4.0.30319_32\naphlpr\0ed1ed0e250773e63d7fe047dde76c81,AccessList: Unknown code (%%1541 | %%4416 | %%4423),AccessMask: Unknown code (0x100081),SID: S-1-5-21-4230534742-2542757381-3142984815-1111,,,False,EVTX-to-MITRE-Attack\TA0002-Execution\T1047-Windows Management Instrumentation\ID4688-5145-WMIexec execution via SMB.evtx,Audit success,0,"{""EventData"":{""Data"":[{""@Name"":""SubjectUserSid"",""#text"":""S-1-5-21-4230534742-2542757381-3142984815-1111""},{""@Name"":""SubjectUserName"",""#text"":""admmig""},{""@Name"":""SubjectDomainName"",""#text"":""OFFSEC""},{""@Name"":""SubjectLogonId"",""#text"":""0x18ACDD""},{""@Name"":""ObjectType"",""#text"":""File""},{""@Name"":""IpAddress"",""#text"":""10.23.23.9""},{""@Name"":""IpPort"",""#text"":""63566""},{""@Name"":""ShareName"",""#text"":""\\\\*\\C$""},{""@Name"":""ShareLocalPath"",""#text"":""\\??\\C:\\""},{""@Name"":""RelativeTargetName"",""#text"":""Windows\\assembly\\NativeImages_v4.0.30319_32\\naphlpr\\0ed1ed0e250773e63d7fe047dde76c81""},{""@Name"":""AccessMask"",""#text"":""0x100081""},{""@Name"":""AccessList"",""#text"":""%%1541, %%4416, %%4423, ""},{""@Name"":""AccessReason"",""#text"":""-""}]}}"
431,437163,2021-04-22 11:32:30.3320402,5145,LogAlways,Microsoft-Windows-Security-Auditing,Security,480,488,fs03vuln.offsec.lan,4,,Network share object access,OFFSEC\admmig,10.23.23.9:63564,Share: \\*\C$ (\??\C:\),Object: Windows\assembly\NativeImages_v4.0.30319_32\napinit,AccessList: Unknown code (%%1541 | %%4416 | %%4423),AccessMask: Unknown code (0x100081),SID: S-1-5-21-4230534742-2542757381-3142984815-1111,,,False,EVTX-to-MITRE-Attack\TA0002-Execution\T1047-Windows Management Instrumentation\ID4688-5145-WMIexec execution via SMB.evtx,Audit success,0,"{""EventData"":{""Data"":[{""@Name"":""SubjectUserSid"",""#text"":""S-1-5-21-4230534742-2542757381-3142984815-1111""},{""@Name"":""SubjectUserName"",""#text"":""admmig""},{""@Name"":""SubjectDomainName"",""#text"":""OFFSEC""},{""@Name"":""SubjectLogonId"",""#text"":""0x18ACDD""},{""@Name"":""ObjectType"",""#text"":""File""},{""@Name"":""IpAddress"",""#text"":""10.23.23.9""},{""@Name"":""IpPort"",""#text"":""63564""},{""@Name"":""ShareName"",""#text"":""\\\\*\\C$""},{""@Name"":""ShareLocalPath"",""#text"":""\\??\\C:\\""},{""@Name"":""RelativeTargetName"",""#text"":""Windows\\assembly\\NativeImages_v4.0.30319_32\\napinit""},{""@Name"":""AccessMask"",""#text"":""0x100081""},{""@Name"":""AccessList"",""#text"":""%%1541, %%4416, %%4423, ""},{""@Name"":""AccessReason"",""#text"":""-""}]}}"
432,437164,2021-04-22 11:32:30.3320402,5145,LogAlways,Microsoft-Windows-Security-Auditing,Security,480,488,fs03vuln.offsec.lan,4,,Network share object access,OFFSEC\admmig,10.23.23.9:63566,Share: \\*\C$ (\??\C:\),Object: Windows\assembly\NativeImages_v4.0.30319_32\napinit\1264f8bd57934a4941865b3c0512803e,AccessList: Unknown code (%%1541 | %%4416 | %%4423),AccessMask: Unknown code (0x100081),SID: S-1-5-21-4230534742-2542757381-3142984815-1111,,,False,EVTX-to-MITRE-Attack\TA0002-Execution\T1047-Windows Management Instrumentation\ID4688-5145-WMIexec execution via SMB.evtx,Audit success,0,"{""EventData"":{""Data"":[{""@Name"":""SubjectUserSid"",""#text"":""S-1-5-21-4230534742-2542757381-3142984815-1111""},{""@Name"":""SubjectUserName"",""#text"":""admmig""},{""@Name"":""SubjectDomainName"",""#text"":""OFFSEC""},{""@Name"":""SubjectLogonId"",""#text"":""0x18ACDD""},{""@Name"":""ObjectType"",""#text"":""File""},{""@Name"":""IpAddress"",""#text"":""10.23.23.9""},{""@Name"":""IpPort"",""#text"":""63566""},{""@Name"":""ShareName"",""#text"":""\\\\*\\C$""},{""@Name"":""ShareLocalPath"",""#text"":""\\??\\C:\\""},{""@Name"":""RelativeTargetName"",""#text"":""Windows\\assembly\\NativeImages_v4.0.30319_32\\napinit\\1264f8bd57934a4941865b3c0512803e""},{""@Name"":""AccessMask"",""#text"":""0x100081""},{""@Name"":""AccessList"",""#text"":""%%1541, %%4416, %%4423, ""},{""@Name"":""AccessReason"",""#text"":""-""}]}}"
433,437165,2021-04-22 11:32:30.3320402,5145,LogAlways,Microsoft-Windows-Security-Auditing,Security,480,488,fs03vuln.offsec.lan,4,,Network share object access,OFFSEC\admmig,10.23.23.9:63564,Share: \\*\C$ (\??\C:\),Object: Windows\assembly\NativeImages_v4.0.30319_32\napsnap,AccessList: Unknown code (%%1541 | %%4416 | %%4423),AccessMask: Unknown code (0x100081),SID: S-1-5-21-4230534742-2542757381-3142984815-1111,,,False,EVTX-to-MITRE-Attack\TA0002-Execution\T1047-Windows Management Instrumentation\ID4688-5145-WMIexec execution via SMB.evtx,Audit success,0,"{""EventData"":{""Data"":[{""@Name"":""SubjectUserSid"",""#text"":""S-1-5-21-4230534742-2542757381-3142984815-1111""},{""@Name"":""SubjectUserName"",""#text"":""admmig""},{""@Name"":""SubjectDomainName"",""#text"":""OFFSEC""},{""@Name"":""SubjectLogonId"",""#text"":""0x18ACDD""},{""@Name"":""ObjectType"",""#text"":""File""},{""@Name"":""IpAddress"",""#text"":""10.23.23.9""},{""@Name"":""IpPort"",""#text"":""63564""},{""@Name"":""ShareName"",""#text"":""\\\\*\\C$""},{""@Name"":""ShareLocalPath"",""#text"":""\\??\\C:\\""},{""@Name"":""RelativeTargetName"",""#text"":""Windows\\assembly\\NativeImages_v4.0.30319_32\\napsnap""},{""@Name"":""AccessMask"",""#text"":""0x100081""},{""@Name"":""AccessList"",""#text"":""%%1541, %%4416, %%4423, ""},{""@Name"":""AccessReason"",""#text"":""-""}]}}"
434,437166,2021-04-22 11:32:30.3320402,5145,LogAlways,Microsoft-Windows-Security-Auditing,Security,480,488,fs03vuln.offsec.lan,4,,Network share object access,OFFSEC\admmig,10.23.23.9:63566,Share: \\*\C$ (\??\C:\),Object: Windows\assembly\NativeImages_v4.0.30319_32\napsnap\5ab2511c5224a660e85286b3f2c2b752,AccessList: Unknown code (%%1541 | %%4416 | %%4423),AccessMask: Unknown code (0x100081),SID: S-1-5-21-4230534742-2542757381-3142984815-1111,,,False,EVTX-to-MITRE-Attack\TA0002-Execution\T1047-Windows Management Instrumentation\ID4688-5145-WMIexec execution via SMB.evtx,Audit success,0,"{""EventData"":{""Data"":[{""@Name"":""SubjectUserSid"",""#text"":""S-1-5-21-4230534742-2542757381-3142984815-1111""},{""@Name"":""SubjectUserName"",""#text"":""admmig""},{""@Name"":""SubjectDomainName"",""#text"":""OFFSEC""},{""@Name"":""SubjectLogonId"",""#text"":""0x18ACDD""},{""@Name"":""ObjectType"",""#text"":""File""},{""@Name"":""IpAddress"",""#text"":""10.23.23.9""},{""@Name"":""IpPort"",""#text"":""63566""},{""@Name"":""ShareName"",""#text"":""\\\\*\\C$""},{""@Name"":""ShareLocalPath"",""#text"":""\\??\\C:\\""},{""@Name"":""RelativeTargetName"",""#text"":""Windows\\assembly\\NativeImages_v4.0.30319_32\\napsnap\\5ab2511c5224a660e85286b3f2c2b752""},{""@Name"":""AccessMask"",""#text"":""0x100081""},{""@Name"":""AccessList"",""#text"":""%%1541, %%4416, %%4423, ""},{""@Name"":""AccessReason"",""#text"":""-""}]}}"
