406,1160431,2021-12-12 07:16:04.8687581,4672,LogAlways,Microsoft-Windows-Security-Auditing,Security,480,2980,fs03vuln.offsec.lan,3,,Administrative logon,OFFSEC\admmig (S-1-5-21-4230534742-2542757381-3142984815-1111),,"PrivilegeList: SeSecurityPrivilege, SeBackupPrivilege, SeRestorePrivilege, SeTakeOwnershipPrivilege, SeDebugPrivilege, SeSystemEnvironmentPrivilege, SeLoadDriverPrivilege, SeImpersonatePrivilege",LogonId: 0x8724E0B,,,,,,False,EVTX-to-MITRE-Attack\EVTX_full_APT_attack_steps\ID5145-4624-DonPAPI full extraction.evtx,Audit success,0,"{""EventData"":{""Data"":[{""@Name"":""SubjectUserSid"",""#text"":""S-1-5-21-4230534742-2542757381-3142984815-1111""},{""@Name"":""SubjectUserName"",""#text"":""admmig""},{""@Name"":""SubjectDomainName"",""#text"":""OFFSEC""},{""@Name"":""SubjectLogonId"",""#text"":""0x8724E0B""},{""@Name"":""PrivilegeList"",""#text"":""SeSecurityPrivilege, SeBackupPrivilege, SeRestorePrivilege, SeTakeOwnershipPrivilege, SeDebugPrivilege, SeSystemEnvironmentPrivilege, SeLoadDriverPrivilege, SeImpersonatePrivilege""}]}}"
407,1160432,2021-12-12 07:16:04.8687581,4624,LogAlways,Microsoft-Windows-Security-Auditing,Security,480,2980,fs03vuln.offsec.lan,3,,Successful logon,-\-," (10.23.123.11)",Target: OFFSEC\admmig,LogonType 3,LogonId: 0x8724E0B,AuthenticationPackageName: NTLM,"LogonProcessName: NtLmSsp ",,-,False,EVTX-to-MITRE-Attack\EVTX_full_APT_attack_steps\ID5145-4624-DonPAPI full extraction.evtx,Audit success,0,"{""EventData"":{""Data"":[{""@Name"":""SubjectUserSid"",""#text"":""S-1-0-0""},{""@Name"":""SubjectUserName"",""#text"":""-""},{""@Name"":""SubjectDomainName"",""#text"":""-""},{""@Name"":""SubjectLogonId"",""#text"":""0x0""},{""@Name"":""TargetUserSid"",""#text"":""S-1-5-21-4230534742-2542757381-3142984815-1111""},{""@Name"":""TargetUserName"",""#text"":""admmig""},{""@Name"":""TargetDomainName"",""#text"":""OFFSEC""},{""@Name"":""TargetLogonId"",""#text"":""0x8724E0B""},{""@Name"":""LogonType"",""#text"":""3""},{""@Name"":""LogonProcessName"",""#text"":""NtLmSsp ""},{""@Name"":""AuthenticationPackageName"",""#text"":""NTLM""},{""@Name"":""WorkstationName""},{""@Name"":""LogonGuid"",""#text"":""00000000-0000-0000-0000-000000000000""},{""@Name"":""TransmittedServices"",""#text"":""-""},{""@Name"":""LmPackageName"",""#text"":""NTLM V2""},{""@Name"":""KeyLength"",""#text"":""0""},{""@Name"":""ProcessId"",""#text"":""0x0""},{""@Name"":""ProcessName"",""#text"":""-""},{""@Name"":""IpAddress"",""#text"":""10.23.123.11""},{""@Name"":""IpPort"",""#text"":""60192""},{""@Name"":""ImpersonationLevel"",""#text"":""%%1833""}]}}"
408,1160433,2021-12-12 07:16:04.8687581,5140,LogAlways,Microsoft-Windows-Security-Auditing,Security,4,5004,fs03vuln.offsec.lan,3,,A network share object was accessed,OFFSEC\admmig,10.23.123.11:60192,Share: \\*\IPC$ (),Sid: S-1-5-21-4230534742-2542757381-3142984815-1111,AccessList: ReadData (or ListDirectory),AccessMask: Unknown code (0x1),,,,False,EVTX-to-MITRE-Attack\EVTX_full_APT_attack_steps\ID5145-4624-DonPAPI full extraction.evtx,Audit success,0,"{""EventData"":{""Data"":[{""@Name"":""SubjectUserSid"",""#text"":""S-1-5-21-4230534742-2542757381-3142984815-1111""},{""@Name"":""SubjectUserName"",""#text"":""admmig""},{""@Name"":""SubjectDomainName"",""#text"":""OFFSEC""},{""@Name"":""SubjectLogonId"",""#text"":""0x8724E0B""},{""@Name"":""ObjectType"",""#text"":""File""},{""@Name"":""IpAddress"",""#text"":""10.23.123.11""},{""@Name"":""IpPort"",""#text"":""60192""},{""@Name"":""ShareName"",""#text"":""\\\\*\\IPC$""},{""@Name"":""ShareLocalPath""},{""@Name"":""AccessMask"",""#text"":""0x1""},{""@Name"":""AccessList"",""#text"":""%%4416, ""}]}}"
409,1160434,2021-12-12 07:16:04.8687581,5145,LogAlways,Microsoft-Windows-Security-Auditing,Security,480,488,fs03vuln.offsec.lan,3,,Network share object access,OFFSEC\admmig,10.23.123.11:60192,Share: \\*\IPC$ (),Object: svcctl,AccessList: Unknown code (%%4416 | %%4417),AccessMask: Unknown code (0x3),SID: S-1-5-21-4230534742-2542757381-3142984815-1111,,,False,EVTX-to-MITRE-Attack\EVTX_full_APT_attack_steps\ID5145-4624-DonPAPI full extraction.evtx,Audit success,0,"{""EventData"":{""Data"":[{""@Name"":""SubjectUserSid"",""#text"":""S-1-5-21-4230534742-2542757381-3142984815-1111""},{""@Name"":""SubjectUserName"",""#text"":""admmig""},{""@Name"":""SubjectDomainName"",""#text"":""OFFSEC""},{""@Name"":""SubjectLogonId"",""#text"":""0x8724E0B""},{""@Name"":""ObjectType"",""#text"":""File""},{""@Name"":""IpAddress"",""#text"":""10.23.123.11""},{""@Name"":""IpPort"",""#text"":""60192""},{""@Name"":""ShareName"",""#text"":""\\\\*\\IPC$""},{""@Name"":""ShareLocalPath""},{""@Name"":""RelativeTargetName"",""#text"":""svcctl""},{""@Name"":""AccessMask"",""#text"":""0x3""},{""@Name"":""AccessList"",""#text"":""%%4416, %%4417, ""},{""@Name"":""AccessReason"",""#text"":""-""}]}}"
410,1160435,2021-12-12 07:16:04.8843751,4674,LogAlways,Microsoft-Windows-Security-Auditing,Security,480,488,fs03vuln.offsec.lan,4,,An operation was attempted on a privileged object,OFFSEC\admmig (S-1-5-21-4230534742-2542757381-3142984815-1111),,PrivilegeList: SeTakeOwnershipPrivilege,ObjectServer: SC Manager,SubjectLogonId: 0x8724E0B,,,,C:\Windows\System32\services.exe (PID: 0x1D8),False,EVTX-to-MITRE-Attack\EVTX_full_APT_attack_steps\ID5145-4624-DonPAPI full extraction.evtx,Audit success,0,"{""EventData"":{""Data"":[{""@Name"":""SubjectUserSid"",""#text"":""S-1-5-21-4230534742-2542757381-3142984815-1111""},{""@Name"":""SubjectUserName"",""#text"":""admmig""},{""@Name"":""SubjectDomainName"",""#text"":""OFFSEC""},{""@Name"":""SubjectLogonId"",""#text"":""0x8724E0B""},{""@Name"":""ObjectServer"",""#text"":""SC Manager""},{""@Name"":""ObjectType"",""#text"":""SERVICE OBJECT""},{""@Name"":""ObjectName"",""#text"":""RemoteRegistry""},{""@Name"":""HandleId"",""#text"":""0xFFFFD0004E18C9F8""},{""@Name"":""AccessMask"",""#text"":""%%1537, %%1538, %%1539, %%7184, %%7185, %%7186, %%7187, %%7188, %%7189, %%7190, %%7191, %%7192, ""},{""@Name"":""PrivilegeList"",""#text"":""SeTakeOwnershipPrivilege""},{""@Name"":""ProcessId"",""#text"":""0x1D8""},{""@Name"":""ProcessName"",""#text"":""C:\\Windows\\System32\\services.exe""}]}}"
411,1160436,2021-12-12 07:16:04.9000027,5145,LogAlways,Microsoft-Windows-Security-Auditing,Security,480,488,fs03vuln.offsec.lan,4,,Network share object access,OFFSEC\admmig,10.23.123.11:60192,Share: \\*\IPC$ (),Object: winreg,AccessList: Unknown code (%%4416 | %%4417),AccessMask: Unknown code (0x3),SID: S-1-5-21-4230534742-2542757381-3142984815-1111,,,False,EVTX-to-MITRE-Attack\EVTX_full_APT_attack_steps\ID5145-4624-DonPAPI full extraction.evtx,Audit success,0,"{""EventData"":{""Data"":[{""@Name"":""SubjectUserSid"",""#text"":""S-1-5-21-4230534742-2542757381-3142984815-1111""},{""@Name"":""SubjectUserName"",""#text"":""admmig""},{""@Name"":""SubjectDomainName"",""#text"":""OFFSEC""},{""@Name"":""SubjectLogonId"",""#text"":""0x8724E0B""},{""@Name"":""ObjectType"",""#text"":""File""},{""@Name"":""IpAddress"",""#text"":""10.23.123.11""},{""@Name"":""IpPort"",""#text"":""60192""},{""@Name"":""ShareName"",""#text"":""\\\\*\\IPC$""},{""@Name"":""ShareLocalPath""},{""@Name"":""RelativeTargetName"",""#text"":""winreg""},{""@Name"":""AccessMask"",""#text"":""0x3""},{""@Name"":""AccessList"",""#text"":""%%4416, %%4417, ""},{""@Name"":""AccessReason"",""#text"":""-""}]}}"
412,1160437,2021-12-12 07:16:04.9312539,4964,LogAlways,Microsoft-Windows-Security-Auditing,Security,480,2980,fs03vuln.offsec.lan,4,,,,,,,,,,,,False,EVTX-to-MITRE-Attack\EVTX_full_APT_attack_steps\ID5145-4624-DonPAPI full extraction.evtx,Audit success,0,"{""EventData"":{""Data"":[{""@Name"":""SubjectUserSid"",""#text"":""S-1-5-18""},{""@Name"":""SubjectUserName"",""#text"":""FS03VULN$""},{""@Name"":""SubjectDomainName"",""#text"":""OFFSEC""},{""@Name"":""SubjectLogonId"",""#text"":""0x3E7""},{""@Name"":""LogonGuid"",""#text"":""00000000-0000-0000-0000-000000000000""},{""@Name"":""TargetUserSid"",""#text"":""S-1-5-21-4230534742-2542757381-3142984815-1111""},{""@Name"":""TargetUserName"",""#text"":""admmig""},{""@Name"":""TargetDomainName"",""#text"":""OFFSEC""},{""@Name"":""TargetLogonId"",""#text"":""0x8724EAD""},{""@Name"":""TargetLogonGuid"",""#text"":""00000000-0000-0000-0000-000000000000""},{""@Name"":""SidList"",""#text"":"", %{S-1-5-21-4230534742-2542757381-3142984815-1613}""}]}}"
413,1160438,2021-12-12 07:16:04.9312539,4672,LogAlways,Microsoft-Windows-Security-Auditing,Security,480,2980,fs03vuln.offsec.lan,4,,Administrative logon,OFFSEC\admmig (S-1-5-21-4230534742-2542757381-3142984815-1111),,"PrivilegeList: SeSecurityPrivilege, SeBackupPrivilege, SeRestorePrivilege, SeTakeOwnershipPrivilege, SeDebugPrivilege, SeSystemEnvironmentPrivilege, SeLoadDriverPrivilege, SeImpersonatePrivilege",LogonId: 0x8724EAD,,,,,,False,EVTX-to-MITRE-Attack\EVTX_full_APT_attack_steps\ID5145-4624-DonPAPI full extraction.evtx,Audit success,0,"{""EventData"":{""Data"":[{""@Name"":""SubjectUserSid"",""#text"":""S-1-5-21-4230534742-2542757381-3142984815-1111""},{""@Name"":""SubjectUserName"",""#text"":""admmig""},{""@Name"":""SubjectDomainName"",""#text"":""OFFSEC""},{""@Name"":""SubjectLogonId"",""#text"":""0x8724EAD""},{""@Name"":""PrivilegeList"",""#text"":""SeSecurityPrivilege, SeBackupPrivilege, SeRestorePrivilege, SeTakeOwnershipPrivilege, SeDebugPrivilege, SeSystemEnvironmentPrivilege, SeLoadDriverPrivilege, SeImpersonatePrivilege""}]}}"
414,1160439,2021-12-12 07:16:04.9312539,4624,LogAlways,Microsoft-Windows-Security-Auditing,Security,480,2980,fs03vuln.offsec.lan,4,,Successful logon,-\-," (10.23.123.11)",Target: OFFSEC\admmig,LogonType 3,LogonId: 0x8724EAD,AuthenticationPackageName: NTLM,"LogonProcessName: NtLmSsp ",,-,False,EVTX-to-MITRE-Attack\EVTX_full_APT_attack_steps\ID5145-4624-DonPAPI full extraction.evtx,Audit success,0,"{""EventData"":{""Data"":[{""@Name"":""SubjectUserSid"",""#text"":""S-1-0-0""},{""@Name"":""SubjectUserName"",""#text"":""-""},{""@Name"":""SubjectDomainName"",""#text"":""-""},{""@Name"":""SubjectLogonId"",""#text"":""0x0""},{""@Name"":""TargetUserSid"",""#text"":""S-1-5-21-4230534742-2542757381-3142984815-1111""},{""@Name"":""TargetUserName"",""#text"":""admmig""},{""@Name"":""TargetDomainName"",""#text"":""OFFSEC""},{""@Name"":""TargetLogonId"",""#text"":""0x8724EAD""},{""@Name"":""LogonType"",""#text"":""3""},{""@Name"":""LogonProcessName"",""#text"":""NtLmSsp ""},{""@Name"":""AuthenticationPackageName"",""#text"":""NTLM""},{""@Name"":""WorkstationName""},{""@Name"":""LogonGuid"",""#text"":""00000000-0000-0000-0000-000000000000""},{""@Name"":""TransmittedServices"",""#text"":""-""},{""@Name"":""LmPackageName"",""#text"":""NTLM V2""},{""@Name"":""KeyLength"",""#text"":""0""},{""@Name"":""ProcessId"",""#text"":""0x0""},{""@Name"":""ProcessName"",""#text"":""-""},{""@Name"":""IpAddress"",""#text"":""10.23.123.11""},{""@Name"":""IpPort"",""#text"":""60194""},{""@Name"":""ImpersonationLevel"",""#text"":""%%1833""}]}}"
415,1160440,2021-12-12 07:16:04.9312539,5140,LogAlways,Microsoft-Windows-Security-Auditing,Security,4,2356,fs03vuln.offsec.lan,4,,A network share object was accessed,OFFSEC\admmig,10.23.123.11:60194,Share: \\*\IPC$ (),Sid: S-1-5-21-4230534742-2542757381-3142984815-1111,AccessList: ReadData (or ListDirectory),AccessMask: Unknown code (0x1),,,,False,EVTX-to-MITRE-Attack\EVTX_full_APT_attack_steps\ID5145-4624-DonPAPI full extraction.evtx,Audit success,0,"{""EventData"":{""Data"":[{""@Name"":""SubjectUserSid"",""#text"":""S-1-5-21-4230534742-2542757381-3142984815-1111""},{""@Name"":""SubjectUserName"",""#text"":""admmig""},{""@Name"":""SubjectDomainName"",""#text"":""OFFSEC""},{""@Name"":""SubjectLogonId"",""#text"":""0x8724EAD""},{""@Name"":""ObjectType"",""#text"":""File""},{""@Name"":""IpAddress"",""#text"":""10.23.123.11""},{""@Name"":""IpPort"",""#text"":""60194""},{""@Name"":""ShareName"",""#text"":""\\\\*\\IPC$""},{""@Name"":""ShareLocalPath""},{""@Name"":""AccessMask"",""#text"":""0x1""},{""@Name"":""AccessList"",""#text"":""%%4416, ""}]}}"
416,1160441,2021-12-12 07:16:04.9312539,5145,LogAlways,Microsoft-Windows-Security-Auditing,Security,480,488,fs03vuln.offsec.lan,4,,Network share object access,OFFSEC\admmig,10.23.123.11:60194,Share: \\*\IPC$ (),Object: svcctl,AccessList: Unknown code (%%4416 | %%4417),AccessMask: Unknown code (0x3),SID: S-1-5-21-4230534742-2542757381-3142984815-1111,,,False,EVTX-to-MITRE-Attack\EVTX_full_APT_attack_steps\ID5145-4624-DonPAPI full extraction.evtx,Audit success,0,"{""EventData"":{""Data"":[{""@Name"":""SubjectUserSid"",""#text"":""S-1-5-21-4230534742-2542757381-3142984815-1111""},{""@Name"":""SubjectUserName"",""#text"":""admmig""},{""@Name"":""SubjectDomainName"",""#text"":""OFFSEC""},{""@Name"":""SubjectLogonId"",""#text"":""0x8724EAD""},{""@Name"":""ObjectType"",""#text"":""File""},{""@Name"":""IpAddress"",""#text"":""10.23.123.11""},{""@Name"":""IpPort"",""#text"":""60194""},{""@Name"":""ShareName"",""#text"":""\\\\*\\IPC$""},{""@Name"":""ShareLocalPath""},{""@Name"":""RelativeTargetName"",""#text"":""svcctl""},{""@Name"":""AccessMask"",""#text"":""0x3""},{""@Name"":""AccessList"",""#text"":""%%4416, %%4417, ""},{""@Name"":""AccessReason"",""#text"":""-""}]}}"
417,1160442,2021-12-12 07:16:04.9468815,4674,LogAlways,Microsoft-Windows-Security-Auditing,Security,480,488,fs03vuln.offsec.lan,4,,An operation was attempted on a privileged object,OFFSEC\admmig (S-1-5-21-4230534742-2542757381-3142984815-1111),,PrivilegeList: SeTakeOwnershipPrivilege,ObjectServer: SC Manager,SubjectLogonId: 0x8724EAD,,,,C:\Windows\System32\services.exe (PID: 0x1D8),False,EVTX-to-MITRE-Attack\EVTX_full_APT_attack_steps\ID5145-4624-DonPAPI full extraction.evtx,Audit success,0,"{""EventData"":{""Data"":[{""@Name"":""SubjectUserSid"",""#text"":""S-1-5-21-4230534742-2542757381-3142984815-1111""},{""@Name"":""SubjectUserName"",""#text"":""admmig""},{""@Name"":""SubjectDomainName"",""#text"":""OFFSEC""},{""@Name"":""SubjectLogonId"",""#text"":""0x8724EAD""},{""@Name"":""ObjectServer"",""#text"":""SC Manager""},{""@Name"":""ObjectType"",""#text"":""SERVICE OBJECT""},{""@Name"":""ObjectName"",""#text"":""RemoteRegistry""},{""@Name"":""HandleId"",""#text"":""0xFFFFD0004E0A29F8""},{""@Name"":""AccessMask"",""#text"":""%%1537, %%1538, %%1539, %%7184, %%7185, %%7186, %%7187, %%7188, %%7189, %%7190, %%7191, %%7192, ""},{""@Name"":""PrivilegeList"",""#text"":""SeTakeOwnershipPrivilege""},{""@Name"":""ProcessId"",""#text"":""0x1D8""},{""@Name"":""ProcessName"",""#text"":""C:\\Windows\\System32\\services.exe""}]}}"
418,1160443,2021-12-12 07:16:04.9670126,5145,LogAlways,Microsoft-Windows-Security-Auditing,Security,480,488,fs03vuln.offsec.lan,4,,Network share object access,OFFSEC\admmig,10.23.123.11:60194,Share: \\*\IPC$ (),Object: winreg,AccessList: Unknown code (%%4416 | %%4417),AccessMask: Unknown code (0x3),SID: S-1-5-21-4230534742-2542757381-3142984815-1111,,,False,EVTX-to-MITRE-Attack\EVTX_full_APT_attack_steps\ID5145-4624-DonPAPI full extraction.evtx,Audit success,0,"{""EventData"":{""Data"":[{""@Name"":""SubjectUserSid"",""#text"":""S-1-5-21-4230534742-2542757381-3142984815-1111""},{""@Name"":""SubjectUserName"",""#text"":""admmig""},{""@Name"":""SubjectDomainName"",""#text"":""OFFSEC""},{""@Name"":""SubjectLogonId"",""#text"":""0x8724EAD""},{""@Name"":""ObjectType"",""#text"":""File""},{""@Name"":""IpAddress"",""#text"":""10.23.123.11""},{""@Name"":""IpPort"",""#text"":""60194""},{""@Name"":""ShareName"",""#text"":""\\\\*\\IPC$""},{""@Name"":""ShareLocalPath""},{""@Name"":""RelativeTargetName"",""#text"":""winreg""},{""@Name"":""AccessMask"",""#text"":""0x3""},{""@Name"":""AccessList"",""#text"":""%%4416, %%4417, ""},{""@Name"":""AccessReason"",""#text"":""-""}]}}"
419,1160444,2021-12-12 07:16:04.9825554,5140,LogAlways,Microsoft-Windows-Security-Auditing,Security,4,2356,fs03vuln.offsec.lan,4,,A network share object was accessed,OFFSEC\admmig,10.23.123.11:60168,Share: \\*\C$ (\??\C:\),Sid: S-1-5-21-4230534742-2542757381-3142984815-1111,AccessList: ReadData (or ListDirectory),AccessMask: Unknown code (0x1),,,,False,EVTX-to-MITRE-Attack\EVTX_full_APT_attack_steps\ID5145-4624-DonPAPI full extraction.evtx,Audit success,0,"{""EventData"":{""Data"":[{""@Name"":""SubjectUserSid"",""#text"":""S-1-5-21-4230534742-2542757381-3142984815-1111""},{""@Name"":""SubjectUserName"",""#text"":""admmig""},{""@Name"":""SubjectDomainName"",""#text"":""OFFSEC""},{""@Name"":""SubjectLogonId"",""#text"":""0x8723C99""},{""@Name"":""ObjectType"",""#text"":""File""},{""@Name"":""IpAddress"",""#text"":""10.23.123.11""},{""@Name"":""IpPort"",""#text"":""60168""},{""@Name"":""ShareName"",""#text"":""\\\\*\\C$""},{""@Name"":""ShareLocalPath"",""#text"":""\\??\\C:\\""},{""@Name"":""AccessMask"",""#text"":""0x1""},{""@Name"":""AccessList"",""#text"":""%%4416, ""}]}}"
420,1160445,2021-12-12 07:16:04.9981989,5145,LogAlways,Microsoft-Windows-Security-Auditing,Security,480,488,fs03vuln.offsec.lan,4,,Network share object access,OFFSEC\admmig,10.23.123.11:60168,Share: \\*\C$ (\??\C:\),Object: Users\Administrator\AppData\Local\mRemoteNG,AccessList: ReadData (or ListDirectory),AccessMask: Unknown code (0x1),SID: S-1-5-21-4230534742-2542757381-3142984815-1111,,,False,EVTX-to-MITRE-Attack\EVTX_full_APT_attack_steps\ID5145-4624-DonPAPI full extraction.evtx,Audit success,0,"{""EventData"":{""Data"":[{""@Name"":""SubjectUserSid"",""#text"":""S-1-5-21-4230534742-2542757381-3142984815-1111""},{""@Name"":""SubjectUserName"",""#text"":""admmig""},{""@Name"":""SubjectDomainName"",""#text"":""OFFSEC""},{""@Name"":""SubjectLogonId"",""#text"":""0x8723C99""},{""@Name"":""ObjectType"",""#text"":""File""},{""@Name"":""IpAddress"",""#text"":""10.23.123.11""},{""@Name"":""IpPort"",""#text"":""60168""},{""@Name"":""ShareName"",""#text"":""\\\\*\\C$""},{""@Name"":""ShareLocalPath"",""#text"":""\\??\\C:\\""},{""@Name"":""RelativeTargetName"",""#text"":""Users\\Administrator\\AppData\\Local\\mRemoteNG""},{""@Name"":""AccessMask"",""#text"":""0x1""},{""@Name"":""AccessList"",""#text"":""%%4416, ""},{""@Name"":""AccessReason"",""#text"":""-""}]}}"
421,1160446,2021-12-12 07:16:04.9981989,5140,LogAlways,Microsoft-Windows-Security-Auditing,Security,4,2356,fs03vuln.offsec.lan,4,,A network share object was accessed,OFFSEC\admmig,10.23.123.11:60168,Share: \\*\C$ (\??\C:\),Sid: S-1-5-21-4230534742-2542757381-3142984815-1111,AccessList: ReadData (or ListDirectory),AccessMask: Unknown code (0x1),,,,False,EVTX-to-MITRE-Attack\EVTX_full_APT_attack_steps\ID5145-4624-DonPAPI full extraction.evtx,Audit success,0,"{""EventData"":{""Data"":[{""@Name"":""SubjectUserSid"",""#text"":""S-1-5-21-4230534742-2542757381-3142984815-1111""},{""@Name"":""SubjectUserName"",""#text"":""admmig""},{""@Name"":""SubjectDomainName"",""#text"":""OFFSEC""},{""@Name"":""SubjectLogonId"",""#text"":""0x8723C99""},{""@Name"":""ObjectType"",""#text"":""File""},{""@Name"":""IpAddress"",""#text"":""10.23.123.11""},{""@Name"":""IpPort"",""#text"":""60168""},{""@Name"":""ShareName"",""#text"":""\\\\*\\C$""},{""@Name"":""ShareLocalPath"",""#text"":""\\??\\C:\\""},{""@Name"":""AccessMask"",""#text"":""0x1""},{""@Name"":""AccessList"",""#text"":""%%4416, ""}]}}"
422,1160447,2021-12-12 07:16:04.9981989,5145,LogAlways,Microsoft-Windows-Security-Auditing,Security,480,488,fs03vuln.offsec.lan,4,,Network share object access,OFFSEC\admmig,10.23.123.11:60168,Share: \\*\C$ (\??\C:\),Object: Users\Administrator\AppData\Local\mRemoteNG,AccessList: ReadData (or ListDirectory),AccessMask: Unknown code (0x1),SID: S-1-5-21-4230534742-2542757381-3142984815-1111,,,False,EVTX-to-MITRE-Attack\EVTX_full_APT_attack_steps\ID5145-4624-DonPAPI full extraction.evtx,Audit success,0,"{""EventData"":{""Data"":[{""@Name"":""SubjectUserSid"",""#text"":""S-1-5-21-4230534742-2542757381-3142984815-1111""},{""@Name"":""SubjectUserName"",""#text"":""admmig""},{""@Name"":""SubjectDomainName"",""#text"":""OFFSEC""},{""@Name"":""SubjectLogonId"",""#text"":""0x8723C99""},{""@Name"":""ObjectType"",""#text"":""File""},{""@Name"":""IpAddress"",""#text"":""10.23.123.11""},{""@Name"":""IpPort"",""#text"":""60168""},{""@Name"":""ShareName"",""#text"":""\\\\*\\C$""},{""@Name"":""ShareLocalPath"",""#text"":""\\??\\C:\\""},{""@Name"":""RelativeTargetName"",""#text"":""Users\\Administrator\\AppData\\Local\\mRemoteNG""},{""@Name"":""AccessMask"",""#text"":""0x1""},{""@Name"":""AccessList"",""#text"":""%%4416, ""},{""@Name"":""AccessReason"",""#text"":""-""}]}}"
423,1160448,2021-12-12 07:16:04.9981989,5140,LogAlways,Microsoft-Windows-Security-Auditing,Security,4,2356,fs03vuln.offsec.lan,4,,A network share object was accessed,OFFSEC\admmig,10.23.123.11:60168,Share: \\*\C$ (\??\C:\),Sid: S-1-5-21-4230534742-2542757381-3142984815-1111,AccessList: ReadData (or ListDirectory),AccessMask: Unknown code (0x1),,,,False,EVTX-to-MITRE-Attack\EVTX_full_APT_attack_steps\ID5145-4624-DonPAPI full extraction.evtx,Audit success,0,"{""EventData"":{""Data"":[{""@Name"":""SubjectUserSid"",""#text"":""S-1-5-21-4230534742-2542757381-3142984815-1111""},{""@Name"":""SubjectUserName"",""#text"":""admmig""},{""@Name"":""SubjectDomainName"",""#text"":""OFFSEC""},{""@Name"":""SubjectLogonId"",""#text"":""0x8723C99""},{""@Name"":""ObjectType"",""#text"":""File""},{""@Name"":""IpAddress"",""#text"":""10.23.123.11""},{""@Name"":""IpPort"",""#text"":""60168""},{""@Name"":""ShareName"",""#text"":""\\\\*\\C$""},{""@Name"":""ShareLocalPath"",""#text"":""\\??\\C:\\""},{""@Name"":""AccessMask"",""#text"":""0x1""},{""@Name"":""AccessList"",""#text"":""%%4416, ""}]}}"
424,1160449,2021-12-12 07:16:04.9981989,5145,LogAlways,Microsoft-Windows-Security-Auditing,Security,480,488,fs03vuln.offsec.lan,4,,Network share object access,OFFSEC\admmig,10.23.123.11:60168,Share: \\*\C$ (\??\C:\),Object: Users\Administrator\AppData\Roaming\mRemoteNG,AccessList: ReadData (or ListDirectory),AccessMask: Unknown code (0x1),SID: S-1-5-21-4230534742-2542757381-3142984815-1111,,,False,EVTX-to-MITRE-Attack\EVTX_full_APT_attack_steps\ID5145-4624-DonPAPI full extraction.evtx,Audit success,0,"{""EventData"":{""Data"":[{""@Name"":""SubjectUserSid"",""#text"":""S-1-5-21-4230534742-2542757381-3142984815-1111""},{""@Name"":""SubjectUserName"",""#text"":""admmig""},{""@Name"":""SubjectDomainName"",""#text"":""OFFSEC""},{""@Name"":""SubjectLogonId"",""#text"":""0x8723C99""},{""@Name"":""ObjectType"",""#text"":""File""},{""@Name"":""IpAddress"",""#text"":""10.23.123.11""},{""@Name"":""IpPort"",""#text"":""60168""},{""@Name"":""ShareName"",""#text"":""\\\\*\\C$""},{""@Name"":""ShareLocalPath"",""#text"":""\\??\\C:\\""},{""@Name"":""RelativeTargetName"",""#text"":""Users\\Administrator\\AppData\\Roaming\\mRemoteNG""},{""@Name"":""AccessMask"",""#text"":""0x1""},{""@Name"":""AccessList"",""#text"":""%%4416, ""},{""@Name"":""AccessReason"",""#text"":""-""}]}}"
425,1160450,2021-12-12 07:16:04.9981989,5140,LogAlways,Microsoft-Windows-Security-Auditing,Security,4,2356,fs03vuln.offsec.lan,4,,A network share object was accessed,OFFSEC\admmig,10.23.123.11:60168,Share: \\*\C$ (\??\C:\),Sid: S-1-5-21-4230534742-2542757381-3142984815-1111,AccessList: ReadData (or ListDirectory),AccessMask: Unknown code (0x1),,,,False,EVTX-to-MITRE-Attack\EVTX_full_APT_attack_steps\ID5145-4624-DonPAPI full extraction.evtx,Audit success,0,"{""EventData"":{""Data"":[{""@Name"":""SubjectUserSid"",""#text"":""S-1-5-21-4230534742-2542757381-3142984815-1111""},{""@Name"":""SubjectUserName"",""#text"":""admmig""},{""@Name"":""SubjectDomainName"",""#text"":""OFFSEC""},{""@Name"":""SubjectLogonId"",""#text"":""0x8723C99""},{""@Name"":""ObjectType"",""#text"":""File""},{""@Name"":""IpAddress"",""#text"":""10.23.123.11""},{""@Name"":""IpPort"",""#text"":""60168""},{""@Name"":""ShareName"",""#text"":""\\\\*\\C$""},{""@Name"":""ShareLocalPath"",""#text"":""\\??\\C:\\""},{""@Name"":""AccessMask"",""#text"":""0x1""},{""@Name"":""AccessList"",""#text"":""%%4416, ""}]}}"
426,1160451,2021-12-12 07:16:05.0138289,5145,LogAlways,Microsoft-Windows-Security-Auditing,Security,480,488,fs03vuln.offsec.lan,4,,Network share object access,OFFSEC\admmig,10.23.123.11:60168,Share: \\*\C$ (\??\C:\),Object: Users\Administrator\AppData\Roaming\mRemoteNG,AccessList: ReadData (or ListDirectory),AccessMask: Unknown code (0x1),SID: S-1-5-21-4230534742-2542757381-3142984815-1111,,,False,EVTX-to-MITRE-Attack\EVTX_full_APT_attack_steps\ID5145-4624-DonPAPI full extraction.evtx,Audit success,0,"{""EventData"":{""Data"":[{""@Name"":""SubjectUserSid"",""#text"":""S-1-5-21-4230534742-2542757381-3142984815-1111""},{""@Name"":""SubjectUserName"",""#text"":""admmig""},{""@Name"":""SubjectDomainName"",""#text"":""OFFSEC""},{""@Name"":""SubjectLogonId"",""#text"":""0x8723C99""},{""@Name"":""ObjectType"",""#text"":""File""},{""@Name"":""IpAddress"",""#text"":""10.23.123.11""},{""@Name"":""IpPort"",""#text"":""60168""},{""@Name"":""ShareName"",""#text"":""\\\\*\\C$""},{""@Name"":""ShareLocalPath"",""#text"":""\\??\\C:\\""},{""@Name"":""RelativeTargetName"",""#text"":""Users\\Administrator\\AppData\\Roaming\\mRemoteNG""},{""@Name"":""AccessMask"",""#text"":""0x1""},{""@Name"":""AccessList"",""#text"":""%%4416, ""},{""@Name"":""AccessReason"",""#text"":""-""}]}}"
427,1160452,2021-12-12 07:16:05.0138289,5140,LogAlways,Microsoft-Windows-Security-Auditing,Security,4,2356,fs03vuln.offsec.lan,4,,A network share object was accessed,OFFSEC\admmig,10.23.123.11:60168,Share: \\*\C$ (\??\C:\),Sid: S-1-5-21-4230534742-2542757381-3142984815-1111,AccessList: ReadData (or ListDirectory),AccessMask: Unknown code (0x1),,,,False,EVTX-to-MITRE-Attack\EVTX_full_APT_attack_steps\ID5145-4624-DonPAPI full extraction.evtx,Audit success,0,"{""EventData"":{""Data"":[{""@Name"":""SubjectUserSid"",""#text"":""S-1-5-21-4230534742-2542757381-3142984815-1111""},{""@Name"":""SubjectUserName"",""#text"":""admmig""},{""@Name"":""SubjectDomainName"",""#text"":""OFFSEC""},{""@Name"":""SubjectLogonId"",""#text"":""0x8723C99""},{""@Name"":""ObjectType"",""#text"":""File""},{""@Name"":""IpAddress"",""#text"":""10.23.123.11""},{""@Name"":""IpPort"",""#text"":""60168""},{""@Name"":""ShareName"",""#text"":""\\\\*\\C$""},{""@Name"":""ShareLocalPath"",""#text"":""\\??\\C:\\""},{""@Name"":""AccessMask"",""#text"":""0x1""},{""@Name"":""AccessList"",""#text"":""%%4416, ""}]}}"
428,1160453,2021-12-12 07:16:05.0138289,5145,LogAlways,Microsoft-Windows-Security-Auditing,Security,480,488,fs03vuln.offsec.lan,4,,Network share object access,OFFSEC\admmig,10.23.123.11:60168,Share: \\*\C$ (\??\C:\),Object: Users\admmig\AppData\Local\mRemoteNG,AccessList: ReadData (or ListDirectory),AccessMask: Unknown code (0x1),SID: S-1-5-21-4230534742-2542757381-3142984815-1111,,,False,EVTX-to-MITRE-Attack\EVTX_full_APT_attack_steps\ID5145-4624-DonPAPI full extraction.evtx,Audit success,0,"{""EventData"":{""Data"":[{""@Name"":""SubjectUserSid"",""#text"":""S-1-5-21-4230534742-2542757381-3142984815-1111""},{""@Name"":""SubjectUserName"",""#text"":""admmig""},{""@Name"":""SubjectDomainName"",""#text"":""OFFSEC""},{""@Name"":""SubjectLogonId"",""#text"":""0x8723C99""},{""@Name"":""ObjectType"",""#text"":""File""},{""@Name"":""IpAddress"",""#text"":""10.23.123.11""},{""@Name"":""IpPort"",""#text"":""60168""},{""@Name"":""ShareName"",""#text"":""\\\\*\\C$""},{""@Name"":""ShareLocalPath"",""#text"":""\\??\\C:\\""},{""@Name"":""RelativeTargetName"",""#text"":""Users\\admmig\\AppData\\Local\\mRemoteNG""},{""@Name"":""AccessMask"",""#text"":""0x1""},{""@Name"":""AccessList"",""#text"":""%%4416, ""},{""@Name"":""AccessReason"",""#text"":""-""}]}}"
429,1160454,2021-12-12 07:16:05.0138289,5140,LogAlways,Microsoft-Windows-Security-Auditing,Security,4,2356,fs03vuln.offsec.lan,4,,A network share object was accessed,OFFSEC\admmig,10.23.123.11:60168,Share: \\*\C$ (\??\C:\),Sid: S-1-5-21-4230534742-2542757381-3142984815-1111,AccessList: ReadData (or ListDirectory),AccessMask: Unknown code (0x1),,,,False,EVTX-to-MITRE-Attack\EVTX_full_APT_attack_steps\ID5145-4624-DonPAPI full extraction.evtx,Audit success,0,"{""EventData"":{""Data"":[{""@Name"":""SubjectUserSid"",""#text"":""S-1-5-21-4230534742-2542757381-3142984815-1111""},{""@Name"":""SubjectUserName"",""#text"":""admmig""},{""@Name"":""SubjectDomainName"",""#text"":""OFFSEC""},{""@Name"":""SubjectLogonId"",""#text"":""0x8723C99""},{""@Name"":""ObjectType"",""#text"":""File""},{""@Name"":""IpAddress"",""#text"":""10.23.123.11""},{""@Name"":""IpPort"",""#text"":""60168""},{""@Name"":""ShareName"",""#text"":""\\\\*\\C$""},{""@Name"":""ShareLocalPath"",""#text"":""\\??\\C:\\""},{""@Name"":""AccessMask"",""#text"":""0x1""},{""@Name"":""AccessList"",""#text"":""%%4416, ""}]}}"
430,1160455,2021-12-12 07:16:05.0138289,5145,LogAlways,Microsoft-Windows-Security-Auditing,Security,480,488,fs03vuln.offsec.lan,4,,Network share object access,OFFSEC\admmig,10.23.123.11:60168,Share: \\*\C$ (\??\C:\),Object: Users\admmig\AppData\Local\mRemoteNG,AccessList: ReadData (or ListDirectory),AccessMask: Unknown code (0x1),SID: S-1-5-21-4230534742-2542757381-3142984815-1111,,,False,EVTX-to-MITRE-Attack\EVTX_full_APT_attack_steps\ID5145-4624-DonPAPI full extraction.evtx,Audit success,0,"{""EventData"":{""Data"":[{""@Name"":""SubjectUserSid"",""#text"":""S-1-5-21-4230534742-2542757381-3142984815-1111""},{""@Name"":""SubjectUserName"",""#text"":""admmig""},{""@Name"":""SubjectDomainName"",""#text"":""OFFSEC""},{""@Name"":""SubjectLogonId"",""#text"":""0x8723C99""},{""@Name"":""ObjectType"",""#text"":""File""},{""@Name"":""IpAddress"",""#text"":""10.23.123.11""},{""@Name"":""IpPort"",""#text"":""60168""},{""@Name"":""ShareName"",""#text"":""\\\\*\\C$""},{""@Name"":""ShareLocalPath"",""#text"":""\\??\\C:\\""},{""@Name"":""RelativeTargetName"",""#text"":""Users\\admmig\\AppData\\Local\\mRemoteNG""},{""@Name"":""AccessMask"",""#text"":""0x1""},{""@Name"":""AccessList"",""#text"":""%%4416, ""},{""@Name"":""AccessReason"",""#text"":""-""}]}}"
431,1160456,2021-12-12 07:16:05.0138289,5140,LogAlways,Microsoft-Windows-Security-Auditing,Security,4,2356,fs03vuln.offsec.lan,4,,A network share object was accessed,OFFSEC\admmig,10.23.123.11:60168,Share: \\*\C$ (\??\C:\),Sid: S-1-5-21-4230534742-2542757381-3142984815-1111,AccessList: ReadData (or ListDirectory),AccessMask: Unknown code (0x1),,,,False,EVTX-to-MITRE-Attack\EVTX_full_APT_attack_steps\ID5145-4624-DonPAPI full extraction.evtx,Audit success,0,"{""EventData"":{""Data"":[{""@Name"":""SubjectUserSid"",""#text"":""S-1-5-21-4230534742-2542757381-3142984815-1111""},{""@Name"":""SubjectUserName"",""#text"":""admmig""},{""@Name"":""SubjectDomainName"",""#text"":""OFFSEC""},{""@Name"":""SubjectLogonId"",""#text"":""0x8723C99""},{""@Name"":""ObjectType"",""#text"":""File""},{""@Name"":""IpAddress"",""#text"":""10.23.123.11""},{""@Name"":""IpPort"",""#text"":""60168""},{""@Name"":""ShareName"",""#text"":""\\\\*\\C$""},{""@Name"":""ShareLocalPath"",""#text"":""\\??\\C:\\""},{""@Name"":""AccessMask"",""#text"":""0x1""},{""@Name"":""AccessList"",""#text"":""%%4416, ""}]}}"
432,1160457,2021-12-12 07:16:05.0294547,5145,LogAlways,Microsoft-Windows-Security-Auditing,Security,480,488,fs03vuln.offsec.lan,4,,Network share object access,OFFSEC\admmig,10.23.123.11:60168,Share: \\*\C$ (\??\C:\),Object: Users\admmig\AppData\Roaming\mRemoteNG,AccessList: ReadData (or ListDirectory),AccessMask: Unknown code (0x1),SID: S-1-5-21-4230534742-2542757381-3142984815-1111,,,False,EVTX-to-MITRE-Attack\EVTX_full_APT_attack_steps\ID5145-4624-DonPAPI full extraction.evtx,Audit success,0,"{""EventData"":{""Data"":[{""@Name"":""SubjectUserSid"",""#text"":""S-1-5-21-4230534742-2542757381-3142984815-1111""},{""@Name"":""SubjectUserName"",""#text"":""admmig""},{""@Name"":""SubjectDomainName"",""#text"":""OFFSEC""},{""@Name"":""SubjectLogonId"",""#text"":""0x8723C99""},{""@Name"":""ObjectType"",""#text"":""File""},{""@Name"":""IpAddress"",""#text"":""10.23.123.11""},{""@Name"":""IpPort"",""#text"":""60168""},{""@Name"":""ShareName"",""#text"":""\\\\*\\C$""},{""@Name"":""ShareLocalPath"",""#text"":""\\??\\C:\\""},{""@Name"":""RelativeTargetName"",""#text"":""Users\\admmig\\AppData\\Roaming\\mRemoteNG""},{""@Name"":""AccessMask"",""#text"":""0x1""},{""@Name"":""AccessList"",""#text"":""%%4416, ""},{""@Name"":""AccessReason"",""#text"":""-""}]}}"
433,1160458,2021-12-12 07:16:05.0294547,5140,LogAlways,Microsoft-Windows-Security-Auditing,Security,4,2356,fs03vuln.offsec.lan,4,,A network share object was accessed,OFFSEC\admmig,10.23.123.11:60168,Share: \\*\C$ (\??\C:\),Sid: S-1-5-21-4230534742-2542757381-3142984815-1111,AccessList: ReadData (or ListDirectory),AccessMask: Unknown code (0x1),,,,False,EVTX-to-MITRE-Attack\EVTX_full_APT_attack_steps\ID5145-4624-DonPAPI full extraction.evtx,Audit success,0,"{""EventData"":{""Data"":[{""@Name"":""SubjectUserSid"",""#text"":""S-1-5-21-4230534742-2542757381-3142984815-1111""},{""@Name"":""SubjectUserName"",""#text"":""admmig""},{""@Name"":""SubjectDomainName"",""#text"":""OFFSEC""},{""@Name"":""SubjectLogonId"",""#text"":""0x8723C99""},{""@Name"":""ObjectType"",""#text"":""File""},{""@Name"":""IpAddress"",""#text"":""10.23.123.11""},{""@Name"":""IpPort"",""#text"":""60168""},{""@Name"":""ShareName"",""#text"":""\\\\*\\C$""},{""@Name"":""ShareLocalPath"",""#text"":""\\??\\C:\\""},{""@Name"":""AccessMask"",""#text"":""0x1""},{""@Name"":""AccessList"",""#text"":""%%4416, ""}]}}"
434,1160459,2021-12-12 07:16:05.0294547,5145,LogAlways,Microsoft-Windows-Security-Auditing,Security,480,488,fs03vuln.offsec.lan,4,,Network share object access,OFFSEC\admmig,10.23.123.11:60168,Share: \\*\C$ (\??\C:\),Object: Users\admmig\AppData\Roaming\mRemoteNG,AccessList: ReadData (or ListDirectory),AccessMask: Unknown code (0x1),SID: S-1-5-21-4230534742-2542757381-3142984815-1111,,,False,EVTX-to-MITRE-Attack\EVTX_full_APT_attack_steps\ID5145-4624-DonPAPI full extraction.evtx,Audit success,0,"{""EventData"":{""Data"":[{""@Name"":""SubjectUserSid"",""#text"":""S-1-5-21-4230534742-2542757381-3142984815-1111""},{""@Name"":""SubjectUserName"",""#text"":""admmig""},{""@Name"":""SubjectDomainName"",""#text"":""OFFSEC""},{""@Name"":""SubjectLogonId"",""#text"":""0x8723C99""},{""@Name"":""ObjectType"",""#text"":""File""},{""@Name"":""IpAddress"",""#text"":""10.23.123.11""},{""@Name"":""IpPort"",""#text"":""60168""},{""@Name"":""ShareName"",""#text"":""\\\\*\\C$""},{""@Name"":""ShareLocalPath"",""#text"":""\\??\\C:\\""},{""@Name"":""RelativeTargetName"",""#text"":""Users\\admmig\\AppData\\Roaming\\mRemoteNG""},{""@Name"":""AccessMask"",""#text"":""0x1""},{""@Name"":""AccessList"",""#text"":""%%4416, ""},{""@Name"":""AccessReason"",""#text"":""-""}]}}"
435,1160460,2021-12-12 07:16:05.0294547,5140,LogAlways,Microsoft-Windows-Security-Auditing,Security,4,2356,fs03vuln.offsec.lan,4,,A network share object was accessed,OFFSEC\admmig,10.23.123.11:60168,Share: \\*\C$ (\??\C:\),Sid: S-1-5-21-4230534742-2542757381-3142984815-1111,AccessList: ReadData (or ListDirectory),AccessMask: Unknown code (0x1),,,,False,EVTX-to-MITRE-Attack\EVTX_full_APT_attack_steps\ID5145-4624-DonPAPI full extraction.evtx,Audit success,0,"{""EventData"":{""Data"":[{""@Name"":""SubjectUserSid"",""#text"":""S-1-5-21-4230534742-2542757381-3142984815-1111""},{""@Name"":""SubjectUserName"",""#text"":""admmig""},{""@Name"":""SubjectDomainName"",""#text"":""OFFSEC""},{""@Name"":""SubjectLogonId"",""#text"":""0x8723C99""},{""@Name"":""ObjectType"",""#text"":""File""},{""@Name"":""IpAddress"",""#text"":""10.23.123.11""},{""@Name"":""IpPort"",""#text"":""60168""},{""@Name"":""ShareName"",""#text"":""\\\\*\\C$""},{""@Name"":""ShareLocalPath"",""#text"":""\\??\\C:\\""},{""@Name"":""AccessMask"",""#text"":""0x1""},{""@Name"":""AccessList"",""#text"":""%%4416, ""}]}}"
436,1160461,2021-12-12 07:16:05.0294547,5145,LogAlways,Microsoft-Windows-Security-Auditing,Security,480,488,fs03vuln.offsec.lan,4,,Network share object access,OFFSEC\admmig,10.23.123.11:60168,Share: \\*\C$ (\??\C:\),Object: Users\All Users\AppData\Local\mRemoteNG,AccessList: ReadData (or ListDirectory),AccessMask: Unknown code (0x1),SID: S-1-5-21-4230534742-2542757381-3142984815-1111,,,False,EVTX-to-MITRE-Attack\EVTX_full_APT_attack_steps\ID5145-4624-DonPAPI full extraction.evtx,Audit success,0,"{""EventData"":{""Data"":[{""@Name"":""SubjectUserSid"",""#text"":""S-1-5-21-4230534742-2542757381-3142984815-1111""},{""@Name"":""SubjectUserName"",""#text"":""admmig""},{""@Name"":""SubjectDomainName"",""#text"":""OFFSEC""},{""@Name"":""SubjectLogonId"",""#text"":""0x8723C99""},{""@Name"":""ObjectType"",""#text"":""File""},{""@Name"":""IpAddress"",""#text"":""10.23.123.11""},{""@Name"":""IpPort"",""#text"":""60168""},{""@Name"":""ShareName"",""#text"":""\\\\*\\C$""},{""@Name"":""ShareLocalPath"",""#text"":""\\??\\C:\\""},{""@Name"":""RelativeTargetName"",""#text"":""Users\\All Users\\AppData\\Local\\mRemoteNG""},{""@Name"":""AccessMask"",""#text"":""0x1""},{""@Name"":""AccessList"",""#text"":""%%4416, ""},{""@Name"":""AccessReason"",""#text"":""-""}]}}"
437,1160462,2021-12-12 07:16:05.0294547,5140,LogAlways,Microsoft-Windows-Security-Auditing,Security,4,2356,fs03vuln.offsec.lan,4,,A network share object was accessed,OFFSEC\admmig,10.23.123.11:60168,Share: \\*\C$ (\??\C:\),Sid: S-1-5-21-4230534742-2542757381-3142984815-1111,AccessList: ReadData (or ListDirectory),AccessMask: Unknown code (0x1),,,,False,EVTX-to-MITRE-Attack\EVTX_full_APT_attack_steps\ID5145-4624-DonPAPI full extraction.evtx,Audit success,0,"{""EventData"":{""Data"":[{""@Name"":""SubjectUserSid"",""#text"":""S-1-5-21-4230534742-2542757381-3142984815-1111""},{""@Name"":""SubjectUserName"",""#text"":""admmig""},{""@Name"":""SubjectDomainName"",""#text"":""OFFSEC""},{""@Name"":""SubjectLogonId"",""#text"":""0x8723C99""},{""@Name"":""ObjectType"",""#text"":""File""},{""@Name"":""IpAddress"",""#text"":""10.23.123.11""},{""@Name"":""IpPort"",""#text"":""60168""},{""@Name"":""ShareName"",""#text"":""\\\\*\\C$""},{""@Name"":""ShareLocalPath"",""#text"":""\\??\\C:\\""},{""@Name"":""AccessMask"",""#text"":""0x1""},{""@Name"":""AccessList"",""#text"":""%%4416, ""}]}}"
438,1160463,2021-12-12 07:16:05.0451248,5145,LogAlways,Microsoft-Windows-Security-Auditing,Security,480,488,fs03vuln.offsec.lan,4,,Network share object access,OFFSEC\admmig,10.23.123.11:60168,Share: \\*\C$ (\??\C:\),Object: Users\All Users\AppData\Local\mRemoteNG,AccessList: ReadData (or ListDirectory),AccessMask: Unknown code (0x1),SID: S-1-5-21-4230534742-2542757381-3142984815-1111,,,False,EVTX-to-MITRE-Attack\EVTX_full_APT_attack_steps\ID5145-4624-DonPAPI full extraction.evtx,Audit success,0,"{""EventData"":{""Data"":[{""@Name"":""SubjectUserSid"",""#text"":""S-1-5-21-4230534742-2542757381-3142984815-1111""},{""@Name"":""SubjectUserName"",""#text"":""admmig""},{""@Name"":""SubjectDomainName"",""#text"":""OFFSEC""},{""@Name"":""SubjectLogonId"",""#text"":""0x8723C99""},{""@Name"":""ObjectType"",""#text"":""File""},{""@Name"":""IpAddress"",""#text"":""10.23.123.11""},{""@Name"":""IpPort"",""#text"":""60168""},{""@Name"":""ShareName"",""#text"":""\\\\*\\C$""},{""@Name"":""ShareLocalPath"",""#text"":""\\??\\C:\\""},{""@Name"":""RelativeTargetName"",""#text"":""Users\\All Users\\AppData\\Local\\mRemoteNG""},{""@Name"":""AccessMask"",""#text"":""0x1""},{""@Name"":""AccessList"",""#text"":""%%4416, ""},{""@Name"":""AccessReason"",""#text"":""-""}]}}"
439,1160464,2021-12-12 07:16:05.0451248,5140,LogAlways,Microsoft-Windows-Security-Auditing,Security,4,2356,fs03vuln.offsec.lan,4,,A network share object was accessed,OFFSEC\admmig,10.23.123.11:60168,Share: \\*\C$ (\??\C:\),Sid: S-1-5-21-4230534742-2542757381-3142984815-1111,AccessList: ReadData (or ListDirectory),AccessMask: Unknown code (0x1),,,,False,EVTX-to-MITRE-Attack\EVTX_full_APT_attack_steps\ID5145-4624-DonPAPI full extraction.evtx,Audit success,0,"{""EventData"":{""Data"":[{""@Name"":""SubjectUserSid"",""#text"":""S-1-5-21-4230534742-2542757381-3142984815-1111""},{""@Name"":""SubjectUserName"",""#text"":""admmig""},{""@Name"":""SubjectDomainName"",""#text"":""OFFSEC""},{""@Name"":""SubjectLogonId"",""#text"":""0x8723C99""},{""@Name"":""ObjectType"",""#text"":""File""},{""@Name"":""IpAddress"",""#text"":""10.23.123.11""},{""@Name"":""IpPort"",""#text"":""60168""},{""@Name"":""ShareName"",""#text"":""\\\\*\\C$""},{""@Name"":""ShareLocalPath"",""#text"":""\\??\\C:\\""},{""@Name"":""AccessMask"",""#text"":""0x1""},{""@Name"":""AccessList"",""#text"":""%%4416, ""}]}}"
440,1160465,2021-12-12 07:16:05.0451248,5145,LogAlways,Microsoft-Windows-Security-Auditing,Security,480,488,fs03vuln.offsec.lan,4,,Network share object access,OFFSEC\admmig,10.23.123.11:60168,Share: \\*\C$ (\??\C:\),Object: Users\All Users\AppData\Roaming\mRemoteNG,AccessList: ReadData (or ListDirectory),AccessMask: Unknown code (0x1),SID: S-1-5-21-4230534742-2542757381-3142984815-1111,,,False,EVTX-to-MITRE-Attack\EVTX_full_APT_attack_steps\ID5145-4624-DonPAPI full extraction.evtx,Audit success,0,"{""EventData"":{""Data"":[{""@Name"":""SubjectUserSid"",""#text"":""S-1-5-21-4230534742-2542757381-3142984815-1111""},{""@Name"":""SubjectUserName"",""#text"":""admmig""},{""@Name"":""SubjectDomainName"",""#text"":""OFFSEC""},{""@Name"":""SubjectLogonId"",""#text"":""0x8723C99""},{""@Name"":""ObjectType"",""#text"":""File""},{""@Name"":""IpAddress"",""#text"":""10.23.123.11""},{""@Name"":""IpPort"",""#text"":""60168""},{""@Name"":""ShareName"",""#text"":""\\\\*\\C$""},{""@Name"":""ShareLocalPath"",""#text"":""\\??\\C:\\""},{""@Name"":""RelativeTargetName"",""#text"":""Users\\All Users\\AppData\\Roaming\\mRemoteNG""},{""@Name"":""AccessMask"",""#text"":""0x1""},{""@Name"":""AccessList"",""#text"":""%%4416, ""},{""@Name"":""AccessReason"",""#text"":""-""}]}}"
441,1160466,2021-12-12 07:16:05.0451248,5140,LogAlways,Microsoft-Windows-Security-Auditing,Security,4,2356,fs03vuln.offsec.lan,4,,A network share object was accessed,OFFSEC\admmig,10.23.123.11:60168,Share: \\*\C$ (\??\C:\),Sid: S-1-5-21-4230534742-2542757381-3142984815-1111,AccessList: ReadData (or ListDirectory),AccessMask: Unknown code (0x1),,,,False,EVTX-to-MITRE-Attack\EVTX_full_APT_attack_steps\ID5145-4624-DonPAPI full extraction.evtx,Audit success,0,"{""EventData"":{""Data"":[{""@Name"":""SubjectUserSid"",""#text"":""S-1-5-21-4230534742-2542757381-3142984815-1111""},{""@Name"":""SubjectUserName"",""#text"":""admmig""},{""@Name"":""SubjectDomainName"",""#text"":""OFFSEC""},{""@Name"":""SubjectLogonId"",""#text"":""0x8723C99""},{""@Name"":""ObjectType"",""#text"":""File""},{""@Name"":""IpAddress"",""#text"":""10.23.123.11""},{""@Name"":""IpPort"",""#text"":""60168""},{""@Name"":""ShareName"",""#text"":""\\\\*\\C$""},{""@Name"":""ShareLocalPath"",""#text"":""\\??\\C:\\""},{""@Name"":""AccessMask"",""#text"":""0x1""},{""@Name"":""AccessList"",""#text"":""%%4416, ""}]}}"
442,1160467,2021-12-12 07:16:05.0451248,5145,LogAlways,Microsoft-Windows-Security-Auditing,Security,480,488,fs03vuln.offsec.lan,4,,Network share object access,OFFSEC\admmig,10.23.123.11:60168,Share: \\*\C$ (\??\C:\),Object: Users\All Users\AppData\Roaming\mRemoteNG,AccessList: ReadData (or ListDirectory),AccessMask: Unknown code (0x1),SID: S-1-5-21-4230534742-2542757381-3142984815-1111,,,False,EVTX-to-MITRE-Attack\EVTX_full_APT_attack_steps\ID5145-4624-DonPAPI full extraction.evtx,Audit success,0,"{""EventData"":{""Data"":[{""@Name"":""SubjectUserSid"",""#text"":""S-1-5-21-4230534742-2542757381-3142984815-1111""},{""@Name"":""SubjectUserName"",""#text"":""admmig""},{""@Name"":""SubjectDomainName"",""#text"":""OFFSEC""},{""@Name"":""SubjectLogonId"",""#text"":""0x8723C99""},{""@Name"":""ObjectType"",""#text"":""File""},{""@Name"":""IpAddress"",""#text"":""10.23.123.11""},{""@Name"":""IpPort"",""#text"":""60168""},{""@Name"":""ShareName"",""#text"":""\\\\*\\C$""},{""@Name"":""ShareLocalPath"",""#text"":""\\??\\C:\\""},{""@Name"":""RelativeTargetName"",""#text"":""Users\\All Users\\AppData\\Roaming\\mRemoteNG""},{""@Name"":""AccessMask"",""#text"":""0x1""},{""@Name"":""AccessList"",""#text"":""%%4416, ""},{""@Name"":""AccessReason"",""#text"":""-""}]}}"
443,1160468,2021-12-12 07:16:05.0451248,5140,LogAlways,Microsoft-Windows-Security-Auditing,Security,4,2356,fs03vuln.offsec.lan,4,,A network share object was accessed,OFFSEC\admmig,10.23.123.11:60168,Share: \\*\C$ (\??\C:\),Sid: S-1-5-21-4230534742-2542757381-3142984815-1111,AccessList: ReadData (or ListDirectory),AccessMask: Unknown code (0x1),,,,False,EVTX-to-MITRE-Attack\EVTX_full_APT_attack_steps\ID5145-4624-DonPAPI full extraction.evtx,Audit success,0,"{""EventData"":{""Data"":[{""@Name"":""SubjectUserSid"",""#text"":""S-1-5-21-4230534742-2542757381-3142984815-1111""},{""@Name"":""SubjectUserName"",""#text"":""admmig""},{""@Name"":""SubjectDomainName"",""#text"":""OFFSEC""},{""@Name"":""SubjectLogonId"",""#text"":""0x8723C99""},{""@Name"":""ObjectType"",""#text"":""File""},{""@Name"":""IpAddress"",""#text"":""10.23.123.11""},{""@Name"":""IpPort"",""#text"":""60168""},{""@Name"":""ShareName"",""#text"":""\\\\*\\C$""},{""@Name"":""ShareLocalPath"",""#text"":""\\??\\C:\\""},{""@Name"":""AccessMask"",""#text"":""0x1""},{""@Name"":""AccessList"",""#text"":""%%4416, ""}]}}"
444,1160469,2021-12-12 07:16:05.0607720,5145,LogAlways,Microsoft-Windows-Security-Auditing,Security,480,488,fs03vuln.offsec.lan,4,,Network share object access,OFFSEC\admmig,10.23.123.11:60168,Share: \\*\C$ (\??\C:\),Object: Users\Default\AppData\Local\mRemoteNG,AccessList: ReadData (or ListDirectory),AccessMask: Unknown code (0x1),SID: S-1-5-21-4230534742-2542757381-3142984815-1111,,,False,EVTX-to-MITRE-Attack\EVTX_full_APT_attack_steps\ID5145-4624-DonPAPI full extraction.evtx,Audit success,0,"{""EventData"":{""Data"":[{""@Name"":""SubjectUserSid"",""#text"":""S-1-5-21-4230534742-2542757381-3142984815-1111""},{""@Name"":""SubjectUserName"",""#text"":""admmig""},{""@Name"":""SubjectDomainName"",""#text"":""OFFSEC""},{""@Name"":""SubjectLogonId"",""#text"":""0x8723C99""},{""@Name"":""ObjectType"",""#text"":""File""},{""@Name"":""IpAddress"",""#text"":""10.23.123.11""},{""@Name"":""IpPort"",""#text"":""60168""},{""@Name"":""ShareName"",""#text"":""\\\\*\\C$""},{""@Name"":""ShareLocalPath"",""#text"":""\\??\\C:\\""},{""@Name"":""RelativeTargetName"",""#text"":""Users\\Default\\AppData\\Local\\mRemoteNG""},{""@Name"":""AccessMask"",""#text"":""0x1""},{""@Name"":""AccessList"",""#text"":""%%4416, ""},{""@Name"":""AccessReason"",""#text"":""-""}]}}"
445,1160470,2021-12-12 07:16:05.0607720,5140,LogAlways,Microsoft-Windows-Security-Auditing,Security,4,2356,fs03vuln.offsec.lan,4,,A network share object was accessed,OFFSEC\admmig,10.23.123.11:60168,Share: \\*\C$ (\??\C:\),Sid: S-1-5-21-4230534742-2542757381-3142984815-1111,AccessList: ReadData (or ListDirectory),AccessMask: Unknown code (0x1),,,,False,EVTX-to-MITRE-Attack\EVTX_full_APT_attack_steps\ID5145-4624-DonPAPI full extraction.evtx,Audit success,0,"{""EventData"":{""Data"":[{""@Name"":""SubjectUserSid"",""#text"":""S-1-5-21-4230534742-2542757381-3142984815-1111""},{""@Name"":""SubjectUserName"",""#text"":""admmig""},{""@Name"":""SubjectDomainName"",""#text"":""OFFSEC""},{""@Name"":""SubjectLogonId"",""#text"":""0x8723C99""},{""@Name"":""ObjectType"",""#text"":""File""},{""@Name"":""IpAddress"",""#text"":""10.23.123.11""},{""@Name"":""IpPort"",""#text"":""60168""},{""@Name"":""ShareName"",""#text"":""\\\\*\\C$""},{""@Name"":""ShareLocalPath"",""#text"":""\\??\\C:\\""},{""@Name"":""AccessMask"",""#text"":""0x1""},{""@Name"":""AccessList"",""#text"":""%%4416, ""}]}}"
446,1160471,2021-12-12 07:16:05.0607720,5145,LogAlways,Microsoft-Windows-Security-Auditing,Security,480,488,fs03vuln.offsec.lan,4,,Network share object access,OFFSEC\admmig,10.23.123.11:60168,Share: \\*\C$ (\??\C:\),Object: Users\Default\AppData\Local\mRemoteNG,AccessList: ReadData (or ListDirectory),AccessMask: Unknown code (0x1),SID: S-1-5-21-4230534742-2542757381-3142984815-1111,,,False,EVTX-to-MITRE-Attack\EVTX_full_APT_attack_steps\ID5145-4624-DonPAPI full extraction.evtx,Audit success,0,"{""EventData"":{""Data"":[{""@Name"":""SubjectUserSid"",""#text"":""S-1-5-21-4230534742-2542757381-3142984815-1111""},{""@Name"":""SubjectUserName"",""#text"":""admmig""},{""@Name"":""SubjectDomainName"",""#text"":""OFFSEC""},{""@Name"":""SubjectLogonId"",""#text"":""0x8723C99""},{""@Name"":""ObjectType"",""#text"":""File""},{""@Name"":""IpAddress"",""#text"":""10.23.123.11""},{""@Name"":""IpPort"",""#text"":""60168""},{""@Name"":""ShareName"",""#text"":""\\\\*\\C$""},{""@Name"":""ShareLocalPath"",""#text"":""\\??\\C:\\""},{""@Name"":""RelativeTargetName"",""#text"":""Users\\Default\\AppData\\Local\\mRemoteNG""},{""@Name"":""AccessMask"",""#text"":""0x1""},{""@Name"":""AccessList"",""#text"":""%%4416, ""},{""@Name"":""AccessReason"",""#text"":""-""}]}}"
447,1160472,2021-12-12 07:16:05.0607720,5140,LogAlways,Microsoft-Windows-Security-Auditing,Security,4,2356,fs03vuln.offsec.lan,4,,A network share object was accessed,OFFSEC\admmig,10.23.123.11:60168,Share: \\*\C$ (\??\C:\),Sid: S-1-5-21-4230534742-2542757381-3142984815-1111,AccessList: ReadData (or ListDirectory),AccessMask: Unknown code (0x1),,,,False,EVTX-to-MITRE-Attack\EVTX_full_APT_attack_steps\ID5145-4624-DonPAPI full extraction.evtx,Audit success,0,"{""EventData"":{""Data"":[{""@Name"":""SubjectUserSid"",""#text"":""S-1-5-21-4230534742-2542757381-3142984815-1111""},{""@Name"":""SubjectUserName"",""#text"":""admmig""},{""@Name"":""SubjectDomainName"",""#text"":""OFFSEC""},{""@Name"":""SubjectLogonId"",""#text"":""0x8723C99""},{""@Name"":""ObjectType"",""#text"":""File""},{""@Name"":""IpAddress"",""#text"":""10.23.123.11""},{""@Name"":""IpPort"",""#text"":""60168""},{""@Name"":""ShareName"",""#text"":""\\\\*\\C$""},{""@Name"":""ShareLocalPath"",""#text"":""\\??\\C:\\""},{""@Name"":""AccessMask"",""#text"":""0x1""},{""@Name"":""AccessList"",""#text"":""%%4416, ""}]}}"
