747,1160772,2021-12-12 07:16:05.9597509,5145,LogAlways,Microsoft-Windows-Security-Auditing,Security,480,488,fs03vuln.offsec.lan,6,,Network share object access,OFFSEC\admmig,10.23.123.11:60168,Share: \\*\ADMIN$ (\??\C:\Windows),Object: SYSTEM32,AccessList: ReadData (or ListDirectory),AccessMask: Unknown code (0x1),SID: S-1-5-21-4230534742-2542757381-3142984815-1111,,,False,EVTX-to-MITRE-Attack\EVTX_full_APT_attack_steps\ID5145-4624-DonPAPI full extraction.evtx,Audit success,0,"{""EventData"":{""Data"":[{""@Name"":""SubjectUserSid"",""#text"":""S-1-5-21-4230534742-2542757381-3142984815-1111""},{""@Name"":""SubjectUserName"",""#text"":""admmig""},{""@Name"":""SubjectDomainName"",""#text"":""OFFSEC""},{""@Name"":""SubjectLogonId"",""#text"":""0x8723C99""},{""@Name"":""ObjectType"",""#text"":""File""},{""@Name"":""IpAddress"",""#text"":""10.23.123.11""},{""@Name"":""IpPort"",""#text"":""60168""},{""@Name"":""ShareName"",""#text"":""\\\\*\\ADMIN$""},{""@Name"":""ShareLocalPath"",""#text"":""\\??\\C:\\Windows""},{""@Name"":""RelativeTargetName"",""#text"":""SYSTEM32""},{""@Name"":""AccessMask"",""#text"":""0x1""},{""@Name"":""AccessList"",""#text"":""%%4416, ""},{""@Name"":""AccessReason"",""#text"":""-""}]}}"
748,1160773,2021-12-12 07:16:05.9597509,5140,LogAlways,Microsoft-Windows-Security-Auditing,Security,4,2356,fs03vuln.offsec.lan,6,,A network share object was accessed,OFFSEC\admmig,10.23.123.11:60168,Share: \\*\ADMIN$ (\??\C:\Windows),Sid: S-1-5-21-4230534742-2542757381-3142984815-1111,AccessList: ReadData (or ListDirectory),AccessMask: Unknown code (0x1),,,,False,EVTX-to-MITRE-Attack\EVTX_full_APT_attack_steps\ID5145-4624-DonPAPI full extraction.evtx,Audit success,0,"{""EventData"":{""Data"":[{""@Name"":""SubjectUserSid"",""#text"":""S-1-5-21-4230534742-2542757381-3142984815-1111""},{""@Name"":""SubjectUserName"",""#text"":""admmig""},{""@Name"":""SubjectDomainName"",""#text"":""OFFSEC""},{""@Name"":""SubjectLogonId"",""#text"":""0x8723C99""},{""@Name"":""ObjectType"",""#text"":""File""},{""@Name"":""IpAddress"",""#text"":""10.23.123.11""},{""@Name"":""IpPort"",""#text"":""60168""},{""@Name"":""ShareName"",""#text"":""\\\\*\\ADMIN$""},{""@Name"":""ShareLocalPath"",""#text"":""\\??\\C:\\Windows""},{""@Name"":""AccessMask"",""#text"":""0x1""},{""@Name"":""AccessList"",""#text"":""%%4416, ""}]}}"
749,1160774,2021-12-12 07:16:05.9597509,5145,LogAlways,Microsoft-Windows-Security-Auditing,Security,480,488,fs03vuln.offsec.lan,6,,Network share object access,OFFSEC\admmig,10.23.123.11:60168,Share: \\*\ADMIN$ (\??\C:\Windows),Object: SYSTEM32\ZuExrArX.tmp,AccessList: DELETE,AccessMask: Unknown code (0x10000),SID: S-1-5-21-4230534742-2542757381-3142984815-1111,,,False,EVTX-to-MITRE-Attack\EVTX_full_APT_attack_steps\ID5145-4624-DonPAPI full extraction.evtx,Audit success,0,"{""EventData"":{""Data"":[{""@Name"":""SubjectUserSid"",""#text"":""S-1-5-21-4230534742-2542757381-3142984815-1111""},{""@Name"":""SubjectUserName"",""#text"":""admmig""},{""@Name"":""SubjectDomainName"",""#text"":""OFFSEC""},{""@Name"":""SubjectLogonId"",""#text"":""0x8723C99""},{""@Name"":""ObjectType"",""#text"":""File""},{""@Name"":""IpAddress"",""#text"":""10.23.123.11""},{""@Name"":""IpPort"",""#text"":""60168""},{""@Name"":""ShareName"",""#text"":""\\\\*\\ADMIN$""},{""@Name"":""ShareLocalPath"",""#text"":""\\??\\C:\\Windows""},{""@Name"":""RelativeTargetName"",""#text"":""SYSTEM32\\ZuExrArX.tmp""},{""@Name"":""AccessMask"",""#text"":""0x10000""},{""@Name"":""AccessList"",""#text"":""%%1537, ""},{""@Name"":""AccessReason"",""#text"":""-""}]}}"
750,1160775,2021-12-12 07:16:13.3838093,4662,LogAlways,Microsoft-Windows-Security-Auditing,Security,480,4740,fs03vuln.offsec.lan,6,,Operation performed on an object,NT AUTHORITY\LOCAL SERVICE,,ObjectServer: LSA,ObjectType: SecretObject,ObjectName: Policy\Secrets\$MACHINE.ACC,"AccessList: Unknown code (%%5649, )",AccessMask: Unknown code (0x2),,,False,EVTX-to-MITRE-Attack\EVTX_full_APT_attack_steps\ID5145-4624-DonPAPI full extraction.evtx,Audit success,0,"{""EventData"":{""Data"":[{""@Name"":""SubjectUserSid"",""#text"":""S-1-5-19""},{""@Name"":""SubjectUserName"",""#text"":""LOCAL SERVICE""},{""@Name"":""SubjectDomainName"",""#text"":""NT AUTHORITY""},{""@Name"":""SubjectLogonId"",""#text"":""0x3E5""},{""@Name"":""ObjectServer"",""#text"":""LSA""},{""@Name"":""ObjectType"",""#text"":""SecretObject""},{""@Name"":""ObjectName"",""#text"":""Policy\\Secrets\\$MACHINE.ACC""},{""@Name"":""OperationType"",""#text"":""Query""},{""@Name"":""HandleId"",""#text"":""0xE9A925EDA0""},{""@Name"":""AccessList"",""#text"":""%%5649, ""},{""@Name"":""AccessMask"",""#text"":""0x2""},{""@Name"":""Properties"",""#text"":""-""},{""@Name"":""AdditionalInfo"",""#text"":""-""},{""@Name"":""AdditionalInfo2"",""#text"":""-""}]}}"
