160,1160185,2021-12-12 07:16:02.7487849,5140,LogAlways,Microsoft-Windows-Security-Auditing,Security,4,4860,fs03vuln.offsec.lan,1,,A network share object was accessed,OFFSEC\admmig,10.23.123.11:60168,Share: \\*\C$ (\??\C:\),Sid: S-1-5-21-4230534742-2542757381-3142984815-1111,AccessList: ReadData (or ListDirectory),AccessMask: Unknown code (0x1),,,,False,EVTX-to-MITRE-Attack\EVTX_full_APT_attack_steps\ID5145-4624-DonPAPI full extraction.evtx,Audit success,0,"{""EventData"":{""Data"":[{""@Name"":""SubjectUserSid"",""#text"":""S-1-5-21-4230534742-2542757381-3142984815-1111""},{""@Name"":""SubjectUserName"",""#text"":""admmig""},{""@Name"":""SubjectDomainName"",""#text"":""OFFSEC""},{""@Name"":""SubjectLogonId"",""#text"":""0x8723C99""},{""@Name"":""ObjectType"",""#text"":""File""},{""@Name"":""IpAddress"",""#text"":""10.23.123.11""},{""@Name"":""IpPort"",""#text"":""60168""},{""@Name"":""ShareName"",""#text"":""\\\\*\\C$""},{""@Name"":""ShareLocalPath"",""#text"":""\\??\\C:\\""},{""@Name"":""AccessMask"",""#text"":""0x1""},{""@Name"":""AccessList"",""#text"":""%%4416, ""}]}}"
161,1160186,2021-12-12 07:16:02.7655771,5145,LogAlways,Microsoft-Windows-Security-Auditing,Security,480,488,fs03vuln.offsec.lan,1,,Network share object access,OFFSEC\admmig,10.23.123.11:60168,Share: \\*\C$ (\??\C:\),Object: Users\ADSync\AppData\Local\Microsoft\Credentials,AccessList: ReadData (or ListDirectory),AccessMask: Unknown code (0x1),SID: S-1-5-21-4230534742-2542757381-3142984815-1111,,,False,EVTX-to-MITRE-Attack\EVTX_full_APT_attack_steps\ID5145-4624-DonPAPI full extraction.evtx,Audit success,0,"{""EventData"":{""Data"":[{""@Name"":""SubjectUserSid"",""#text"":""S-1-5-21-4230534742-2542757381-3142984815-1111""},{""@Name"":""SubjectUserName"",""#text"":""admmig""},{""@Name"":""SubjectDomainName"",""#text"":""OFFSEC""},{""@Name"":""SubjectLogonId"",""#text"":""0x8723C99""},{""@Name"":""ObjectType"",""#text"":""File""},{""@Name"":""IpAddress"",""#text"":""10.23.123.11""},{""@Name"":""IpPort"",""#text"":""60168""},{""@Name"":""ShareName"",""#text"":""\\\\*\\C$""},{""@Name"":""ShareLocalPath"",""#text"":""\\??\\C:\\""},{""@Name"":""RelativeTargetName"",""#text"":""Users\\ADSync\\AppData\\Local\\Microsoft\\Credentials""},{""@Name"":""AccessMask"",""#text"":""0x1""},{""@Name"":""AccessList"",""#text"":""%%4416, ""},{""@Name"":""AccessReason"",""#text"":""-""}]}}"
162,1160187,2021-12-12 07:16:02.7655771,5140,LogAlways,Microsoft-Windows-Security-Auditing,Security,4,4860,fs03vuln.offsec.lan,1,,A network share object was accessed,OFFSEC\admmig,10.23.123.11:60168,Share: \\*\C$ (\??\C:\),Sid: S-1-5-21-4230534742-2542757381-3142984815-1111,AccessList: ReadData (or ListDirectory),AccessMask: Unknown code (0x1),,,,False,EVTX-to-MITRE-Attack\EVTX_full_APT_attack_steps\ID5145-4624-DonPAPI full extraction.evtx,Audit success,0,"{""EventData"":{""Data"":[{""@Name"":""SubjectUserSid"",""#text"":""S-1-5-21-4230534742-2542757381-3142984815-1111""},{""@Name"":""SubjectUserName"",""#text"":""admmig""},{""@Name"":""SubjectDomainName"",""#text"":""OFFSEC""},{""@Name"":""SubjectLogonId"",""#text"":""0x8723C99""},{""@Name"":""ObjectType"",""#text"":""File""},{""@Name"":""IpAddress"",""#text"":""10.23.123.11""},{""@Name"":""IpPort"",""#text"":""60168""},{""@Name"":""ShareName"",""#text"":""\\\\*\\C$""},{""@Name"":""ShareLocalPath"",""#text"":""\\??\\C:\\""},{""@Name"":""AccessMask"",""#text"":""0x1""},{""@Name"":""AccessList"",""#text"":""%%4416, ""}]}}"
163,1160188,2021-12-12 07:16:02.7655771,5145,LogAlways,Microsoft-Windows-Security-Auditing,Security,480,488,fs03vuln.offsec.lan,1,,Network share object access,OFFSEC\admmig,10.23.123.11:60168,Share: \\*\C$ (\??\C:\),Object: ProgramData\Microsoft\Wlansvc\Profiles\Interfaces,AccessList: ReadData (or ListDirectory),AccessMask: Unknown code (0x1),SID: S-1-5-21-4230534742-2542757381-3142984815-1111,,,False,EVTX-to-MITRE-Attack\EVTX_full_APT_attack_steps\ID5145-4624-DonPAPI full extraction.evtx,Audit success,0,"{""EventData"":{""Data"":[{""@Name"":""SubjectUserSid"",""#text"":""S-1-5-21-4230534742-2542757381-3142984815-1111""},{""@Name"":""SubjectUserName"",""#text"":""admmig""},{""@Name"":""SubjectDomainName"",""#text"":""OFFSEC""},{""@Name"":""SubjectLogonId"",""#text"":""0x8723C99""},{""@Name"":""ObjectType"",""#text"":""File""},{""@Name"":""IpAddress"",""#text"":""10.23.123.11""},{""@Name"":""IpPort"",""#text"":""60168""},{""@Name"":""ShareName"",""#text"":""\\\\*\\C$""},{""@Name"":""ShareLocalPath"",""#text"":""\\??\\C:\\""},{""@Name"":""RelativeTargetName"",""#text"":""ProgramData\\Microsoft\\Wlansvc\\Profiles\\Interfaces""},{""@Name"":""AccessMask"",""#text"":""0x1""},{""@Name"":""AccessList"",""#text"":""%%4416, ""},{""@Name"":""AccessReason"",""#text"":""-""}]}}"
164,1160189,2021-12-12 07:16:02.7655771,5140,LogAlways,Microsoft-Windows-Security-Auditing,Security,4,4860,fs03vuln.offsec.lan,1,,A network share object was accessed,OFFSEC\admmig,10.23.123.11:60168,Share: \\*\C$ (\??\C:\),Sid: S-1-5-21-4230534742-2542757381-3142984815-1111,AccessList: ReadData (or ListDirectory),AccessMask: Unknown code (0x1),,,,False,EVTX-to-MITRE-Attack\EVTX_full_APT_attack_steps\ID5145-4624-DonPAPI full extraction.evtx,Audit success,0,"{""EventData"":{""Data"":[{""@Name"":""SubjectUserSid"",""#text"":""S-1-5-21-4230534742-2542757381-3142984815-1111""},{""@Name"":""SubjectUserName"",""#text"":""admmig""},{""@Name"":""SubjectDomainName"",""#text"":""OFFSEC""},{""@Name"":""SubjectLogonId"",""#text"":""0x8723C99""},{""@Name"":""ObjectType"",""#text"":""File""},{""@Name"":""IpAddress"",""#text"":""10.23.123.11""},{""@Name"":""IpPort"",""#text"":""60168""},{""@Name"":""ShareName"",""#text"":""\\\\*\\C$""},{""@Name"":""ShareLocalPath"",""#text"":""\\??\\C:\\""},{""@Name"":""AccessMask"",""#text"":""0x1""},{""@Name"":""AccessList"",""#text"":""%%4416, ""}]}}"
165,1160190,2021-12-12 07:16:02.7655771,5145,LogAlways,Microsoft-Windows-Security-Auditing,Security,480,488,fs03vuln.offsec.lan,1,,Network share object access,OFFSEC\admmig,10.23.123.11:60168,Share: \\*\C$ (\??\C:\),Object: Users\admmig\AppData\Local\Microsoft\Vault,AccessList: ReadData (or ListDirectory),AccessMask: Unknown code (0x1),SID: S-1-5-21-4230534742-2542757381-3142984815-1111,,,False,EVTX-to-MITRE-Attack\EVTX_full_APT_attack_steps\ID5145-4624-DonPAPI full extraction.evtx,Audit success,0,"{""EventData"":{""Data"":[{""@Name"":""SubjectUserSid"",""#text"":""S-1-5-21-4230534742-2542757381-3142984815-1111""},{""@Name"":""SubjectUserName"",""#text"":""admmig""},{""@Name"":""SubjectDomainName"",""#text"":""OFFSEC""},{""@Name"":""SubjectLogonId"",""#text"":""0x8723C99""},{""@Name"":""ObjectType"",""#text"":""File""},{""@Name"":""IpAddress"",""#text"":""10.23.123.11""},{""@Name"":""IpPort"",""#text"":""60168""},{""@Name"":""ShareName"",""#text"":""\\\\*\\C$""},{""@Name"":""ShareLocalPath"",""#text"":""\\??\\C:\\""},{""@Name"":""RelativeTargetName"",""#text"":""Users\\admmig\\AppData\\Local\\Microsoft\\Vault""},{""@Name"":""AccessMask"",""#text"":""0x1""},{""@Name"":""AccessList"",""#text"":""%%4416, ""},{""@Name"":""AccessReason"",""#text"":""-""}]}}"
166,1160191,2021-12-12 07:16:02.7805356,5140,LogAlways,Microsoft-Windows-Security-Auditing,Security,4,4860,fs03vuln.offsec.lan,1,,A network share object was accessed,OFFSEC\admmig,10.23.123.11:60168,Share: \\*\C$ (\??\C:\),Sid: S-1-5-21-4230534742-2542757381-3142984815-1111,AccessList: ReadData (or ListDirectory),AccessMask: Unknown code (0x1),,,,False,EVTX-to-MITRE-Attack\EVTX_full_APT_attack_steps\ID5145-4624-DonPAPI full extraction.evtx,Audit success,0,"{""EventData"":{""Data"":[{""@Name"":""SubjectUserSid"",""#text"":""S-1-5-21-4230534742-2542757381-3142984815-1111""},{""@Name"":""SubjectUserName"",""#text"":""admmig""},{""@Name"":""SubjectDomainName"",""#text"":""OFFSEC""},{""@Name"":""SubjectLogonId"",""#text"":""0x8723C99""},{""@Name"":""ObjectType"",""#text"":""File""},{""@Name"":""IpAddress"",""#text"":""10.23.123.11""},{""@Name"":""IpPort"",""#text"":""60168""},{""@Name"":""ShareName"",""#text"":""\\\\*\\C$""},{""@Name"":""ShareLocalPath"",""#text"":""\\??\\C:\\""},{""@Name"":""AccessMask"",""#text"":""0x1""},{""@Name"":""AccessList"",""#text"":""%%4416, ""}]}}"
167,1160192,2021-12-12 07:16:02.7805356,5145,LogAlways,Microsoft-Windows-Security-Auditing,Security,480,488,fs03vuln.offsec.lan,1,,Network share object access,OFFSEC\admmig,10.23.123.11:60168,Share: \\*\C$ (\??\C:\),Object: Users\admmig\AppData\Local\Microsoft\Vault\4BF4C442-9B8A-41A0-B380-DD4A704DDB28\Policy.vpol,AccessList: Unknown code (%%1538 | %%4416 | %%4419 | %%4423),AccessMask: Unknown code (0x20089),SID: S-1-5-21-4230534742-2542757381-3142984815-1111,,,False,EVTX-to-MITRE-Attack\EVTX_full_APT_attack_steps\ID5145-4624-DonPAPI full extraction.evtx,Audit success,0,"{""EventData"":{""Data"":[{""@Name"":""SubjectUserSid"",""#text"":""S-1-5-21-4230534742-2542757381-3142984815-1111""},{""@Name"":""SubjectUserName"",""#text"":""admmig""},{""@Name"":""SubjectDomainName"",""#text"":""OFFSEC""},{""@Name"":""SubjectLogonId"",""#text"":""0x8723C99""},{""@Name"":""ObjectType"",""#text"":""File""},{""@Name"":""IpAddress"",""#text"":""10.23.123.11""},{""@Name"":""IpPort"",""#text"":""60168""},{""@Name"":""ShareName"",""#text"":""\\\\*\\C$""},{""@Name"":""ShareLocalPath"",""#text"":""\\??\\C:\\""},{""@Name"":""RelativeTargetName"",""#text"":""Users\\admmig\\AppData\\Local\\Microsoft\\Vault\\4BF4C442-9B8A-41A0-B380-DD4A704DDB28\\Policy.vpol""},{""@Name"":""AccessMask"",""#text"":""0x20089""},{""@Name"":""AccessList"",""#text"":""%%1538, %%4416, %%4419, %%4423, ""},{""@Name"":""AccessReason"",""#text"":""-""}]}}"
168,1160193,2021-12-12 07:16:02.7961842,5140,LogAlways,Microsoft-Windows-Security-Auditing,Security,4,4860,fs03vuln.offsec.lan,1,,A network share object was accessed,OFFSEC\admmig,10.23.123.11:60168,Share: \\*\C$ (\??\C:\),Sid: S-1-5-21-4230534742-2542757381-3142984815-1111,AccessList: ReadData (or ListDirectory),AccessMask: Unknown code (0x1),,,,False,EVTX-to-MITRE-Attack\EVTX_full_APT_attack_steps\ID5145-4624-DonPAPI full extraction.evtx,Audit success,0,"{""EventData"":{""Data"":[{""@Name"":""SubjectUserSid"",""#text"":""S-1-5-21-4230534742-2542757381-3142984815-1111""},{""@Name"":""SubjectUserName"",""#text"":""admmig""},{""@Name"":""SubjectDomainName"",""#text"":""OFFSEC""},{""@Name"":""SubjectLogonId"",""#text"":""0x8723C99""},{""@Name"":""ObjectType"",""#text"":""File""},{""@Name"":""IpAddress"",""#text"":""10.23.123.11""},{""@Name"":""IpPort"",""#text"":""60168""},{""@Name"":""ShareName"",""#text"":""\\\\*\\C$""},{""@Name"":""ShareLocalPath"",""#text"":""\\??\\C:\\""},{""@Name"":""AccessMask"",""#text"":""0x1""},{""@Name"":""AccessList"",""#text"":""%%4416, ""}]}}"
169,1160194,2021-12-12 07:16:02.7961842,5145,LogAlways,Microsoft-Windows-Security-Auditing,Security,480,488,fs03vuln.offsec.lan,1,,Network share object access,OFFSEC\admmig,10.23.123.11:60168,Share: \\*\C$ (\??\C:\),Object: Users\admmig\AppData\Local\Microsoft\Vault\4BF4C442-9B8A-41A0-B380-DD4A704DDB28,AccessList: ReadData (or ListDirectory),AccessMask: Unknown code (0x1),SID: S-1-5-21-4230534742-2542757381-3142984815-1111,,,False,EVTX-to-MITRE-Attack\EVTX_full_APT_attack_steps\ID5145-4624-DonPAPI full extraction.evtx,Audit success,0,"{""EventData"":{""Data"":[{""@Name"":""SubjectUserSid"",""#text"":""S-1-5-21-4230534742-2542757381-3142984815-1111""},{""@Name"":""SubjectUserName"",""#text"":""admmig""},{""@Name"":""SubjectDomainName"",""#text"":""OFFSEC""},{""@Name"":""SubjectLogonId"",""#text"":""0x8723C99""},{""@Name"":""ObjectType"",""#text"":""File""},{""@Name"":""IpAddress"",""#text"":""10.23.123.11""},{""@Name"":""IpPort"",""#text"":""60168""},{""@Name"":""ShareName"",""#text"":""\\\\*\\C$""},{""@Name"":""ShareLocalPath"",""#text"":""\\??\\C:\\""},{""@Name"":""RelativeTargetName"",""#text"":""Users\\admmig\\AppData\\Local\\Microsoft\\Vault\\4BF4C442-9B8A-41A0-B380-DD4A704DDB28""},{""@Name"":""AccessMask"",""#text"":""0x1""},{""@Name"":""AccessList"",""#text"":""%%4416, ""},{""@Name"":""AccessReason"",""#text"":""-""}]}}"
170,1160195,2021-12-12 07:16:02.7961842,5140,LogAlways,Microsoft-Windows-Security-Auditing,Security,4,4860,fs03vuln.offsec.lan,1,,A network share object was accessed,OFFSEC\admmig,10.23.123.11:60168,Share: \\*\C$ (\??\C:\),Sid: S-1-5-21-4230534742-2542757381-3142984815-1111,AccessList: ReadData (or ListDirectory),AccessMask: Unknown code (0x1),,,,False,EVTX-to-MITRE-Attack\EVTX_full_APT_attack_steps\ID5145-4624-DonPAPI full extraction.evtx,Audit success,0,"{""EventData"":{""Data"":[{""@Name"":""SubjectUserSid"",""#text"":""S-1-5-21-4230534742-2542757381-3142984815-1111""},{""@Name"":""SubjectUserName"",""#text"":""admmig""},{""@Name"":""SubjectDomainName"",""#text"":""OFFSEC""},{""@Name"":""SubjectLogonId"",""#text"":""0x8723C99""},{""@Name"":""ObjectType"",""#text"":""File""},{""@Name"":""IpAddress"",""#text"":""10.23.123.11""},{""@Name"":""IpPort"",""#text"":""60168""},{""@Name"":""ShareName"",""#text"":""\\\\*\\C$""},{""@Name"":""ShareLocalPath"",""#text"":""\\??\\C:\\""},{""@Name"":""AccessMask"",""#text"":""0x1""},{""@Name"":""AccessList"",""#text"":""%%4416, ""}]}}"
171,1160196,2021-12-12 07:16:02.7961842,5145,LogAlways,Microsoft-Windows-Security-Auditing,Security,480,488,fs03vuln.offsec.lan,1,,Network share object access,OFFSEC\admmig,10.23.123.11:60168,Share: \\*\C$ (\??\C:\),Object: Users\hack1\AppData\Local\Microsoft\Vault,AccessList: ReadData (or ListDirectory),AccessMask: Unknown code (0x1),SID: S-1-5-21-4230534742-2542757381-3142984815-1111,,,False,EVTX-to-MITRE-Attack\EVTX_full_APT_attack_steps\ID5145-4624-DonPAPI full extraction.evtx,Audit success,0,"{""EventData"":{""Data"":[{""@Name"":""SubjectUserSid"",""#text"":""S-1-5-21-4230534742-2542757381-3142984815-1111""},{""@Name"":""SubjectUserName"",""#text"":""admmig""},{""@Name"":""SubjectDomainName"",""#text"":""OFFSEC""},{""@Name"":""SubjectLogonId"",""#text"":""0x8723C99""},{""@Name"":""ObjectType"",""#text"":""File""},{""@Name"":""IpAddress"",""#text"":""10.23.123.11""},{""@Name"":""IpPort"",""#text"":""60168""},{""@Name"":""ShareName"",""#text"":""\\\\*\\C$""},{""@Name"":""ShareLocalPath"",""#text"":""\\??\\C:\\""},{""@Name"":""RelativeTargetName"",""#text"":""Users\\hack1\\AppData\\Local\\Microsoft\\Vault""},{""@Name"":""AccessMask"",""#text"":""0x1""},{""@Name"":""AccessList"",""#text"":""%%4416, ""},{""@Name"":""AccessReason"",""#text"":""-""}]}}"
172,1160197,2021-12-12 07:16:02.7961842,5140,LogAlways,Microsoft-Windows-Security-Auditing,Security,4,4860,fs03vuln.offsec.lan,1,,A network share object was accessed,OFFSEC\admmig,10.23.123.11:60168,Share: \\*\C$ (\??\C:\),Sid: S-1-5-21-4230534742-2542757381-3142984815-1111,AccessList: ReadData (or ListDirectory),AccessMask: Unknown code (0x1),,,,False,EVTX-to-MITRE-Attack\EVTX_full_APT_attack_steps\ID5145-4624-DonPAPI full extraction.evtx,Audit success,0,"{""EventData"":{""Data"":[{""@Name"":""SubjectUserSid"",""#text"":""S-1-5-21-4230534742-2542757381-3142984815-1111""},{""@Name"":""SubjectUserName"",""#text"":""admmig""},{""@Name"":""SubjectDomainName"",""#text"":""OFFSEC""},{""@Name"":""SubjectLogonId"",""#text"":""0x8723C99""},{""@Name"":""ObjectType"",""#text"":""File""},{""@Name"":""IpAddress"",""#text"":""10.23.123.11""},{""@Name"":""IpPort"",""#text"":""60168""},{""@Name"":""ShareName"",""#text"":""\\\\*\\C$""},{""@Name"":""ShareLocalPath"",""#text"":""\\??\\C:\\""},{""@Name"":""AccessMask"",""#text"":""0x1""},{""@Name"":""AccessList"",""#text"":""%%4416, ""}]}}"
173,1160198,2021-12-12 07:16:02.7961842,5145,LogAlways,Microsoft-Windows-Security-Auditing,Security,480,488,fs03vuln.offsec.lan,1,,Network share object access,OFFSEC\admmig,10.23.123.11:60168,Share: \\*\C$ (\??\C:\),Object: ProgramData\Microsoft\Vault,AccessList: ReadData (or ListDirectory),AccessMask: Unknown code (0x1),SID: S-1-5-21-4230534742-2542757381-3142984815-1111,,,False,EVTX-to-MITRE-Attack\EVTX_full_APT_attack_steps\ID5145-4624-DonPAPI full extraction.evtx,Audit success,0,"{""EventData"":{""Data"":[{""@Name"":""SubjectUserSid"",""#text"":""S-1-5-21-4230534742-2542757381-3142984815-1111""},{""@Name"":""SubjectUserName"",""#text"":""admmig""},{""@Name"":""SubjectDomainName"",""#text"":""OFFSEC""},{""@Name"":""SubjectLogonId"",""#text"":""0x8723C99""},{""@Name"":""ObjectType"",""#text"":""File""},{""@Name"":""IpAddress"",""#text"":""10.23.123.11""},{""@Name"":""IpPort"",""#text"":""60168""},{""@Name"":""ShareName"",""#text"":""\\\\*\\C$""},{""@Name"":""ShareLocalPath"",""#text"":""\\??\\C:\\""},{""@Name"":""RelativeTargetName"",""#text"":""ProgramData\\Microsoft\\Vault""},{""@Name"":""AccessMask"",""#text"":""0x1""},{""@Name"":""AccessList"",""#text"":""%%4416, ""},{""@Name"":""AccessReason"",""#text"":""-""}]}}"
174,1160199,2021-12-12 07:16:02.8136782,5140,LogAlways,Microsoft-Windows-Security-Auditing,Security,4,4860,fs03vuln.offsec.lan,1,,A network share object was accessed,OFFSEC\admmig,10.23.123.11:60168,Share: \\*\C$ (\??\C:\),Sid: S-1-5-21-4230534742-2542757381-3142984815-1111,AccessList: ReadData (or ListDirectory),AccessMask: Unknown code (0x1),,,,False,EVTX-to-MITRE-Attack\EVTX_full_APT_attack_steps\ID5145-4624-DonPAPI full extraction.evtx,Audit success,0,"{""EventData"":{""Data"":[{""@Name"":""SubjectUserSid"",""#text"":""S-1-5-21-4230534742-2542757381-3142984815-1111""},{""@Name"":""SubjectUserName"",""#text"":""admmig""},{""@Name"":""SubjectDomainName"",""#text"":""OFFSEC""},{""@Name"":""SubjectLogonId"",""#text"":""0x8723C99""},{""@Name"":""ObjectType"",""#text"":""File""},{""@Name"":""IpAddress"",""#text"":""10.23.123.11""},{""@Name"":""IpPort"",""#text"":""60168""},{""@Name"":""ShareName"",""#text"":""\\\\*\\C$""},{""@Name"":""ShareLocalPath"",""#text"":""\\??\\C:\\""},{""@Name"":""AccessMask"",""#text"":""0x1""},{""@Name"":""AccessList"",""#text"":""%%4416, ""}]}}"
175,1160200,2021-12-12 07:16:02.8150837,5145,LogAlways,Microsoft-Windows-Security-Auditing,Security,480,488,fs03vuln.offsec.lan,1,,Network share object access,OFFSEC\admmig,10.23.123.11:60168,Share: \\*\C$ (\??\C:\),Object: ProgramData\Microsoft\Vault\AC658CB4-9126-49BD-B877-31EEDAB3F204\Policy.vpol,AccessList: Unknown code (%%1538 | %%4416 | %%4419 | %%4423),AccessMask: Unknown code (0x20089),SID: S-1-5-21-4230534742-2542757381-3142984815-1111,,,False,EVTX-to-MITRE-Attack\EVTX_full_APT_attack_steps\ID5145-4624-DonPAPI full extraction.evtx,Audit success,0,"{""EventData"":{""Data"":[{""@Name"":""SubjectUserSid"",""#text"":""S-1-5-21-4230534742-2542757381-3142984815-1111""},{""@Name"":""SubjectUserName"",""#text"":""admmig""},{""@Name"":""SubjectDomainName"",""#text"":""OFFSEC""},{""@Name"":""SubjectLogonId"",""#text"":""0x8723C99""},{""@Name"":""ObjectType"",""#text"":""File""},{""@Name"":""IpAddress"",""#text"":""10.23.123.11""},{""@Name"":""IpPort"",""#text"":""60168""},{""@Name"":""ShareName"",""#text"":""\\\\*\\C$""},{""@Name"":""ShareLocalPath"",""#text"":""\\??\\C:\\""},{""@Name"":""RelativeTargetName"",""#text"":""ProgramData\\Microsoft\\Vault\\AC658CB4-9126-49BD-B877-31EEDAB3F204\\Policy.vpol""},{""@Name"":""AccessMask"",""#text"":""0x20089""},{""@Name"":""AccessList"",""#text"":""%%1538, %%4416, %%4419, %%4423, ""},{""@Name"":""AccessReason"",""#text"":""-""}]}}"
176,1160201,2021-12-12 07:16:03.7020744,5140,LogAlways,Microsoft-Windows-Security-Auditing,Security,4,4860,fs03vuln.offsec.lan,1,,A network share object was accessed,OFFSEC\admmig,10.23.123.11:60168,Share: \\*\C$ (\??\C:\),Sid: S-1-5-21-4230534742-2542757381-3142984815-1111,AccessList: ReadData (or ListDirectory),AccessMask: Unknown code (0x1),,,,False,EVTX-to-MITRE-Attack\EVTX_full_APT_attack_steps\ID5145-4624-DonPAPI full extraction.evtx,Audit success,0,"{""EventData"":{""Data"":[{""@Name"":""SubjectUserSid"",""#text"":""S-1-5-21-4230534742-2542757381-3142984815-1111""},{""@Name"":""SubjectUserName"",""#text"":""admmig""},{""@Name"":""SubjectDomainName"",""#text"":""OFFSEC""},{""@Name"":""SubjectLogonId"",""#text"":""0x8723C99""},{""@Name"":""ObjectType"",""#text"":""File""},{""@Name"":""IpAddress"",""#text"":""10.23.123.11""},{""@Name"":""IpPort"",""#text"":""60168""},{""@Name"":""ShareName"",""#text"":""\\\\*\\C$""},{""@Name"":""ShareLocalPath"",""#text"":""\\??\\C:\\""},{""@Name"":""AccessMask"",""#text"":""0x1""},{""@Name"":""AccessList"",""#text"":""%%4416, ""}]}}"
177,1160202,2021-12-12 07:16:03.7020744,5145,LogAlways,Microsoft-Windows-Security-Auditing,Security,480,488,fs03vuln.offsec.lan,1,,Network share object access,OFFSEC\admmig,10.23.123.11:60168,Share: \\*\C$ (\??\C:\),Object: ProgramData\Microsoft\Vault\AC658CB4-9126-49BD-B877-31EEDAB3F204,AccessList: ReadData (or ListDirectory),AccessMask: Unknown code (0x1),SID: S-1-5-21-4230534742-2542757381-3142984815-1111,,,False,EVTX-to-MITRE-Attack\EVTX_full_APT_attack_steps\ID5145-4624-DonPAPI full extraction.evtx,Audit success,0,"{""EventData"":{""Data"":[{""@Name"":""SubjectUserSid"",""#text"":""S-1-5-21-4230534742-2542757381-3142984815-1111""},{""@Name"":""SubjectUserName"",""#text"":""admmig""},{""@Name"":""SubjectDomainName"",""#text"":""OFFSEC""},{""@Name"":""SubjectLogonId"",""#text"":""0x8723C99""},{""@Name"":""ObjectType"",""#text"":""File""},{""@Name"":""IpAddress"",""#text"":""10.23.123.11""},{""@Name"":""IpPort"",""#text"":""60168""},{""@Name"":""ShareName"",""#text"":""\\\\*\\C$""},{""@Name"":""ShareLocalPath"",""#text"":""\\??\\C:\\""},{""@Name"":""RelativeTargetName"",""#text"":""ProgramData\\Microsoft\\Vault\\AC658CB4-9126-49BD-B877-31EEDAB3F204""},{""@Name"":""AccessMask"",""#text"":""0x1""},{""@Name"":""AccessList"",""#text"":""%%4416, ""},{""@Name"":""AccessReason"",""#text"":""-""}]}}"
178,1160203,2021-12-12 07:16:03.7177197,5140,LogAlways,Microsoft-Windows-Security-Auditing,Security,4,4860,fs03vuln.offsec.lan,1,,A network share object was accessed,OFFSEC\admmig,10.23.123.11:60168,Share: \\*\C$ (\??\C:\),Sid: S-1-5-21-4230534742-2542757381-3142984815-1111,AccessList: ReadData (or ListDirectory),AccessMask: Unknown code (0x1),,,,False,EVTX-to-MITRE-Attack\EVTX_full_APT_attack_steps\ID5145-4624-DonPAPI full extraction.evtx,Audit success,0,"{""EventData"":{""Data"":[{""@Name"":""SubjectUserSid"",""#text"":""S-1-5-21-4230534742-2542757381-3142984815-1111""},{""@Name"":""SubjectUserName"",""#text"":""admmig""},{""@Name"":""SubjectDomainName"",""#text"":""OFFSEC""},{""@Name"":""SubjectLogonId"",""#text"":""0x8723C99""},{""@Name"":""ObjectType"",""#text"":""File""},{""@Name"":""IpAddress"",""#text"":""10.23.123.11""},{""@Name"":""IpPort"",""#text"":""60168""},{""@Name"":""ShareName"",""#text"":""\\\\*\\C$""},{""@Name"":""ShareLocalPath"",""#text"":""\\??\\C:\\""},{""@Name"":""AccessMask"",""#text"":""0x1""},{""@Name"":""AccessList"",""#text"":""%%4416, ""}]}}"
179,1160204,2021-12-12 07:16:03.7177197,5145,LogAlways,Microsoft-Windows-Security-Auditing,Security,480,488,fs03vuln.offsec.lan,1,,Network share object access,OFFSEC\admmig,10.23.123.11:60168,Share: \\*\C$ (\??\C:\),Object: ProgramData\Microsoft\Vault\AC658CB4-9126-49BD-B877-31EEDAB3F204\154E23D0-C644-4E6F-8CE6-5069272F999F.vsch,AccessList: Unknown code (%%1538 | %%4416 | %%4419 | %%4423),AccessMask: Unknown code (0x20089),SID: S-1-5-21-4230534742-2542757381-3142984815-1111,,,False,EVTX-to-MITRE-Attack\EVTX_full_APT_attack_steps\ID5145-4624-DonPAPI full extraction.evtx,Audit success,0,"{""EventData"":{""Data"":[{""@Name"":""SubjectUserSid"",""#text"":""S-1-5-21-4230534742-2542757381-3142984815-1111""},{""@Name"":""SubjectUserName"",""#text"":""admmig""},{""@Name"":""SubjectDomainName"",""#text"":""OFFSEC""},{""@Name"":""SubjectLogonId"",""#text"":""0x8723C99""},{""@Name"":""ObjectType"",""#text"":""File""},{""@Name"":""IpAddress"",""#text"":""10.23.123.11""},{""@Name"":""IpPort"",""#text"":""60168""},{""@Name"":""ShareName"",""#text"":""\\\\*\\C$""},{""@Name"":""ShareLocalPath"",""#text"":""\\??\\C:\\""},{""@Name"":""RelativeTargetName"",""#text"":""ProgramData\\Microsoft\\Vault\\AC658CB4-9126-49BD-B877-31EEDAB3F204\\154E23D0-C644-4E6F-8CE6-5069272F999F.vsch""},{""@Name"":""AccessMask"",""#text"":""0x20089""},{""@Name"":""AccessList"",""#text"":""%%1538, %%4416, %%4419, %%4423, ""},{""@Name"":""AccessReason"",""#text"":""-""}]}}"
180,1160205,2021-12-12 07:16:03.7177197,5140,LogAlways,Microsoft-Windows-Security-Auditing,Security,4,4860,fs03vuln.offsec.lan,1,,A network share object was accessed,OFFSEC\admmig,10.23.123.11:60168,Share: \\*\C$ (\??\C:\),Sid: S-1-5-21-4230534742-2542757381-3142984815-1111,AccessList: ReadData (or ListDirectory),AccessMask: Unknown code (0x1),,,,False,EVTX-to-MITRE-Attack\EVTX_full_APT_attack_steps\ID5145-4624-DonPAPI full extraction.evtx,Audit success,0,"{""EventData"":{""Data"":[{""@Name"":""SubjectUserSid"",""#text"":""S-1-5-21-4230534742-2542757381-3142984815-1111""},{""@Name"":""SubjectUserName"",""#text"":""admmig""},{""@Name"":""SubjectDomainName"",""#text"":""OFFSEC""},{""@Name"":""SubjectLogonId"",""#text"":""0x8723C99""},{""@Name"":""ObjectType"",""#text"":""File""},{""@Name"":""IpAddress"",""#text"":""10.23.123.11""},{""@Name"":""IpPort"",""#text"":""60168""},{""@Name"":""ShareName"",""#text"":""\\\\*\\C$""},{""@Name"":""ShareLocalPath"",""#text"":""\\??\\C:\\""},{""@Name"":""AccessMask"",""#text"":""0x1""},{""@Name"":""AccessList"",""#text"":""%%4416, ""}]}}"
181,1160206,2021-12-12 07:16:03.7177197,5145,LogAlways,Microsoft-Windows-Security-Auditing,Security,480,488,fs03vuln.offsec.lan,1,,Network share object access,OFFSEC\admmig,10.23.123.11:60168,Share: \\*\C$ (\??\C:\),Object: ProgramData\Microsoft\Vault\AC658CB4-9126-49BD-B877-31EEDAB3F204\2F1A6504-0641-44CF-8BB5-3612D865F2E5.vsch,AccessList: Unknown code (%%1538 | %%4416 | %%4419 | %%4423),AccessMask: Unknown code (0x20089),SID: S-1-5-21-4230534742-2542757381-3142984815-1111,,,False,EVTX-to-MITRE-Attack\EVTX_full_APT_attack_steps\ID5145-4624-DonPAPI full extraction.evtx,Audit success,0,"{""EventData"":{""Data"":[{""@Name"":""SubjectUserSid"",""#text"":""S-1-5-21-4230534742-2542757381-3142984815-1111""},{""@Name"":""SubjectUserName"",""#text"":""admmig""},{""@Name"":""SubjectDomainName"",""#text"":""OFFSEC""},{""@Name"":""SubjectLogonId"",""#text"":""0x8723C99""},{""@Name"":""ObjectType"",""#text"":""File""},{""@Name"":""IpAddress"",""#text"":""10.23.123.11""},{""@Name"":""IpPort"",""#text"":""60168""},{""@Name"":""ShareName"",""#text"":""\\\\*\\C$""},{""@Name"":""ShareLocalPath"",""#text"":""\\??\\C:\\""},{""@Name"":""RelativeTargetName"",""#text"":""ProgramData\\Microsoft\\Vault\\AC658CB4-9126-49BD-B877-31EEDAB3F204\\2F1A6504-0641-44CF-8BB5-3612D865F2E5.vsch""},{""@Name"":""AccessMask"",""#text"":""0x20089""},{""@Name"":""AccessList"",""#text"":""%%1538, %%4416, %%4419, %%4423, ""},{""@Name"":""AccessReason"",""#text"":""-""}]}}"
182,1160207,2021-12-12 07:16:03.7350017,5140,LogAlways,Microsoft-Windows-Security-Auditing,Security,4,4860,fs03vuln.offsec.lan,1,,A network share object was accessed,OFFSEC\admmig,10.23.123.11:60168,Share: \\*\C$ (\??\C:\),Sid: S-1-5-21-4230534742-2542757381-3142984815-1111,AccessList: ReadData (or ListDirectory),AccessMask: Unknown code (0x1),,,,False,EVTX-to-MITRE-Attack\EVTX_full_APT_attack_steps\ID5145-4624-DonPAPI full extraction.evtx,Audit success,0,"{""EventData"":{""Data"":[{""@Name"":""SubjectUserSid"",""#text"":""S-1-5-21-4230534742-2542757381-3142984815-1111""},{""@Name"":""SubjectUserName"",""#text"":""admmig""},{""@Name"":""SubjectDomainName"",""#text"":""OFFSEC""},{""@Name"":""SubjectLogonId"",""#text"":""0x8723C99""},{""@Name"":""ObjectType"",""#text"":""File""},{""@Name"":""IpAddress"",""#text"":""10.23.123.11""},{""@Name"":""IpPort"",""#text"":""60168""},{""@Name"":""ShareName"",""#text"":""\\\\*\\C$""},{""@Name"":""ShareLocalPath"",""#text"":""\\??\\C:\\""},{""@Name"":""AccessMask"",""#text"":""0x1""},{""@Name"":""AccessList"",""#text"":""%%4416, ""}]}}"
183,1160208,2021-12-12 07:16:03.7350017,5145,LogAlways,Microsoft-Windows-Security-Auditing,Security,480,488,fs03vuln.offsec.lan,1,,Network share object access,OFFSEC\admmig,10.23.123.11:60168,Share: \\*\C$ (\??\C:\),Object: ProgramData\Microsoft\Vault\AC658CB4-9126-49BD-B877-31EEDAB3F204\3CCD5499-87A8-4B10-A215-608888DD3B55.vsch,AccessList: Unknown code (%%1538 | %%4416 | %%4419 | %%4423),AccessMask: Unknown code (0x20089),SID: S-1-5-21-4230534742-2542757381-3142984815-1111,,,False,EVTX-to-MITRE-Attack\EVTX_full_APT_attack_steps\ID5145-4624-DonPAPI full extraction.evtx,Audit success,0,"{""EventData"":{""Data"":[{""@Name"":""SubjectUserSid"",""#text"":""S-1-5-21-4230534742-2542757381-3142984815-1111""},{""@Name"":""SubjectUserName"",""#text"":""admmig""},{""@Name"":""SubjectDomainName"",""#text"":""OFFSEC""},{""@Name"":""SubjectLogonId"",""#text"":""0x8723C99""},{""@Name"":""ObjectType"",""#text"":""File""},{""@Name"":""IpAddress"",""#text"":""10.23.123.11""},{""@Name"":""IpPort"",""#text"":""60168""},{""@Name"":""ShareName"",""#text"":""\\\\*\\C$""},{""@Name"":""ShareLocalPath"",""#text"":""\\??\\C:\\""},{""@Name"":""RelativeTargetName"",""#text"":""ProgramData\\Microsoft\\Vault\\AC658CB4-9126-49BD-B877-31EEDAB3F204\\3CCD5499-87A8-4B10-A215-608888DD3B55.vsch""},{""@Name"":""AccessMask"",""#text"":""0x20089""},{""@Name"":""AccessList"",""#text"":""%%1538, %%4416, %%4419, %%4423, ""},{""@Name"":""AccessReason"",""#text"":""-""}]}}"
184,1160209,2021-12-12 07:16:03.7350017,5140,LogAlways,Microsoft-Windows-Security-Auditing,Security,4,4860,fs03vuln.offsec.lan,1,,A network share object was accessed,OFFSEC\admmig,10.23.123.11:60168,Share: \\*\C$ (\??\C:\),Sid: S-1-5-21-4230534742-2542757381-3142984815-1111,AccessList: ReadData (or ListDirectory),AccessMask: Unknown code (0x1),,,,False,EVTX-to-MITRE-Attack\EVTX_full_APT_attack_steps\ID5145-4624-DonPAPI full extraction.evtx,Audit success,0,"{""EventData"":{""Data"":[{""@Name"":""SubjectUserSid"",""#text"":""S-1-5-21-4230534742-2542757381-3142984815-1111""},{""@Name"":""SubjectUserName"",""#text"":""admmig""},{""@Name"":""SubjectDomainName"",""#text"":""OFFSEC""},{""@Name"":""SubjectLogonId"",""#text"":""0x8723C99""},{""@Name"":""ObjectType"",""#text"":""File""},{""@Name"":""IpAddress"",""#text"":""10.23.123.11""},{""@Name"":""IpPort"",""#text"":""60168""},{""@Name"":""ShareName"",""#text"":""\\\\*\\C$""},{""@Name"":""ShareLocalPath"",""#text"":""\\??\\C:\\""},{""@Name"":""AccessMask"",""#text"":""0x1""},{""@Name"":""AccessList"",""#text"":""%%4416, ""}]}}"
185,1160210,2021-12-12 07:16:03.7504690,5145,LogAlways,Microsoft-Windows-Security-Auditing,Security,480,488,fs03vuln.offsec.lan,1,,Network share object access,OFFSEC\admmig,10.23.123.11:60168,Share: \\*\C$ (\??\C:\),Object: Windows\system32\config\systemprofile\AppData\Local\Microsoft\Vault,AccessList: ReadData (or ListDirectory),AccessMask: Unknown code (0x1),SID: S-1-5-21-4230534742-2542757381-3142984815-1111,,,False,EVTX-to-MITRE-Attack\EVTX_full_APT_attack_steps\ID5145-4624-DonPAPI full extraction.evtx,Audit success,0,"{""EventData"":{""Data"":[{""@Name"":""SubjectUserSid"",""#text"":""S-1-5-21-4230534742-2542757381-3142984815-1111""},{""@Name"":""SubjectUserName"",""#text"":""admmig""},{""@Name"":""SubjectDomainName"",""#text"":""OFFSEC""},{""@Name"":""SubjectLogonId"",""#text"":""0x8723C99""},{""@Name"":""ObjectType"",""#text"":""File""},{""@Name"":""IpAddress"",""#text"":""10.23.123.11""},{""@Name"":""IpPort"",""#text"":""60168""},{""@Name"":""ShareName"",""#text"":""\\\\*\\C$""},{""@Name"":""ShareLocalPath"",""#text"":""\\??\\C:\\""},{""@Name"":""RelativeTargetName"",""#text"":""Windows\\system32\\config\\systemprofile\\AppData\\Local\\Microsoft\\Vault""},{""@Name"":""AccessMask"",""#text"":""0x1""},{""@Name"":""AccessList"",""#text"":""%%4416, ""},{""@Name"":""AccessReason"",""#text"":""-""}]}}"
186,1160211,2021-12-12 07:16:03.7504690,5140,LogAlways,Microsoft-Windows-Security-Auditing,Security,4,4860,fs03vuln.offsec.lan,1,,A network share object was accessed,OFFSEC\admmig,10.23.123.11:60168,Share: \\*\C$ (\??\C:\),Sid: S-1-5-21-4230534742-2542757381-3142984815-1111,AccessList: ReadData (or ListDirectory),AccessMask: Unknown code (0x1),,,,False,EVTX-to-MITRE-Attack\EVTX_full_APT_attack_steps\ID5145-4624-DonPAPI full extraction.evtx,Audit success,0,"{""EventData"":{""Data"":[{""@Name"":""SubjectUserSid"",""#text"":""S-1-5-21-4230534742-2542757381-3142984815-1111""},{""@Name"":""SubjectUserName"",""#text"":""admmig""},{""@Name"":""SubjectDomainName"",""#text"":""OFFSEC""},{""@Name"":""SubjectLogonId"",""#text"":""0x8723C99""},{""@Name"":""ObjectType"",""#text"":""File""},{""@Name"":""IpAddress"",""#text"":""10.23.123.11""},{""@Name"":""IpPort"",""#text"":""60168""},{""@Name"":""ShareName"",""#text"":""\\\\*\\C$""},{""@Name"":""ShareLocalPath"",""#text"":""\\??\\C:\\""},{""@Name"":""AccessMask"",""#text"":""0x1""},{""@Name"":""AccessList"",""#text"":""%%4416, ""}]}}"
187,1160212,2021-12-12 07:16:03.7504690,5145,LogAlways,Microsoft-Windows-Security-Auditing,Security,480,488,fs03vuln.offsec.lan,1,,Network share object access,OFFSEC\admmig,10.23.123.11:60168,Share: \\*\C$ (\??\C:\),Object: Users\Administrator\AppData\Local\Google\Chrome\User Data,AccessList: ReadData (or ListDirectory),AccessMask: Unknown code (0x1),SID: S-1-5-21-4230534742-2542757381-3142984815-1111,,,False,EVTX-to-MITRE-Attack\EVTX_full_APT_attack_steps\ID5145-4624-DonPAPI full extraction.evtx,Audit success,0,"{""EventData"":{""Data"":[{""@Name"":""SubjectUserSid"",""#text"":""S-1-5-21-4230534742-2542757381-3142984815-1111""},{""@Name"":""SubjectUserName"",""#text"":""admmig""},{""@Name"":""SubjectDomainName"",""#text"":""OFFSEC""},{""@Name"":""SubjectLogonId"",""#text"":""0x8723C99""},{""@Name"":""ObjectType"",""#text"":""File""},{""@Name"":""IpAddress"",""#text"":""10.23.123.11""},{""@Name"":""IpPort"",""#text"":""60168""},{""@Name"":""ShareName"",""#text"":""\\\\*\\C$""},{""@Name"":""ShareLocalPath"",""#text"":""\\??\\C:\\""},{""@Name"":""RelativeTargetName"",""#text"":""Users\\Administrator\\AppData\\Local\\Google\\Chrome\\User Data""},{""@Name"":""AccessMask"",""#text"":""0x1""},{""@Name"":""AccessList"",""#text"":""%%4416, ""},{""@Name"":""AccessReason"",""#text"":""-""}]}}"
188,1160213,2021-12-12 07:16:03.7504690,5140,LogAlways,Microsoft-Windows-Security-Auditing,Security,4,4860,fs03vuln.offsec.lan,1,,A network share object was accessed,OFFSEC\admmig,10.23.123.11:60168,Share: \\*\C$ (\??\C:\),Sid: S-1-5-21-4230534742-2542757381-3142984815-1111,AccessList: ReadData (or ListDirectory),AccessMask: Unknown code (0x1),,,,False,EVTX-to-MITRE-Attack\EVTX_full_APT_attack_steps\ID5145-4624-DonPAPI full extraction.evtx,Audit success,0,"{""EventData"":{""Data"":[{""@Name"":""SubjectUserSid"",""#text"":""S-1-5-21-4230534742-2542757381-3142984815-1111""},{""@Name"":""SubjectUserName"",""#text"":""admmig""},{""@Name"":""SubjectDomainName"",""#text"":""OFFSEC""},{""@Name"":""SubjectLogonId"",""#text"":""0x8723C99""},{""@Name"":""ObjectType"",""#text"":""File""},{""@Name"":""IpAddress"",""#text"":""10.23.123.11""},{""@Name"":""IpPort"",""#text"":""60168""},{""@Name"":""ShareName"",""#text"":""\\\\*\\C$""},{""@Name"":""ShareLocalPath"",""#text"":""\\??\\C:\\""},{""@Name"":""AccessMask"",""#text"":""0x1""},{""@Name"":""AccessList"",""#text"":""%%4416, ""}]}}"
189,1160214,2021-12-12 07:16:03.7504690,5145,LogAlways,Microsoft-Windows-Security-Auditing,Security,480,488,fs03vuln.offsec.lan,1,,Network share object access,OFFSEC\admmig,10.23.123.11:60168,Share: \\*\C$ (\??\C:\),Object: Users\Administrator\AppData\Local\Google\Chrome\User Data\Default,AccessList: ReadData (or ListDirectory),AccessMask: Unknown code (0x1),SID: S-1-5-21-4230534742-2542757381-3142984815-1111,,,False,EVTX-to-MITRE-Attack\EVTX_full_APT_attack_steps\ID5145-4624-DonPAPI full extraction.evtx,Audit success,0,"{""EventData"":{""Data"":[{""@Name"":""SubjectUserSid"",""#text"":""S-1-5-21-4230534742-2542757381-3142984815-1111""},{""@Name"":""SubjectUserName"",""#text"":""admmig""},{""@Name"":""SubjectDomainName"",""#text"":""OFFSEC""},{""@Name"":""SubjectLogonId"",""#text"":""0x8723C99""},{""@Name"":""ObjectType"",""#text"":""File""},{""@Name"":""IpAddress"",""#text"":""10.23.123.11""},{""@Name"":""IpPort"",""#text"":""60168""},{""@Name"":""ShareName"",""#text"":""\\\\*\\C$""},{""@Name"":""ShareLocalPath"",""#text"":""\\??\\C:\\""},{""@Name"":""RelativeTargetName"",""#text"":""Users\\Administrator\\AppData\\Local\\Google\\Chrome\\User Data\\Default""},{""@Name"":""AccessMask"",""#text"":""0x1""},{""@Name"":""AccessList"",""#text"":""%%4416, ""},{""@Name"":""AccessReason"",""#text"":""-""}]}}"
190,1160215,2021-12-12 07:16:03.7661112,5140,LogAlways,Microsoft-Windows-Security-Auditing,Security,4,4860,fs03vuln.offsec.lan,1,,A network share object was accessed,OFFSEC\admmig,10.23.123.11:60168,Share: \\*\C$ (\??\C:\),Sid: S-1-5-21-4230534742-2542757381-3142984815-1111,AccessList: ReadData (or ListDirectory),AccessMask: Unknown code (0x1),,,,False,EVTX-to-MITRE-Attack\EVTX_full_APT_attack_steps\ID5145-4624-DonPAPI full extraction.evtx,Audit success,0,"{""EventData"":{""Data"":[{""@Name"":""SubjectUserSid"",""#text"":""S-1-5-21-4230534742-2542757381-3142984815-1111""},{""@Name"":""SubjectUserName"",""#text"":""admmig""},{""@Name"":""SubjectDomainName"",""#text"":""OFFSEC""},{""@Name"":""SubjectLogonId"",""#text"":""0x8723C99""},{""@Name"":""ObjectType"",""#text"":""File""},{""@Name"":""IpAddress"",""#text"":""10.23.123.11""},{""@Name"":""IpPort"",""#text"":""60168""},{""@Name"":""ShareName"",""#text"":""\\\\*\\C$""},{""@Name"":""ShareLocalPath"",""#text"":""\\??\\C:\\""},{""@Name"":""AccessMask"",""#text"":""0x1""},{""@Name"":""AccessList"",""#text"":""%%4416, ""}]}}"
191,1160216,2021-12-12 07:16:03.7661112,5145,LogAlways,Microsoft-Windows-Security-Auditing,Security,480,488,fs03vuln.offsec.lan,1,,Network share object access,OFFSEC\admmig,10.23.123.11:60168,Share: \\*\C$ (\??\C:\),Object: Users\Administrator\AppData\Local\Google\Chrome\User Data\Default,AccessList: ReadData (or ListDirectory),AccessMask: Unknown code (0x1),SID: S-1-5-21-4230534742-2542757381-3142984815-1111,,,False,EVTX-to-MITRE-Attack\EVTX_full_APT_attack_steps\ID5145-4624-DonPAPI full extraction.evtx,Audit success,0,"{""EventData"":{""Data"":[{""@Name"":""SubjectUserSid"",""#text"":""S-1-5-21-4230534742-2542757381-3142984815-1111""},{""@Name"":""SubjectUserName"",""#text"":""admmig""},{""@Name"":""SubjectDomainName"",""#text"":""OFFSEC""},{""@Name"":""SubjectLogonId"",""#text"":""0x8723C99""},{""@Name"":""ObjectType"",""#text"":""File""},{""@Name"":""IpAddress"",""#text"":""10.23.123.11""},{""@Name"":""IpPort"",""#text"":""60168""},{""@Name"":""ShareName"",""#text"":""\\\\*\\C$""},{""@Name"":""ShareLocalPath"",""#text"":""\\??\\C:\\""},{""@Name"":""RelativeTargetName"",""#text"":""Users\\Administrator\\AppData\\Local\\Google\\Chrome\\User Data\\Default""},{""@Name"":""AccessMask"",""#text"":""0x1""},{""@Name"":""AccessList"",""#text"":""%%4416, ""},{""@Name"":""AccessReason"",""#text"":""-""}]}}"
192,1160217,2021-12-12 07:16:03.7661112,5140,LogAlways,Microsoft-Windows-Security-Auditing,Security,4,4860,fs03vuln.offsec.lan,1,,A network share object was accessed,OFFSEC\admmig,10.23.123.11:60168,Share: \\*\C$ (\??\C:\),Sid: S-1-5-21-4230534742-2542757381-3142984815-1111,AccessList: ReadData (or ListDirectory),AccessMask: Unknown code (0x1),,,,False,EVTX-to-MITRE-Attack\EVTX_full_APT_attack_steps\ID5145-4624-DonPAPI full extraction.evtx,Audit success,0,"{""EventData"":{""Data"":[{""@Name"":""SubjectUserSid"",""#text"":""S-1-5-21-4230534742-2542757381-3142984815-1111""},{""@Name"":""SubjectUserName"",""#text"":""admmig""},{""@Name"":""SubjectDomainName"",""#text"":""OFFSEC""},{""@Name"":""SubjectLogonId"",""#text"":""0x8723C99""},{""@Name"":""ObjectType"",""#text"":""File""},{""@Name"":""IpAddress"",""#text"":""10.23.123.11""},{""@Name"":""IpPort"",""#text"":""60168""},{""@Name"":""ShareName"",""#text"":""\\\\*\\C$""},{""@Name"":""ShareLocalPath"",""#text"":""\\??\\C:\\""},{""@Name"":""AccessMask"",""#text"":""0x1""},{""@Name"":""AccessList"",""#text"":""%%4416, ""}]}}"
193,1160218,2021-12-12 07:16:03.7661112,5145,LogAlways,Microsoft-Windows-Security-Auditing,Security,480,488,fs03vuln.offsec.lan,1,,Network share object access,OFFSEC\admmig,10.23.123.11:60168,Share: \\*\C$ (\??\C:\),Object: Users\admmig\AppData\Local\Google\Chrome\User Data,AccessList: ReadData (or ListDirectory),AccessMask: Unknown code (0x1),SID: S-1-5-21-4230534742-2542757381-3142984815-1111,,,False,EVTX-to-MITRE-Attack\EVTX_full_APT_attack_steps\ID5145-4624-DonPAPI full extraction.evtx,Audit success,0,"{""EventData"":{""Data"":[{""@Name"":""SubjectUserSid"",""#text"":""S-1-5-21-4230534742-2542757381-3142984815-1111""},{""@Name"":""SubjectUserName"",""#text"":""admmig""},{""@Name"":""SubjectDomainName"",""#text"":""OFFSEC""},{""@Name"":""SubjectLogonId"",""#text"":""0x8723C99""},{""@Name"":""ObjectType"",""#text"":""File""},{""@Name"":""IpAddress"",""#text"":""10.23.123.11""},{""@Name"":""IpPort"",""#text"":""60168""},{""@Name"":""ShareName"",""#text"":""\\\\*\\C$""},{""@Name"":""ShareLocalPath"",""#text"":""\\??\\C:\\""},{""@Name"":""RelativeTargetName"",""#text"":""Users\\admmig\\AppData\\Local\\Google\\Chrome\\User Data""},{""@Name"":""AccessMask"",""#text"":""0x1""},{""@Name"":""AccessList"",""#text"":""%%4416, ""},{""@Name"":""AccessReason"",""#text"":""-""}]}}"
194,1160219,2021-12-12 07:16:03.7661112,5140,LogAlways,Microsoft-Windows-Security-Auditing,Security,4,4860,fs03vuln.offsec.lan,1,,A network share object was accessed,OFFSEC\admmig,10.23.123.11:60168,Share: \\*\C$ (\??\C:\),Sid: S-1-5-21-4230534742-2542757381-3142984815-1111,AccessList: ReadData (or ListDirectory),AccessMask: Unknown code (0x1),,,,False,EVTX-to-MITRE-Attack\EVTX_full_APT_attack_steps\ID5145-4624-DonPAPI full extraction.evtx,Audit success,0,"{""EventData"":{""Data"":[{""@Name"":""SubjectUserSid"",""#text"":""S-1-5-21-4230534742-2542757381-3142984815-1111""},{""@Name"":""SubjectUserName"",""#text"":""admmig""},{""@Name"":""SubjectDomainName"",""#text"":""OFFSEC""},{""@Name"":""SubjectLogonId"",""#text"":""0x8723C99""},{""@Name"":""ObjectType"",""#text"":""File""},{""@Name"":""IpAddress"",""#text"":""10.23.123.11""},{""@Name"":""IpPort"",""#text"":""60168""},{""@Name"":""ShareName"",""#text"":""\\\\*\\C$""},{""@Name"":""ShareLocalPath"",""#text"":""\\??\\C:\\""},{""@Name"":""AccessMask"",""#text"":""0x1""},{""@Name"":""AccessList"",""#text"":""%%4416, ""}]}}"
195,1160220,2021-12-12 07:16:03.7661112,5145,LogAlways,Microsoft-Windows-Security-Auditing,Security,480,488,fs03vuln.offsec.lan,1,,Network share object access,OFFSEC\admmig,10.23.123.11:60168,Share: \\*\C$ (\??\C:\),Object: Users\admmig\AppData\Local\Google\Chrome\User Data\Default,AccessList: ReadData (or ListDirectory),AccessMask: Unknown code (0x1),SID: S-1-5-21-4230534742-2542757381-3142984815-1111,,,False,EVTX-to-MITRE-Attack\EVTX_full_APT_attack_steps\ID5145-4624-DonPAPI full extraction.evtx,Audit success,0,"{""EventData"":{""Data"":[{""@Name"":""SubjectUserSid"",""#text"":""S-1-5-21-4230534742-2542757381-3142984815-1111""},{""@Name"":""SubjectUserName"",""#text"":""admmig""},{""@Name"":""SubjectDomainName"",""#text"":""OFFSEC""},{""@Name"":""SubjectLogonId"",""#text"":""0x8723C99""},{""@Name"":""ObjectType"",""#text"":""File""},{""@Name"":""IpAddress"",""#text"":""10.23.123.11""},{""@Name"":""IpPort"",""#text"":""60168""},{""@Name"":""ShareName"",""#text"":""\\\\*\\C$""},{""@Name"":""ShareLocalPath"",""#text"":""\\??\\C:\\""},{""@Name"":""RelativeTargetName"",""#text"":""Users\\admmig\\AppData\\Local\\Google\\Chrome\\User Data\\Default""},{""@Name"":""AccessMask"",""#text"":""0x1""},{""@Name"":""AccessList"",""#text"":""%%4416, ""},{""@Name"":""AccessReason"",""#text"":""-""}]}}"
196,1160221,2021-12-12 07:16:03.7817402,5140,LogAlways,Microsoft-Windows-Security-Auditing,Security,4,4860,fs03vuln.offsec.lan,1,,A network share object was accessed,OFFSEC\admmig,10.23.123.11:60168,Share: \\*\C$ (\??\C:\),Sid: S-1-5-21-4230534742-2542757381-3142984815-1111,AccessList: ReadData (or ListDirectory),AccessMask: Unknown code (0x1),,,,False,EVTX-to-MITRE-Attack\EVTX_full_APT_attack_steps\ID5145-4624-DonPAPI full extraction.evtx,Audit success,0,"{""EventData"":{""Data"":[{""@Name"":""SubjectUserSid"",""#text"":""S-1-5-21-4230534742-2542757381-3142984815-1111""},{""@Name"":""SubjectUserName"",""#text"":""admmig""},{""@Name"":""SubjectDomainName"",""#text"":""OFFSEC""},{""@Name"":""SubjectLogonId"",""#text"":""0x8723C99""},{""@Name"":""ObjectType"",""#text"":""File""},{""@Name"":""IpAddress"",""#text"":""10.23.123.11""},{""@Name"":""IpPort"",""#text"":""60168""},{""@Name"":""ShareName"",""#text"":""\\\\*\\C$""},{""@Name"":""ShareLocalPath"",""#text"":""\\??\\C:\\""},{""@Name"":""AccessMask"",""#text"":""0x1""},{""@Name"":""AccessList"",""#text"":""%%4416, ""}]}}"
197,1160222,2021-12-12 07:16:03.7817402,5145,LogAlways,Microsoft-Windows-Security-Auditing,Security,480,488,fs03vuln.offsec.lan,1,,Network share object access,OFFSEC\admmig,10.23.123.11:60168,Share: \\*\C$ (\??\C:\),Object: Users\admmig\AppData\Local\Google\Chrome\User Data\Default,AccessList: ReadData (or ListDirectory),AccessMask: Unknown code (0x1),SID: S-1-5-21-4230534742-2542757381-3142984815-1111,,,False,EVTX-to-MITRE-Attack\EVTX_full_APT_attack_steps\ID5145-4624-DonPAPI full extraction.evtx,Audit success,0,"{""EventData"":{""Data"":[{""@Name"":""SubjectUserSid"",""#text"":""S-1-5-21-4230534742-2542757381-3142984815-1111""},{""@Name"":""SubjectUserName"",""#text"":""admmig""},{""@Name"":""SubjectDomainName"",""#text"":""OFFSEC""},{""@Name"":""SubjectLogonId"",""#text"":""0x8723C99""},{""@Name"":""ObjectType"",""#text"":""File""},{""@Name"":""IpAddress"",""#text"":""10.23.123.11""},{""@Name"":""IpPort"",""#text"":""60168""},{""@Name"":""ShareName"",""#text"":""\\\\*\\C$""},{""@Name"":""ShareLocalPath"",""#text"":""\\??\\C:\\""},{""@Name"":""RelativeTargetName"",""#text"":""Users\\admmig\\AppData\\Local\\Google\\Chrome\\User Data\\Default""},{""@Name"":""AccessMask"",""#text"":""0x1""},{""@Name"":""AccessList"",""#text"":""%%4416, ""},{""@Name"":""AccessReason"",""#text"":""-""}]}}"
198,1160223,2021-12-12 07:16:03.7817402,5140,LogAlways,Microsoft-Windows-Security-Auditing,Security,4,4860,fs03vuln.offsec.lan,1,,A network share object was accessed,OFFSEC\admmig,10.23.123.11:60168,Share: \\*\C$ (\??\C:\),Sid: S-1-5-21-4230534742-2542757381-3142984815-1111,AccessList: ReadData (or ListDirectory),AccessMask: Unknown code (0x1),,,,False,EVTX-to-MITRE-Attack\EVTX_full_APT_attack_steps\ID5145-4624-DonPAPI full extraction.evtx,Audit success,0,"{""EventData"":{""Data"":[{""@Name"":""SubjectUserSid"",""#text"":""S-1-5-21-4230534742-2542757381-3142984815-1111""},{""@Name"":""SubjectUserName"",""#text"":""admmig""},{""@Name"":""SubjectDomainName"",""#text"":""OFFSEC""},{""@Name"":""SubjectLogonId"",""#text"":""0x8723C99""},{""@Name"":""ObjectType"",""#text"":""File""},{""@Name"":""IpAddress"",""#text"":""10.23.123.11""},{""@Name"":""IpPort"",""#text"":""60168""},{""@Name"":""ShareName"",""#text"":""\\\\*\\C$""},{""@Name"":""ShareLocalPath"",""#text"":""\\??\\C:\\""},{""@Name"":""AccessMask"",""#text"":""0x1""},{""@Name"":""AccessList"",""#text"":""%%4416, ""}]}}"
199,1160224,2021-12-12 07:16:03.7817402,5145,LogAlways,Microsoft-Windows-Security-Auditing,Security,480,488,fs03vuln.offsec.lan,1,,Network share object access,OFFSEC\admmig,10.23.123.11:60168,Share: \\*\C$ (\??\C:\),Object: Users\All Users\AppData\Local\Google\Chrome\User Data,AccessList: ReadData (or ListDirectory),AccessMask: Unknown code (0x1),SID: S-1-5-21-4230534742-2542757381-3142984815-1111,,,False,EVTX-to-MITRE-Attack\EVTX_full_APT_attack_steps\ID5145-4624-DonPAPI full extraction.evtx,Audit success,0,"{""EventData"":{""Data"":[{""@Name"":""SubjectUserSid"",""#text"":""S-1-5-21-4230534742-2542757381-3142984815-1111""},{""@Name"":""SubjectUserName"",""#text"":""admmig""},{""@Name"":""SubjectDomainName"",""#text"":""OFFSEC""},{""@Name"":""SubjectLogonId"",""#text"":""0x8723C99""},{""@Name"":""ObjectType"",""#text"":""File""},{""@Name"":""IpAddress"",""#text"":""10.23.123.11""},{""@Name"":""IpPort"",""#text"":""60168""},{""@Name"":""ShareName"",""#text"":""\\\\*\\C$""},{""@Name"":""ShareLocalPath"",""#text"":""\\??\\C:\\""},{""@Name"":""RelativeTargetName"",""#text"":""Users\\All Users\\AppData\\Local\\Google\\Chrome\\User Data""},{""@Name"":""AccessMask"",""#text"":""0x1""},{""@Name"":""AccessList"",""#text"":""%%4416, ""},{""@Name"":""AccessReason"",""#text"":""-""}]}}"
200,1160225,2021-12-12 07:16:03.7817402,5140,LogAlways,Microsoft-Windows-Security-Auditing,Security,4,4860,fs03vuln.offsec.lan,1,,A network share object was accessed,OFFSEC\admmig,10.23.123.11:60168,Share: \\*\C$ (\??\C:\),Sid: S-1-5-21-4230534742-2542757381-3142984815-1111,AccessList: ReadData (or ListDirectory),AccessMask: Unknown code (0x1),,,,False,EVTX-to-MITRE-Attack\EVTX_full_APT_attack_steps\ID5145-4624-DonPAPI full extraction.evtx,Audit success,0,"{""EventData"":{""Data"":[{""@Name"":""SubjectUserSid"",""#text"":""S-1-5-21-4230534742-2542757381-3142984815-1111""},{""@Name"":""SubjectUserName"",""#text"":""admmig""},{""@Name"":""SubjectDomainName"",""#text"":""OFFSEC""},{""@Name"":""SubjectLogonId"",""#text"":""0x8723C99""},{""@Name"":""ObjectType"",""#text"":""File""},{""@Name"":""IpAddress"",""#text"":""10.23.123.11""},{""@Name"":""IpPort"",""#text"":""60168""},{""@Name"":""ShareName"",""#text"":""\\\\*\\C$""},{""@Name"":""ShareLocalPath"",""#text"":""\\??\\C:\\""},{""@Name"":""AccessMask"",""#text"":""0x1""},{""@Name"":""AccessList"",""#text"":""%%4416, ""}]}}"
